Warning - class CORE ANTENNACELL is not found. This msg can be ignored if not in the antenna-avoid flow

Net - clk
  _22_  (sky130_fd_sc_hd__dfxtp_1)  CLK
[1]  met2:
  PAR:    6.50  Ratio:    0.00       (Area)
  PAR:   33.50  Ratio:  400.00       (S.Area)
  CAR:   15.58  Ratio:    0.00       (C.Area)
  CAR:   80.41  Ratio:    0.00       (C.S.Area)

[1]  met1:
  PAR:    8.99  Ratio:    0.00       (Area)
  PAR:   46.80  Ratio:  400.00       (S.Area)
  CAR:    9.08  Ratio:    0.00       (C.Area)
  CAR:   46.91  Ratio:    0.00       (C.S.Area)

[1]  li1:
  PAR:    0.09  Ratio:    0.00       (Area)
  PAR:    0.11  Ratio:   75.00       (S.Area)
  CAR:    0.09  Ratio:    0.00       (C.Area)
  CAR:    0.11  Ratio:    0.00       (C.S.Area)

[1]  M1M2_PR:
  PAR:    0.28  Ratio:    6.00       (Area)
  CAR:    0.46  Ratio:    0.00       (C.Area)

[1]  L1M1_PR_MR:
  PAR:    0.18  Ratio:    3.00       (Area)
  CAR:    0.18  Ratio:    0.00       (C.Area)

  _23_  (sky130_fd_sc_hd__dfxtp_1)  CLK
[1]  met2:
  PAR:    6.50  Ratio:    0.00       (Area)
  PAR:   33.50  Ratio:  400.00       (S.Area)
  CAR:   15.70  Ratio:    0.00       (C.Area)
  CAR:   81.03  Ratio:    0.00       (C.S.Area)

[1]  met1:
  PAR:    0.12  Ratio:    0.00       (Area)
  PAR:    0.62  Ratio:  400.00       (S.Area)
  CAR:    0.21  Ratio:    0.00       (C.Area)
  CAR:    0.72  Ratio:    0.00       (C.S.Area)

[1]  li1:
  PAR:    0.09  Ratio:    0.00       (Area)
  PAR:    0.11  Ratio:   75.00       (S.Area)
  CAR:    0.09  Ratio:    0.00       (C.Area)
  CAR:    0.11  Ratio:    0.00       (C.S.Area)

[1]  M1M2_PR:
  PAR:    0.14  Ratio:    6.00       (Area)
  CAR:    0.32  Ratio:    0.00       (C.Area)

[1]  L1M1_PR_MR:
  PAR:    0.18  Ratio:    3.00       (Area)
  CAR:    0.18  Ratio:    0.00       (C.Area)

  _24_  (sky130_fd_sc_hd__dfxtp_1)  CLK
[1]  met2:
  PAR:    6.50  Ratio:    0.00       (Area)
  PAR:   33.50  Ratio:  400.00       (S.Area)
  CAR:   18.02  Ratio:    0.00       (C.Area)
  CAR:   93.88  Ratio:    0.00       (C.S.Area)

[1]  met1:
  PAR:    2.45  Ratio:    0.00       (Area)
  PAR:   13.47  Ratio:  400.00       (S.Area)
  CAR:    2.54  Ratio:    0.00       (C.Area)
  CAR:   13.58  Ratio:    0.00       (C.S.Area)

[1]  li1:
  PAR:    0.09  Ratio:    0.00       (Area)
  PAR:    0.11  Ratio:   75.00       (S.Area)
  CAR:    0.09  Ratio:    0.00       (C.Area)
  CAR:    0.11  Ratio:    0.00       (C.S.Area)

[1]  M1M2_PR:
  PAR:    0.14  Ratio:    6.00       (Area)
  CAR:    0.32  Ratio:    0.00       (C.Area)

[1]  L1M1_PR_MR:
  PAR:    0.18  Ratio:    3.00       (Area)
  CAR:    0.18  Ratio:    0.00       (C.Area)


Net - l_sense
  input1  (sky130_fd_sc_hd__buf_1)  A
[1]  met2:
  PAR:    6.76  Ratio:    0.00       (Area)
  PAR:   34.31  Ratio:  400.00       (S.Area)
  CAR:    8.90  Ratio:    0.00       (C.Area)
  CAR:   45.22  Ratio:    0.00       (C.S.Area)

[1]  met1:
  PAR:    2.07  Ratio:    0.00       (Area)
  PAR:   10.83  Ratio:  400.00       (S.Area)
  CAR:    2.14  Ratio:    0.00       (C.Area)
  CAR:   10.92  Ratio:    0.00       (C.S.Area)

[1]  li1:
  PAR:    0.07  Ratio:    0.00       (Area)
  PAR:    0.09  Ratio:   75.00       (S.Area)
  CAR:    0.07  Ratio:    0.00       (C.Area)
  CAR:    0.09  Ratio:    0.00       (C.S.Area)

[1]  M1M2_PR:
  PAR:    0.11  Ratio:    6.00       (Area)
  CAR:    0.26  Ratio:    0.00       (C.Area)

[1]  L1M1_PR_MR:
  PAR:    0.15  Ratio:    3.00       (Area)
  CAR:    0.15  Ratio:    0.00       (C.Area)


Net - l_thresh[0]
  input2  (sky130_fd_sc_hd__clkbuf_1)  A
[1]  met2:
  PAR:    6.76  Ratio:    0.00       (Area)
  PAR:   34.31  Ratio:  400.00       (S.Area)
  CAR:    6.93  Ratio:    0.00       (C.Area)
  CAR:   34.89  Ratio:    0.00       (C.S.Area)

[1]  met1:
  PAR:    0.10  Ratio:    0.00       (Area)
  PAR:    0.50  Ratio:  400.00       (S.Area)
  CAR:    0.17  Ratio:    0.00       (C.Area)
  CAR:    0.59  Ratio:    0.00       (C.S.Area)

[1]  li1:
  PAR:    0.07  Ratio:    0.00       (Area)
  PAR:    0.09  Ratio:   75.00       (S.Area)
  CAR:    0.07  Ratio:    0.00       (C.Area)
  CAR:    0.09  Ratio:    0.00       (C.S.Area)

[1]  M1M2_PR:
  PAR:    0.11  Ratio:    6.00       (Area)
  CAR:    0.26  Ratio:    0.00       (C.Area)

[1]  L1M1_PR_MR:
  PAR:    0.15  Ratio:    3.00       (Area)
  CAR:    0.15  Ratio:    0.00       (C.Area)


Net - l_thresh[1]
  input3  (sky130_fd_sc_hd__clkbuf_1)  A
[1]  met2:
  PAR:    6.28  Ratio:    0.00       (Area)
  PAR:   31.88  Ratio:  400.00       (S.Area)
  CAR:    9.73  Ratio:    0.00       (C.Area)
  CAR:   49.35  Ratio:    0.00       (C.S.Area)

[1]  met1:
  PAR:    3.38  Ratio:    0.00       (Area)
  PAR:   17.38  Ratio:  400.00       (S.Area)
  CAR:    3.45  Ratio:    0.00       (C.Area)
  CAR:   17.47  Ratio:    0.00       (C.S.Area)

[1]  li1:
  PAR:    0.07  Ratio:    0.00       (Area)
  PAR:    0.09  Ratio:   75.00       (S.Area)
  CAR:    0.07  Ratio:    0.00       (C.Area)
  CAR:    0.09  Ratio:    0.00       (C.S.Area)

[1]  M1M2_PR:
  PAR:    0.11  Ratio:    6.00       (Area)
  CAR:    0.26  Ratio:    0.00       (C.Area)

[1]  L1M1_PR_MR:
  PAR:    0.15  Ratio:    3.00       (Area)
  CAR:    0.15  Ratio:    0.00       (C.Area)


Net - m_sense
  input4  (sky130_fd_sc_hd__buf_1)  A
[1]  met2:
  PAR:    8.46  Ratio:    0.00       (Area)
  PAR:   42.78  Ratio:  400.00       (S.Area)
  CAR:   12.24  Ratio:    0.00       (C.Area)
  CAR:   61.89  Ratio:    0.00       (C.S.Area)

[1]  met1:
  PAR:    3.70  Ratio:    0.00       (Area)
  PAR:   19.02  Ratio:  400.00       (S.Area)
  CAR:    3.78  Ratio:    0.00       (C.Area)
  CAR:   19.11  Ratio:    0.00       (C.S.Area)

[1]  li1:
  PAR:    0.07  Ratio:    0.00       (Area)
  PAR:    0.09  Ratio:   75.00       (S.Area)
  CAR:    0.07  Ratio:    0.00       (C.Area)
  CAR:    0.09  Ratio:    0.00       (C.S.Area)

[1]  M1M2_PR:
  PAR:    0.11  Ratio:    6.00       (Area)
  CAR:    0.26  Ratio:    0.00       (C.Area)

[1]  L1M1_PR_MR:
  PAR:    0.15  Ratio:    3.00       (Area)
  CAR:    0.15  Ratio:    0.00       (C.Area)


Net - m_thresh_1
  input5  (sky130_fd_sc_hd__clkbuf_1)  A
[1]  met3:
  PAR:    6.30  Ratio:    0.00       (Area)
  PAR:   36.00  Ratio:  400.00       (S.Area)
  CAR:    6.98  Ratio:    0.00       (C.Area)
  CAR:   39.65  Ratio:    0.00       (C.S.Area)

[1]  met2:
  PAR:    0.51  Ratio:    0.00       (Area)
  PAR:    3.06  Ratio:  400.00       (S.Area)
  CAR:    0.69  Ratio:    0.00       (C.Area)
  CAR:    3.65  Ratio:    0.00       (C.S.Area)

[1]  met1:
  PAR:    0.10  Ratio:    0.00       (Area)
  PAR:    0.50  Ratio:  400.00       (S.Area)
  CAR:    0.17  Ratio:    0.00       (C.Area)
  CAR:    0.59  Ratio:    0.00       (C.S.Area)

[1]  li1:
  PAR:    0.07  Ratio:    0.00       (Area)
  PAR:    0.09  Ratio:   75.00       (S.Area)
  CAR:    0.07  Ratio:    0.00       (C.Area)
  CAR:    0.09  Ratio:    0.00       (C.S.Area)

[1]  via2_FR:
  PAR:    0.20  Ratio:    6.00       (Area)
  CAR:    0.47  Ratio:    0.00       (C.Area)

[1]  M1M2_PR:
  PAR:    0.11  Ratio:    6.00       (Area)
  CAR:    0.26  Ratio:    0.00       (C.Area)

[1]  L1M1_PR_MR:
  PAR:    0.15  Ratio:    3.00       (Area)
  CAR:    0.15  Ratio:    0.00       (C.Area)


Net - m_thresh_2
  input6  (sky130_fd_sc_hd__clkbuf_1)  A
[1]  met3:
  PAR:    6.30  Ratio:    0.00       (Area)
  PAR:   36.00  Ratio:  400.00       (S.Area)
  CAR:    7.47  Ratio:    0.00       (C.Area)
  CAR:   42.07  Ratio:    0.00       (C.S.Area)

[1]  met2:
  PAR:    1.00  Ratio:    0.00       (Area)
  PAR:    5.49  Ratio:  400.00       (S.Area)
  CAR:    1.17  Ratio:    0.00       (C.Area)
  CAR:    6.07  Ratio:    0.00       (C.S.Area)

[1]  met1:
  PAR:    0.10  Ratio:    0.00       (Area)
  PAR:    0.50  Ratio:  400.00       (S.Area)
  CAR:    0.17  Ratio:    0.00       (C.Area)
  CAR:    0.59  Ratio:    0.00       (C.S.Area)

[1]  li1:
  PAR:    0.07  Ratio:    0.00       (Area)
  PAR:    0.09  Ratio:   75.00       (S.Area)
  CAR:    0.07  Ratio:    0.00       (C.Area)
  CAR:    0.09  Ratio:    0.00       (C.S.Area)

[1]  via2_FR:
  PAR:    0.20  Ratio:    6.00       (Area)
  CAR:    0.47  Ratio:    0.00       (C.Area)

[1]  M1M2_PR:
  PAR:    0.11  Ratio:    6.00       (Area)
  CAR:    0.26  Ratio:    0.00       (C.Area)

[1]  L1M1_PR_MR:
  PAR:    0.15  Ratio:    3.00       (Area)
  CAR:    0.15  Ratio:    0.00       (C.Area)


Net - water_time_long
  input7  (sky130_fd_sc_hd__buf_1)  A
[1]  met2:
  PAR:   10.48  Ratio:    0.00       (Area)
  PAR:   53.90  Ratio:  400.00       (S.Area)
  CAR:   11.31  Ratio:    0.00       (C.Area)
  CAR:   58.26  Ratio:    0.00       (C.S.Area)

[1]  met1:
  PAR:    0.76  Ratio:    0.00       (Area)
  PAR:    4.27  Ratio:  400.00       (S.Area)
  CAR:    0.83  Ratio:    0.00       (C.Area)
  CAR:    4.36  Ratio:    0.00       (C.S.Area)

[1]  li1:
  PAR:    0.07  Ratio:    0.00       (Area)
  PAR:    0.09  Ratio:   75.00       (S.Area)
  CAR:    0.07  Ratio:    0.00       (C.Area)
  CAR:    0.09  Ratio:    0.00       (C.S.Area)

[1]  M1M2_PR:
  PAR:    0.11  Ratio:    6.00       (Area)
  CAR:    0.26  Ratio:    0.00       (C.Area)

[1]  L1M1_PR_MR:
  PAR:    0.15  Ratio:    3.00       (Area)
  CAR:    0.15  Ratio:    0.00       (C.Area)


Net - water_time_short
  input8  (sky130_fd_sc_hd__buf_1)  A
[1]  met3:
  PAR:    6.30  Ratio:    0.00       (Area)
  PAR:   36.00  Ratio:  400.00       (S.Area)
  CAR:   14.59  Ratio:    0.00       (C.Area)
  CAR:   78.19  Ratio:    0.00       (C.S.Area)

[1]  met2:
  PAR:    6.81  Ratio:    0.00       (Area)
  PAR:   34.55  Ratio:  400.00       (S.Area)
  CAR:    8.30  Ratio:    0.00       (C.Area)
  CAR:   42.19  Ratio:    0.00       (C.S.Area)

[1]  met1:
  PAR:    1.41  Ratio:    0.00       (Area)
  PAR:    7.55  Ratio:  400.00       (S.Area)
  CAR:    1.48  Ratio:    0.00       (C.Area)
  CAR:    7.64  Ratio:    0.00       (C.S.Area)

[1]  li1:
  PAR:    0.07  Ratio:    0.00       (Area)
  PAR:    0.09  Ratio:   75.00       (S.Area)
  CAR:    0.07  Ratio:    0.00       (C.Area)
  CAR:    0.09  Ratio:    0.00       (C.S.Area)

[1]  via2_FR:
  PAR:    0.20  Ratio:    6.00       (Area)
  CAR:    0.47  Ratio:    0.00       (C.Area)

[1]  M1M2_PR:
  PAR:    0.11  Ratio:    6.00       (Area)
  CAR:    0.26  Ratio:    0.00       (C.Area)

[1]  L1M1_PR_MR:
  PAR:    0.15  Ratio:    3.00       (Area)
  CAR:    0.15  Ratio:    0.00       (C.Area)


Net - water_toggle
  No sinks on this net

Net - _00_
  _22_  (sky130_fd_sc_hd__dfxtp_1)  D
[1]  met2:
  PAR:    9.19  Ratio:    0.00       (Area)
  PAR:   46.30  Ratio: 2774.20       (S.Area)
  CAR:   10.02  Ratio:    0.00       (C.Area)
  CAR:   50.80  Ratio:    0.00       (C.S.Area)

[1]  met1:
  PAR:    0.72  Ratio:    0.00       (Area)
  PAR:    4.36  Ratio:  400.00       (S.Area)
  CAR:    0.83  Ratio:    0.00       (C.Area)
  CAR:    4.50  Ratio:    0.00       (C.S.Area)

[1]  li1:
  PAR:    0.11  Ratio:    0.00       (Area)
  PAR:    0.13  Ratio:   75.00       (S.Area)
  CAR:    0.11  Ratio:    0.00       (C.Area)
  CAR:    0.13  Ratio:    0.00       (C.S.Area)

[1]  M1M2_PR:
  PAR:    0.18  Ratio:    6.00       (Area)
  CAR:    0.41  Ratio:    0.00       (C.Area)

[1]  L1M1_PR_MR:
  PAR:    0.23  Ratio:    3.00       (Area)
  CAR:    0.23  Ratio:    0.00       (C.Area)


Net - _01_
  _23_  (sky130_fd_sc_hd__dfxtp_1)  D
[1]  met2:
  PAR:    2.77  Ratio:    0.00       (Area)
  PAR:   14.19  Ratio: 2774.90       (S.Area)
  CAR:    3.95  Ratio:    0.00       (C.Area)
  CAR:   20.44  Ratio:    0.00       (C.S.Area)

[1]  met1:
  PAR:    1.07  Ratio:    0.00       (Area)
  PAR:    6.11  Ratio:  400.00       (S.Area)
  CAR:    1.18  Ratio:    0.00       (C.Area)
  CAR:    6.25  Ratio:    0.00       (C.S.Area)

[1]  li1:
  PAR:    0.11  Ratio:    0.00       (Area)
  PAR:    0.13  Ratio:   75.00       (S.Area)
  CAR:    0.11  Ratio:    0.00       (C.Area)
  CAR:    0.13  Ratio:    0.00       (C.S.Area)

[1]  M1M2_PR:
  PAR:    0.18  Ratio:    6.00       (Area)
  CAR:    0.41  Ratio:    0.00       (C.Area)

[1]  L1M1_PR_MR:
  PAR:    0.23  Ratio:    3.00       (Area)
  CAR:    0.23  Ratio:    0.00       (C.Area)


Net - _02_
  _24_  (sky130_fd_sc_hd__dfxtp_1)  D
[1]  met2:
  PAR:    8.81  Ratio:    0.00       (Area)
  PAR:   44.41  Ratio: 2803.60       (S.Area)
  CAR:    9.13  Ratio:    0.00       (C.Area)
  CAR:   46.35  Ratio:    0.00       (C.S.Area)

[1]  met1:
  PAR:    0.21  Ratio:    0.00       (Area)
  PAR:    1.81  Ratio:  400.00       (S.Area)
  CAR:    0.32  Ratio:    0.00       (C.Area)
  CAR:    1.94  Ratio:    0.00       (C.S.Area)

[1]  li1:
  PAR:    0.11  Ratio:    0.00       (Area)
  PAR:    0.13  Ratio:   75.00       (S.Area)
  CAR:    0.11  Ratio:    0.00       (C.Area)
  CAR:    0.13  Ratio:    0.00       (C.S.Area)

[1]  M1M2_PR:
  PAR:    0.18  Ratio:    6.00       (Area)
  CAR:    0.41  Ratio:    0.00       (C.Area)

[1]  L1M1_PR_MR:
  PAR:    0.23  Ratio:    3.00       (Area)
  CAR:    0.23  Ratio:    0.00       (C.Area)


Net - _03_
  _19_  (sky130_fd_sc_hd__nor2_1)  A
[1]  met2:
  PAR:    2.34  Ratio:    0.00       (Area)
  PAR:   12.02  Ratio: 2778.20       (S.Area)
  CAR:   11.89  Ratio:    0.00       (C.Area)
  CAR:   61.55  Ratio:    0.00       (C.S.Area)

[1]  met1:
  PAR:    0.34  Ratio:    0.00       (Area)
  PAR:    2.09  Ratio:  400.00       (S.Area)
  CAR:    0.40  Ratio:    0.00       (C.Area)
  CAR:    2.16  Ratio:    0.00       (C.S.Area)

[1]  li1:
  PAR:    0.06  Ratio:    0.00       (Area)
  PAR:    0.07  Ratio:   75.00       (S.Area)
  CAR:    0.06  Ratio:    0.00       (C.Area)
  CAR:    0.07  Ratio:    0.00       (C.S.Area)

[1]  M1M2_PR:
  PAR:    0.09  Ratio:    6.00       (Area)
  CAR:    0.21  Ratio:    0.00       (C.Area)

[1]  L1M1_PR_MR:
  PAR:    0.12  Ratio:    3.00       (Area)
  CAR:    0.12  Ratio:    0.00       (C.Area)

  _13_  (sky130_fd_sc_hd__a31o_1)  A1
[1]  met2:
  PAR:    2.34  Ratio:    0.00       (Area)
  PAR:   12.02  Ratio: 2778.20       (S.Area)
  CAR:   16.25  Ratio:    0.00       (C.Area)
  CAR:   83.73  Ratio:    0.00       (C.S.Area)

[1]  met1:
  PAR:    4.69  Ratio:    0.00       (Area)
  PAR:   24.27  Ratio:  400.00       (S.Area)
  CAR:    4.75  Ratio:    0.00       (C.Area)
  CAR:   24.34  Ratio:    0.00       (C.S.Area)

[1]  li1:
  PAR:    0.06  Ratio:    0.00       (Area)
  PAR:    0.07  Ratio:   75.00       (S.Area)
  CAR:    0.06  Ratio:    0.00       (C.Area)
  CAR:    0.07  Ratio:    0.00       (C.S.Area)

[1]  M1M2_PR:
  PAR:    0.09  Ratio:    6.00       (Area)
  CAR:    0.21  Ratio:    0.00       (C.Area)

[1]  L1M1_PR_MR:
  PAR:    0.12  Ratio:    3.00       (Area)
  CAR:    0.12  Ratio:    0.00       (C.Area)

  _17_  (sky130_fd_sc_hd__o211a_1)  B1
[1]  met2:
  PAR:    2.34  Ratio:    0.00       (Area)
  PAR:   12.02  Ratio: 2778.20       (S.Area)
  CAR:   11.55  Ratio:    0.00       (C.Area)
  CAR:   59.46  Ratio:    0.00       (C.S.Area)

[1]  met1:
  PAR:    9.16  Ratio:    0.00       (Area)
  PAR:   47.37  Ratio:  400.00       (S.Area)
  CAR:    9.22  Ratio:    0.00       (C.Area)
  CAR:   47.44  Ratio:    0.00       (C.S.Area)

[1]  li1:
  PAR:    0.06  Ratio:    0.00       (Area)
  PAR:    0.07  Ratio:   75.00       (S.Area)
  CAR:    0.06  Ratio:    0.00       (C.Area)
  CAR:    0.07  Ratio:    0.00       (C.S.Area)

[1]  M1M2_PR:
  PAR:    0.18  Ratio:    6.00       (Area)
  CAR:    0.30  Ratio:    0.00       (C.Area)

[1]  L1M1_PR_MR:
  PAR:    0.12  Ratio:    3.00       (Area)
  CAR:    0.12  Ratio:    0.00       (C.Area)

  _16_  (sky130_fd_sc_hd__o21a_1)  B1
[1]  met1:
  PAR:    0.08  Ratio:    0.00       (Area)
  PAR:    0.40  Ratio:  400.00       (S.Area)
  CAR:    0.14  Ratio:    0.00       (C.Area)
  CAR:    0.46  Ratio:    0.00       (C.S.Area)

[1]  li1:
  PAR:    0.06  Ratio:    0.00       (Area)
  PAR:    0.07  Ratio:   75.00       (S.Area)
  CAR:    0.06  Ratio:    0.00       (C.Area)
  CAR:    0.07  Ratio:    0.00       (C.S.Area)

[1]  M1M2_PR:
  PAR:    0.09  Ratio:    6.00       (Area)
  CAR:    0.21  Ratio:    0.00       (C.Area)

[1]  L1M1_PR_MR:
  PAR:    0.12  Ratio:    3.00       (Area)
  CAR:    0.12  Ratio:    0.00       (C.Area)


Net - _04_
  _13_  (sky130_fd_sc_hd__a31o_1)  A2
[1]  met2:
  PAR:    5.83  Ratio:    0.00       (Area)
  PAR:   29.34  Ratio: 2778.20       (S.Area)
  CAR:    5.97  Ratio:    0.00       (C.Area)
  CAR:   29.81  Ratio:    0.00       (C.S.Area)

[1]  met1:
  PAR:    0.08  Ratio:    0.00       (Area)
  PAR:    0.40  Ratio:  400.00       (S.Area)
  CAR:    0.14  Ratio:    0.00       (C.Area)
  CAR:    0.46  Ratio:    0.00       (C.S.Area)

[1]  li1:
  PAR:    0.06  Ratio:    0.00       (Area)
  PAR:    0.07  Ratio:   75.00       (S.Area)
  CAR:    0.06  Ratio:    0.00       (C.Area)
  CAR:    0.07  Ratio:    0.00       (C.S.Area)

[1]  M1M2_PR:
  PAR:    0.09  Ratio:    6.00       (Area)
  CAR:    0.21  Ratio:    0.00       (C.Area)

[1]  L1M1_PR_MR:
  PAR:    0.12  Ratio:    3.00       (Area)
  CAR:    0.12  Ratio:    0.00       (C.Area)


Net - _05_
  _14_  (sky130_fd_sc_hd__inv_2)  A
[1]  met2:
  PAR:    2.53  Ratio:    0.00       (Area)
  PAR:   12.86  Ratio: 2774.90       (S.Area)
  CAR:    3.64  Ratio:    0.00       (C.Area)
  CAR:   18.50  Ratio:    0.00       (C.S.Area)

[1]  met1:
  PAR:    1.08  Ratio:    0.00       (Area)
  PAR:    5.60  Ratio:  400.00       (S.Area)
  CAR:    1.11  Ratio:    0.00       (C.Area)
  CAR:    5.63  Ratio:    0.00       (C.S.Area)

[1]  li1:
  PAR:    0.03  Ratio:    0.00       (Area)
  PAR:    0.03  Ratio:   75.00       (S.Area)
  CAR:    0.03  Ratio:    0.00       (C.Area)
  CAR:    0.03  Ratio:    0.00       (C.S.Area)

[1]  M1M2_PR:
  PAR:    0.05  Ratio:    6.00       (Area)
  CAR:    0.10  Ratio:    0.00       (C.Area)

[1]  L1M1_PR_MR:
  PAR:    0.06  Ratio:    3.00       (Area)
  CAR:    0.06  Ratio:    0.00       (C.Area)

  _17_  (sky130_fd_sc_hd__o211a_1)  C1
[1]  met2:
  PAR:    2.53  Ratio:    0.00       (Area)
  PAR:   12.86  Ratio: 2774.90       (S.Area)
  CAR:    5.21  Ratio:    0.00       (C.Area)
  CAR:   26.79  Ratio:    0.00       (C.S.Area)

[1]  met1:
  PAR:    2.61  Ratio:    0.00       (Area)
  PAR:   13.86  Ratio:  400.00       (S.Area)
  CAR:    2.67  Ratio:    0.00       (C.Area)
  CAR:   13.93  Ratio:    0.00       (C.S.Area)

[1]  li1:
  PAR:    0.06  Ratio:    0.00       (Area)
  PAR:    0.07  Ratio:   75.00       (S.Area)
  CAR:    0.06  Ratio:    0.00       (C.Area)
  CAR:    0.07  Ratio:    0.00       (C.S.Area)

[1]  M1M2_PR:
  PAR:    0.09  Ratio:    6.00       (Area)
  CAR:    0.21  Ratio:    0.00       (C.Area)

[1]  L1M1_PR_MR:
  PAR:    0.12  Ratio:    3.00       (Area)
  CAR:    0.12  Ratio:    0.00       (C.Area)


Net - _06_
  _20_  (sky130_fd_sc_hd__o22a_1)  A2
[1]  met2:
  PAR:    1.59  Ratio:    0.00       (Area)
  PAR:    8.12  Ratio: 2778.20       (S.Area)
  CAR:    2.24  Ratio:    0.00       (C.Area)
  CAR:   11.58  Ratio:    0.00       (C.S.Area)

[1]  met1:
  PAR:    0.60  Ratio:    0.00       (Area)
  PAR:    3.39  Ratio:  400.00       (S.Area)
  CAR:    0.66  Ratio:    0.00       (C.Area)
  CAR:    3.46  Ratio:    0.00       (C.S.Area)

[1]  li1:
  PAR:    0.06  Ratio:    0.00       (Area)
  PAR:    0.07  Ratio:   75.00       (S.Area)
  CAR:    0.06  Ratio:    0.00       (C.Area)
  CAR:    0.07  Ratio:    0.00       (C.S.Area)

[1]  M1M2_PR:
  PAR:    0.09  Ratio:    6.00       (Area)
  CAR:    0.21  Ratio:    0.00       (C.Area)

[1]  L1M1_PR_MR:
  PAR:    0.12  Ratio:    3.00       (Area)
  CAR:    0.12  Ratio:    0.00       (C.Area)

  _19_  (sky130_fd_sc_hd__nor2_1)  B
[1]  met2:
  PAR:    1.59  Ratio:    0.00       (Area)
  PAR:    8.12  Ratio: 2778.20       (S.Area)
  CAR:    3.20  Ratio:    0.00       (C.Area)
  CAR:   16.75  Ratio:    0.00       (C.S.Area)

[1]  met1:
  PAR:    1.55  Ratio:    0.00       (Area)
  PAR:    8.56  Ratio:  400.00       (S.Area)
  CAR:    1.61  Ratio:    0.00       (C.Area)
  CAR:    8.62  Ratio:    0.00       (C.S.Area)

[1]  li1:
  PAR:    0.06  Ratio:    0.00       (Area)
  PAR:    0.07  Ratio:   75.00       (S.Area)
  CAR:    0.06  Ratio:    0.00       (C.Area)
  CAR:    0.07  Ratio:    0.00       (C.S.Area)

[1]  M1M2_PR:
  PAR:    0.05  Ratio:    6.00       (Area)
  CAR:    0.16  Ratio:    0.00       (C.Area)

[1]  L1M1_PR_MR:
  PAR:    0.12  Ratio:    3.00       (Area)
  CAR:    0.12  Ratio:    0.00       (C.Area)

  _18_  (sky130_fd_sc_hd__a211o_1)  A1
[1]  met2:
  PAR:    1.59  Ratio:    0.00       (Area)
  PAR:    8.12  Ratio: 2778.20       (S.Area)
  CAR:    3.20  Ratio:    0.00       (C.Area)
  CAR:   16.75  Ratio:    0.00       (C.S.Area)

[1]  met1:
  PAR:    1.55  Ratio:    0.00       (Area)
  PAR:    8.56  Ratio:  400.00       (S.Area)
  CAR:    1.61  Ratio:    0.00       (C.Area)
  CAR:    8.62  Ratio:    0.00       (C.S.Area)

[1]  li1:
  PAR:    0.06  Ratio:    0.00       (Area)
  PAR:    0.07  Ratio:   75.00       (S.Area)
  CAR:    0.06  Ratio:    0.00       (C.Area)
  CAR:    0.07  Ratio:    0.00       (C.S.Area)

[1]  M1M2_PR:
  PAR:    0.05  Ratio:    6.00       (Area)
  CAR:    0.16  Ratio:    0.00       (C.Area)

[1]  L1M1_PR_MR:
  PAR:    0.12  Ratio:    3.00       (Area)
  CAR:    0.12  Ratio:    0.00       (C.Area)


Net - _07_
  _16_  (sky130_fd_sc_hd__o21a_1)  A1
[1]  met2:
  PAR:    7.40  Ratio:    0.00       (Area)
  PAR:   37.28  Ratio: 2778.20       (S.Area)
  CAR:   17.41  Ratio:    0.00       (C.Area)
  CAR:   88.68  Ratio:    0.00       (C.S.Area)

[1]  met1:
  PAR:    0.34  Ratio:    0.00       (Area)
  PAR:    2.09  Ratio:  400.00       (S.Area)
  CAR:    0.40  Ratio:    0.00       (C.Area)
  CAR:    2.16  Ratio:    0.00       (C.S.Area)

[1]  li1:
  PAR:    0.06  Ratio:    0.00       (Area)
  PAR:    0.07  Ratio:   75.00       (S.Area)
  CAR:    0.06  Ratio:    0.00       (C.Area)
  CAR:    0.07  Ratio:    0.00       (C.S.Area)

[1]  M1M2_PR:
  PAR:    0.09  Ratio:    6.00       (Area)
  CAR:    0.21  Ratio:    0.00       (C.Area)

[1]  L1M1_PR_MR:
  PAR:    0.12  Ratio:    3.00       (Area)
  CAR:    0.12  Ratio:    0.00       (C.Area)

  _17_  (sky130_fd_sc_hd__o211a_1)  A1
[1]  met2:
  PAR:    7.40  Ratio:    0.00       (Area)
  PAR:   37.28  Ratio: 2778.20       (S.Area)
  CAR:   17.07  Ratio:    0.00       (C.Area)
  CAR:   86.59  Ratio:    0.00       (C.S.Area)

[1]  met1:
  PAR:    9.61  Ratio:    0.00       (Area)
  PAR:   49.24  Ratio:  400.00       (S.Area)
  CAR:    9.67  Ratio:    0.00       (C.Area)
  CAR:   49.31  Ratio:    0.00       (C.S.Area)

[1]  li1:
  PAR:    0.06  Ratio:    0.00       (Area)
  PAR:    0.07  Ratio:   75.00       (S.Area)
  CAR:    0.06  Ratio:    0.00       (C.Area)
  CAR:    0.07  Ratio:    0.00       (C.S.Area)

[1]  M1M2_PR:
  PAR:    0.18  Ratio:    6.00       (Area)
  CAR:    0.30  Ratio:    0.00       (C.Area)

[1]  L1M1_PR_MR:
  PAR:    0.12  Ratio:    3.00       (Area)
  CAR:    0.12  Ratio:    0.00       (C.Area)


Net - _08_
  _18_  (sky130_fd_sc_hd__a211o_1)  A2
[1]  met2:
  PAR:    2.88  Ratio:    0.00       (Area)
  PAR:   14.68  Ratio: 2779.60       (S.Area)
  CAR:    9.56  Ratio:    0.00       (C.Area)
  CAR:   51.04  Ratio:    0.00       (C.S.Area)

[1]  met1:
  PAR:    0.72  Ratio:    0.00       (Area)
  PAR:    4.81  Ratio:  400.00       (S.Area)
  CAR:    0.78  Ratio:    0.00       (C.Area)
  CAR:    4.88  Ratio:    0.00       (C.S.Area)

[1]  li1:
  PAR:    0.06  Ratio:    0.00       (Area)
  PAR:    0.07  Ratio:   75.00       (S.Area)
  CAR:    0.06  Ratio:    0.00       (C.Area)
  CAR:    0.07  Ratio:    0.00       (C.S.Area)

[1]  M1M2_PR:
  PAR:    0.09  Ratio:    6.00       (Area)
  CAR:    0.21  Ratio:    0.00       (C.Area)

[1]  L1M1_PR_MR:
  PAR:    0.12  Ratio:    3.00       (Area)
  CAR:    0.12  Ratio:    0.00       (C.Area)

  _20_  (sky130_fd_sc_hd__o22a_1)  B2
[1]  met2:
  PAR:    2.88  Ratio:    0.00       (Area)
  PAR:   14.68  Ratio: 2779.60       (S.Area)
  CAR:    8.84  Ratio:    0.00       (C.Area)
  CAR:   46.23  Ratio:    0.00       (C.S.Area)

[1]  met1:
  PAR:    5.90  Ratio:    0.00       (Area)
  PAR:   31.48  Ratio:  400.00       (S.Area)
  CAR:    5.96  Ratio:    0.00       (C.Area)
  CAR:   31.55  Ratio:    0.00       (C.S.Area)

[1]  li1:
  PAR:    0.06  Ratio:    0.00       (Area)
  PAR:    0.07  Ratio:   75.00       (S.Area)
  CAR:    0.06  Ratio:    0.00       (C.Area)
  CAR:    0.07  Ratio:    0.00       (C.S.Area)

[1]  M1M2_PR:
  PAR:    0.18  Ratio:    6.00       (Area)
  CAR:    0.30  Ratio:    0.00       (C.Area)

[1]  L1M1_PR_MR:
  PAR:    0.12  Ratio:    3.00       (Area)
  CAR:    0.12  Ratio:    0.00       (C.Area)


Net - _09_
  _18_  (sky130_fd_sc_hd__a211o_1)  C1
[1]  met2:
  PAR:    5.93  Ratio:    0.00       (Area)
  PAR:   30.03  Ratio: 2771.60       (S.Area)
  CAR:    6.59  Ratio:    0.00       (C.Area)
  CAR:   33.49  Ratio:    0.00       (C.S.Area)

[1]  met1:
  PAR:    0.60  Ratio:    0.00       (Area)
  PAR:    3.39  Ratio:  400.00       (S.Area)
  CAR:    0.66  Ratio:    0.00       (C.Area)
  CAR:    3.46  Ratio:    0.00       (C.S.Area)

[1]  li1:
  PAR:    0.06  Ratio:    0.00       (Area)
  PAR:    0.07  Ratio:   75.00       (S.Area)
  CAR:    0.06  Ratio:    0.00       (C.Area)
  CAR:    0.07  Ratio:    0.00       (C.S.Area)

[1]  M1M2_PR:
  PAR:    0.09  Ratio:    6.00       (Area)
  CAR:    0.21  Ratio:    0.00       (C.Area)

[1]  L1M1_PR_MR:
  PAR:    0.12  Ratio:    3.00       (Area)
  CAR:    0.12  Ratio:    0.00       (C.Area)

  _21_  (sky130_fd_sc_hd__or2_1)  A
[1]  met2:
  PAR:    5.93  Ratio:    0.00       (Area)
  PAR:   30.03  Ratio: 2771.60       (S.Area)
  CAR:   18.33  Ratio:    0.00       (C.Area)
  CAR:   93.17  Ratio:    0.00       (C.S.Area)

[1]  met1:
  PAR:   12.29  Ratio:    0.00       (Area)
  PAR:   63.00  Ratio:  400.00       (S.Area)
  CAR:   12.40  Ratio:    0.00       (C.Area)
  CAR:   63.13  Ratio:    0.00       (C.S.Area)

[1]  li1:
  PAR:    0.11  Ratio:    0.00       (Area)
  PAR:    0.13  Ratio:   75.00       (S.Area)
  CAR:    0.11  Ratio:    0.00       (C.Area)
  CAR:    0.13  Ratio:    0.00       (C.S.Area)

[1]  M1M2_PR:
  PAR:    0.18  Ratio:    6.00       (Area)
  CAR:    0.41  Ratio:    0.00       (C.Area)

[1]  L1M1_PR_MR:
  PAR:    0.23  Ratio:    3.00       (Area)
  CAR:    0.23  Ratio:    0.00       (C.Area)


Net - _10_
  _21_  (sky130_fd_sc_hd__or2_1)  B
[1]  met2:
  PAR:   16.88  Ratio:    0.00       (Area)
  PAR:   86.30  Ratio: 2779.60       (S.Area)
  CAR:   17.66  Ratio:    0.00       (C.Area)
  CAR:   90.55  Ratio:    0.00       (C.S.Area)

[1]  met1:
  PAR:    0.67  Ratio:    0.00       (Area)
  PAR:    4.11  Ratio:  400.00       (S.Area)
  CAR:    0.78  Ratio:    0.00       (C.Area)
  CAR:    4.25  Ratio:    0.00       (C.S.Area)

[1]  li1:
  PAR:    0.11  Ratio:    0.00       (Area)
  PAR:    0.13  Ratio:   75.00       (S.Area)
  CAR:    0.11  Ratio:    0.00       (C.Area)
  CAR:    0.13  Ratio:    0.00       (C.S.Area)

[1]  M1M2_PR:
  PAR:    0.18  Ratio:    6.00       (Area)
  CAR:    0.41  Ratio:    0.00       (C.Area)

[1]  L1M1_PR_MR:
  PAR:    0.23  Ratio:    3.00       (Area)
  CAR:    0.23  Ratio:    0.00       (C.Area)


Net - state\[0\]
  _13_  (sky130_fd_sc_hd__a31o_1)  B1
[1]  met2:
  PAR:    7.63  Ratio:    0.00       (Area)
  PAR:   39.13  Ratio: 2771.60       (S.Area)
  CAR:    7.77  Ratio:    0.00       (C.Area)
  CAR:   39.59  Ratio:    0.00       (C.S.Area)

[1]  met1:
  PAR:    0.08  Ratio:    0.00       (Area)
  PAR:    0.40  Ratio:  400.00       (S.Area)
  CAR:    0.14  Ratio:    0.00       (C.Area)
  CAR:    0.46  Ratio:    0.00       (C.S.Area)

[1]  li1:
  PAR:    0.06  Ratio:    0.00       (Area)
  PAR:    0.07  Ratio:   75.00       (S.Area)
  CAR:    0.06  Ratio:    0.00       (C.Area)
  CAR:    0.07  Ratio:    0.00       (C.S.Area)

[1]  M1M2_PR:
  PAR:    0.09  Ratio:    6.00       (Area)
  CAR:    0.21  Ratio:    0.00       (C.Area)

[1]  L1M1_PR_MR:
  PAR:    0.12  Ratio:    3.00       (Area)
  CAR:    0.12  Ratio:    0.00       (C.Area)


Net - state\[1\]
  _20_  (sky130_fd_sc_hd__o22a_1)  A1
[1]  met1:
  PAR:    7.85  Ratio:    0.00       (Area)
  PAR:   40.99  Ratio: 2771.60       (S.Area)
  CAR:    7.91  Ratio:    0.00       (C.Area)
  CAR:   41.06  Ratio:    0.00       (C.S.Area)

[1]  li1:
  PAR:    0.06  Ratio:    0.00       (Area)
  PAR:    0.07  Ratio:   75.00       (S.Area)
  CAR:    0.06  Ratio:    0.00       (C.Area)
  CAR:    0.07  Ratio:    0.00       (C.S.Area)

[1]  met2:
  PAR:    1.25  Ratio:    0.00       (Area)
  PAR:    6.38  Ratio: 2771.60       (S.Area)
  CAR:    9.15  Ratio:    0.00       (C.Area)
  CAR:   47.44  Ratio:    0.00       (C.S.Area)

[1]  M1M2_PR:
  PAR:    0.18  Ratio:    6.00       (Area)
  CAR:    0.30  Ratio:    0.00       (C.Area)

[1]  L1M1_PR_MR:
  PAR:    0.12  Ratio:    3.00       (Area)
  CAR:    0.12  Ratio:    0.00       (C.Area)

  _18_  (sky130_fd_sc_hd__a211o_1)  B1
[1]  met2:
  PAR:    1.25  Ratio:    0.00       (Area)
  PAR:    6.38  Ratio: 2771.60       (S.Area)
  CAR:    1.39  Ratio:    0.00       (C.Area)
  CAR:    6.85  Ratio:    0.00       (C.S.Area)

[1]  met1:
  PAR:    0.08  Ratio:    0.00       (Area)
  PAR:    0.40  Ratio:  400.00       (S.Area)
  CAR:    0.14  Ratio:    0.00       (C.Area)
  CAR:    0.46  Ratio:    0.00       (C.S.Area)

[1]  li1:
  PAR:    0.06  Ratio:    0.00       (Area)
  PAR:    0.07  Ratio:   75.00       (S.Area)
  CAR:    0.06  Ratio:    0.00       (C.Area)
  CAR:    0.07  Ratio:    0.00       (C.S.Area)

[1]  M1M2_PR:
  PAR:    0.09  Ratio:    6.00       (Area)
  CAR:    0.21  Ratio:    0.00       (C.Area)

[1]  L1M1_PR_MR:
  PAR:    0.12  Ratio:    3.00       (Area)
  CAR:    0.12  Ratio:    0.00       (C.Area)

  _11_  (sky130_fd_sc_hd__inv_2)  A
[1]  met1:
  PAR:    0.04  Ratio:    0.00       (Area)
  PAR:    0.20  Ratio:  400.00       (S.Area)
  CAR:    0.07  Ratio:    0.00       (C.Area)
  CAR:    0.23  Ratio:    0.00       (C.S.Area)

[1]  li1:
  PAR:    0.03  Ratio:    0.00       (Area)
  PAR:    0.03  Ratio:   75.00       (S.Area)
  CAR:    0.03  Ratio:    0.00       (C.Area)
  CAR:    0.03  Ratio:    0.00       (C.S.Area)

[1]  M1M2_PR:
  PAR:    0.05  Ratio:    6.00       (Area)
  CAR:    0.10  Ratio:    0.00       (C.Area)

[1]  L1M1_PR_MR:
  PAR:    0.06  Ratio:    3.00       (Area)
  CAR:    0.06  Ratio:    0.00       (C.Area)


Net - net1

Net - net2
  _13_  (sky130_fd_sc_hd__a31o_1)  A3
[1]  met2:
  PAR:    8.14  Ratio:    0.00       (Area)
  PAR:   40.88  Ratio: 2736.24       (S.Area)
  CAR:    8.28  Ratio:    0.00       (C.Area)
  CAR:   41.35  Ratio:    0.00       (C.S.Area)

[1]  met1:
  PAR:    0.08  Ratio:    0.00       (Area)
  PAR:    0.40  Ratio:  400.00       (S.Area)
  CAR:    0.14  Ratio:    0.00       (C.Area)
  CAR:    0.46  Ratio:    0.00       (C.S.Area)

[1]  li1:
  PAR:    0.06  Ratio:    0.00       (Area)
  PAR:    0.07  Ratio:   75.00       (S.Area)
  CAR:    0.06  Ratio:    0.00       (C.Area)
  CAR:    0.07  Ratio:    0.00       (C.S.Area)

[1]  M1M2_PR:
  PAR:    0.09  Ratio:    6.00       (Area)
  CAR:    0.21  Ratio:    0.00       (C.Area)

[1]  L1M1_PR_MR:
  PAR:    0.12  Ratio:    3.00       (Area)
  CAR:    0.12  Ratio:    0.00       (C.Area)


Net - net3
  _12_  (sky130_fd_sc_hd__inv_2)  A
[1]  met2:
  PAR:    1.47  Ratio:    0.00       (Area)
  PAR:    7.46  Ratio: 2736.24       (S.Area)
  CAR:    2.06  Ratio:    0.00       (C.Area)
  CAR:   10.49  Ratio:    0.00       (C.S.Area)

[1]  met1:
  PAR:    0.56  Ratio:    0.00       (Area)
  PAR:    3.00  Ratio:  400.00       (S.Area)
  CAR:    0.59  Ratio:    0.00       (C.Area)
  CAR:    3.03  Ratio:    0.00       (C.S.Area)

[1]  li1:
  PAR:    0.03  Ratio:    0.00       (Area)
  PAR:    0.03  Ratio:   75.00       (S.Area)
  CAR:    0.03  Ratio:    0.00       (C.Area)
  CAR:    0.03  Ratio:    0.00       (C.S.Area)

[1]  M1M2_PR:
  PAR:    0.05  Ratio:    6.00       (Area)
  CAR:    0.10  Ratio:    0.00       (C.Area)

[1]  L1M1_PR_MR:
  PAR:    0.06  Ratio:    3.00       (Area)
  CAR:    0.06  Ratio:    0.00       (C.Area)


Net - net4
  _15_  (sky130_fd_sc_hd__inv_2)  A
[1]  met1:
  PAR:    4.81  Ratio:    0.00       (Area)
  PAR:   24.36  Ratio: 2736.24       (S.Area)
  CAR:    4.84  Ratio:    0.00       (C.Area)
  CAR:   24.39  Ratio:    0.00       (C.S.Area)

[1]  li1:
  PAR:    0.03  Ratio:    0.00       (Area)
  PAR:    0.03  Ratio:   75.00       (S.Area)
  CAR:    0.03  Ratio:    0.00       (C.Area)
  CAR:    0.03  Ratio:    0.00       (C.S.Area)

[1]  L1M1_PR_MR:
  PAR:    0.06  Ratio:    3.00       (Area)
  CAR:    0.06  Ratio:    0.00       (C.Area)


Net - net5
  _17_  (sky130_fd_sc_hd__o211a_1)  A2
[1]  met2:
  PAR:    1.03  Ratio:    0.00       (Area)
  PAR:    5.30  Ratio: 2736.24       (S.Area)
  CAR:    1.88  Ratio:    0.00       (C.Area)
  CAR:   10.56  Ratio:    0.00       (C.S.Area)

[1]  met1:
  PAR:    0.80  Ratio:    0.00       (Area)
  PAR:    5.19  Ratio:  400.00       (S.Area)
  CAR:    0.86  Ratio:    0.00       (C.Area)
  CAR:    5.26  Ratio:    0.00       (C.S.Area)

[1]  li1:
  PAR:    0.06  Ratio:    0.00       (Area)
  PAR:    0.07  Ratio:   75.00       (S.Area)
  CAR:    0.06  Ratio:    0.00       (C.Area)
  CAR:    0.07  Ratio:    0.00       (C.S.Area)

[1]  M1M2_PR:
  PAR:    0.09  Ratio:    6.00       (Area)
  CAR:    0.21  Ratio:    0.00       (C.Area)

[1]  L1M1_PR_MR:
  PAR:    0.12  Ratio:    3.00       (Area)
  CAR:    0.12  Ratio:    0.00       (C.Area)


Net - net6
  _16_  (sky130_fd_sc_hd__o21a_1)  A2
[1]  met2:
  PAR:   13.72  Ratio:    0.00       (Area)
  PAR:   68.77  Ratio: 2736.24       (S.Area)
  CAR:   15.68  Ratio:    0.00       (C.Area)
  CAR:   78.74  Ratio:    0.00       (C.S.Area)

[1]  met1:
  PAR:    1.90  Ratio:    0.00       (Area)
  PAR:    9.90  Ratio:  400.00       (S.Area)
  CAR:    1.96  Ratio:    0.00       (C.Area)
  CAR:    9.97  Ratio:    0.00       (C.S.Area)

[1]  li1:
  PAR:    0.06  Ratio:    0.00       (Area)
  PAR:    0.07  Ratio:   75.00       (S.Area)
  CAR:    0.06  Ratio:    0.00       (C.Area)
  CAR:    0.07  Ratio:    0.00       (C.S.Area)

[1]  M1M2_PR:
  PAR:    0.09  Ratio:    6.00       (Area)
  CAR:    0.21  Ratio:    0.00       (C.Area)

[1]  L1M1_PR_MR:
  PAR:    0.12  Ratio:    3.00       (Area)
  CAR:    0.12  Ratio:    0.00       (C.Area)


Net - net7

Net - net8

Net - net9
  _20_  (sky130_fd_sc_hd__o22a_1)  B1
[1]  met2:
  PAR:    3.38  Ratio:    0.00       (Area)
  PAR:   17.23  Ratio: 2771.60       (S.Area)
  CAR:    3.52  Ratio:    0.00       (C.Area)
  CAR:   17.69  Ratio:    0.00       (C.S.Area)

[1]  met1:
  PAR:    0.08  Ratio:    0.00       (Area)
  PAR:    0.40  Ratio:  400.00       (S.Area)
  CAR:    0.14  Ratio:    0.00       (C.Area)
  CAR:    0.46  Ratio:    0.00       (C.S.Area)

[1]  li1:
  PAR:    0.06  Ratio:    0.00       (Area)
  PAR:    0.07  Ratio:   75.00       (S.Area)
  CAR:    0.06  Ratio:    0.00       (C.Area)
  CAR:    0.07  Ratio:    0.00       (C.S.Area)

[1]  M1M2_PR:
  PAR:    0.09  Ratio:    6.00       (Area)
  CAR:    0.21  Ratio:    0.00       (C.Area)

[1]  L1M1_PR_MR:
  PAR:    0.12  Ratio:    3.00       (Area)
  CAR:    0.12  Ratio:    0.00       (C.Area)

  output9  (sky130_fd_sc_hd__clkbuf_2)  A
[1]  met2:
  PAR:    3.38  Ratio:    0.00       (Area)
  PAR:   17.23  Ratio: 2771.60       (S.Area)
  CAR:    9.89  Ratio:    0.00       (C.Area)
  CAR:   49.98  Ratio:    0.00       (C.S.Area)

[1]  met1:
  PAR:    6.44  Ratio:    0.00       (Area)
  PAR:   32.67  Ratio:  400.00       (S.Area)
  CAR:    6.51  Ratio:    0.00       (C.Area)
  CAR:   32.75  Ratio:    0.00       (C.S.Area)

[1]  li1:
  PAR:    0.07  Ratio:    0.00       (Area)
  PAR:    0.08  Ratio:   75.00       (S.Area)
  CAR:    0.07  Ratio:    0.00       (C.Area)
  CAR:    0.08  Ratio:    0.00       (C.S.Area)

[1]  M1M2_PR:
  PAR:    0.11  Ratio:    6.00       (Area)
  CAR:    0.24  Ratio:    0.00       (C.Area)

[1]  L1M1_PR_MR:
  PAR:    0.14  Ratio:    3.00       (Area)
  CAR:    0.14  Ratio:    0.00       (C.Area)

Number of pins violated: 0
Number of nets violated: 0
Total number of unspecial nets: 32
