
reading lef ...

units:       1000
#layers:     13
#macros:     440
#vias:       25
#viarulegen: 25

reading def ...

design:      clk_divider
die area:    ( 0 0 ) ( 157570 168290 )
trackPts:    12
defvias:     4
#components: 2075
#terminals:  12
#snets:      2
#nets:       109

reading guide ...

#guides:     639
Warning: met2 does not have viaDef align with layer direction, generating new viaDef via2_FR...
Warning: met4 does not have viaDef align with layer direction, generating new viaDef via4_FR...
done initConstraintLayerIdx
List of default vias:
  Layer mcon
    default via: L1M1_PR_MR
  Layer via
    default via: M1M2_PR
  Layer via2
    default via: via2_FR
  Layer via3
    default via: M3M4_PR_M
  Layer via4
    default via: via4_FR
Writing reference output def...

libcell analysis ...

instance analysis ...
#unique instances = 64

init region query ...
  complete FR_MASTERSLICE
  complete FR_VIA
  complete li1
  complete mcon
  complete met1
  complete via
  complete met2
  complete via2
  complete met3
  complete via3
  complete met4
  complete via4
  complete met5

FR_MASTERSLICE shape region query size = 0
FR_VIA shape region query size = 0
li1 shape region query size = 13981
mcon shape region query size = 33882
met1 shape region query size = 4745
via shape region query size = 540
met2 shape region query size = 272
via2 shape region query size = 540
met3 shape region query size = 270
via3 shape region query size = 540
met4 shape region query size = 158
via4 shape region query size = 13
met5 shape region query size = 23


start pin access
  complete 100 pins
  complete 160 pins
  complete 58 unique inst patterns
  complete 108 groups
Expt1 runtime (pin-level access point gen): 0.322354
Expt2 runtime (design-level access pattern gen): 0.0616248
#scanned instances     = 2075
#unique  instances     = 64
#stdCellGenAp          = 934
#stdCellValidPlanarAp  = 0
#stdCellValidViaAp     = 704
#stdCellPinNoAp        = 0
#stdCellPinCnt         = 319
#instTermValidViaApCnt = 0
#macroGenAp            = 0
#macroValidPlanarAp    = 0
#macroValidViaAp       = 0
#macroNoAp             = 0

complete pin access
cpu time = 00:00:01, elapsed time = 00:00:00, memory = 16.82 (MB), peak = 17.39 (MB)

post process guides ...
GCELLGRID X 0 DO 24 STEP 6900 ;
GCELLGRID Y 0 DO 22 STEP 6900 ;
  complete FR_MASTERSLICE
  complete FR_VIA
  complete li1
  complete mcon
  complete met1
  complete via
  complete met2
  complete via2
  complete met3
  complete via3
  complete met4
  complete via4
  complete met5

building cmap ... 

init guide query ...
  complete FR_MASTERSLICE (guide)
  complete FR_VIA (guide)
  complete li1 (guide)
  complete mcon (guide)
  complete met1 (guide)
  complete via (guide)
  complete met2 (guide)
  complete via2 (guide)
  complete met3 (guide)
  complete via3 (guide)
  complete met4 (guide)
  complete via4 (guide)
  complete met5 (guide)

FR_MASTERSLICE guide region query size = 0
FR_VIA guide region query size = 0
li1 guide region query size = 261
mcon guide region query size = 0
met1 guide region query size = 187
via guide region query size = 0
met2 guide region query size = 89
via2 guide region query size = 0
met3 guide region query size = 0
via3 guide region query size = 0
met4 guide region query size = 0
via4 guide region query size = 0
met5 guide region query size = 0

init gr pin query ...


start track assignment
Done with 350 vertical wires in 1 frboxes and 187 horizontal wires in 1 frboxes.
Done with 43 vertical wires in 1 frboxes and 49 horizontal wires in 1 frboxes.

complete track assignment
cpu time = 00:00:00, elapsed time = 00:00:00, memory = 19.07 (MB), peak = 24.32 (MB)

post processing ...

start routing data preparation
initVia2ViaMinLen_minSpc li1 (d2d, d2u, u2d, u2u) = (0, 0, 0, 370)
initVia2ViaMinLen_minSpc met1 (d2d, d2u, u2d, u2u) = (430, 445, 445, 460)
initVia2ViaMinLen_minSpc met2 (d2d, d2u, u2d, u2u) = (460, 485, 485, 630)
initVia2ViaMinLen_minSpc met3 (d2d, d2u, u2d, u2u) = (630, 655, 655, 680)
initVia2ViaMinLen_minSpc met4 (d2d, d2u, u2d, u2u) = (630, 1055, 1055, 3020)
initVia2ViaMinLen_minSpc met5 (d2d, d2u, u2d, u2u) = (1480, 0, 0, 0)
initVia2ViaMinLen_minimumcut li1 (d2d, d2u, u2d, u2u) = (0, 0, 0, 370)
initVia2ViaMinLen_minimumcut li1 zerolen (b, b, b, b) = (1, 1, 1, 1)
initVia2ViaMinLen_minimumcut met1 (d2d, d2u, u2d, u2u) = (430, 445, 445, 460)
initVia2ViaMinLen_minimumcut met1 zerolen (b, b, b, b) = (1, 1, 1, 1)
initVia2ViaMinLen_minimumcut met2 (d2d, d2u, u2d, u2u) = (460, 485, 485, 630)
initVia2ViaMinLen_minimumcut met2 zerolen (b, b, b, b) = (1, 1, 1, 1)
initVia2ViaMinLen_minimumcut met3 (d2d, d2u, u2d, u2u) = (630, 655, 655, 680)
initVia2ViaMinLen_minimumcut met3 zerolen (b, b, b, b) = (1, 1, 1, 1)
initVia2ViaMinLen_minimumcut met4 (d2d, d2u, u2d, u2u) = (630, 1055, 1055, 3020)
initVia2ViaMinLen_minimumcut met4 zerolen (b, b, b, b) = (1, 1, 1, 1)
initVia2ViaMinLen_minimumcut met5 (d2d, d2u, u2d, u2u) = (1480, 0, 0, 0)
initVia2ViaMinLen_minimumcut met5 zerolen (b, b, b, b) = (1, 1, 1, 1)
initVia2ViaMinLenNew_minSpc li1 (d2d-x, d2d-y, d2u-x, d2u-y, u2d-x, u2d-y, u2u-x, u2u-y) = (0, 0, 0, 0, 0, 0, 430, 370)
initVia2ViaMinLenNew_minSpc met1 (d2d-x, d2d-y, d2u-x, d2u-y, u2d-x, u2d-y, u2u-x, u2u-y) = (430, 370, 445, 385, 445, 385, 460, 460)
initVia2ViaMinLenNew_minSpc met2 (d2d-x, d2d-y, d2u-x, d2u-y, u2d-x, u2d-y, u2u-x, u2u-y) = (460, 460, 410, 485, 410, 485, 630, 630)
initVia2ViaMinLenNew_minSpc met3 (d2d-x, d2d-y, d2u-x, d2u-y, u2d-x, u2d-y, u2u-x, u2u-y) = (630, 630, 655, 625, 655, 625, 680, 630)
initVia2ViaMinLenNew_minSpc met4 (d2d-x, d2d-y, d2u-x, d2u-y, u2d-x, u2d-y, u2u-x, u2u-y) = (680, 630, 1055, 1055, 1055, 1055, 3020, 3020)
initVia2ViaMinLenNew_minSpc met5 (d2d-x, d2d-y, d2u-x, d2u-y, u2d-x, u2d-y, u2u-x, u2u-y) = (1480, 1480, 0, 0, 0, 0, 0, 0)
initVia2ViaMinLenNew_minimumcut li1 (d2d-x, d2d-y, d2u-x, d2u-y, u2d-x, u2d-y, u2u-x, u2u-y) = (0, 0, 0, 0, 0, 0, 430, 370)
initVia2ViaMinLenNew_minimumcut met1 (d2d-x, d2d-y, d2u-x, d2u-y, u2d-x, u2d-y, u2u-x, u2u-y) = (430, 370, 445, 385, 445, 385, 460, 460)
initVia2ViaMinLenNew_minimumcut met2 (d2d-x, d2d-y, d2u-x, d2u-y, u2d-x, u2d-y, u2u-x, u2u-y) = (460, 460, 410, 485, 410, 485, 630, 630)
initVia2ViaMinLenNew_minimumcut met3 (d2d-x, d2d-y, d2u-x, d2u-y, u2d-x, u2d-y, u2u-x, u2u-y) = (630, 630, 655, 625, 655, 625, 680, 630)
initVia2ViaMinLenNew_minimumcut met4 (d2d-x, d2d-y, d2u-x, d2u-y, u2d-x, u2d-y, u2u-x, u2u-y) = (680, 630, 1055, 1055, 1055, 1055, 3020, 3020)
initVia2ViaMinLenNew_minimumcut met5 (d2d-x, d2d-y, d2u-x, d2u-y, u2d-x, u2d-y, u2u-x, u2u-y) = (1480, 1480, 0, 0, 0, 0, 0, 0)
initVia2ViaMinLenNew_cutSpc li1 (d2d-x, d2d-y, d2u-x, d2u-y, u2d-x, u2d-y, u2u-x, u2u-y) = (0, 0, 0, 0, 0, 0, 430, 370)
initVia2ViaMinLenNew_cutSpc met1 (d2d-x, d2d-y, d2u-x, d2u-y, u2d-x, u2d-y, u2u-x, u2u-y) = (430, 370, 445, 385, 445, 385, 460, 460)
initVia2ViaMinLenNew_cutSpc met2 (d2d-x, d2d-y, d2u-x, d2u-y, u2d-x, u2d-y, u2u-x, u2u-y) = (460, 460, 410, 485, 410, 485, 630, 630)
initVia2ViaMinLenNew_cutSpc met3 (d2d-x, d2d-y, d2u-x, d2u-y, u2d-x, u2d-y, u2u-x, u2u-y) = (630, 630, 655, 625, 655, 625, 680, 630)
initVia2ViaMinLenNew_cutSpc met4 (d2d-x, d2d-y, d2u-x, d2u-y, u2d-x, u2d-y, u2u-x, u2u-y) = (680, 630, 1055, 1055, 1055, 1055, 3020, 3020)
initVia2ViaMinLenNew_cutSpc met5 (d2d-x, d2d-y, d2u-x, d2u-y, u2d-x, u2d-y, u2u-x, u2u-y) = (1600, 1600, 0, 0, 0, 0, 0, 0)
cpu time = 00:00:00, elapsed time = 00:00:00, memory = 19.08 (MB), peak = 24.32 (MB)

start detail routing ...
start 0th optimization iteration ...
    completing 10% with 0 violations
    elapsed time = 00:00:00, memory = 44.40 (MB)
    completing 20% with 0 violations
    elapsed time = 00:00:00, memory = 46.16 (MB)
    completing 30% with 8 violations
    elapsed time = 00:00:00, memory = 32.79 (MB)
    completing 40% with 8 violations
    elapsed time = 00:00:00, memory = 51.61 (MB)
    completing 50% with 8 violations
    elapsed time = 00:00:00, memory = 51.86 (MB)
    completing 60% with 8 violations
    elapsed time = 00:00:00, memory = 44.10 (MB)
    completing 70% with 8 violations
    elapsed time = 00:00:00, memory = 67.04 (MB)
    completing 80% with 13 violations
    elapsed time = 00:00:00, memory = 38.01 (MB)
    completing 90% with 13 violations
    elapsed time = 00:00:00, memory = 41.10 (MB)
    completing 100% with 15 violations
    elapsed time = 00:00:00, memory = 50.55 (MB)
  number of violations = 21
cpu time = 00:00:01, elapsed time = 00:00:01, memory = 384.34 (MB), peak = 401.17 (MB)
total wire length = 1973 um
total wire length on LAYER li1 = 1 um
total wire length on LAYER met1 = 1080 um
total wire length on LAYER met2 = 891 um
total wire length on LAYER met3 = 0 um
total wire length on LAYER met4 = 0 um
total wire length on LAYER met5 = 0 um
total number of vias = 638
up-via summary (total 638):

----------------------
 FR_MASTERSLICE      0
            li1    321
           met1    317
           met2      0
           met3      0
           met4      0
----------------------
                   638


start 1st optimization iteration ...
    completing 10% with 21 violations
    elapsed time = 00:00:00, memory = 387.43 (MB)
    completing 20% with 21 violations
    elapsed time = 00:00:00, memory = 401.59 (MB)
    completing 30% with 0 violations
    elapsed time = 00:00:00, memory = 382.10 (MB)
    completing 40% with 0 violations
    elapsed time = 00:00:00, memory = 391.89 (MB)
    completing 50% with 0 violations
    elapsed time = 00:00:00, memory = 391.89 (MB)
    completing 60% with 0 violations
    elapsed time = 00:00:00, memory = 383.14 (MB)
    completing 70% with 0 violations
    elapsed time = 00:00:00, memory = 389.32 (MB)
    completing 80% with 0 violations
    elapsed time = 00:00:00, memory = 381.96 (MB)
    completing 90% with 0 violations
    elapsed time = 00:00:00, memory = 383.25 (MB)
    completing 100% with 0 violations
    elapsed time = 00:00:00, memory = 376.00 (MB)
  number of violations = 0
cpu time = 00:00:01, elapsed time = 00:00:00, memory = 379.12 (MB), peak = 401.81 (MB)
total wire length = 1950 um
total wire length on LAYER li1 = 1 um
total wire length on LAYER met1 = 1060 um
total wire length on LAYER met2 = 889 um
total wire length on LAYER met3 = 0 um
total wire length on LAYER met4 = 0 um
total wire length on LAYER met5 = 0 um
total number of vias = 630
up-via summary (total 630):

----------------------
 FR_MASTERSLICE      0
            li1    323
           met1    307
           met2      0
           met3      0
           met4      0
----------------------
                   630


start 2nd optimization iteration ...
    completing 10% with 0 violations
    elapsed time = 00:00:00, memory = 380.16 (MB)
    completing 20% with 0 violations
    elapsed time = 00:00:00, memory = 380.41 (MB)
    completing 30% with 0 violations
    elapsed time = 00:00:00, memory = 389.64 (MB)
    completing 40% with 0 violations
    elapsed time = 00:00:00, memory = 389.64 (MB)
    completing 50% with 0 violations
    elapsed time = 00:00:00, memory = 394.38 (MB)
    completing 60% with 0 violations
    elapsed time = 00:00:00, memory = 394.38 (MB)
    completing 70% with 0 violations
    elapsed time = 00:00:00, memory = 394.54 (MB)
    completing 80% with 0 violations
    elapsed time = 00:00:00, memory = 395.30 (MB)
    completing 90% with 0 violations
    elapsed time = 00:00:00, memory = 395.50 (MB)
    completing 100% with 0 violations
    elapsed time = 00:00:00, memory = 395.53 (MB)
  number of violations = 0
cpu time = 00:00:00, elapsed time = 00:00:00, memory = 395.53 (MB), peak = 401.81 (MB)
total wire length = 1950 um
total wire length on LAYER li1 = 1 um
total wire length on LAYER met1 = 1060 um
total wire length on LAYER met2 = 889 um
total wire length on LAYER met3 = 0 um
total wire length on LAYER met4 = 0 um
total wire length on LAYER met5 = 0 um
total number of vias = 630
up-via summary (total 630):

----------------------
 FR_MASTERSLICE      0
            li1    323
           met1    307
           met2      0
           met3      0
           met4      0
----------------------
                   630


start 17th optimization iteration ...
    completing 10% with 0 violations
    elapsed time = 00:00:00, memory = 395.53 (MB)
    completing 20% with 0 violations
    elapsed time = 00:00:00, memory = 395.53 (MB)
    completing 30% with 0 violations
    elapsed time = 00:00:00, memory = 395.53 (MB)
    completing 40% with 0 violations
    elapsed time = 00:00:00, memory = 395.53 (MB)
    completing 50% with 0 violations
    elapsed time = 00:00:00, memory = 395.53 (MB)
    completing 60% with 0 violations
    elapsed time = 00:00:00, memory = 395.53 (MB)
    completing 70% with 0 violations
    elapsed time = 00:00:00, memory = 395.53 (MB)
    completing 80% with 0 violations
    elapsed time = 00:00:00, memory = 395.53 (MB)
    completing 90% with 0 violations
    elapsed time = 00:00:00, memory = 395.53 (MB)
    completing 100% with 0 violations
    elapsed time = 00:00:00, memory = 396.04 (MB)
  number of violations = 0
cpu time = 00:00:00, elapsed time = 00:00:00, memory = 396.04 (MB), peak = 401.81 (MB)
total wire length = 1950 um
total wire length on LAYER li1 = 1 um
total wire length on LAYER met1 = 1060 um
total wire length on LAYER met2 = 889 um
total wire length on LAYER met3 = 0 um
total wire length on LAYER met4 = 0 um
total wire length on LAYER met5 = 0 um
total number of vias = 630
up-via summary (total 630):

----------------------
 FR_MASTERSLICE      0
            li1    323
           met1    307
           met2      0
           met3      0
           met4      0
----------------------
                   630


start 25th optimization iteration ...
    completing 10% with 0 violations
    elapsed time = 00:00:00, memory = 396.04 (MB)
    completing 20% with 0 violations
    elapsed time = 00:00:00, memory = 396.04 (MB)
    completing 30% with 0 violations
    elapsed time = 00:00:00, memory = 396.04 (MB)
    completing 40% with 0 violations
    elapsed time = 00:00:00, memory = 396.04 (MB)
    completing 50% with 0 violations
    elapsed time = 00:00:00, memory = 396.04 (MB)
    completing 60% with 0 violations
    elapsed time = 00:00:00, memory = 396.04 (MB)
    completing 70% with 0 violations
    elapsed time = 00:00:00, memory = 396.04 (MB)
    completing 80% with 0 violations
    elapsed time = 00:00:00, memory = 396.04 (MB)
    completing 90% with 0 violations
    elapsed time = 00:00:00, memory = 396.18 (MB)
    completing 100% with 0 violations
    elapsed time = 00:00:00, memory = 396.18 (MB)
  number of violations = 0
cpu time = 00:00:00, elapsed time = 00:00:00, memory = 396.18 (MB), peak = 401.81 (MB)
total wire length = 1950 um
total wire length on LAYER li1 = 1 um
total wire length on LAYER met1 = 1060 um
total wire length on LAYER met2 = 889 um
total wire length on LAYER met3 = 0 um
total wire length on LAYER met4 = 0 um
total wire length on LAYER met5 = 0 um
total number of vias = 630
up-via summary (total 630):

----------------------
 FR_MASTERSLICE      0
            li1    323
           met1    307
           met2      0
           met3      0
           met4      0
----------------------
                   630


start 33rd optimization iteration ...
    completing 10% with 0 violations
    elapsed time = 00:00:00, memory = 396.18 (MB)
    completing 20% with 0 violations
    elapsed time = 00:00:00, memory = 396.18 (MB)
    completing 30% with 0 violations
    elapsed time = 00:00:00, memory = 396.18 (MB)
    completing 40% with 0 violations
    elapsed time = 00:00:00, memory = 396.18 (MB)
    completing 50% with 0 violations
    elapsed time = 00:00:00, memory = 396.18 (MB)
    completing 60% with 0 violations
    elapsed time = 00:00:00, memory = 396.18 (MB)
    completing 70% with 0 violations
    elapsed time = 00:00:00, memory = 396.18 (MB)
    completing 80% with 0 violations
    elapsed time = 00:00:00, memory = 396.18 (MB)
    completing 90% with 0 violations
    elapsed time = 00:00:00, memory = 396.18 (MB)
    completing 100% with 0 violations
    elapsed time = 00:00:00, memory = 396.18 (MB)
  number of violations = 0
cpu time = 00:00:00, elapsed time = 00:00:00, memory = 396.18 (MB), peak = 401.81 (MB)
total wire length = 1950 um
total wire length on LAYER li1 = 1 um
total wire length on LAYER met1 = 1060 um
total wire length on LAYER met2 = 889 um
total wire length on LAYER met3 = 0 um
total wire length on LAYER met4 = 0 um
total wire length on LAYER met5 = 0 um
total number of vias = 630
up-via summary (total 630):

----------------------
 FR_MASTERSLICE      0
            li1    323
           met1    307
           met2      0
           met3      0
           met4      0
----------------------
                   630


start 41st optimization iteration ...
    completing 10% with 0 violations
    elapsed time = 00:00:00, memory = 396.18 (MB)
    completing 20% with 0 violations
    elapsed time = 00:00:00, memory = 396.18 (MB)
    completing 30% with 0 violations
    elapsed time = 00:00:00, memory = 396.18 (MB)
    completing 40% with 0 violations
    elapsed time = 00:00:00, memory = 396.18 (MB)
    completing 50% with 0 violations
    elapsed time = 00:00:00, memory = 396.18 (MB)
    completing 60% with 0 violations
    elapsed time = 00:00:00, memory = 396.18 (MB)
    completing 70% with 0 violations
    elapsed time = 00:00:00, memory = 396.18 (MB)
    completing 80% with 0 violations
    elapsed time = 00:00:00, memory = 396.18 (MB)
    completing 90% with 0 violations
    elapsed time = 00:00:00, memory = 396.18 (MB)
    completing 100% with 0 violations
    elapsed time = 00:00:00, memory = 396.18 (MB)
  number of violations = 0
cpu time = 00:00:00, elapsed time = 00:00:00, memory = 396.18 (MB), peak = 401.81 (MB)
total wire length = 1950 um
total wire length on LAYER li1 = 1 um
total wire length on LAYER met1 = 1060 um
total wire length on LAYER met2 = 889 um
total wire length on LAYER met3 = 0 um
total wire length on LAYER met4 = 0 um
total wire length on LAYER met5 = 0 um
total number of vias = 630
up-via summary (total 630):

----------------------
 FR_MASTERSLICE      0
            li1    323
           met1    307
           met2      0
           met3      0
           met4      0
----------------------
                   630


start 49th optimization iteration ...
    completing 10% with 0 violations
    elapsed time = 00:00:00, memory = 396.18 (MB)
    completing 20% with 0 violations
    elapsed time = 00:00:00, memory = 396.18 (MB)
    completing 30% with 0 violations
    elapsed time = 00:00:00, memory = 396.18 (MB)
    completing 40% with 0 violations
    elapsed time = 00:00:00, memory = 396.18 (MB)
    completing 50% with 0 violations
    elapsed time = 00:00:00, memory = 396.18 (MB)
    completing 60% with 0 violations
    elapsed time = 00:00:00, memory = 396.18 (MB)
    completing 70% with 0 violations
    elapsed time = 00:00:00, memory = 396.18 (MB)
    completing 80% with 0 violations
    elapsed time = 00:00:00, memory = 396.18 (MB)
    completing 90% with 0 violations
    elapsed time = 00:00:00, memory = 396.18 (MB)
    completing 100% with 0 violations
    elapsed time = 00:00:00, memory = 396.18 (MB)
  number of violations = 0
cpu time = 00:00:00, elapsed time = 00:00:00, memory = 396.18 (MB), peak = 401.81 (MB)
total wire length = 1950 um
total wire length on LAYER li1 = 1 um
total wire length on LAYER met1 = 1060 um
total wire length on LAYER met2 = 889 um
total wire length on LAYER met3 = 0 um
total wire length on LAYER met4 = 0 um
total wire length on LAYER met5 = 0 um
total number of vias = 630
up-via summary (total 630):

----------------------
 FR_MASTERSLICE      0
            li1    323
           met1    307
           met2      0
           met3      0
           met4      0
----------------------
                   630


start 57th optimization iteration ...
    completing 10% with 0 violations
    elapsed time = 00:00:00, memory = 396.18 (MB)
    completing 20% with 0 violations
    elapsed time = 00:00:00, memory = 396.18 (MB)
    completing 30% with 0 violations
    elapsed time = 00:00:00, memory = 396.18 (MB)
    completing 40% with 0 violations
    elapsed time = 00:00:00, memory = 396.18 (MB)
    completing 50% with 0 violations
    elapsed time = 00:00:00, memory = 396.18 (MB)
    completing 60% with 0 violations
    elapsed time = 00:00:00, memory = 396.18 (MB)
    completing 70% with 0 violations
    elapsed time = 00:00:00, memory = 396.18 (MB)
    completing 80% with 0 violations
    elapsed time = 00:00:00, memory = 396.18 (MB)
    completing 90% with 0 violations
    elapsed time = 00:00:00, memory = 396.18 (MB)
    completing 100% with 0 violations
    elapsed time = 00:00:00, memory = 396.18 (MB)
  number of violations = 0
cpu time = 00:00:00, elapsed time = 00:00:00, memory = 396.18 (MB), peak = 401.81 (MB)
total wire length = 1950 um
total wire length on LAYER li1 = 1 um
total wire length on LAYER met1 = 1060 um
total wire length on LAYER met2 = 889 um
total wire length on LAYER met3 = 0 um
total wire length on LAYER met4 = 0 um
total wire length on LAYER met5 = 0 um
total number of vias = 630
up-via summary (total 630):

----------------------
 FR_MASTERSLICE      0
            li1    323
           met1    307
           met2      0
           met3      0
           met4      0
----------------------
                   630


complete detail routing
total wire length = 1950 um
total wire length on LAYER li1 = 1 um
total wire length on LAYER met1 = 1060 um
total wire length on LAYER met2 = 889 um
total wire length on LAYER met3 = 0 um
total wire length on LAYER met4 = 0 um
total wire length on LAYER met5 = 0 um
total number of vias = 630
up-via summary (total 630):

----------------------
 FR_MASTERSLICE      0
            li1    323
           met1    307
           met2      0
           met3      0
           met4      0
----------------------
                   630

cpu time = 00:00:08, elapsed time = 00:00:03, memory = 396.18 (MB), peak = 401.81 (MB)

post processing ...

Runtime taken (hrt): 5.05601
