
reading lef ...

units:       1000
#layers:     13
#macros:     440
#vias:       25
#viarulegen: 25

reading def ...

design:      fsm
die area:    ( 0 0 ) ( 34165 54885 )
trackPts:    12
defvias:     4
#components: 114
#terminals:  20
#snets:      2
#nets:       28

reading guide ...

#guides:     132
Warning: met2 does not have viaDef align with layer direction, generating new viaDef via2_FR...
Warning: met4 does not have viaDef align with layer direction, generating new viaDef via4_FR...
done initConstraintLayerIdx
List of default vias:
  Layer mcon
    default via: L1M1_PR_MR
  Layer via
    default via: M1M2_PR
  Layer via2
    default via: via2_FR
  Layer via3
    default via: M3M4_PR_M
  Layer via4
    default via: via4_FR
Writing reference output def...

libcell analysis ...

instance analysis ...
#unique instances = 32

init region query ...
  complete FR_MASTERSLICE
  complete FR_VIA
  complete li1
  complete mcon
  complete met1
  complete via
  complete met2
  complete via2
  complete met3
  complete via3
  complete met4
  complete via4
  complete met5

FR_MASTERSLICE shape region query size = 0
FR_VIA shape region query size = 0
li1 shape region query size = 999
mcon shape region query size = 1220
met1 shape region query size = 321
via shape region query size = 132
met2 shape region query size = 72
via2 shape region query size = 132
met3 shape region query size = 70
via3 shape region query size = 132
met4 shape region query size = 56
via4 shape region query size = 13
met5 shape region query size = 23


start pin access
  complete 41 pins
  complete 26 unique inst patterns
  complete 19 groups
Expt1 runtime (pin-level access point gen): 0.259662
Expt2 runtime (design-level access pattern gen): 0.0458583
#scanned instances     = 114
#unique  instances     = 32
#stdCellGenAp          = 291
#stdCellValidPlanarAp  = 7
#stdCellValidViaAp     = 184
#stdCellPinNoAp        = 0
#stdCellPinCnt         = 52
#instTermValidViaApCnt = 0
#macroGenAp            = 0
#macroValidPlanarAp    = 0
#macroValidViaAp       = 0
#macroNoAp             = 0

complete pin access
cpu time = 00:00:00, elapsed time = 00:00:00, memory = 13.48 (MB), peak = 13.52 (MB)

post process guides ...
GCELLGRID X 0 DO 7 STEP 6900 ;
GCELLGRID Y 0 DO 4 STEP 6900 ;
  complete FR_MASTERSLICE
  complete FR_VIA
  complete li1
  complete mcon
  complete met1
  complete via
  complete met2
  complete via2
  complete met3
  complete via3
  complete met4
  complete via4
  complete met5

building cmap ... 

init guide query ...
  complete FR_MASTERSLICE (guide)
  complete FR_VIA (guide)
  complete li1 (guide)
  complete mcon (guide)
  complete met1 (guide)
  complete via (guide)
  complete met2 (guide)
  complete via2 (guide)
  complete met3 (guide)
  complete via3 (guide)
  complete met4 (guide)
  complete via4 (guide)
  complete met5 (guide)

FR_MASTERSLICE guide region query size = 0
FR_VIA guide region query size = 0
li1 guide region query size = 45
mcon guide region query size = 0
met1 guide region query size = 42
via guide region query size = 0
met2 guide region query size = 27
via2 guide region query size = 0
met3 guide region query size = 4
via3 guide region query size = 0
met4 guide region query size = 0
via4 guide region query size = 0
met5 guide region query size = 0

init gr pin query ...


start track assignment
Done with 72 vertical wires in 1 frboxes and 46 horizontal wires in 1 frboxes.
Done with 16 vertical wires in 1 frboxes and 9 horizontal wires in 1 frboxes.

complete track assignment
cpu time = 00:00:00, elapsed time = 00:00:00, memory = 13.77 (MB), peak = 13.89 (MB)

post processing ...

start routing data preparation
initVia2ViaMinLen_minSpc li1 (d2d, d2u, u2d, u2u) = (0, 0, 0, 370)
initVia2ViaMinLen_minSpc met1 (d2d, d2u, u2d, u2u) = (430, 445, 445, 460)
initVia2ViaMinLen_minSpc met2 (d2d, d2u, u2d, u2u) = (460, 485, 485, 630)
initVia2ViaMinLen_minSpc met3 (d2d, d2u, u2d, u2u) = (630, 655, 655, 680)
initVia2ViaMinLen_minSpc met4 (d2d, d2u, u2d, u2u) = (630, 1055, 1055, 3020)
initVia2ViaMinLen_minSpc met5 (d2d, d2u, u2d, u2u) = (1480, 0, 0, 0)
initVia2ViaMinLen_minimumcut li1 (d2d, d2u, u2d, u2u) = (0, 0, 0, 370)
initVia2ViaMinLen_minimumcut li1 zerolen (b, b, b, b) = (1, 1, 1, 1)
initVia2ViaMinLen_minimumcut met1 (d2d, d2u, u2d, u2u) = (430, 445, 445, 460)
initVia2ViaMinLen_minimumcut met1 zerolen (b, b, b, b) = (1, 1, 1, 1)
initVia2ViaMinLen_minimumcut met2 (d2d, d2u, u2d, u2u) = (460, 485, 485, 630)
initVia2ViaMinLen_minimumcut met2 zerolen (b, b, b, b) = (1, 1, 1, 1)
initVia2ViaMinLen_minimumcut met3 (d2d, d2u, u2d, u2u) = (630, 655, 655, 680)
initVia2ViaMinLen_minimumcut met3 zerolen (b, b, b, b) = (1, 1, 1, 1)
initVia2ViaMinLen_minimumcut met4 (d2d, d2u, u2d, u2u) = (630, 1055, 1055, 3020)
initVia2ViaMinLen_minimumcut met4 zerolen (b, b, b, b) = (1, 1, 1, 1)
initVia2ViaMinLen_minimumcut met5 (d2d, d2u, u2d, u2u) = (1480, 0, 0, 0)
initVia2ViaMinLen_minimumcut met5 zerolen (b, b, b, b) = (1, 1, 1, 1)
initVia2ViaMinLenNew_minSpc li1 (d2d-x, d2d-y, d2u-x, d2u-y, u2d-x, u2d-y, u2u-x, u2u-y) = (0, 0, 0, 0, 0, 0, 430, 370)
initVia2ViaMinLenNew_minSpc met1 (d2d-x, d2d-y, d2u-x, d2u-y, u2d-x, u2d-y, u2u-x, u2u-y) = (430, 370, 445, 385, 445, 385, 460, 460)
initVia2ViaMinLenNew_minSpc met2 (d2d-x, d2d-y, d2u-x, d2u-y, u2d-x, u2d-y, u2u-x, u2u-y) = (460, 460, 410, 485, 410, 485, 630, 630)
initVia2ViaMinLenNew_minSpc met3 (d2d-x, d2d-y, d2u-x, d2u-y, u2d-x, u2d-y, u2u-x, u2u-y) = (630, 630, 655, 625, 655, 625, 680, 630)
initVia2ViaMinLenNew_minSpc met4 (d2d-x, d2d-y, d2u-x, d2u-y, u2d-x, u2d-y, u2u-x, u2u-y) = (680, 630, 1055, 1055, 1055, 1055, 3020, 3020)
initVia2ViaMinLenNew_minSpc met5 (d2d-x, d2d-y, d2u-x, d2u-y, u2d-x, u2d-y, u2u-x, u2u-y) = (1480, 1480, 0, 0, 0, 0, 0, 0)
initVia2ViaMinLenNew_minimumcut li1 (d2d-x, d2d-y, d2u-x, d2u-y, u2d-x, u2d-y, u2u-x, u2u-y) = (0, 0, 0, 0, 0, 0, 430, 370)
initVia2ViaMinLenNew_minimumcut met1 (d2d-x, d2d-y, d2u-x, d2u-y, u2d-x, u2d-y, u2u-x, u2u-y) = (430, 370, 445, 385, 445, 385, 460, 460)
initVia2ViaMinLenNew_minimumcut met2 (d2d-x, d2d-y, d2u-x, d2u-y, u2d-x, u2d-y, u2u-x, u2u-y) = (460, 460, 410, 485, 410, 485, 630, 630)
initVia2ViaMinLenNew_minimumcut met3 (d2d-x, d2d-y, d2u-x, d2u-y, u2d-x, u2d-y, u2u-x, u2u-y) = (630, 630, 655, 625, 655, 625, 680, 630)
initVia2ViaMinLenNew_minimumcut met4 (d2d-x, d2d-y, d2u-x, d2u-y, u2d-x, u2d-y, u2u-x, u2u-y) = (680, 630, 1055, 1055, 1055, 1055, 3020, 3020)
initVia2ViaMinLenNew_minimumcut met5 (d2d-x, d2d-y, d2u-x, d2u-y, u2d-x, u2d-y, u2u-x, u2u-y) = (1480, 1480, 0, 0, 0, 0, 0, 0)
initVia2ViaMinLenNew_cutSpc li1 (d2d-x, d2d-y, d2u-x, d2u-y, u2d-x, u2d-y, u2u-x, u2u-y) = (0, 0, 0, 0, 0, 0, 430, 370)
initVia2ViaMinLenNew_cutSpc met1 (d2d-x, d2d-y, d2u-x, d2u-y, u2d-x, u2d-y, u2u-x, u2u-y) = (430, 370, 445, 385, 445, 385, 460, 460)
initVia2ViaMinLenNew_cutSpc met2 (d2d-x, d2d-y, d2u-x, d2u-y, u2d-x, u2d-y, u2u-x, u2u-y) = (460, 460, 410, 485, 410, 485, 630, 630)
initVia2ViaMinLenNew_cutSpc met3 (d2d-x, d2d-y, d2u-x, d2u-y, u2d-x, u2d-y, u2u-x, u2u-y) = (630, 630, 655, 625, 655, 625, 680, 630)
initVia2ViaMinLenNew_cutSpc met4 (d2d-x, d2d-y, d2u-x, d2u-y, u2d-x, u2d-y, u2u-x, u2u-y) = (680, 630, 1055, 1055, 1055, 1055, 3020, 3020)
initVia2ViaMinLenNew_cutSpc met5 (d2d-x, d2d-y, d2u-x, d2u-y, u2d-x, u2d-y, u2u-x, u2u-y) = (1600, 1600, 0, 0, 0, 0, 0, 0)
cpu time = 00:00:00, elapsed time = 00:00:00, memory = 13.88 (MB), peak = 13.89 (MB)

start detail routing ...
start 0th optimization iteration ...
    completing 10% with 0 violations
    elapsed time = 00:00:00, memory = 18.23 (MB)
  number of violations = 0
cpu time = 00:00:00, elapsed time = 00:00:00, memory = 18.24 (MB), peak = 382.00 (MB)
total wire length = 438 um
total wire length on LAYER li1 = 0 um
total wire length on LAYER met1 = 166 um
total wire length on LAYER met2 = 254 um
total wire length on LAYER met3 = 17 um
total wire length on LAYER met4 = 0 um
total wire length on LAYER met5 = 0 um
total number of vias = 102
up-via summary (total 102):

----------------------
 FR_MASTERSLICE      0
            li1     47
           met1     51
           met2      4
           met3      0
           met4      0
----------------------
                   102


start 1st optimization iteration ...
    completing 10% with 0 violations
    elapsed time = 00:00:00, memory = 23.39 (MB)
    completing 20% with 1 violations
    elapsed time = 00:00:00, memory = 26.39 (MB)
  number of violations = 1
cpu time = 00:00:00, elapsed time = 00:00:00, memory = 26.61 (MB), peak = 385.09 (MB)
total wire length = 454 um
total wire length on LAYER li1 = 0 um
total wire length on LAYER met1 = 184 um
total wire length on LAYER met2 = 253 um
total wire length on LAYER met3 = 17 um
total wire length on LAYER met4 = 0 um
total wire length on LAYER met5 = 0 um
total number of vias = 102
up-via summary (total 102):

----------------------
 FR_MASTERSLICE      0
            li1     47
           met1     51
           met2      4
           met3      0
           met4      0
----------------------
                   102


start 2nd optimization iteration ...
    completing 10% with 1 violations
    elapsed time = 00:00:00, memory = 26.61 (MB)
    completing 20% with 1 violations
    elapsed time = 00:00:00, memory = 28.16 (MB)
    completing 30% with 1 violations
    elapsed time = 00:00:00, memory = 28.32 (MB)
    completing 40% with 1 violations
    elapsed time = 00:00:00, memory = 31.67 (MB)
  number of violations = 3
cpu time = 00:00:00, elapsed time = 00:00:00, memory = 29.64 (MB), peak = 390.20 (MB)
total wire length = 452 um
total wire length on LAYER li1 = 0 um
total wire length on LAYER met1 = 183 um
total wire length on LAYER met2 = 251 um
total wire length on LAYER met3 = 17 um
total wire length on LAYER met4 = 0 um
total wire length on LAYER met5 = 0 um
total number of vias = 100
up-via summary (total 100):

----------------------
 FR_MASTERSLICE      0
            li1     47
           met1     49
           met2      4
           met3      0
           met4      0
----------------------
                   100


start 3rd optimization iteration ...
    completing 10% with 3 violations
    elapsed time = 00:00:00, memory = 35.05 (MB)
  number of violations = 0
cpu time = 00:00:00, elapsed time = 00:00:00, memory = 33.04 (MB), peak = 390.20 (MB)
total wire length = 450 um
total wire length on LAYER li1 = 0 um
total wire length on LAYER met1 = 181 um
total wire length on LAYER met2 = 251 um
total wire length on LAYER met3 = 17 um
total wire length on LAYER met4 = 0 um
total wire length on LAYER met5 = 0 um
total number of vias = 104
up-via summary (total 104):

----------------------
 FR_MASTERSLICE      0
            li1     47
           met1     53
           met2      4
           met3      0
           met4      0
----------------------
                   104


start 17th optimization iteration ...
    completing 10% with 0 violations
    elapsed time = 00:00:00, memory = 33.04 (MB)
    completing 20% with 0 violations
    elapsed time = 00:00:00, memory = 33.04 (MB)
  number of violations = 0
cpu time = 00:00:00, elapsed time = 00:00:00, memory = 33.04 (MB), peak = 390.20 (MB)
total wire length = 450 um
total wire length on LAYER li1 = 0 um
total wire length on LAYER met1 = 181 um
total wire length on LAYER met2 = 251 um
total wire length on LAYER met3 = 17 um
total wire length on LAYER met4 = 0 um
total wire length on LAYER met5 = 0 um
total number of vias = 104
up-via summary (total 104):

----------------------
 FR_MASTERSLICE      0
            li1     47
           met1     53
           met2      4
           met3      0
           met4      0
----------------------
                   104


start 25th optimization iteration ...
    completing 10% with 0 violations
    elapsed time = 00:00:00, memory = 33.04 (MB)
    completing 20% with 0 violations
    elapsed time = 00:00:00, memory = 33.04 (MB)
    completing 30% with 0 violations
    elapsed time = 00:00:00, memory = 33.04 (MB)
    completing 40% with 0 violations
    elapsed time = 00:00:00, memory = 33.04 (MB)
  number of violations = 0
cpu time = 00:00:00, elapsed time = 00:00:00, memory = 33.04 (MB), peak = 390.20 (MB)
total wire length = 450 um
total wire length on LAYER li1 = 0 um
total wire length on LAYER met1 = 181 um
total wire length on LAYER met2 = 251 um
total wire length on LAYER met3 = 17 um
total wire length on LAYER met4 = 0 um
total wire length on LAYER met5 = 0 um
total number of vias = 104
up-via summary (total 104):

----------------------
 FR_MASTERSLICE      0
            li1     47
           met1     53
           met2      4
           met3      0
           met4      0
----------------------
                   104


start 33rd optimization iteration ...
    completing 10% with 0 violations
    elapsed time = 00:00:00, memory = 33.04 (MB)
    completing 20% with 0 violations
    elapsed time = 00:00:00, memory = 33.04 (MB)
    completing 30% with 0 violations
    elapsed time = 00:00:00, memory = 33.04 (MB)
    completing 40% with 0 violations
    elapsed time = 00:00:00, memory = 33.04 (MB)
    completing 50% with 0 violations
    elapsed time = 00:00:00, memory = 33.04 (MB)
    completing 60% with 0 violations
    elapsed time = 00:00:00, memory = 33.04 (MB)
  number of violations = 0
cpu time = 00:00:00, elapsed time = 00:00:00, memory = 33.04 (MB), peak = 390.20 (MB)
total wire length = 450 um
total wire length on LAYER li1 = 0 um
total wire length on LAYER met1 = 181 um
total wire length on LAYER met2 = 251 um
total wire length on LAYER met3 = 17 um
total wire length on LAYER met4 = 0 um
total wire length on LAYER met5 = 0 um
total number of vias = 104
up-via summary (total 104):

----------------------
 FR_MASTERSLICE      0
            li1     47
           met1     53
           met2      4
           met3      0
           met4      0
----------------------
                   104


start 41st optimization iteration ...
    completing 10% with 0 violations
    elapsed time = 00:00:00, memory = 33.04 (MB)
    completing 20% with 0 violations
    elapsed time = 00:00:00, memory = 33.04 (MB)
    completing 30% with 0 violations
    elapsed time = 00:00:00, memory = 33.04 (MB)
    completing 40% with 0 violations
    elapsed time = 00:00:00, memory = 33.04 (MB)
    completing 50% with 0 violations
    elapsed time = 00:00:00, memory = 33.04 (MB)
    completing 60% with 0 violations
    elapsed time = 00:00:00, memory = 33.04 (MB)
  number of violations = 0
cpu time = 00:00:00, elapsed time = 00:00:00, memory = 33.04 (MB), peak = 390.20 (MB)
total wire length = 450 um
total wire length on LAYER li1 = 0 um
total wire length on LAYER met1 = 181 um
total wire length on LAYER met2 = 251 um
total wire length on LAYER met3 = 17 um
total wire length on LAYER met4 = 0 um
total wire length on LAYER met5 = 0 um
total number of vias = 104
up-via summary (total 104):

----------------------
 FR_MASTERSLICE      0
            li1     47
           met1     53
           met2      4
           met3      0
           met4      0
----------------------
                   104


start 49th optimization iteration ...
    completing 10% with 0 violations
    elapsed time = 00:00:00, memory = 33.04 (MB)
    completing 20% with 0 violations
    elapsed time = 00:00:00, memory = 33.04 (MB)
    completing 30% with 0 violations
    elapsed time = 00:00:00, memory = 33.04 (MB)
    completing 40% with 0 violations
    elapsed time = 00:00:00, memory = 33.04 (MB)
    completing 50% with 0 violations
    elapsed time = 00:00:00, memory = 33.04 (MB)
    completing 60% with 0 violations
    elapsed time = 00:00:00, memory = 33.04 (MB)
  number of violations = 0
cpu time = 00:00:00, elapsed time = 00:00:00, memory = 33.04 (MB), peak = 390.20 (MB)
total wire length = 450 um
total wire length on LAYER li1 = 0 um
total wire length on LAYER met1 = 181 um
total wire length on LAYER met2 = 251 um
total wire length on LAYER met3 = 17 um
total wire length on LAYER met4 = 0 um
total wire length on LAYER met5 = 0 um
total number of vias = 104
up-via summary (total 104):

----------------------
 FR_MASTERSLICE      0
            li1     47
           met1     53
           met2      4
           met3      0
           met4      0
----------------------
                   104


start 57th optimization iteration ...
    completing 10% with 0 violations
    elapsed time = 00:00:00, memory = 33.04 (MB)
    completing 20% with 0 violations
    elapsed time = 00:00:00, memory = 33.04 (MB)
    completing 30% with 0 violations
    elapsed time = 00:00:00, memory = 33.04 (MB)
    completing 40% with 0 violations
    elapsed time = 00:00:00, memory = 33.04 (MB)
    completing 50% with 0 violations
    elapsed time = 00:00:00, memory = 33.04 (MB)
    completing 60% with 0 violations
    elapsed time = 00:00:00, memory = 33.04 (MB)
  number of violations = 0
cpu time = 00:00:00, elapsed time = 00:00:00, memory = 33.04 (MB), peak = 390.20 (MB)
total wire length = 450 um
total wire length on LAYER li1 = 0 um
total wire length on LAYER met1 = 181 um
total wire length on LAYER met2 = 251 um
total wire length on LAYER met3 = 17 um
total wire length on LAYER met4 = 0 um
total wire length on LAYER met5 = 0 um
total number of vias = 104
up-via summary (total 104):

----------------------
 FR_MASTERSLICE      0
            li1     47
           met1     53
           met2      4
           met3      0
           met4      0
----------------------
                   104


complete detail routing
total wire length = 450 um
total wire length on LAYER li1 = 0 um
total wire length on LAYER met1 = 181 um
total wire length on LAYER met2 = 251 um
total wire length on LAYER met3 = 17 um
total wire length on LAYER met4 = 0 um
total wire length on LAYER met5 = 0 um
total number of vias = 104
up-via summary (total 104):

----------------------
 FR_MASTERSLICE      0
            li1     47
           met1     53
           met2      4
           met3      0
           met4      0
----------------------
                   104

cpu time = 00:00:02, elapsed time = 00:00:01, memory = 33.04 (MB), peak = 390.20 (MB)

post processing ...

Runtime taken (hrt): 3.38441
