
Magic 8.3 revision 145 - Compiled on Mon Mar 22 04:21:56 UTC 2021.
Starting magic under Tcl interpreter
Using the terminal as the console.
Using NULL graphics device.
Processing system .magicrc file
Sourcing design .magicrc for technology sky130A ...
2 Magic internal units = 1 Lambda
Input style sky130(): scaleFactor=2, multiplier=2
Scaled tech values by 2 / 1 to match internal grid scaling
Loading sky130A Device Generator Menu ...
Loading "/openLANE_flow/scripts/magic/gds_pointers.tcl" from command line.
Warning: Calma reading is not undoable!  I hope that's OK.
Library written using GDS-II Release 3.0
Library name: clk_divider
Reading "sky130_fd_sc_hd__decap_3".
Reading "sky130_fd_sc_hd__clkbuf_2".
Reading "sky130_fd_sc_hd__decap_4".
Reading "sky130_fd_sc_hd__decap_12".
Reading "sky130_fd_sc_hd__tapvpwrvgnd_1".
Reading "sky130_fd_sc_hd__decap_6".
Reading "sky130_fd_sc_hd__decap_8".
Reading "sky130_fd_sc_hd__fill_1".
Reading "sky130_fd_sc_hd__fill_2".
Reading "sky130_fd_sc_hd__inv_2".
Reading "sky130_fd_sc_hd__o211a_1".
Reading "sky130_fd_sc_hd__nor2_1".
Reading "sky130_fd_sc_hd__o221a_1".
Reading "sky130_fd_sc_hd__dfxtp_1".
Reading "sky130_fd_sc_hd__or2_1".
Reading "sky130_fd_sc_hd__a21oi_1".
Reading "sky130_fd_sc_hd__a211oi_2".
Reading "sky130_fd_sc_hd__and3_1".
Reading "sky130_fd_sc_hd__nand2_1".
Reading "sky130_fd_sc_hd__or4_4".
Reading "sky130_fd_sc_hd__nor3_1".
Reading "sky130_fd_sc_hd__o311a_1".
Reading "sky130_fd_sc_hd__clkbuf_1".
Reading "sky130_fd_sc_hd__nand2_2".
Reading "sky130_fd_sc_hd__a31o_1".
Reading "sky130_fd_sc_hd__conb_1".
Reading "sky130_fd_sc_hd__o211ai_1".
Reading "sky130_fd_sc_hd__clkbuf_16".
Reading "clk_divider".
    100 uses
    200 uses
    300 uses
    400 uses
    500 uses
    600 uses
    700 uses
    800 uses
    900 uses
    1000 uses
    1100 uses
    1200 uses
    1300 uses
    1400 uses
    1500 uses
    1600 uses
    1700 uses
    1800 uses
    1900 uses
    2000 uses
[INFO]: Wrote /openLANE_flow/designs/clk_divider/runs/10-05_03-36/tmp/magic/magic_gds_ptrs.mag including GDS pointers.
