
reading lef ...

units:       1000
#layers:     13
#macros:     440
#vias:       25
#viarulegen: 25

reading def ...

design:      fsm
die area:    ( 0 0 ) ( 150120 160840 )
trackPts:    12
defvias:     4
#components: 1935
#terminals:  20
#snets:      2
#nets:       122

reading guide ...

#guides:     747
Warning: met2 does not have viaDef align with layer direction, generating new viaDef via2_FR...
Warning: met4 does not have viaDef align with layer direction, generating new viaDef via4_FR...
done initConstraintLayerIdx
List of default vias:
  Layer mcon
    default via: L1M1_PR_MR
  Layer via
    default via: M1M2_PR
  Layer via2
    default via: via2_FR
  Layer via3
    default via: M3M4_PR_M
  Layer via4
    default via: via4_FR
Writing reference output def...

libcell analysis ...

instance analysis ...
#unique instances = 76

init region query ...
  complete FR_MASTERSLICE
  complete FR_VIA
  complete li1
  complete mcon
  complete met1
  complete via
  complete met2
  complete via2
  complete met3
  complete via3
  complete met4
  complete via4
  complete met5

FR_MASTERSLICE shape region query size = 0
FR_VIA shape region query size = 0
li1 shape region query size = 12827
mcon shape region query size = 30918
met1 shape region query size = 4318
via shape region query size = 520
met2 shape region query size = 266
via2 shape region query size = 520
met3 shape region query size = 264
via3 shape region query size = 520
met4 shape region query size = 153
via4 shape region query size = 13
met5 shape region query size = 23


start pin access
  complete 100 pins
  complete 199 pins
  complete 70 unique inst patterns
  complete 113 groups
Expt1 runtime (pin-level access point gen): 0.413203
Expt2 runtime (design-level access pattern gen): 0.0741635
#scanned instances     = 1935
#unique  instances     = 76
#stdCellGenAp          = 1059
#stdCellValidPlanarAp  = 0
#stdCellValidViaAp     = 824
#stdCellPinNoAp        = 0
#stdCellPinCnt         = 349
#instTermValidViaApCnt = 0
#macroGenAp            = 0
#macroValidPlanarAp    = 0
#macroValidViaAp       = 0
#macroNoAp             = 0

complete pin access
cpu time = 00:00:01, elapsed time = 00:00:00, memory = 16.24 (MB), peak = 17.00 (MB)

post process guides ...
GCELLGRID X 0 DO 23 STEP 6900 ;
GCELLGRID Y 0 DO 21 STEP 6900 ;
  complete FR_MASTERSLICE
  complete FR_VIA
  complete li1
  complete mcon
  complete met1
  complete via
  complete met2
  complete via2
  complete met3
  complete via3
  complete met4
  complete via4
  complete met5

building cmap ... 

init guide query ...
  complete FR_MASTERSLICE (guide)
  complete FR_VIA (guide)
  complete li1 (guide)
  complete mcon (guide)
  complete met1 (guide)
  complete via (guide)
  complete met2 (guide)
  complete via2 (guide)
  complete met3 (guide)
  complete via3 (guide)
  complete met4 (guide)
  complete via4 (guide)
  complete met5 (guide)

FR_MASTERSLICE guide region query size = 0
FR_VIA guide region query size = 0
li1 guide region query size = 292
mcon guide region query size = 0
met1 guide region query size = 227
via guide region query size = 0
met2 guide region query size = 118
via2 guide region query size = 0
met3 guide region query size = 4
via3 guide region query size = 0
met4 guide region query size = 0
via4 guide region query size = 0
met5 guide region query size = 0

init gr pin query ...


start track assignment
Done with 410 vertical wires in 1 frboxes and 231 horizontal wires in 1 frboxes.
Done with 51 vertical wires in 1 frboxes and 52 horizontal wires in 1 frboxes.

complete track assignment
cpu time = 00:00:00, elapsed time = 00:00:00, memory = 19.87 (MB), peak = 23.87 (MB)

post processing ...

start routing data preparation
initVia2ViaMinLen_minSpc li1 (d2d, d2u, u2d, u2u) = (0, 0, 0, 370)
initVia2ViaMinLen_minSpc met1 (d2d, d2u, u2d, u2u) = (430, 445, 445, 460)
initVia2ViaMinLen_minSpc met2 (d2d, d2u, u2d, u2u) = (460, 485, 485, 630)
initVia2ViaMinLen_minSpc met3 (d2d, d2u, u2d, u2u) = (630, 655, 655, 680)
initVia2ViaMinLen_minSpc met4 (d2d, d2u, u2d, u2u) = (630, 1055, 1055, 3020)
initVia2ViaMinLen_minSpc met5 (d2d, d2u, u2d, u2u) = (1480, 0, 0, 0)
initVia2ViaMinLen_minimumcut li1 (d2d, d2u, u2d, u2u) = (0, 0, 0, 370)
initVia2ViaMinLen_minimumcut li1 zerolen (b, b, b, b) = (1, 1, 1, 1)
initVia2ViaMinLen_minimumcut met1 (d2d, d2u, u2d, u2u) = (430, 445, 445, 460)
initVia2ViaMinLen_minimumcut met1 zerolen (b, b, b, b) = (1, 1, 1, 1)
initVia2ViaMinLen_minimumcut met2 (d2d, d2u, u2d, u2u) = (460, 485, 485, 630)
initVia2ViaMinLen_minimumcut met2 zerolen (b, b, b, b) = (1, 1, 1, 1)
initVia2ViaMinLen_minimumcut met3 (d2d, d2u, u2d, u2u) = (630, 655, 655, 680)
initVia2ViaMinLen_minimumcut met3 zerolen (b, b, b, b) = (1, 1, 1, 1)
initVia2ViaMinLen_minimumcut met4 (d2d, d2u, u2d, u2u) = (630, 1055, 1055, 3020)
initVia2ViaMinLen_minimumcut met4 zerolen (b, b, b, b) = (1, 1, 1, 1)
initVia2ViaMinLen_minimumcut met5 (d2d, d2u, u2d, u2u) = (1480, 0, 0, 0)
initVia2ViaMinLen_minimumcut met5 zerolen (b, b, b, b) = (1, 1, 1, 1)
initVia2ViaMinLenNew_minSpc li1 (d2d-x, d2d-y, d2u-x, d2u-y, u2d-x, u2d-y, u2u-x, u2u-y) = (0, 0, 0, 0, 0, 0, 430, 370)
initVia2ViaMinLenNew_minSpc met1 (d2d-x, d2d-y, d2u-x, d2u-y, u2d-x, u2d-y, u2u-x, u2u-y) = (430, 370, 445, 385, 445, 385, 460, 460)
initVia2ViaMinLenNew_minSpc met2 (d2d-x, d2d-y, d2u-x, d2u-y, u2d-x, u2d-y, u2u-x, u2u-y) = (460, 460, 410, 485, 410, 485, 630, 630)
initVia2ViaMinLenNew_minSpc met3 (d2d-x, d2d-y, d2u-x, d2u-y, u2d-x, u2d-y, u2u-x, u2u-y) = (630, 630, 655, 625, 655, 625, 680, 630)
initVia2ViaMinLenNew_minSpc met4 (d2d-x, d2d-y, d2u-x, d2u-y, u2d-x, u2d-y, u2u-x, u2u-y) = (680, 630, 1055, 1055, 1055, 1055, 3020, 3020)
initVia2ViaMinLenNew_minSpc met5 (d2d-x, d2d-y, d2u-x, d2u-y, u2d-x, u2d-y, u2u-x, u2u-y) = (1480, 1480, 0, 0, 0, 0, 0, 0)
initVia2ViaMinLenNew_minimumcut li1 (d2d-x, d2d-y, d2u-x, d2u-y, u2d-x, u2d-y, u2u-x, u2u-y) = (0, 0, 0, 0, 0, 0, 430, 370)
initVia2ViaMinLenNew_minimumcut met1 (d2d-x, d2d-y, d2u-x, d2u-y, u2d-x, u2d-y, u2u-x, u2u-y) = (430, 370, 445, 385, 445, 385, 460, 460)
initVia2ViaMinLenNew_minimumcut met2 (d2d-x, d2d-y, d2u-x, d2u-y, u2d-x, u2d-y, u2u-x, u2u-y) = (460, 460, 410, 485, 410, 485, 630, 630)
initVia2ViaMinLenNew_minimumcut met3 (d2d-x, d2d-y, d2u-x, d2u-y, u2d-x, u2d-y, u2u-x, u2u-y) = (630, 630, 655, 625, 655, 625, 680, 630)
initVia2ViaMinLenNew_minimumcut met4 (d2d-x, d2d-y, d2u-x, d2u-y, u2d-x, u2d-y, u2u-x, u2u-y) = (680, 630, 1055, 1055, 1055, 1055, 3020, 3020)
initVia2ViaMinLenNew_minimumcut met5 (d2d-x, d2d-y, d2u-x, d2u-y, u2d-x, u2d-y, u2u-x, u2u-y) = (1480, 1480, 0, 0, 0, 0, 0, 0)
initVia2ViaMinLenNew_cutSpc li1 (d2d-x, d2d-y, d2u-x, d2u-y, u2d-x, u2d-y, u2u-x, u2u-y) = (0, 0, 0, 0, 0, 0, 430, 370)
initVia2ViaMinLenNew_cutSpc met1 (d2d-x, d2d-y, d2u-x, d2u-y, u2d-x, u2d-y, u2u-x, u2u-y) = (430, 370, 445, 385, 445, 385, 460, 460)
initVia2ViaMinLenNew_cutSpc met2 (d2d-x, d2d-y, d2u-x, d2u-y, u2d-x, u2d-y, u2u-x, u2u-y) = (460, 460, 410, 485, 410, 485, 630, 630)
initVia2ViaMinLenNew_cutSpc met3 (d2d-x, d2d-y, d2u-x, d2u-y, u2d-x, u2d-y, u2u-x, u2u-y) = (630, 630, 655, 625, 655, 625, 680, 630)
initVia2ViaMinLenNew_cutSpc met4 (d2d-x, d2d-y, d2u-x, d2u-y, u2d-x, u2d-y, u2u-x, u2u-y) = (680, 630, 1055, 1055, 1055, 1055, 3020, 3020)
initVia2ViaMinLenNew_cutSpc met5 (d2d-x, d2d-y, d2u-x, d2u-y, u2d-x, u2d-y, u2u-x, u2u-y) = (1600, 1600, 0, 0, 0, 0, 0, 0)
cpu time = 00:00:00, elapsed time = 00:00:00, memory = 19.88 (MB), peak = 23.87 (MB)

start detail routing ...
start 0th optimization iteration ...
    completing 10% with 0 violations
    elapsed time = 00:00:00, memory = 50.74 (MB)
    completing 20% with 0 violations
    elapsed time = 00:00:00, memory = 50.74 (MB)
    completing 30% with 0 violations
    elapsed time = 00:00:00, memory = 47.84 (MB)
    completing 40% with 0 violations
    elapsed time = 00:00:00, memory = 27.57 (MB)
    completing 50% with 0 violations
    elapsed time = 00:00:00, memory = 27.73 (MB)
    completing 60% with 0 violations
    elapsed time = 00:00:00, memory = 44.14 (MB)
    completing 70% with 0 violations
    elapsed time = 00:00:00, memory = 56.89 (MB)
    completing 80% with 0 violations
    elapsed time = 00:00:00, memory = 56.36 (MB)
    completing 90% with 3 violations
    elapsed time = 00:00:00, memory = 38.36 (MB)
    completing 100% with 5 violations
    elapsed time = 00:00:00, memory = 32.38 (MB)
  number of violations = 11
cpu time = 00:00:01, elapsed time = 00:00:01, memory = 367.77 (MB), peak = 384.54 (MB)
total wire length = 2574 um
total wire length on LAYER li1 = 0 um
total wire length on LAYER met1 = 1340 um
total wire length on LAYER met2 = 1209 um
total wire length on LAYER met3 = 24 um
total wire length on LAYER met4 = 0 um
total wire length on LAYER met5 = 0 um
total number of vias = 690
up-via summary (total 690):

----------------------
 FR_MASTERSLICE      0
            li1    348
           met1    338
           met2      4
           met3      0
           met4      0
----------------------
                   690


start 1st optimization iteration ...
    completing 10% with 11 violations
    elapsed time = 00:00:00, memory = 386.06 (MB)
    completing 20% with 11 violations
    elapsed time = 00:00:00, memory = 390.59 (MB)
    completing 30% with 11 violations
    elapsed time = 00:00:00, memory = 382.39 (MB)
    completing 40% with 11 violations
    elapsed time = 00:00:00, memory = 388.39 (MB)
    completing 50% with 11 violations
    elapsed time = 00:00:00, memory = 391.84 (MB)
    completing 60% with 11 violations
    elapsed time = 00:00:00, memory = 383.60 (MB)
    completing 70% with 11 violations
    elapsed time = 00:00:00, memory = 394.17 (MB)
    completing 80% with 9 violations
    elapsed time = 00:00:00, memory = 390.84 (MB)
    completing 90% with 9 violations
    elapsed time = 00:00:00, memory = 390.84 (MB)
    completing 100% with 0 violations
    elapsed time = 00:00:00, memory = 383.03 (MB)
  number of violations = 0
cpu time = 00:00:01, elapsed time = 00:00:01, memory = 383.13 (MB), peak = 404.25 (MB)
total wire length = 2586 um
total wire length on LAYER li1 = 0 um
total wire length on LAYER met1 = 1347 um
total wire length on LAYER met2 = 1214 um
total wire length on LAYER met3 = 24 um
total wire length on LAYER met4 = 0 um
total wire length on LAYER met5 = 0 um
total number of vias = 689
up-via summary (total 689):

----------------------
 FR_MASTERSLICE      0
            li1    348
           met1    337
           met2      4
           met3      0
           met4      0
----------------------
                   689


start 2nd optimization iteration ...
    completing 10% with 0 violations
    elapsed time = 00:00:00, memory = 383.64 (MB)
    completing 20% with 0 violations
    elapsed time = 00:00:00, memory = 385.98 (MB)
    completing 30% with 0 violations
    elapsed time = 00:00:00, memory = 387.12 (MB)
    completing 40% with 0 violations
    elapsed time = 00:00:00, memory = 390.47 (MB)
    completing 50% with 0 violations
    elapsed time = 00:00:00, memory = 396.14 (MB)
    completing 60% with 0 violations
    elapsed time = 00:00:00, memory = 396.35 (MB)
    completing 70% with 0 violations
    elapsed time = 00:00:00, memory = 396.35 (MB)
    completing 80% with 0 violations
    elapsed time = 00:00:00, memory = 396.35 (MB)
    completing 90% with 0 violations
    elapsed time = 00:00:00, memory = 396.35 (MB)
    completing 100% with 0 violations
    elapsed time = 00:00:00, memory = 396.35 (MB)
  number of violations = 0
cpu time = 00:00:00, elapsed time = 00:00:00, memory = 396.35 (MB), peak = 404.25 (MB)
total wire length = 2586 um
total wire length on LAYER li1 = 0 um
total wire length on LAYER met1 = 1347 um
total wire length on LAYER met2 = 1214 um
total wire length on LAYER met3 = 24 um
total wire length on LAYER met4 = 0 um
total wire length on LAYER met5 = 0 um
total number of vias = 689
up-via summary (total 689):

----------------------
 FR_MASTERSLICE      0
            li1    348
           met1    337
           met2      4
           met3      0
           met4      0
----------------------
                   689


start 17th optimization iteration ...
    completing 10% with 0 violations
    elapsed time = 00:00:00, memory = 396.35 (MB)
    completing 20% with 0 violations
    elapsed time = 00:00:00, memory = 396.35 (MB)
    completing 30% with 0 violations
    elapsed time = 00:00:00, memory = 396.35 (MB)
    completing 40% with 0 violations
    elapsed time = 00:00:00, memory = 396.35 (MB)
    completing 50% with 0 violations
    elapsed time = 00:00:00, memory = 396.86 (MB)
    completing 60% with 0 violations
    elapsed time = 00:00:00, memory = 396.97 (MB)
    completing 70% with 0 violations
    elapsed time = 00:00:00, memory = 396.97 (MB)
    completing 80% with 0 violations
    elapsed time = 00:00:00, memory = 397.02 (MB)
    completing 90% with 0 violations
    elapsed time = 00:00:00, memory = 397.02 (MB)
    completing 100% with 0 violations
    elapsed time = 00:00:00, memory = 398.56 (MB)
  number of violations = 0
cpu time = 00:00:00, elapsed time = 00:00:00, memory = 398.56 (MB), peak = 404.25 (MB)
total wire length = 2586 um
total wire length on LAYER li1 = 0 um
total wire length on LAYER met1 = 1347 um
total wire length on LAYER met2 = 1214 um
total wire length on LAYER met3 = 24 um
total wire length on LAYER met4 = 0 um
total wire length on LAYER met5 = 0 um
total number of vias = 689
up-via summary (total 689):

----------------------
 FR_MASTERSLICE      0
            li1    348
           met1    337
           met2      4
           met3      0
           met4      0
----------------------
                   689


start 25th optimization iteration ...
    completing 10% with 0 violations
    elapsed time = 00:00:00, memory = 398.56 (MB)
    completing 20% with 0 violations
    elapsed time = 00:00:00, memory = 398.71 (MB)
    completing 30% with 0 violations
    elapsed time = 00:00:00, memory = 398.71 (MB)
    completing 40% with 0 violations
    elapsed time = 00:00:00, memory = 398.71 (MB)
    completing 50% with 0 violations
    elapsed time = 00:00:00, memory = 398.71 (MB)
    completing 60% with 0 violations
    elapsed time = 00:00:00, memory = 398.71 (MB)
    completing 70% with 0 violations
    elapsed time = 00:00:00, memory = 398.71 (MB)
    completing 80% with 0 violations
    elapsed time = 00:00:00, memory = 398.71 (MB)
    completing 90% with 0 violations
    elapsed time = 00:00:00, memory = 398.71 (MB)
    completing 100% with 0 violations
    elapsed time = 00:00:00, memory = 398.71 (MB)
  number of violations = 0
cpu time = 00:00:00, elapsed time = 00:00:00, memory = 398.71 (MB), peak = 404.25 (MB)
total wire length = 2586 um
total wire length on LAYER li1 = 0 um
total wire length on LAYER met1 = 1347 um
total wire length on LAYER met2 = 1214 um
total wire length on LAYER met3 = 24 um
total wire length on LAYER met4 = 0 um
total wire length on LAYER met5 = 0 um
total number of vias = 689
up-via summary (total 689):

----------------------
 FR_MASTERSLICE      0
            li1    348
           met1    337
           met2      4
           met3      0
           met4      0
----------------------
                   689


start 33rd optimization iteration ...
    completing 10% with 0 violations
    elapsed time = 00:00:00, memory = 398.71 (MB)
    completing 20% with 0 violations
    elapsed time = 00:00:00, memory = 398.71 (MB)
    completing 30% with 0 violations
    elapsed time = 00:00:00, memory = 398.71 (MB)
    completing 40% with 0 violations
    elapsed time = 00:00:00, memory = 398.71 (MB)
    completing 50% with 0 violations
    elapsed time = 00:00:00, memory = 398.71 (MB)
    completing 60% with 0 violations
    elapsed time = 00:00:00, memory = 398.71 (MB)
    completing 70% with 0 violations
    elapsed time = 00:00:00, memory = 398.71 (MB)
    completing 80% with 0 violations
    elapsed time = 00:00:00, memory = 398.71 (MB)
    completing 90% with 0 violations
    elapsed time = 00:00:00, memory = 398.71 (MB)
    completing 100% with 0 violations
    elapsed time = 00:00:00, memory = 398.71 (MB)
  number of violations = 0
cpu time = 00:00:00, elapsed time = 00:00:00, memory = 398.71 (MB), peak = 404.25 (MB)
total wire length = 2586 um
total wire length on LAYER li1 = 0 um
total wire length on LAYER met1 = 1347 um
total wire length on LAYER met2 = 1214 um
total wire length on LAYER met3 = 24 um
total wire length on LAYER met4 = 0 um
total wire length on LAYER met5 = 0 um
total number of vias = 689
up-via summary (total 689):

----------------------
 FR_MASTERSLICE      0
            li1    348
           met1    337
           met2      4
           met3      0
           met4      0
----------------------
                   689


start 41st optimization iteration ...
    completing 10% with 0 violations
    elapsed time = 00:00:00, memory = 398.71 (MB)
    completing 20% with 0 violations
    elapsed time = 00:00:00, memory = 398.71 (MB)
    completing 30% with 0 violations
    elapsed time = 00:00:00, memory = 398.71 (MB)
    completing 40% with 0 violations
    elapsed time = 00:00:00, memory = 398.71 (MB)
    completing 50% with 0 violations
    elapsed time = 00:00:00, memory = 398.71 (MB)
    completing 60% with 0 violations
    elapsed time = 00:00:00, memory = 398.71 (MB)
    completing 70% with 0 violations
    elapsed time = 00:00:00, memory = 398.71 (MB)
    completing 80% with 0 violations
    elapsed time = 00:00:00, memory = 398.71 (MB)
    completing 90% with 0 violations
    elapsed time = 00:00:00, memory = 398.71 (MB)
    completing 100% with 0 violations
    elapsed time = 00:00:00, memory = 398.71 (MB)
  number of violations = 0
cpu time = 00:00:00, elapsed time = 00:00:00, memory = 398.71 (MB), peak = 404.25 (MB)
total wire length = 2586 um
total wire length on LAYER li1 = 0 um
total wire length on LAYER met1 = 1347 um
total wire length on LAYER met2 = 1214 um
total wire length on LAYER met3 = 24 um
total wire length on LAYER met4 = 0 um
total wire length on LAYER met5 = 0 um
total number of vias = 689
up-via summary (total 689):

----------------------
 FR_MASTERSLICE      0
            li1    348
           met1    337
           met2      4
           met3      0
           met4      0
----------------------
                   689


start 49th optimization iteration ...
    completing 10% with 0 violations
    elapsed time = 00:00:00, memory = 398.71 (MB)
    completing 20% with 0 violations
    elapsed time = 00:00:00, memory = 398.71 (MB)
    completing 30% with 0 violations
    elapsed time = 00:00:00, memory = 398.71 (MB)
    completing 40% with 0 violations
    elapsed time = 00:00:00, memory = 398.71 (MB)
    completing 50% with 0 violations
    elapsed time = 00:00:00, memory = 398.71 (MB)
    completing 60% with 0 violations
    elapsed time = 00:00:00, memory = 398.71 (MB)
    completing 70% with 0 violations
    elapsed time = 00:00:00, memory = 398.71 (MB)
    completing 80% with 0 violations
    elapsed time = 00:00:00, memory = 398.71 (MB)
    completing 90% with 0 violations
    elapsed time = 00:00:00, memory = 398.71 (MB)
    completing 100% with 0 violations
    elapsed time = 00:00:00, memory = 398.71 (MB)
  number of violations = 0
cpu time = 00:00:00, elapsed time = 00:00:00, memory = 398.71 (MB), peak = 404.25 (MB)
total wire length = 2586 um
total wire length on LAYER li1 = 0 um
total wire length on LAYER met1 = 1347 um
total wire length on LAYER met2 = 1214 um
total wire length on LAYER met3 = 24 um
total wire length on LAYER met4 = 0 um
total wire length on LAYER met5 = 0 um
total number of vias = 689
up-via summary (total 689):

----------------------
 FR_MASTERSLICE      0
            li1    348
           met1    337
           met2      4
           met3      0
           met4      0
----------------------
                   689


start 57th optimization iteration ...
    completing 10% with 0 violations
    elapsed time = 00:00:00, memory = 398.71 (MB)
    completing 20% with 0 violations
    elapsed time = 00:00:00, memory = 398.71 (MB)
    completing 30% with 0 violations
    elapsed time = 00:00:00, memory = 398.71 (MB)
    completing 40% with 0 violations
    elapsed time = 00:00:00, memory = 398.71 (MB)
    completing 50% with 0 violations
    elapsed time = 00:00:00, memory = 398.71 (MB)
    completing 60% with 0 violations
    elapsed time = 00:00:00, memory = 398.71 (MB)
    completing 70% with 0 violations
    elapsed time = 00:00:00, memory = 398.71 (MB)
    completing 80% with 0 violations
    elapsed time = 00:00:00, memory = 398.71 (MB)
    completing 90% with 0 violations
    elapsed time = 00:00:00, memory = 398.71 (MB)
    completing 100% with 0 violations
    elapsed time = 00:00:00, memory = 398.71 (MB)
  number of violations = 0
cpu time = 00:00:00, elapsed time = 00:00:00, memory = 398.71 (MB), peak = 404.25 (MB)
total wire length = 2586 um
total wire length on LAYER li1 = 0 um
total wire length on LAYER met1 = 1347 um
total wire length on LAYER met2 = 1214 um
total wire length on LAYER met3 = 24 um
total wire length on LAYER met4 = 0 um
total wire length on LAYER met5 = 0 um
total number of vias = 689
up-via summary (total 689):

----------------------
 FR_MASTERSLICE      0
            li1    348
           met1    337
           met2      4
           met3      0
           met4      0
----------------------
                   689


complete detail routing
total wire length = 2586 um
total wire length on LAYER li1 = 0 um
total wire length on LAYER met1 = 1347 um
total wire length on LAYER met2 = 1214 um
total wire length on LAYER met3 = 24 um
total wire length on LAYER met4 = 0 um
total wire length on LAYER met5 = 0 um
total number of vias = 689
up-via summary (total 689):

----------------------
 FR_MASTERSLICE      0
            li1    348
           met1    337
           met2      4
           met3      0
           met4      0
----------------------
                   689

cpu time = 00:00:08, elapsed time = 00:00:03, memory = 398.71 (MB), peak = 404.25 (MB)

post processing ...

Runtime taken (hrt): 5.74048
