OpenROAD 0.9.0 1415572a73
This program is licensed under the BSD-3 license. See the LICENSE file for details.
Components of this program may be licensed under more restrictive licenses which must be honored.
Notice 0: Reading LEF file:  /openLANE_flow/designs/fsm/runs/04-05_14-41/tmp/merged_unpadded.lef
Notice 0:     Created 13 technology layers
Notice 0:     Created 25 technology vias
Notice 0:     Created 440 library cells
Notice 0: Finished LEF file:  /openLANE_flow/designs/fsm/runs/04-05_14-41/tmp/merged_unpadded.lef
Notice 0: 
Reading DEF file: /openLANE_flow/designs/fsm/runs/04-05_14-41/results/routing/fsm.def
Notice 0: Design: fsm
Notice 0:     Created 20 pins.
Notice 0:     Created 1935 components and 7559 component-terminals.
Notice 0:     Created 2 special nets and 0 connections.
Notice 0:     Created 122 nets and 349 connections.
Notice 0: Finished DEF file: /openLANE_flow/designs/fsm/runs/04-05_14-41/results/routing/fsm.def
Notice 0: Split top of 29 T shapes.
Number of pins violated: 0
Number of nets violated: 0
Total number of nets: 122
