0-prep 0h0m0s537ms
1-yosys 0h0m1s592ms
2-opensta 0h0m1s565ms
3-verilog2def_openroad 0h0m1s782ms
4-ioPlacer 0h0m1s423ms
5-tapcell 0h0m1s452ms
6-klayout_scrot 0h0m4s488ms
7-pdn 0h0m1s892ms
8-replace 0h0m0s305ms
8-resizer 0h0m2s114ms
9-write_verilog 0h0m1s502ms
10-opensta_post_resizer 0h0m1s503ms
11-opendp 0h0m1s406ms
12-klayout_scrot 0h0m4s557ms
13-resizer_timing 0h0m1s788ms
14-write_verilog 0h0m1s381ms
15-opensta_post_resizer_timing 0h0m1s496ms
16-fastroute 0h0m3s572ms
17-addspacers 0h0m1s477ms
18-write_verilog 0h0m1s457ms
19-tritonRoute 0h0m2s682ms
20-klayout_scrot 0h0m4s638ms
21-spef_extraction 0h0m0s434ms
22-opensta_spef 0h0m1s508ms
24-write_verilog 0h0m1s406ms
26-klayout_scrot 0h0m4s511ms
29-magic_gen 0h0m5s626ms
30-klayout 0h0m4s232ms
31-klayout_scrot 0h0m4s613ms
33-klayout_scrot 0h0m4s508ms
34-klayout_xor 0h0m9s953ms
35-magic_ext_spice 0h0m0s442ms
36-lvs 0h0m0s115ms
37-magic_drc 0h0m1s180ms
39-or_antenna 0h0m1s406ms
40-cvc 0h0m0s169ms