CVC: Log output to /openLANE_flow/designs/fsm/runs/04-05_14-41/results/cvc/cvc_fsm.log
CVC: Error output to /openLANE_flow/designs/fsm/runs/04-05_14-41/results/cvc/cvc_fsm.error.gz
CVC: Debug output to /openLANE_flow/designs/fsm/runs/04-05_14-41/results/cvc/cvc_fsm.debug.gz
CVC: Circuit Validation Check  Version 1.0.0
CVC: Start: Tue May  4 14:45:32 2021

Using the following parameters for CVC (Circuit Validation Check) from /openLANE_flow/scripts/cvc/sky130A/cvcrc.sky130A
CVC_TOP = 'fsm'
CVC_NETLIST = '/openLANE_flow/designs/fsm/runs/04-05_14-41/results/cvc/fsm.cdl'
CVC_MODE = 'fsm'
CVC_MODEL_FILE = '/openLANE_flow/scripts/cvc/sky130A/cvc.sky130A.models'
CVC_POWER_FILE = '/openLANE_flow/designs/fsm/runs/04-05_14-41/results/cvc/fsm.power'
CVC_FUSE_FILE = ''
CVC_REPORT_FILE = '/openLANE_flow/designs/fsm/runs/04-05_14-41/results/cvc/cvc_fsm.log'
CVC_REPORT_TITLE = 'CVC $CVC_TOP'
CVC_CIRCUIT_ERROR_LIMIT = '100'
CVC_SEARCH_LIMIT = '100'
CVC_LEAK_LIMIT = '0.0002'
CVC_SOI = 'false'
CVC_SCRC = 'false'
CVC_VTH_GATES = 'false'
CVC_MIN_VTH_GATES = 'false'
CVC_IGNORE_VTH_FLOATING = 'false'
CVC_IGNORE_NO_LEAK_FLOATING = 'false'
CVC_LEAK_OVERVOLTAGE = 'true'
CVC_LOGIC_DIODES = 'false'
CVC_ANALOG_GATES = 'true'
CVC_BACKUP_RESULTS = 'false'
CVC_MOS_DIODE_ERROR_THRESHOLD = '0'
CVC_SHORT_ERROR_THRESHOLD = '0'
CVC_BIAS_ERROR_THRESHOLD = '0'
CVC_FORWARD_ERROR_THRESHOLD = '0'
CVC_FLOATING_ERROR_THRESHOLD = '0'
CVC_GATE_ERROR_THRESHOLD = '0'
CVC_LEAK?_ERROR_THRESHOLD = '0'
CVC_EXPECTED_ERROR_THRESHOLD = '0'
CVC_OVERVOLTAGE_ERROR_THRESHOLD = '0'
CVC_PARALLEL_CIRCUIT_PORT_LIMIT = '0'
CVC_CELL_ERROR_LIMIT_FILE = ''
CVC_CELL_CHECKSUM_FILE = ''
CVC_LARGE_CIRCUIT_SIZE = '10000000'
CVC_NET_CHECK_FILE = ''
End of parameters

CVC: Reading device model settings...
CVC: Reading power settings...
CVC: Parsing netlist /openLANE_flow/designs/fsm/runs/04-05_14-41/results/cvc/fsm.cdl
Cdl fixed data size 42213
Usage CDL: Time: 0  Memory: 7576  I/O: 4272  Swap: 0
CVC: Counting and linking...
CVC: Assigning IDs ...
Usage DB: Time: 0  Memory: 7836  I/O: 4272  Swap: 0
CVC: 1936(1936) instances, 507(507) nets, 3864(3864) devices.
CVC: Setting models ...
Setting model tolerances...
CVC: Shorting switches...
	Shorted 0 short
Setting instance power...

ModelList> filename /openLANE_flow/scripts/cvc/sky130A/cvc.sky130A.models
 Model> nfet_01v8       1932 M->nmos       Parameters> Vth=0.2 Vds=1.8 Vgs=1.8 R=L/W*7000 Diodes> 4-1 4-3
 Model> pfet_01v8_hvt      1932 M->pmos       Parameters> Vth=-0.2 Vds=1.8 Vgs=1.8 R=L/W*7000 Diodes> 1-4 3-4
 Model> short              0 R->switch_on  Parameters>
ModelList> end

Power List> filename /openLANE_flow/designs/fsm/runs/04-05_14-41/results/cvc/fsm.power
 VPWR power 1.8 -> 1.8 power
 VGND power 0.0 -> 0.0 power
 clk~>std_input input std_input -> min@0.0 max@1.8 input family(std_input;)
 l_sense~>std_input input std_input -> min@0.0 max@1.8 input family(std_input;)
 m_sense~>std_input input std_input -> min@0.0 max@1.8 input family(std_input;)
 m_thresh_1~>std_input input std_input -> min@0.0 max@1.8 input family(std_input;)
 m_thresh_2~>std_input input std_input -> min@0.0 max@1.8 input family(std_input;)
 water_time_long~>std_input input std_input -> min@0.0 max@1.8 input family(std_input;)
 water_time_short~>std_input input std_input -> min@0.0 max@1.8 input family(std_input;)
l_thresh[1:0]~>std_input input std_input
 ->l_thresh[0] input std_input -> min@0.0 max@1.8 input family(std_input;)
 ->l_thresh[1] input std_input -> min@0.0 max@1.8 input family(std_input;)
> expected values
> macros
 #define std_input min@VGND max@VPWR -> min@0.0 max@1.8
Power List> end

CVC: Linking devices...
Usage EQUIV: Time: 0  Memory: 8280  I/O: 4328  Swap: 0
Power nets 21
Hash dump:parameter->resistance map
Contains 53 buckets, 28 elements
Element count 0, 28
Element count 1, 22
Element count 2, 3
Unused hash: 0.53, average depth 1.21
Hash dump:text->circuit map
Contains 337 buckets, 438 elements
Element count 0, 74
Element count 1, 131
Element count 2, 98
Element count 3, 26
Element count 4, 7
Element count 5, 1
Unused hash: 0.22, average depth 2.04
Hash dump:string->text map
Contains 3209 buckets, 3190 elements
Element count 0, 1202
Element count 1, 1155
Element count 2, 591
Element count 3, 202
Element count 4, 51
Element count 5, 6
Element count 6, 1
Element count 7, 1
Unused hash: 0.37, average depth 2.00
CVC: Shorting non conducting resistors...
CVC: Calculating resistor voltages...
Usage RES: Time: 0  Memory: 8280  I/O: 4336  Swap: 0
Power nets 21
CVC: Calculating min/max voltages...
Processing trivial nets found 176 trivial nets
CVC: Ignoring invalid calculations...
CVC:   Removed 0 calculations
Copying master nets
CVC: Ignoring non-conducting devices...
CVC:   Ignored 0 devices
Usage MIN/MAX1: Time: 0  Memory: 8280  I/O: 4336  Swap: 0
Power nets 186
! Checking forward bias diode errors: 

! Checking nmos source/drain vs bias errors: 

! Checking nmos gate vs source errors: 

! Checking pmos source/drain vs bias errors: 

! Checking pmos gate vs source errors: 

Usage ERROR: Time: 0  Memory: 8280  I/O: 4336  Swap: 0
CVC: Propagating Simulation voltages 1...
Usage SIM1: Time: 0  Memory: 8280  I/O: 4336  Swap: 0
Power nets 186
CVC: Propagating Simulation voltages 3...
Usage SIM2: Time: 0  Memory: 8280  I/O: 4336  Swap: 0
Power nets 186
Added 0 latch voltages
CVC: Calculating min/max voltages...
Processing trivial nets found 176 trivial nets
CVC: Ignoring invalid calculations...
CVC:   Removed 0 calculations
Copying master nets
CVC: Ignoring non-conducting devices...
CVC:   Ignored 0 devices
Usage MIN/MAX2: Time: 0  Memory: 8280  I/O: 4336  Swap: 0
Power nets 351
! Checking overvoltage errors

! Checking nmos possible leak errors: 

! Checking pmos possible leak errors: 

! Checking mos floating input errors:

! Checking expected values:

CVC: Error Counts
CVC: Fuse Problems:         0
CVC: Min Voltage Conflicts: 0
CVC: Max Voltage Conflicts: 0
CVC: Leaks:                 0
CVC: LDD drain->source:     0
CVC: HI-Z Inputs:           0
CVC: Forward Bias Diodes:   0
CVC: NMOS Source vs Bulk:   0
CVC: NMOS Gate vs Source:   0
CVC: NMOS Possible Leaks:   0
CVC: PMOS Source vs Bulk:   0
CVC: PMOS Gate vs Source:   0
CVC: PMOS Possible Leaks:   0
CVC: Overvoltage-VBG:       0
CVC: Overvoltage-VBS:       0
CVC: Overvoltage-VDS:       0
CVC: Overvoltage-VGS:       0
CVC: Unexpected voltage :   0
CVC: Total:                 0
Usage Total: Time: 0  Memory: 8900  I/O: 4368  Swap: 0
Virtual net update/access 4323/249502
CVC: Log output to /openLANE_flow/designs/fsm/runs/04-05_14-41/results/cvc/cvc_fsm.log
CVC: End: Tue May  4 14:45:32 2021

