0-prep 0h0m0s437ms
1-yosys 0h0m1s430ms
2-opensta 0h0m1s241ms
3-verilog2def_openroad 0h0m1s496ms
4-ioPlacer 0h0m1s168ms
5-tapcell 0h0m1s209ms
6-klayout_scrot 0h0m4s348ms
7-pdn 0h0m1s560ms
8-replace 0h0m6s132ms
8-resizer 0h0m5s369ms
9-write_verilog 0h0m1s193ms
10-opensta_post_resizer 0h0m1s241ms
11-opendp 0h0m1s189ms
12-klayout_scrot 0h0m4s365ms
13-cts 0h1m21s562ms
14-write_verilog 0h0m1s194ms
15-klayout_scrot 0h0m4s360ms
15-resizer_timing 0h0m5s112ms
16-write_verilog 0h0m1s224ms
17-opensta_post_resizer_timing 0h0m1s251ms
18-fastroute 0h0m6s386ms
19-addspacers 0h0m1s231ms
20-write_verilog 0h0m1s177ms
21-tritonRoute 0h0m4s117ms
22-klayout_scrot 0h0m4s430ms
23-spef_extraction 0h0m0s407ms
24-opensta_spef 0h0m1s254ms
26-write_verilog 0h0m1s183ms
28-klayout_scrot 0h0m4s405ms
31-magic_gen 0h0m5s499ms
32-klayout 0h0m4s106ms
33-klayout_scrot 0h0m4s624ms
35-klayout_scrot 0h0m4s377ms
36-klayout_xor 0h0m11s335ms
37-magic_ext_spice 0h0m1s28ms
38-lvs 0h0m0s130ms
39-magic_drc 0h0m1s788ms
41-or_antenna 0h0m1s223ms
42-cvc 0h0m0s161ms