
reading lef ...

units:       1000
#layers:     13
#macros:     440
#vias:       25
#viarulegen: 25

reading def ...

design:      clk_divider
die area:    ( 0 0 ) ( 137890 148610 )
trackPts:    12
defvias:     4
#components: 1553
#terminals:  12
#snets:      2
#nets:       75

reading guide ...

#guides:     372
Warning: met2 does not have viaDef align with layer direction, generating new viaDef via2_FR...
Warning: met4 does not have viaDef align with layer direction, generating new viaDef via4_FR...
done initConstraintLayerIdx
List of default vias:
  Layer mcon
    default via: L1M1_PR_MR
  Layer via
    default via: M1M2_PR
  Layer via2
    default via: via2_FR
  Layer via3
    default via: M3M4_PR_M
  Layer via4
    default via: via4_FR
Writing reference output def...

libcell analysis ...

instance analysis ...
#unique instances = 35

init region query ...
  complete FR_MASTERSLICE
  complete FR_VIA
  complete li1
  complete mcon
  complete met1
  complete via
  complete met2
  complete via2
  complete met3
  complete via3
  complete met4
  complete via4
  complete met5

FR_MASTERSLICE shape region query size = 0
FR_VIA shape region query size = 0
li1 shape region query size = 10553
mcon shape region query size = 25474
met1 shape region query size = 3677
via shape region query size = 472
met2 shape region query size = 238
via2 shape region query size = 472
met3 shape region query size = 236
via3 shape region query size = 472
met4 shape region query size = 141
via4 shape region query size = 13
met5 shape region query size = 23


start pin access
  complete 50 pins
  complete 29 unique inst patterns
  complete 74 groups
Expt1 runtime (pin-level access point gen): 0.147904
Expt2 runtime (design-level access pattern gen): 0.0221365
#scanned instances     = 1553
#unique  instances     = 35
#stdCellGenAp          = 386
#stdCellValidPlanarAp  = 0
#stdCellValidViaAp     = 241
#stdCellPinNoAp        = 0
#stdCellPinCnt         = 177
#instTermValidViaApCnt = 0
#macroGenAp            = 0
#macroValidPlanarAp    = 0
#macroValidViaAp       = 0
#macroNoAp             = 0

complete pin access
cpu time = 00:00:00, elapsed time = 00:00:00, memory = 15.80 (MB), peak = 16.36 (MB)

post process guides ...
GCELLGRID X 0 DO 21 STEP 6900 ;
GCELLGRID Y 0 DO 19 STEP 6900 ;
  complete FR_MASTERSLICE
  complete FR_VIA
  complete li1
  complete mcon
  complete met1
  complete via
  complete met2
  complete via2
  complete met3
  complete via3
  complete met4
  complete via4
  complete met5

building cmap ... 

init guide query ...
  complete FR_MASTERSLICE (guide)
  complete FR_VIA (guide)
  complete li1 (guide)
  complete mcon (guide)
  complete met1 (guide)
  complete via (guide)
  complete met2 (guide)
  complete via2 (guide)
  complete met3 (guide)
  complete via3 (guide)
  complete met4 (guide)
  complete via4 (guide)
  complete met5 (guide)

FR_MASTERSLICE guide region query size = 0
FR_VIA guide region query size = 0
li1 guide region query size = 153
mcon guide region query size = 0
met1 guide region query size = 116
via guide region query size = 0
met2 guide region query size = 54
via2 guide region query size = 0
met3 guide region query size = 0
via3 guide region query size = 0
met4 guide region query size = 0
via4 guide region query size = 0
met5 guide region query size = 0

init gr pin query ...


start track assignment
Done with 207 vertical wires in 1 frboxes and 116 horizontal wires in 1 frboxes.
Done with 42 vertical wires in 1 frboxes and 19 horizontal wires in 1 frboxes.

complete track assignment
cpu time = 00:00:00, elapsed time = 00:00:00, memory = 18.24 (MB), peak = 22.45 (MB)

post processing ...

start routing data preparation
initVia2ViaMinLen_minSpc li1 (d2d, d2u, u2d, u2u) = (0, 0, 0, 370)
initVia2ViaMinLen_minSpc met1 (d2d, d2u, u2d, u2u) = (430, 445, 445, 460)
initVia2ViaMinLen_minSpc met2 (d2d, d2u, u2d, u2u) = (460, 485, 485, 630)
initVia2ViaMinLen_minSpc met3 (d2d, d2u, u2d, u2u) = (630, 655, 655, 680)
initVia2ViaMinLen_minSpc met4 (d2d, d2u, u2d, u2u) = (630, 1055, 1055, 3020)
initVia2ViaMinLen_minSpc met5 (d2d, d2u, u2d, u2u) = (1480, 0, 0, 0)
initVia2ViaMinLen_minimumcut li1 (d2d, d2u, u2d, u2u) = (0, 0, 0, 370)
initVia2ViaMinLen_minimumcut li1 zerolen (b, b, b, b) = (1, 1, 1, 1)
initVia2ViaMinLen_minimumcut met1 (d2d, d2u, u2d, u2u) = (430, 445, 445, 460)
initVia2ViaMinLen_minimumcut met1 zerolen (b, b, b, b) = (1, 1, 1, 1)
initVia2ViaMinLen_minimumcut met2 (d2d, d2u, u2d, u2u) = (460, 485, 485, 630)
initVia2ViaMinLen_minimumcut met2 zerolen (b, b, b, b) = (1, 1, 1, 1)
initVia2ViaMinLen_minimumcut met3 (d2d, d2u, u2d, u2u) = (630, 655, 655, 680)
initVia2ViaMinLen_minimumcut met3 zerolen (b, b, b, b) = (1, 1, 1, 1)
initVia2ViaMinLen_minimumcut met4 (d2d, d2u, u2d, u2u) = (630, 1055, 1055, 3020)
initVia2ViaMinLen_minimumcut met4 zerolen (b, b, b, b) = (1, 1, 1, 1)
initVia2ViaMinLen_minimumcut met5 (d2d, d2u, u2d, u2u) = (1480, 0, 0, 0)
initVia2ViaMinLen_minimumcut met5 zerolen (b, b, b, b) = (1, 1, 1, 1)
initVia2ViaMinLenNew_minSpc li1 (d2d-x, d2d-y, d2u-x, d2u-y, u2d-x, u2d-y, u2u-x, u2u-y) = (0, 0, 0, 0, 0, 0, 430, 370)
initVia2ViaMinLenNew_minSpc met1 (d2d-x, d2d-y, d2u-x, d2u-y, u2d-x, u2d-y, u2u-x, u2u-y) = (430, 370, 445, 385, 445, 385, 460, 460)
initVia2ViaMinLenNew_minSpc met2 (d2d-x, d2d-y, d2u-x, d2u-y, u2d-x, u2d-y, u2u-x, u2u-y) = (460, 460, 410, 485, 410, 485, 630, 630)
initVia2ViaMinLenNew_minSpc met3 (d2d-x, d2d-y, d2u-x, d2u-y, u2d-x, u2d-y, u2u-x, u2u-y) = (630, 630, 655, 625, 655, 625, 680, 630)
initVia2ViaMinLenNew_minSpc met4 (d2d-x, d2d-y, d2u-x, d2u-y, u2d-x, u2d-y, u2u-x, u2u-y) = (680, 630, 1055, 1055, 1055, 1055, 3020, 3020)
initVia2ViaMinLenNew_minSpc met5 (d2d-x, d2d-y, d2u-x, d2u-y, u2d-x, u2d-y, u2u-x, u2u-y) = (1480, 1480, 0, 0, 0, 0, 0, 0)
initVia2ViaMinLenNew_minimumcut li1 (d2d-x, d2d-y, d2u-x, d2u-y, u2d-x, u2d-y, u2u-x, u2u-y) = (0, 0, 0, 0, 0, 0, 430, 370)
initVia2ViaMinLenNew_minimumcut met1 (d2d-x, d2d-y, d2u-x, d2u-y, u2d-x, u2d-y, u2u-x, u2u-y) = (430, 370, 445, 385, 445, 385, 460, 460)
initVia2ViaMinLenNew_minimumcut met2 (d2d-x, d2d-y, d2u-x, d2u-y, u2d-x, u2d-y, u2u-x, u2u-y) = (460, 460, 410, 485, 410, 485, 630, 630)
initVia2ViaMinLenNew_minimumcut met3 (d2d-x, d2d-y, d2u-x, d2u-y, u2d-x, u2d-y, u2u-x, u2u-y) = (630, 630, 655, 625, 655, 625, 680, 630)
initVia2ViaMinLenNew_minimumcut met4 (d2d-x, d2d-y, d2u-x, d2u-y, u2d-x, u2d-y, u2u-x, u2u-y) = (680, 630, 1055, 1055, 1055, 1055, 3020, 3020)
initVia2ViaMinLenNew_minimumcut met5 (d2d-x, d2d-y, d2u-x, d2u-y, u2d-x, u2d-y, u2u-x, u2u-y) = (1480, 1480, 0, 0, 0, 0, 0, 0)
initVia2ViaMinLenNew_cutSpc li1 (d2d-x, d2d-y, d2u-x, d2u-y, u2d-x, u2d-y, u2u-x, u2u-y) = (0, 0, 0, 0, 0, 0, 430, 370)
initVia2ViaMinLenNew_cutSpc met1 (d2d-x, d2d-y, d2u-x, d2u-y, u2d-x, u2d-y, u2u-x, u2u-y) = (430, 370, 445, 385, 445, 385, 460, 460)
initVia2ViaMinLenNew_cutSpc met2 (d2d-x, d2d-y, d2u-x, d2u-y, u2d-x, u2d-y, u2u-x, u2u-y) = (460, 460, 410, 485, 410, 485, 630, 630)
initVia2ViaMinLenNew_cutSpc met3 (d2d-x, d2d-y, d2u-x, d2u-y, u2d-x, u2d-y, u2u-x, u2u-y) = (630, 630, 655, 625, 655, 625, 680, 630)
initVia2ViaMinLenNew_cutSpc met4 (d2d-x, d2d-y, d2u-x, d2u-y, u2d-x, u2d-y, u2u-x, u2u-y) = (680, 630, 1055, 1055, 1055, 1055, 3020, 3020)
initVia2ViaMinLenNew_cutSpc met5 (d2d-x, d2d-y, d2u-x, d2u-y, u2d-x, u2d-y, u2u-x, u2u-y) = (1600, 1600, 0, 0, 0, 0, 0, 0)
cpu time = 00:00:00, elapsed time = 00:00:00, memory = 18.24 (MB), peak = 22.45 (MB)

start detail routing ...
start 0th optimization iteration ...
    completing 10% with 0 violations
    elapsed time = 00:00:00, memory = 41.89 (MB)
    completing 20% with 0 violations
    elapsed time = 00:00:00, memory = 37.93 (MB)
    completing 30% with 0 violations
    elapsed time = 00:00:00, memory = 38.19 (MB)
    completing 40% with 0 violations
    elapsed time = 00:00:00, memory = 37.32 (MB)
    completing 50% with 1 violations
    elapsed time = 00:00:00, memory = 38.98 (MB)
    completing 60% with 1 violations
    elapsed time = 00:00:00, memory = 39.06 (MB)
    completing 70% with 6 violations
    elapsed time = 00:00:00, memory = 41.13 (MB)
    completing 80% with 6 violations
    elapsed time = 00:00:00, memory = 43.45 (MB)
    completing 90% with 6 violations
    elapsed time = 00:00:00, memory = 41.91 (MB)
    completing 100% with 7 violations
    elapsed time = 00:00:00, memory = 41.92 (MB)
  number of violations = 7
cpu time = 00:00:01, elapsed time = 00:00:00, memory = 41.15 (MB), peak = 404.92 (MB)
total wire length = 1030 um
total wire length on LAYER li1 = 0 um
total wire length on LAYER met1 = 504 um
total wire length on LAYER met2 = 526 um
total wire length on LAYER met3 = 0 um
total wire length on LAYER met4 = 0 um
total wire length on LAYER met5 = 0 um
total number of vias = 341
up-via summary (total 341):

----------------------
 FR_MASTERSLICE      0
            li1    177
           met1    164
           met2      0
           met3      0
           met4      0
----------------------
                   341


start 1st optimization iteration ...
    completing 10% with 7 violations
    elapsed time = 00:00:00, memory = 51.97 (MB)
    completing 20% with 7 violations
    elapsed time = 00:00:00, memory = 51.97 (MB)
    completing 30% with 7 violations
    elapsed time = 00:00:00, memory = 57.23 (MB)
    completing 40% with 0 violations
    elapsed time = 00:00:00, memory = 40.84 (MB)
    completing 50% with 0 violations
    elapsed time = 00:00:00, memory = 40.84 (MB)
    completing 60% with 0 violations
    elapsed time = 00:00:00, memory = 54.50 (MB)
    completing 70% with 0 violations
    elapsed time = 00:00:00, memory = 48.57 (MB)
    completing 80% with 0 violations
    elapsed time = 00:00:00, memory = 50.29 (MB)
    completing 90% with 0 violations
    elapsed time = 00:00:00, memory = 40.93 (MB)
    completing 100% with 0 violations
    elapsed time = 00:00:00, memory = 38.07 (MB)
  number of violations = 0
cpu time = 00:00:01, elapsed time = 00:00:00, memory = 34.01 (MB), peak = 404.92 (MB)
total wire length = 1028 um
total wire length on LAYER li1 = 0 um
total wire length on LAYER met1 = 503 um
total wire length on LAYER met2 = 525 um
total wire length on LAYER met3 = 0 um
total wire length on LAYER met4 = 0 um
total wire length on LAYER met5 = 0 um
total number of vias = 342
up-via summary (total 342):

----------------------
 FR_MASTERSLICE      0
            li1    177
           met1    165
           met2      0
           met3      0
           met4      0
----------------------
                   342


start 2nd optimization iteration ...
    completing 10% with 0 violations
    elapsed time = 00:00:00, memory = 34.52 (MB)
    completing 20% with 0 violations
    elapsed time = 00:00:00, memory = 38.54 (MB)
    completing 30% with 0 violations
    elapsed time = 00:00:00, memory = 38.75 (MB)
    completing 40% with 0 violations
    elapsed time = 00:00:00, memory = 42.36 (MB)
    completing 50% with 0 violations
    elapsed time = 00:00:00, memory = 42.52 (MB)
    completing 60% with 0 violations
    elapsed time = 00:00:00, memory = 42.52 (MB)
    completing 70% with 0 violations
    elapsed time = 00:00:00, memory = 45.62 (MB)
    completing 80% with 0 violations
    elapsed time = 00:00:00, memory = 45.62 (MB)
    completing 90% with 0 violations
    elapsed time = 00:00:00, memory = 46.65 (MB)
    completing 100% with 0 violations
    elapsed time = 00:00:00, memory = 49.48 (MB)
  number of violations = 0
cpu time = 00:00:00, elapsed time = 00:00:00, memory = 49.48 (MB), peak = 404.92 (MB)
total wire length = 1028 um
total wire length on LAYER li1 = 0 um
total wire length on LAYER met1 = 503 um
total wire length on LAYER met2 = 525 um
total wire length on LAYER met3 = 0 um
total wire length on LAYER met4 = 0 um
total wire length on LAYER met5 = 0 um
total number of vias = 342
up-via summary (total 342):

----------------------
 FR_MASTERSLICE      0
            li1    177
           met1    165
           met2      0
           met3      0
           met4      0
----------------------
                   342


start 17th optimization iteration ...
    completing 10% with 0 violations
    elapsed time = 00:00:00, memory = 49.48 (MB)
    completing 20% with 0 violations
    elapsed time = 00:00:00, memory = 55.41 (MB)
    completing 30% with 0 violations
    elapsed time = 00:00:00, memory = 55.44 (MB)
    completing 40% with 0 violations
    elapsed time = 00:00:00, memory = 55.57 (MB)
    completing 50% with 0 violations
    elapsed time = 00:00:00, memory = 56.60 (MB)
    completing 60% with 0 violations
    elapsed time = 00:00:00, memory = 56.79 (MB)
    completing 70% with 0 violations
    elapsed time = 00:00:00, memory = 56.79 (MB)
    completing 80% with 0 violations
    elapsed time = 00:00:00, memory = 56.79 (MB)
    completing 90% with 0 violations
    elapsed time = 00:00:00, memory = 56.79 (MB)
    completing 100% with 0 violations
    elapsed time = 00:00:00, memory = 56.79 (MB)
  number of violations = 0
cpu time = 00:00:00, elapsed time = 00:00:00, memory = 56.79 (MB), peak = 404.92 (MB)
total wire length = 1028 um
total wire length on LAYER li1 = 0 um
total wire length on LAYER met1 = 503 um
total wire length on LAYER met2 = 525 um
total wire length on LAYER met3 = 0 um
total wire length on LAYER met4 = 0 um
total wire length on LAYER met5 = 0 um
total number of vias = 342
up-via summary (total 342):

----------------------
 FR_MASTERSLICE      0
            li1    177
           met1    165
           met2      0
           met3      0
           met4      0
----------------------
                   342


start 25th optimization iteration ...
    completing 10% with 0 violations
    elapsed time = 00:00:00, memory = 56.79 (MB)
    completing 20% with 0 violations
    elapsed time = 00:00:00, memory = 56.79 (MB)
    completing 30% with 0 violations
    elapsed time = 00:00:00, memory = 56.79 (MB)
    completing 40% with 0 violations
    elapsed time = 00:00:00, memory = 56.79 (MB)
    completing 50% with 0 violations
    elapsed time = 00:00:00, memory = 56.79 (MB)
    completing 60% with 0 violations
    elapsed time = 00:00:00, memory = 56.79 (MB)
    completing 70% with 0 violations
    elapsed time = 00:00:00, memory = 56.79 (MB)
    completing 80% with 0 violations
    elapsed time = 00:00:00, memory = 56.79 (MB)
    completing 90% with 0 violations
    elapsed time = 00:00:00, memory = 56.79 (MB)
    completing 100% with 0 violations
    elapsed time = 00:00:00, memory = 56.79 (MB)
  number of violations = 0
cpu time = 00:00:00, elapsed time = 00:00:00, memory = 56.79 (MB), peak = 404.92 (MB)
total wire length = 1028 um
total wire length on LAYER li1 = 0 um
total wire length on LAYER met1 = 503 um
total wire length on LAYER met2 = 525 um
total wire length on LAYER met3 = 0 um
total wire length on LAYER met4 = 0 um
total wire length on LAYER met5 = 0 um
total number of vias = 342
up-via summary (total 342):

----------------------
 FR_MASTERSLICE      0
            li1    177
           met1    165
           met2      0
           met3      0
           met4      0
----------------------
                   342


start 33rd optimization iteration ...
    completing 10% with 0 violations
    elapsed time = 00:00:00, memory = 56.79 (MB)
    completing 20% with 0 violations
    elapsed time = 00:00:00, memory = 56.79 (MB)
    completing 30% with 0 violations
    elapsed time = 00:00:00, memory = 56.79 (MB)
    completing 40% with 0 violations
    elapsed time = 00:00:00, memory = 56.79 (MB)
    completing 50% with 0 violations
    elapsed time = 00:00:00, memory = 56.79 (MB)
    completing 60% with 0 violations
    elapsed time = 00:00:00, memory = 56.79 (MB)
    completing 70% with 0 violations
    elapsed time = 00:00:00, memory = 56.79 (MB)
    completing 80% with 0 violations
    elapsed time = 00:00:00, memory = 56.79 (MB)
    completing 90% with 0 violations
    elapsed time = 00:00:00, memory = 56.79 (MB)
    completing 100% with 0 violations
    elapsed time = 00:00:00, memory = 45.36 (MB)
  number of violations = 0
cpu time = 00:00:00, elapsed time = 00:00:00, memory = 45.36 (MB), peak = 404.92 (MB)
total wire length = 1028 um
total wire length on LAYER li1 = 0 um
total wire length on LAYER met1 = 503 um
total wire length on LAYER met2 = 525 um
total wire length on LAYER met3 = 0 um
total wire length on LAYER met4 = 0 um
total wire length on LAYER met5 = 0 um
total number of vias = 342
up-via summary (total 342):

----------------------
 FR_MASTERSLICE      0
            li1    177
           met1    165
           met2      0
           met3      0
           met4      0
----------------------
                   342


start 41st optimization iteration ...
    completing 10% with 0 violations
    elapsed time = 00:00:00, memory = 45.36 (MB)
    completing 20% with 0 violations
    elapsed time = 00:00:00, memory = 46.90 (MB)
    completing 30% with 0 violations
    elapsed time = 00:00:00, memory = 46.90 (MB)
    completing 40% with 0 violations
    elapsed time = 00:00:00, memory = 46.90 (MB)
    completing 50% with 0 violations
    elapsed time = 00:00:00, memory = 46.90 (MB)
    completing 60% with 0 violations
    elapsed time = 00:00:00, memory = 46.98 (MB)
    completing 70% with 0 violations
    elapsed time = 00:00:00, memory = 46.98 (MB)
    completing 80% with 0 violations
    elapsed time = 00:00:00, memory = 47.23 (MB)
    completing 90% with 0 violations
    elapsed time = 00:00:00, memory = 47.23 (MB)
    completing 100% with 0 violations
    elapsed time = 00:00:00, memory = 47.23 (MB)
  number of violations = 0
cpu time = 00:00:00, elapsed time = 00:00:00, memory = 47.39 (MB), peak = 404.92 (MB)
total wire length = 1028 um
total wire length on LAYER li1 = 0 um
total wire length on LAYER met1 = 503 um
total wire length on LAYER met2 = 525 um
total wire length on LAYER met3 = 0 um
total wire length on LAYER met4 = 0 um
total wire length on LAYER met5 = 0 um
total number of vias = 342
up-via summary (total 342):

----------------------
 FR_MASTERSLICE      0
            li1    177
           met1    165
           met2      0
           met3      0
           met4      0
----------------------
                   342


start 49th optimization iteration ...
    completing 10% with 0 violations
    elapsed time = 00:00:00, memory = 47.39 (MB)
    completing 20% with 0 violations
    elapsed time = 00:00:00, memory = 47.39 (MB)
    completing 30% with 0 violations
    elapsed time = 00:00:00, memory = 47.39 (MB)
    completing 40% with 0 violations
    elapsed time = 00:00:00, memory = 47.39 (MB)
    completing 50% with 0 violations
    elapsed time = 00:00:00, memory = 47.39 (MB)
    completing 60% with 0 violations
    elapsed time = 00:00:00, memory = 47.39 (MB)
    completing 70% with 0 violations
    elapsed time = 00:00:00, memory = 47.39 (MB)
    completing 80% with 0 violations
    elapsed time = 00:00:00, memory = 47.39 (MB)
    completing 90% with 0 violations
    elapsed time = 00:00:00, memory = 47.39 (MB)
    completing 100% with 0 violations
    elapsed time = 00:00:00, memory = 47.39 (MB)
  number of violations = 0
cpu time = 00:00:00, elapsed time = 00:00:00, memory = 47.39 (MB), peak = 404.92 (MB)
total wire length = 1028 um
total wire length on LAYER li1 = 0 um
total wire length on LAYER met1 = 503 um
total wire length on LAYER met2 = 525 um
total wire length on LAYER met3 = 0 um
total wire length on LAYER met4 = 0 um
total wire length on LAYER met5 = 0 um
total number of vias = 342
up-via summary (total 342):

----------------------
 FR_MASTERSLICE      0
            li1    177
           met1    165
           met2      0
           met3      0
           met4      0
----------------------
                   342


start 57th optimization iteration ...
    completing 10% with 0 violations
    elapsed time = 00:00:00, memory = 47.39 (MB)
    completing 20% with 0 violations
    elapsed time = 00:00:00, memory = 47.39 (MB)
    completing 30% with 0 violations
    elapsed time = 00:00:00, memory = 47.39 (MB)
    completing 40% with 0 violations
    elapsed time = 00:00:00, memory = 47.39 (MB)
    completing 50% with 0 violations
    elapsed time = 00:00:00, memory = 47.39 (MB)
    completing 60% with 0 violations
    elapsed time = 00:00:00, memory = 47.39 (MB)
    completing 70% with 0 violations
    elapsed time = 00:00:00, memory = 47.39 (MB)
    completing 80% with 0 violations
    elapsed time = 00:00:00, memory = 47.39 (MB)
    completing 90% with 0 violations
    elapsed time = 00:00:00, memory = 47.39 (MB)
    completing 100% with 0 violations
    elapsed time = 00:00:00, memory = 47.39 (MB)
  number of violations = 0
cpu time = 00:00:00, elapsed time = 00:00:00, memory = 47.39 (MB), peak = 404.92 (MB)
total wire length = 1028 um
total wire length on LAYER li1 = 0 um
total wire length on LAYER met1 = 503 um
total wire length on LAYER met2 = 525 um
total wire length on LAYER met3 = 0 um
total wire length on LAYER met4 = 0 um
total wire length on LAYER met5 = 0 um
total number of vias = 342
up-via summary (total 342):

----------------------
 FR_MASTERSLICE      0
            li1    177
           met1    165
           met2      0
           met3      0
           met4      0
----------------------
                   342


complete detail routing
total wire length = 1028 um
total wire length on LAYER li1 = 0 um
total wire length on LAYER met1 = 503 um
total wire length on LAYER met2 = 525 um
total wire length on LAYER met3 = 0 um
total wire length on LAYER met4 = 0 um
total wire length on LAYER met5 = 0 um
total number of vias = 342
up-via summary (total 342):

----------------------
 FR_MASTERSLICE      0
            li1    177
           met1    165
           met2      0
           met3      0
           met4      0
----------------------
                   342

cpu time = 00:00:06, elapsed time = 00:00:02, memory = 47.39 (MB), peak = 404.92 (MB)

post processing ...

Runtime taken (hrt): 4.03254
