OpenROAD 0.9.0 1415572a73
This program is licensed under the BSD-3 license. See the LICENSE file for details.
Components of this program may be licensed under more restrictive licenses which must be honored.
Notice 0: Reading LEF file:  /openLANE_flow/designs/fsm/runs/04-05_14-38/tmp/merged_unpadded.lef
Notice 0:     Created 13 technology layers
Notice 0:     Created 25 technology vias
Notice 0:     Created 440 library cells
Notice 0: Finished LEF file:  /openLANE_flow/designs/fsm/runs/04-05_14-38/tmp/merged_unpadded.lef
Notice 0: 
Reading DEF file: /openLANE_flow/designs/fsm/runs/04-05_14-38/tmp/placement/8-resizer.def
Notice 0: Design: fsm
Notice 0:     Created 12 pins.
Notice 0:     Created 169 components and 965 component-terminals.
Notice 0:     Created 2 special nets and 0 connections.
Notice 0:     Created 119 nets and 343 connections.
Notice 0: Finished DEF file: /openLANE_flow/designs/fsm/runs/04-05_14-38/tmp/placement/8-resizer.def
Design Stats
--------------------------------
total instances           169
multi row instances         0
fixed instances            59
nets                      121
design area            1901.8 u^2
fixed area              153.9 u^2
movable area            902.1 u^2
utilization                52 %
utilization padded         83 %
rows                       16
row height                2.7 u

[WARNING DPL-0019] detailed placement failed on _121_
[WARNING DPL-0019] detailed placement failed on _152_
[WARNING DPL-0019] detailed placement failed on _163_
Placement Analysis
--------------------------------
total displacement      279.1 u
average displacement      1.7 u
max displacement         39.9 u
original HPWL          2567.6 u
legalized HPWL         2814.9 u
delta HPWL                 10 %

[INFO DPL-0020] Mirrored 59 instances
[INFO DPL-0021] HPWL before            2814.9 u
[INFO DPL-0022] HPWL after             2721.6 u
[INFO DPL-0023] HPWL delta               -3.3 %
[WARNING DPL-0005] Overlap check failed (17).
 _121_ overlaps _112_
 _152_ overlaps _141_
 _160_ overlaps _108_
 _163_ overlaps _122_
 _165_ overlaps _162_
 _167_ overlaps _131_
 _171_ overlaps _107_
 _173_ overlaps _142_
 _174_ overlaps _127_
 _175_ overlaps _084_
 _176_ overlaps _129_
 _179_ overlaps _097_
 _180_ overlaps _113_
 _181_ overlaps _119_
 _182_ overlaps _083_
 input5 overlaps _180_
 input6 overlaps _176_
