Startpoint: _143_ (rising edge-triggered flip-flop clocked by clk)
Endpoint: _143_ (rising edge-triggered flip-flop clocked by clk)
Path Group: clk
Path Type: min

Fanout     Cap    Slew   Delay    Time   Description
-----------------------------------------------------------------------------
                  0.00    0.00    0.00   clock clk (rise edge)
                          0.00    0.00   clock network delay (ideal)
                  0.00    0.00    0.00 ^ _143_/CLK (sky130_fd_sc_hd__dfxtp_1)
                  0.05    0.20    0.20 v _143_/Q (sky130_fd_sc_hd__dfxtp_1)
     5    0.01                           counter[0] (net)
                  0.05    0.00    0.20 v _125_/A (sky130_fd_sc_hd__nor2_1)
                  0.04    0.06    0.26 ^ _125_/Y (sky130_fd_sc_hd__nor2_1)
     1    0.00                           _001_ (net)
                  0.04    0.00    0.26 ^ _143_/D (sky130_fd_sc_hd__dfxtp_1)
                                  0.26   data arrival time

                  0.00    0.00    0.00   clock clk (rise edge)
                          0.00    0.00   clock network delay (ideal)
                          0.00    0.00   clock reconvergence pessimism
                                  0.00 ^ _143_/CLK (sky130_fd_sc_hd__dfxtp_1)
                         -0.02   -0.02   library hold time
                                 -0.02   data required time
-----------------------------------------------------------------------------
                                 -0.02   data required time
                                 -0.26   data arrival time
-----------------------------------------------------------------------------
                                  0.28   slack (MET)


Startpoint: _142_ (rising edge-triggered flip-flop clocked by clk)
Endpoint: clock_out (output port clocked by clk)
Path Group: clk
Path Type: max

Fanout     Cap    Slew   Delay    Time   Description
-----------------------------------------------------------------------------
                  0.00    0.00    0.00   clock clk (rise edge)
                          0.00    0.00   clock network delay (ideal)
                  0.00    0.00    0.00 ^ _142_/CLK (sky130_fd_sc_hd__dfxtp_1)
                  0.06    0.58    0.58 ^ _142_/Q (sky130_fd_sc_hd__dfxtp_1)
     1    0.00                           net1 (net)
                  0.06    0.00    0.58 ^ output1/A (sky130_fd_sc_hd__clkbuf_2)
                  0.16    0.26    0.84 ^ output1/X (sky130_fd_sc_hd__clkbuf_2)
     1    0.02                           clock_out (net)
                  0.16    0.00    0.84 ^ clock_out (out)
                                  0.84   data arrival time

                  0.00   50.00   50.00   clock clk (rise edge)
                          0.00   50.00   clock network delay (ideal)
                          0.00   50.00   clock reconvergence pessimism
                        -10.00   40.00   output external delay
                                 40.00   data required time
-----------------------------------------------------------------------------
                                 40.00   data required time
                                 -0.84   data arrival time
-----------------------------------------------------------------------------
                                 39.16   slack (MET)


