Startpoint: _152_ (rising edge-triggered flip-flop clocked by clk)
Endpoint: _152_ (rising edge-triggered flip-flop clocked by clk)
Path Group: clk
Path Type: min

Fanout     Cap    Slew   Delay    Time   Description
-----------------------------------------------------------------------------
                  0.00    0.00    0.00   clock clk (rise edge)
                          0.00    0.00   clock network delay (ideal)
                  0.00    0.00    0.00 ^ _152_/CLK (sky130_fd_sc_hd__dfxtp_1)
                  0.03    0.18    0.18 v _152_/Q (sky130_fd_sc_hd__dfxtp_1)
     1    0.01                           counter[9] (net)
                  0.03    0.00    0.18 v _075_/A (sky130_fd_sc_hd__inv_2)
                  0.02    0.03    0.21 ^ _075_/Y (sky130_fd_sc_hd__inv_2)
     4    0.00                           _045_ (net)
                  0.02    0.00    0.21 ^ _110_/A1 (sky130_fd_sc_hd__a211oi_2)
                  0.02    0.02    0.23 v _110_/Y (sky130_fd_sc_hd__a211oi_2)
     1    0.00                           _010_ (net)
                  0.02    0.00    0.23 v _152_/D (sky130_fd_sc_hd__dfxtp_1)
                                  0.23   data arrival time

                  0.00    0.00    0.00   clock clk (rise edge)
                          0.00    0.00   clock network delay (ideal)
                          0.00    0.00   clock reconvergence pessimism
                                  0.00 ^ _152_/CLK (sky130_fd_sc_hd__dfxtp_1)
                         -0.04   -0.04   library hold time
                                 -0.04   data required time
-----------------------------------------------------------------------------
                                 -0.04   data required time
                                 -0.23   data arrival time
-----------------------------------------------------------------------------
                                  0.27   slack (MET)


Startpoint: _142_ (rising edge-triggered flip-flop clocked by clk)
Endpoint: clock_out (output port clocked by clk)
Path Group: clk
Path Type: max

Fanout     Cap    Slew   Delay    Time   Description
-----------------------------------------------------------------------------
                  0.00    0.00    0.00   clock clk (rise edge)
                          0.00    0.00   clock network delay (ideal)
                  0.00    0.00    0.00 ^ _142_/CLK (sky130_fd_sc_hd__dfxtp_1)
                  0.23    0.71    0.71 ^ _142_/Q (sky130_fd_sc_hd__dfxtp_1)
     1    0.01                           net1 (net)
                  0.23    0.00    0.71 ^ output1/A (sky130_fd_sc_hd__clkbuf_2)
                  0.04    0.22    0.94 ^ output1/X (sky130_fd_sc_hd__clkbuf_2)
     1    0.02                           clock_out (net)
                  0.04    0.00    0.94 ^ clock_out (out)
                                  0.94   data arrival time

                  0.00   50.00   50.00   clock clk (rise edge)
                          0.00   50.00   clock network delay (ideal)
                          0.00   50.00   clock reconvergence pessimism
                        -10.00   40.00   output external delay
                                 40.00   data required time
-----------------------------------------------------------------------------
                                 40.00   data required time
                                 -0.94   data arrival time
-----------------------------------------------------------------------------
                                 39.06   slack (MET)


