OpenROAD 0.9.0 1415572a73
This program is licensed under the BSD-3 license. See the LICENSE file for details.
Components of this program may be licensed under more restrictive licenses which must be honored.
Notice 0: Reading LEF file:  /openLANE_flow/designs/clk_divider/runs/10-05_03-03/tmp/merged_unpadded.lef
Notice 0:     Created 13 technology layers
Notice 0:     Created 25 technology vias
Notice 0:     Created 440 library cells
Notice 0: Finished LEF file:  /openLANE_flow/designs/clk_divider/runs/10-05_03-03/tmp/merged_unpadded.lef
Notice 0: 
Reading DEF file: /openLANE_flow/designs/clk_divider/runs/10-05_03-03/tmp/placement/8-resizer.def
Notice 0: Design: clk_divider
Notice 0:     Created 4 pins.
Notice 0:     Created 375 components and 1258 component-terminals.
Notice 0:     Created 2 special nets and 0 connections.
Notice 0:     Created 68 nets and 163 connections.
Notice 0: Finished DEF file: /openLANE_flow/designs/clk_divider/runs/10-05_03-03/tmp/placement/8-resizer.def
Design Stats
--------------------------------
total instances           375
multi row instances         0
fixed instances           308
nets                       70
design area           15827.7 u^2
fixed area              615.6 u^2
movable area            793.3 u^2
utilization                 5 %
utilization padded          7 %
rows                       46
row height                2.7 u

Placement Analysis
--------------------------------
total displacement        0.0 u
average displacement      0.0 u
max displacement          0.0 u
original HPWL           816.4 u
legalized HPWL          859.3 u
delta HPWL                  5 %

[INFO DPL-0020] Mirrored 15 instances
[INFO DPL-0021] HPWL before             859.3 u
[INFO DPL-0022] HPWL after              816.4 u
[INFO DPL-0023] HPWL delta               -5.0 %
