Startpoint: _23_ (rising edge-triggered flip-flop clocked by clk)
Endpoint: _23_ (rising edge-triggered flip-flop clocked by clk)
Path Group: clk
Path Type: min

Fanout     Cap    Slew   Delay    Time   Description
-----------------------------------------------------------------------------
                  0.00    0.00    0.00   clock clk (rise edge)
                          0.00    0.00   clock network delay (ideal)
                  0.00    0.00    0.00 ^ _23_/CLK (sky130_fd_sc_hd__dfxtp_2)
                  0.06    0.21    0.21 ^ _23_/Q (sky130_fd_sc_hd__dfxtp_2)
     5    0.02                           state[1] (net)
                  0.06    0.00    0.21 ^ _19_/A (sky130_fd_sc_hd__or3_2)
                  0.02    0.07    0.28 ^ _19_/X (sky130_fd_sc_hd__or3_2)
     1    0.00                           _01_ (net)
                  0.02    0.00    0.28 ^ _23_/D (sky130_fd_sc_hd__dfxtp_2)
                                  0.28   data arrival time

                  0.00    0.00    0.00   clock clk (rise edge)
                          0.00    0.00   clock network delay (ideal)
                          0.00    0.00   clock reconvergence pessimism
                                  0.00 ^ _23_/CLK (sky130_fd_sc_hd__dfxtp_2)
                         -0.02   -0.02   library hold time
                                 -0.02   data required time
-----------------------------------------------------------------------------
                                 -0.02   data required time
                                 -0.28   data arrival time
-----------------------------------------------------------------------------
                                  0.30   slack (MET)


Startpoint: l_thresh[1] (input port clocked by clk)
Endpoint: _23_ (rising edge-triggered flip-flop clocked by clk)
Path Group: clk
Path Type: max

Fanout     Cap    Slew   Delay    Time   Description
-----------------------------------------------------------------------------
                  0.00    0.00    0.00   clock clk (rise edge)
                          0.00    0.00   clock network delay (ideal)
                          2.00    2.00 v input external delay
                  0.01    0.00    2.00 v l_thresh[1] (in)
     1    0.00                           l_thresh[1] (net)
                  0.01    0.00    2.00 v _13_/C (sky130_fd_sc_hd__or4b_2)
                  0.22    1.44    3.44 v _13_/X (sky130_fd_sc_hd__or4b_2)
     2    0.00                           _05_ (net)
                  0.22    0.00    3.44 v _14_/B_N (sky130_fd_sc_hd__or2b_2)
                  0.08    0.39    3.84 ^ _14_/X (sky130_fd_sc_hd__or2b_2)
     2    0.01                           _06_ (net)
                  0.08    0.00    3.84 ^ _15_/A (sky130_fd_sc_hd__inv_2)
                  0.04    0.07    3.91 v _15_/Y (sky130_fd_sc_hd__inv_2)
     2    0.01                           _07_ (net)
                  0.04    0.00    3.91 v _16_/C1 (sky130_fd_sc_hd__o211a_2)
                  0.08    0.20    4.10 v _16_/X (sky130_fd_sc_hd__o211a_2)
     2    0.00                           _08_ (net)
                  0.08    0.00    4.10 v _19_/B (sky130_fd_sc_hd__or3_2)
                  0.15    1.02    5.12 v _19_/X (sky130_fd_sc_hd__or3_2)
     1    0.00                           _01_ (net)
                  0.15    0.00    5.12 v _23_/D (sky130_fd_sc_hd__dfxtp_2)
                                  5.12   data arrival time

                  0.00   10.00   10.00   clock clk (rise edge)
                          0.00   10.00   clock network delay (ideal)
                          0.00   10.00   clock reconvergence pessimism
                                 10.00 ^ _23_/CLK (sky130_fd_sc_hd__dfxtp_2)
                         -0.33    9.67   library setup time
                                  9.67   data required time
-----------------------------------------------------------------------------
                                  9.67   data required time
                                 -5.12   data arrival time
-----------------------------------------------------------------------------
                                  4.55   slack (MET)


