Startpoint: _23_ (rising edge-triggered flip-flop clocked by clk)
Endpoint: _23_ (rising edge-triggered flip-flop clocked by clk)
Path Group: clk
Path Type: min

Fanout     Cap    Slew   Delay    Time   Description
-----------------------------------------------------------------------------
                  0.00    0.00    0.00   clock clk (rise edge)
                          0.00    0.00   clock network delay (ideal)
                  0.00    0.00    0.00 ^ _23_/CLK (sky130_fd_sc_hd__dfxtp_2)
                  0.02    0.17    0.17 ^ _23_/Q (sky130_fd_sc_hd__dfxtp_2)
     5    0.00                           state[1] (net)
                  0.02    0.00    0.17 ^ _19_/A (sky130_fd_sc_hd__or3_1)
                  0.03    0.06    0.23 ^ _19_/X (sky130_fd_sc_hd__or3_1)
     1    0.00                           _01_ (net)
                  0.03    0.00    0.23 ^ _23_/D (sky130_fd_sc_hd__dfxtp_2)
                                  0.23   data arrival time

                  0.00    0.00    0.00   clock clk (rise edge)
                          0.00    0.00   clock network delay (ideal)
                          0.00    0.00   clock reconvergence pessimism
                                  0.00 ^ _23_/CLK (sky130_fd_sc_hd__dfxtp_2)
                         -0.02   -0.02   library hold time
                                 -0.02   data required time
-----------------------------------------------------------------------------
                                 -0.02   data required time
                                 -0.23   data arrival time
-----------------------------------------------------------------------------
                                  0.25   slack (MET)


Startpoint: l_thresh[1] (input port clocked by clk)
Endpoint: _23_ (rising edge-triggered flip-flop clocked by clk)
Path Group: clk
Path Type: max

Fanout     Cap    Slew   Delay    Time   Description
-----------------------------------------------------------------------------
                  0.00    0.00    0.00   clock clk (rise edge)
                          0.00    0.00   clock network delay (ideal)
                          2.00    2.00 v input external delay
                  0.01    0.00    2.00 v l_thresh[1] (in)
     1    0.00                           l_thresh[1] (net)
                  0.01    0.00    2.00 v input3/A (sky130_fd_sc_hd__clkbuf_1)
                  0.06    0.14    2.15 v input3/X (sky130_fd_sc_hd__clkbuf_1)
     1    0.00                           net3 (net)
                  0.06    0.00    2.15 v _13_/C (sky130_fd_sc_hd__or4b_4)
                  0.15    0.94    3.09 v _13_/X (sky130_fd_sc_hd__or4b_4)
     2    0.00                           _05_ (net)
                  0.15    0.00    3.09 v _14_/B_N (sky130_fd_sc_hd__or2b_1)
                  0.15    0.38    3.47 ^ _14_/X (sky130_fd_sc_hd__or2b_1)
     2    0.01                           _06_ (net)
                  0.15    0.00    3.47 ^ _15_/A (sky130_fd_sc_hd__inv_2)
                  0.04    0.08    3.54 v _15_/Y (sky130_fd_sc_hd__inv_2)
     2    0.00                           _07_ (net)
                  0.04    0.00    3.54 v _16_/C1 (sky130_fd_sc_hd__o211a_1)
                  0.10    0.22    3.76 v _16_/X (sky130_fd_sc_hd__o211a_1)
     2    0.01                           _08_ (net)
                  0.10    0.00    3.76 v _19_/B (sky130_fd_sc_hd__or3_1)
                  0.14    0.82    4.57 v _19_/X (sky130_fd_sc_hd__or3_1)
     1    0.00                           _01_ (net)
                  0.14    0.00    4.57 v _23_/D (sky130_fd_sc_hd__dfxtp_2)
                                  4.57   data arrival time

                  0.00   10.00   10.00   clock clk (rise edge)
                          0.00   10.00   clock network delay (ideal)
                          0.00   10.00   clock reconvergence pessimism
                                 10.00 ^ _23_/CLK (sky130_fd_sc_hd__dfxtp_2)
                         -0.32    9.68   library setup time
                                  9.68   data required time
-----------------------------------------------------------------------------
                                  9.68   data required time
                                 -4.57   data arrival time
-----------------------------------------------------------------------------
                                  5.10   slack (MET)


