Mon May 10 02:59:15 UTC 2021 - Executing "python3 /openLANE_flow/scripts/extract_metal_layers.py -t /home/vscheyer/pdks/openlane/pdks/sky130A/libs.ref/sky130_fd_sc_hd/techlef/sky130_fd_sc_hd.tlef -o /openLANE_flow/designs/clk_divider/runs/10-05_02-59/tmp/met_layers_list.txt"

Mon May 10 02:59:15 UTC 2021 - Executing "/openLANE_flow/scripts/mergeLef.py -i /home/vscheyer/pdks/openlane/pdks/sky130A/libs.ref/sky130_fd_sc_hd/techlef/sky130_fd_sc_hd.tlef {/home/vscheyer/pdks/openlane/pdks/sky130A/libs.ref/sky130_fd_sc_hd/lef/sky130_ef_sc_hd__fill_12.lef /home/vscheyer/pdks/openlane/pdks/sky130A/libs.ref/sky130_fd_sc_hd/lef/sky130_fd_sc_hd.lef /home/vscheyer/pdks/openlane/pdks/sky130A/libs.ref/sky130_fd_sc_hd/lef/sky130_ef_sc_hd__fakediode_2.lef /home/vscheyer/pdks/openlane/pdks/sky130A/libs.ref/sky130_fd_sc_hd/lef/sky130_ef_sc_hd__decap_12.lef} -o /openLANE_flow/designs/clk_divider/runs/10-05_02-59/tmp/merged_unpadded.lef |& tee >&@stdout"

Mon May 10 02:59:15 UTC 2021 - Executing "/openLANE_flow/scripts/libtrim.pl /home/vscheyer/pdks/openlane/pdks/sky130A/libs.ref/sky130_fd_sc_hd/lib/sky130_fd_sc_hd__tt_025C_1v80.lib /openLANE_flow/designs/clk_divider/runs/10-05_02-59/tmp/trimmed.lib.exclude.list > /openLANE_flow/designs/clk_divider/runs/10-05_02-59/tmp/trimmed.lib"

Mon May 10 02:59:15 UTC 2021 - Executing "echo {openlane v0.12} > /openLANE_flow/designs/clk_divider/runs/10-05_02-59/OPENLANE_VERSION"

Mon May 10 02:59:15 UTC 2021 - Executing "sed -E {s/^([[:space:]]+)pg_pin(.*)/\1pin\2\n\1    direction : "inout";/g} /home/vscheyer/pdks/openlane/pdks/sky130A/libs.ref/sky130_fd_sc_hd/lib/sky130_fd_sc_hd__tt_025C_1v80.lib > /openLANE_flow/designs/clk_divider/runs/10-05_02-59/tmp/sky130_fd_sc_hd__tt_025C_1v80.no_pg.lib"

Mon May 10 02:59:15 UTC 2021 - Executing "yosys -c /openLANE_flow/scripts/synth.tcl -l /openLANE_flow/designs/clk_divider/runs/10-05_02-59/logs/synthesis/1-yosys.log |& tee >&@stdout"

Mon May 10 02:59:16 UTC 2021 - Executing "sed -i -e {s/\(set ::env(CURRENT_NETLIST)\).*/\1 \/openLANE_flow\/designs\/clk_divider\/runs\/10-05_02-59\/results\/synthesis\/clk_divider.synthesis.v/} /openLANE_flow/designs/clk_divider/runs/10-05_02-59/config.tcl"

Mon May 10 02:59:16 UTC 2021 - Executing "sed -i -e {s/\(set ::env(PREV_NETLIST)\).*/\1 0/} /openLANE_flow/designs/clk_divider/runs/10-05_02-59/config.tcl"

Mon May 10 02:59:16 UTC 2021 - Executing "sed -i /defparam/d /openLANE_flow/designs/clk_divider/runs/10-05_02-59/results/synthesis/clk_divider.synthesis.v"

Mon May 10 02:59:16 UTC 2021 - Executing "sta /openLANE_flow/scripts/sta.tcl |& tee >&@stdout /openLANE_flow/designs/clk_divider/runs/10-05_02-59/logs/synthesis/2-opensta"

Mon May 10 02:59:18 UTC 2021 - Executing "openroad -exit /openLANE_flow/scripts/openroad/or_floorplan.tcl |& tee >&@stdout /openLANE_flow/designs/clk_divider/runs/10-05_02-59/logs/floorplan/3-verilog2def.openroad.log"

Mon May 10 02:59:19 UTC 2021 - Executing "openroad -exit /openLANE_flow/scripts/openroad/or_ioplacer.tcl |& tee >&@stdout /openLANE_flow/designs/clk_divider/runs/10-05_02-59/logs/floorplan/4-ioPlacer.log"

Mon May 10 02:59:20 UTC 2021 - Executing "openroad -exit /openLANE_flow/scripts/openroad/or_tapcell.tcl |& tee >&@stdout /openLANE_flow/designs/clk_divider/runs/10-05_02-59/logs/floorplan/5-tapcell.log"

Mon May 10 02:59:22 UTC 2021 - Executing "bash /openLANE_flow/scripts/klayout/scrotLayout.sh /home/vscheyer/pdks/openlane/pdks/sky130A/libs.tech/klayout/sky130A.lyt /openLANE_flow/designs/clk_divider/runs/10-05_02-59/results/floorplan/clk_divider.floorplan.def |& tee >&@stdout /openLANE_flow/designs/clk_divider/runs/10-05_02-59/logs/klayout/6-klayout.scrot.log"

Mon May 10 02:59:26 UTC 2021 - Executing "openroad -exit /openLANE_flow/scripts/openroad/or_pdn.tcl |& tee >&@stdout /openLANE_flow/designs/clk_divider/runs/10-05_02-59/logs/floorplan/7-pdn.log"

Mon May 10 02:59:28 UTC 2021 - Executing "openroad -exit /openLANE_flow/scripts/openroad/or_replace.tcl |& tee >&@stdout /openLANE_flow/designs/clk_divider/runs/10-05_02-59/logs/placement/8-replace.log"

Mon May 10 02:59:34 UTC 2021 - Executing "openroad -exit /openLANE_flow/scripts/openroad/or_resizer.tcl |& tee >&@stdout /openLANE_flow/designs/clk_divider/runs/10-05_02-59/logs/placement/8-resizer.log"

Mon May 10 02:59:39 UTC 2021 - Executing "openroad -exit /openLANE_flow/scripts/openroad/or_write_verilog.tcl |& tee >&@stdout /openLANE_flow/designs/clk_divider/runs/10-05_02-59/logs/9-write_verilog.log"

Mon May 10 02:59:40 UTC 2021 - Executing "sed -i -e {s/\(set ::env(CURRENT_NETLIST)\).*/\1 \/openLANE_flow\/designs\/clk_divider\/runs\/10-05_02-59\/results\/synthesis\/clk_divider.synthesis_optimized.v/} /openLANE_flow/designs/clk_divider/runs/10-05_02-59/config.tcl"

Mon May 10 02:59:40 UTC 2021 - Executing "sed -i -e {s/\(set ::env(PREV_NETLIST)\).*/\1 \/openLANE_flow\/designs\/clk_divider\/runs\/10-05_02-59\/results\/synthesis\/clk_divider.synthesis.v/} /openLANE_flow/designs/clk_divider/runs/10-05_02-59/config.tcl"

Mon May 10 02:59:40 UTC 2021 - Executing "sta /openLANE_flow/scripts/sta.tcl |& tee >&@stdout /openLANE_flow/designs/clk_divider/runs/10-05_02-59/logs/synthesis/10-opensta_post_resizer"

Mon May 10 02:59:42 UTC 2021 - Executing "openroad -exit /openLANE_flow/scripts/openroad/or_opendp.tcl |& tee >&@stdout /openLANE_flow/designs/clk_divider/runs/10-05_02-59/logs/placement/11-opendp.log"

Mon May 10 02:59:43 UTC 2021 - Executing "bash /openLANE_flow/scripts/klayout/scrotLayout.sh /home/vscheyer/pdks/openlane/pdks/sky130A/libs.tech/klayout/sky130A.lyt /openLANE_flow/designs/clk_divider/runs/10-05_02-59/results/placement/clk_divider.placement.def |& tee >&@stdout /openLANE_flow/designs/clk_divider/runs/10-05_02-59/logs/klayout/12-klayout.scrot.log"

Mon May 10 02:59:47 UTC 2021 - Executing "openroad -exit /openLANE_flow/scripts/openroad/or_cts.tcl |& tee >&@stdout /openLANE_flow/designs/clk_divider/runs/10-05_02-59/logs/cts/13-cts.log"

Mon May 10 02:59:52 UTC 2021 - Executing "python3 /openLANE_flow/report_generation_wrapper.py -d /openLANE_flow/designs/clk_divider -dn clk_divider -t 10-05_02-59 -o /openLANE_flow/designs/clk_divider/runs/10-05_02-59/reports/final_summary_report.csv -m /openLANE_flow/designs/clk_divider/runs/10-05_02-59/reports/manufacturability_report.rpt -rs /openLANE_flow/designs/clk_divider/runs/10-05_02-59/reports/runtime_summary_report.rpt -r /openLANE_flow/designs/clk_divider/runs/10-05_02-59"

