Startpoint: _167_ (rising edge-triggered flip-flop clocked by clk)
Endpoint: _167_ (rising edge-triggered flip-flop clocked by clk)
Path Group: clk
Path Type: min

Fanout     Cap    Slew   Delay    Time   Description
-----------------------------------------------------------------------------
                  0.00    0.00    0.00   clock clk (rise edge)
                          0.00    0.00   clock network delay (ideal)
                  0.00    0.00    0.00 ^ _167_/CLK (sky130_fd_sc_hd__dfxtp_1)
                  0.04    0.18    0.18 ^ _167_/Q (sky130_fd_sc_hd__dfxtp_1)
     2    0.00                           water_time[2] (net)
                  0.04    0.00    0.18 ^ _134_/A (sky130_fd_sc_hd__and2_1)
                  0.02    0.05    0.24 ^ _134_/X (sky130_fd_sc_hd__and2_1)
     2    0.00                           _018_ (net)
                  0.02    0.00    0.24 ^ _167_/D (sky130_fd_sc_hd__dfxtp_1)
                                  0.24   data arrival time

                  0.00    0.00    0.00   clock clk (rise edge)
                          0.00    0.00   clock network delay (ideal)
                          0.00    0.00   clock reconvergence pessimism
                                  0.00 ^ _167_/CLK (sky130_fd_sc_hd__dfxtp_1)
                         -0.02   -0.02   library hold time
                                 -0.02   data required time
-----------------------------------------------------------------------------
                                 -0.02   data required time
                                 -0.24   data arrival time
-----------------------------------------------------------------------------
                                  0.25   slack (MET)


Startpoint: l_thresh[1] (input port clocked by clk)
Endpoint: _181_ (rising edge-triggered flip-flop clocked by clk)
Path Group: clk
Path Type: max

Fanout     Cap    Slew   Delay    Time   Description
-----------------------------------------------------------------------------
                  0.00    0.00    0.00   clock clk (rise edge)
                          0.00    0.00   clock network delay (ideal)
                         10.00   10.00 ^ input external delay
                  0.02    0.00   10.00 ^ l_thresh[1] (in)
     1    0.00                           l_thresh[1] (net)
                  0.02    0.00   10.00 ^ input3/A (sky130_fd_sc_hd__buf_1)
                  0.18    0.21   10.21 ^ input3/X (sky130_fd_sc_hd__buf_1)
     1    0.01                           net3 (net)
                  0.18    0.00   10.21 ^ _084_/A (sky130_fd_sc_hd__inv_2)
                  0.05    0.11   10.32 v _084_/Y (sky130_fd_sc_hd__inv_2)
     1    0.01                           _042_ (net)
                  0.05    0.00   10.32 v _085_/A2 (sky130_fd_sc_hd__a31o_1)
                  0.10    0.40   10.72 v _085_/X (sky130_fd_sc_hd__a31o_1)
     2    0.01                           _043_ (net)
                  0.10    0.00   10.72 v _086_/C1 (sky130_fd_sc_hd__o211a_1)
                  0.13    0.27   10.99 v _086_/X (sky130_fd_sc_hd__o211a_1)
     2    0.01                           _007_ (net)
                  0.13    0.00   10.99 v _089_/A (sky130_fd_sc_hd__or2_2)
                  0.15    0.74   11.74 v _089_/X (sky130_fd_sc_hd__or2_2)
     4    0.01                           _045_ (net)
                  0.15    0.00   11.74 v _099_/A (sky130_fd_sc_hd__inv_2)
                  0.08    0.13   11.87 ^ _099_/Y (sky130_fd_sc_hd__inv_2)
     4    0.01                           _055_ (net)
                  0.08    0.00   11.87 ^ _100_/C1 (sky130_fd_sc_hd__o211a_1)
                  0.16    0.35   12.22 ^ _100_/X (sky130_fd_sc_hd__o211a_1)
     3    0.01                           _012_ (net)
                  0.16    0.00   12.22 ^ _123_/S (sky130_fd_sc_hd__mux2_1)
                  0.10    0.71   12.93 v _123_/X (sky130_fd_sc_hd__mux2_1)
     1    0.00                           _075_ (net)
                  0.10    0.00   12.93 v _124_/B (sky130_fd_sc_hd__or3b_2)
                  0.16    1.02   13.95 v _124_/X (sky130_fd_sc_hd__or3b_2)
     1    0.00                           _076_ (net)
                  0.16    0.00   13.95 v _146_/B (sky130_fd_sc_hd__or3_1)
                  0.14    0.82   14.78 v _146_/X (sky130_fd_sc_hd__or3_1)
     1    0.00                           _038_ (net)
                  0.14    0.00   14.78 v _148_/A3 (sky130_fd_sc_hd__a31o_1)
                  0.06    0.41   15.18 v _148_/X (sky130_fd_sc_hd__a31o_1)
     1    0.00                           _024_ (net)
                  0.06    0.00   15.18 v _181_/D (sky130_fd_sc_hd__dfxtp_1)
                                 15.18   data arrival time

                  0.00   50.00   50.00   clock clk (rise edge)
                          0.00   50.00   clock network delay (ideal)
                          0.00   50.00   clock reconvergence pessimism
                                 50.00 ^ _181_/CLK (sky130_fd_sc_hd__dfxtp_1)
                         -0.28   49.72   library setup time
                                 49.72   data required time
-----------------------------------------------------------------------------
                                 49.72   data required time
                                -15.18   data arrival time
-----------------------------------------------------------------------------
                                 34.54   slack (MET)


