Tue May 04 14:38:11 UTC 2021 - Executing "python3 /openLANE_flow/scripts/extract_metal_layers.py -t /home/vscheyer/pdks/openlane/pdks/sky130A/libs.ref/sky130_fd_sc_hd/techlef/sky130_fd_sc_hd.tlef -o /openLANE_flow/designs/fsm/runs/04-05_14-38/tmp/met_layers_list.txt"

Tue May 04 14:38:11 UTC 2021 - Executing "/openLANE_flow/scripts/mergeLef.py -i /home/vscheyer/pdks/openlane/pdks/sky130A/libs.ref/sky130_fd_sc_hd/techlef/sky130_fd_sc_hd.tlef {/home/vscheyer/pdks/openlane/pdks/sky130A/libs.ref/sky130_fd_sc_hd/lef/sky130_ef_sc_hd__fill_12.lef /home/vscheyer/pdks/openlane/pdks/sky130A/libs.ref/sky130_fd_sc_hd/lef/sky130_fd_sc_hd.lef /home/vscheyer/pdks/openlane/pdks/sky130A/libs.ref/sky130_fd_sc_hd/lef/sky130_ef_sc_hd__fakediode_2.lef /home/vscheyer/pdks/openlane/pdks/sky130A/libs.ref/sky130_fd_sc_hd/lef/sky130_ef_sc_hd__decap_12.lef} -o /openLANE_flow/designs/fsm/runs/04-05_14-38/tmp/merged_unpadded.lef |& tee >&@stdout"

Tue May 04 14:38:11 UTC 2021 - Executing "/openLANE_flow/scripts/libtrim.pl /home/vscheyer/pdks/openlane/pdks/sky130A/libs.ref/sky130_fd_sc_hd/lib/sky130_fd_sc_hd__tt_025C_1v80.lib /openLANE_flow/designs/fsm/runs/04-05_14-38/tmp/trimmed.lib.exclude.list > /openLANE_flow/designs/fsm/runs/04-05_14-38/tmp/trimmed.lib"

Tue May 04 14:38:11 UTC 2021 - Executing "echo {openlane v0.12} > /openLANE_flow/designs/fsm/runs/04-05_14-38/OPENLANE_VERSION"

Tue May 04 14:38:11 UTC 2021 - Executing "sed -E {s/^([[:space:]]+)pg_pin(.*)/\1pin\2\n\1    direction : "inout";/g} /home/vscheyer/pdks/openlane/pdks/sky130A/libs.ref/sky130_fd_sc_hd/lib/sky130_fd_sc_hd__tt_025C_1v80.lib > /openLANE_flow/designs/fsm/runs/04-05_14-38/tmp/sky130_fd_sc_hd__tt_025C_1v80.no_pg.lib"

Tue May 04 14:38:11 UTC 2021 - Executing "yosys -c /openLANE_flow/scripts/synth.tcl -l /openLANE_flow/designs/fsm/runs/04-05_14-38/logs/synthesis/1-yosys.log |& tee >&@stdout"

Tue May 04 14:38:13 UTC 2021 - Executing "sed -i -e {s/\(set ::env(CURRENT_NETLIST)\).*/\1 \/openLANE_flow\/designs\/fsm\/runs\/04-05_14-38\/results\/synthesis\/fsm.synthesis.v/} /openLANE_flow/designs/fsm/runs/04-05_14-38/config.tcl"

Tue May 04 14:38:13 UTC 2021 - Executing "sed -i -e {s/\(set ::env(PREV_NETLIST)\).*/\1 0/} /openLANE_flow/designs/fsm/runs/04-05_14-38/config.tcl"

Tue May 04 14:38:13 UTC 2021 - Executing "sed -i /defparam/d /openLANE_flow/designs/fsm/runs/04-05_14-38/results/synthesis/fsm.synthesis.v"

Tue May 04 14:38:13 UTC 2021 - Executing "sta /openLANE_flow/scripts/sta.tcl |& tee >&@stdout /openLANE_flow/designs/fsm/runs/04-05_14-38/logs/synthesis/2-opensta"

Tue May 04 14:38:15 UTC 2021 - Executing "openroad -exit /openLANE_flow/scripts/openroad/or_floorplan.tcl |& tee >&@stdout /openLANE_flow/designs/fsm/runs/04-05_14-38/logs/floorplan/3-verilog2def.openroad.log"

Tue May 04 14:38:16 UTC 2021 - Executing "openroad -exit /openLANE_flow/scripts/openroad/or_ioplacer.tcl |& tee >&@stdout /openLANE_flow/designs/fsm/runs/04-05_14-38/logs/floorplan/4-ioPlacer.log"

Tue May 04 14:38:18 UTC 2021 - Executing "openroad -exit /openLANE_flow/scripts/openroad/or_tapcell.tcl |& tee >&@stdout /openLANE_flow/designs/fsm/runs/04-05_14-38/logs/floorplan/5-tapcell.log"

Tue May 04 14:38:19 UTC 2021 - Executing "bash /openLANE_flow/scripts/klayout/scrotLayout.sh /home/vscheyer/pdks/openlane/pdks/sky130A/libs.tech/klayout/sky130A.lyt /openLANE_flow/designs/fsm/runs/04-05_14-38/results/floorplan/fsm.floorplan.def |& tee >&@stdout /openLANE_flow/designs/fsm/runs/04-05_14-38/logs/klayout/6-klayout.scrot.log"

Tue May 04 14:38:24 UTC 2021 - Executing "openroad -exit /openLANE_flow/scripts/openroad/or_pdn.tcl |& tee >&@stdout /openLANE_flow/designs/fsm/runs/04-05_14-38/logs/floorplan/7-pdn.log"

Tue May 04 14:38:26 UTC 2021 - Executing "openroad -exit /openLANE_flow/scripts/openroad/or_replace.tcl |& tee >&@stdout /openLANE_flow/designs/fsm/runs/04-05_14-38/logs/placement/8-replace.log"

Tue May 04 14:38:28 UTC 2021 - Executing "openroad -exit /openLANE_flow/scripts/openroad/or_resizer.tcl |& tee >&@stdout /openLANE_flow/designs/fsm/runs/04-05_14-38/logs/placement/8-resizer.log"

Tue May 04 14:38:31 UTC 2021 - Executing "openroad -exit /openLANE_flow/scripts/openroad/or_write_verilog.tcl |& tee >&@stdout /openLANE_flow/designs/fsm/runs/04-05_14-38/logs/9-write_verilog.log"

Tue May 04 14:38:32 UTC 2021 - Executing "sed -i -e {s/\(set ::env(CURRENT_NETLIST)\).*/\1 \/openLANE_flow\/designs\/fsm\/runs\/04-05_14-38\/results\/synthesis\/fsm.synthesis_optimized.v/} /openLANE_flow/designs/fsm/runs/04-05_14-38/config.tcl"

Tue May 04 14:38:32 UTC 2021 - Executing "sed -i -e {s/\(set ::env(PREV_NETLIST)\).*/\1 \/openLANE_flow\/designs\/fsm\/runs\/04-05_14-38\/results\/synthesis\/fsm.synthesis.v/} /openLANE_flow/designs/fsm/runs/04-05_14-38/config.tcl"

Tue May 04 14:38:32 UTC 2021 - Executing "sta /openLANE_flow/scripts/sta.tcl |& tee >&@stdout /openLANE_flow/designs/fsm/runs/04-05_14-38/logs/synthesis/10-opensta_post_resizer"

Tue May 04 14:38:33 UTC 2021 - Executing "openroad -exit /openLANE_flow/scripts/openroad/or_opendp.tcl |& tee >&@stdout /openLANE_flow/designs/fsm/runs/04-05_14-38/logs/placement/11-opendp.log"

Tue May 04 14:38:35 UTC 2021 - Executing "python3 /openLANE_flow/report_generation_wrapper.py -d /openLANE_flow/designs/fsm -dn fsm -t 04-05_14-38 -o /openLANE_flow/designs/fsm/runs/04-05_14-38/reports/final_summary_report.csv -m /openLANE_flow/designs/fsm/runs/04-05_14-38/reports/manufacturability_report.rpt -rs /openLANE_flow/designs/fsm/runs/04-05_14-38/reports/runtime_summary_report.rpt -r /openLANE_flow/designs/fsm/runs/04-05_14-38"

Tue May 04 14:38:54 UTC 2021 - Executing "echo {openlane v0.12} > /openLANE_flow/designs/fsm/runs/04-05_14-38/OPENLANE_VERSION"

Tue May 04 14:38:54 UTC 2021 - Executing "sed -i -e {s/\(set ::env(CURRENT_NETLIST)\).*/\1 \/openLANE_flow\/designs\/fsm\/runs\/04-05_14-38\/results\/synthesis\/fsm.synthesis.v/} /openLANE_flow/designs/fsm/runs/04-05_14-38/config.tcl"

Tue May 04 14:38:54 UTC 2021 - Executing "sed -i -e {s/\(set ::env(PREV_NETLIST)\).*/\1 \/openLANE_flow\/designs\/fsm\/runs\/04-05_14-38\/results\/synthesis\/fsm.synthesis_optimized.v/} /openLANE_flow/designs/fsm/runs/04-05_14-38/config.tcl"

Tue May 04 14:38:54 UTC 2021 - Executing "sta /openLANE_flow/scripts/sta.tcl |& tee >&@stdout /openLANE_flow/designs/fsm/runs/04-05_14-38/logs/synthesis/12-opensta"

Tue May 04 14:38:55 UTC 2021 - Executing "openroad -exit /openLANE_flow/scripts/openroad/or_floorplan.tcl |& tee >&@stdout /openLANE_flow/designs/fsm/runs/04-05_14-38/logs/floorplan/13-verilog2def.openroad.log"

Tue May 04 14:38:57 UTC 2021 - Executing "openroad -exit /openLANE_flow/scripts/openroad/or_ioplacer.tcl |& tee >&@stdout /openLANE_flow/designs/fsm/runs/04-05_14-38/logs/floorplan/14-ioPlacer.log"

Tue May 04 14:38:58 UTC 2021 - Executing "openroad -exit /openLANE_flow/scripts/openroad/or_tapcell.tcl |& tee >&@stdout /openLANE_flow/designs/fsm/runs/04-05_14-38/logs/floorplan/15-tapcell.log"

Tue May 04 14:39:00 UTC 2021 - Executing "bash /openLANE_flow/scripts/klayout/scrotLayout.sh /home/vscheyer/pdks/openlane/pdks/sky130A/libs.tech/klayout/sky130A.lyt /openLANE_flow/designs/fsm/runs/04-05_14-38/results/floorplan/fsm.floorplan.def |& tee >&@stdout /openLANE_flow/designs/fsm/runs/04-05_14-38/logs/klayout/16-klayout.scrot.log"

Tue May 04 14:39:04 UTC 2021 - Executing "openroad -exit /openLANE_flow/scripts/openroad/or_pdn.tcl |& tee >&@stdout /openLANE_flow/designs/fsm/runs/04-05_14-38/logs/floorplan/17-pdn.log"

Tue May 04 14:39:06 UTC 2021 - Executing "openroad -exit /openLANE_flow/scripts/openroad/or_replace.tcl |& tee >&@stdout /openLANE_flow/designs/fsm/runs/04-05_14-38/logs/placement/18-replace.log"

Tue May 04 14:39:10 UTC 2021 - Executing "openroad -exit /openLANE_flow/scripts/openroad/or_resizer.tcl |& tee >&@stdout /openLANE_flow/designs/fsm/runs/04-05_14-38/logs/placement/18-resizer.log"

Tue May 04 14:39:12 UTC 2021 - Executing "openroad -exit /openLANE_flow/scripts/openroad/or_write_verilog.tcl |& tee >&@stdout /openLANE_flow/designs/fsm/runs/04-05_14-38/logs/19-write_verilog.log"

Tue May 04 14:39:13 UTC 2021 - Executing "sed -i -e {s/\(set ::env(CURRENT_NETLIST)\).*/\1 \/openLANE_flow\/designs\/fsm\/runs\/04-05_14-38\/results\/synthesis\/fsm.synthesis_optimized.v/} /openLANE_flow/designs/fsm/runs/04-05_14-38/config.tcl"

Tue May 04 14:39:13 UTC 2021 - Executing "sed -i -e {s/\(set ::env(PREV_NETLIST)\).*/\1 \/openLANE_flow\/designs\/fsm\/runs\/04-05_14-38\/results\/synthesis\/fsm.synthesis.v/} /openLANE_flow/designs/fsm/runs/04-05_14-38/config.tcl"

Tue May 04 14:39:13 UTC 2021 - Executing "sta /openLANE_flow/scripts/sta.tcl |& tee >&@stdout /openLANE_flow/designs/fsm/runs/04-05_14-38/logs/synthesis/20-opensta_post_resizer"

Tue May 04 14:39:15 UTC 2021 - Executing "openroad -exit /openLANE_flow/scripts/openroad/or_opendp.tcl |& tee >&@stdout /openLANE_flow/designs/fsm/runs/04-05_14-38/logs/placement/21-opendp.log"

Tue May 04 14:39:17 UTC 2021 - Executing "python3 /openLANE_flow/report_generation_wrapper.py -d /openLANE_flow/designs/fsm -dn fsm -t 04-05_14-38 -o /openLANE_flow/designs/fsm/runs/04-05_14-38/reports/final_summary_report.csv -m /openLANE_flow/designs/fsm/runs/04-05_14-38/reports/manufacturability_report.rpt -rs /openLANE_flow/designs/fsm/runs/04-05_14-38/reports/runtime_summary_report.rpt -r /openLANE_flow/designs/fsm/runs/04-05_14-38"

