OpenROAD 0.9.0 1415572a73
This program is licensed under the BSD-3 license. See the LICENSE file for details.
Components of this program may be licensed under more restrictive licenses which must be honored.
Notice 0: Reading LEF file:  /openLANE_flow/designs/fsm/runs/04-05_14-39/tmp/merged_unpadded.lef
Notice 0:     Created 13 technology layers
Notice 0:     Created 25 technology vias
Notice 0:     Created 440 library cells
Notice 0: Finished LEF file:  /openLANE_flow/designs/fsm/runs/04-05_14-39/tmp/merged_unpadded.lef
Notice 0: 
Reading DEF file: /openLANE_flow/designs/fsm/runs/04-05_14-39/tmp/floorplan/7-pdn.def
Notice 0: Design: fsm
Notice 0:     Created 12 pins.
Notice 0:     Created 160 components and 911 component-terminals.
Notice 0:     Created 2 special nets and 0 connections.
Notice 0:     Created 110 nets and 325 connections.
Notice 0: Finished DEF file: /openLANE_flow/designs/fsm/runs/04-05_14-39/tmp/floorplan/7-pdn.def
[INFO GPL-0002] DBU: 1000
[INFO GPL-0003] SiteSize: 460 2720
[INFO GPL-0004] CoreAreaLxLy: 5520 10880
[INFO GPL-0005] CoreAreaUxUy: 49220 54400
[INFO GPL-0006] NumInstances: 160
[INFO GPL-0007] NumPlaceInstances: 101
[INFO GPL-0008] NumFixedInstances: 59
[INFO GPL-0009] NumDummyInstances: 0
[INFO GPL-0010] NumNets: 110
[INFO GPL-0011] NumPins: 335
[INFO GPL-0012] DieAreaLxLy: 0 0
[INFO GPL-0013] DieAreaUxUy: 55020 65740
[INFO GPL-0014] CoreAreaLxLy: 5520 10880
[INFO GPL-0015] CoreAreaUxUy: 49220 54400
[INFO GPL-0016] CoreArea: 1901824000
[INFO GPL-0017] NonPlaceInstsArea: 153897600
[INFO GPL-0018] PlaceInstsArea: 967177600
[INFO GPL-0019] Util(%): 55.33
[INFO GPL-0020] StdInstsArea: 967177600
[INFO GPL-0021] MacroInstsArea: 0
Begin InitialPlace
[InitialPlace]  Iter: 1 CG Error: 0.00000008 HPWL: 1324610
[InitialPlace]  Iter: 2 CG Error: 0.00000008 HPWL: 1276626
[InitialPlace]  Iter: 3 CG Error: 0.00000010 HPWL: 1281068
[InitialPlace]  Iter: 4 CG Error: 0.00000011 HPWL: 1282154
[InitialPlace]  Iter: 5 CG Error: 0.00000009 HPWL: 1285529
End InitialPlace
[ERROR GPL-0302] Filler area is negative!!
       Please put higher target density or 
       Re-floorplan to have enough coreArea

Error: or_replace.tcl, 94 GPL-0302
