Tue May 04 14:41:49 UTC 2021 - Executing "python3 /openLANE_flow/scripts/extract_metal_layers.py -t /home/vscheyer/pdks/openlane/pdks/sky130A/libs.ref/sky130_fd_sc_hd/techlef/sky130_fd_sc_hd.tlef -o /openLANE_flow/designs/fsm/runs/04-05_14-41/tmp/met_layers_list.txt"

Tue May 04 14:41:49 UTC 2021 - Executing "/openLANE_flow/scripts/mergeLef.py -i /home/vscheyer/pdks/openlane/pdks/sky130A/libs.ref/sky130_fd_sc_hd/techlef/sky130_fd_sc_hd.tlef {/home/vscheyer/pdks/openlane/pdks/sky130A/libs.ref/sky130_fd_sc_hd/lef/sky130_ef_sc_hd__fill_12.lef /home/vscheyer/pdks/openlane/pdks/sky130A/libs.ref/sky130_fd_sc_hd/lef/sky130_fd_sc_hd.lef /home/vscheyer/pdks/openlane/pdks/sky130A/libs.ref/sky130_fd_sc_hd/lef/sky130_ef_sc_hd__fakediode_2.lef /home/vscheyer/pdks/openlane/pdks/sky130A/libs.ref/sky130_fd_sc_hd/lef/sky130_ef_sc_hd__decap_12.lef} -o /openLANE_flow/designs/fsm/runs/04-05_14-41/tmp/merged_unpadded.lef |& tee >&@stdout"

Tue May 04 14:41:50 UTC 2021 - Executing "/openLANE_flow/scripts/libtrim.pl /home/vscheyer/pdks/openlane/pdks/sky130A/libs.ref/sky130_fd_sc_hd/lib/sky130_fd_sc_hd__tt_025C_1v80.lib /openLANE_flow/designs/fsm/runs/04-05_14-41/tmp/trimmed.lib.exclude.list > /openLANE_flow/designs/fsm/runs/04-05_14-41/tmp/trimmed.lib"

Tue May 04 14:41:50 UTC 2021 - Executing "echo {openlane v0.12} > /openLANE_flow/designs/fsm/runs/04-05_14-41/OPENLANE_VERSION"

Tue May 04 14:41:50 UTC 2021 - Executing "sed -E {s/^([[:space:]]+)pg_pin(.*)/\1pin\2\n\1    direction : "inout";/g} /home/vscheyer/pdks/openlane/pdks/sky130A/libs.ref/sky130_fd_sc_hd/lib/sky130_fd_sc_hd__tt_025C_1v80.lib > /openLANE_flow/designs/fsm/runs/04-05_14-41/tmp/sky130_fd_sc_hd__tt_025C_1v80.no_pg.lib"

Tue May 04 14:41:50 UTC 2021 - Executing "yosys -c /openLANE_flow/scripts/synth.tcl -l /openLANE_flow/designs/fsm/runs/04-05_14-41/logs/synthesis/1-yosys.log |& tee >&@stdout"

Tue May 04 14:41:52 UTC 2021 - Executing "sed -i -e {s/\(set ::env(CURRENT_NETLIST)\).*/\1 \/openLANE_flow\/designs\/fsm\/runs\/04-05_14-41\/results\/synthesis\/fsm.synthesis.v/} /openLANE_flow/designs/fsm/runs/04-05_14-41/config.tcl"

Tue May 04 14:41:52 UTC 2021 - Executing "sed -i -e {s/\(set ::env(PREV_NETLIST)\).*/\1 0/} /openLANE_flow/designs/fsm/runs/04-05_14-41/config.tcl"

Tue May 04 14:41:52 UTC 2021 - Executing "sed -i /defparam/d /openLANE_flow/designs/fsm/runs/04-05_14-41/results/synthesis/fsm.synthesis.v"

Tue May 04 14:41:52 UTC 2021 - Executing "sta /openLANE_flow/scripts/sta.tcl |& tee >&@stdout /openLANE_flow/designs/fsm/runs/04-05_14-41/logs/synthesis/2-opensta"

Tue May 04 14:41:53 UTC 2021 - Executing "openroad -exit /openLANE_flow/scripts/openroad/or_floorplan.tcl |& tee >&@stdout /openLANE_flow/designs/fsm/runs/04-05_14-41/logs/floorplan/3-verilog2def.openroad.log"

Tue May 04 14:41:55 UTC 2021 - Executing "openroad -exit /openLANE_flow/scripts/openroad/or_ioplacer.tcl |& tee >&@stdout /openLANE_flow/designs/fsm/runs/04-05_14-41/logs/floorplan/4-ioPlacer.log"

Tue May 04 14:41:56 UTC 2021 - Executing "openroad -exit /openLANE_flow/scripts/openroad/or_tapcell.tcl |& tee >&@stdout /openLANE_flow/designs/fsm/runs/04-05_14-41/logs/floorplan/5-tapcell.log"

Tue May 04 14:41:58 UTC 2021 - Executing "bash /openLANE_flow/scripts/klayout/scrotLayout.sh /home/vscheyer/pdks/openlane/pdks/sky130A/libs.tech/klayout/sky130A.lyt /openLANE_flow/designs/fsm/runs/04-05_14-41/results/floorplan/fsm.floorplan.def |& tee >&@stdout /openLANE_flow/designs/fsm/runs/04-05_14-41/logs/klayout/6-klayout.scrot.log"

Tue May 04 14:42:02 UTC 2021 - Executing "openroad -exit /openLANE_flow/scripts/openroad/or_pdn.tcl |& tee >&@stdout /openLANE_flow/designs/fsm/runs/04-05_14-41/logs/floorplan/7-pdn.log"

Tue May 04 14:42:04 UTC 2021 - Executing "openroad -exit /openLANE_flow/scripts/openroad/or_replace.tcl |& tee >&@stdout /openLANE_flow/designs/fsm/runs/04-05_14-41/logs/placement/8-replace.log"

Tue May 04 14:42:11 UTC 2021 - Executing "openroad -exit /openLANE_flow/scripts/openroad/or_resizer.tcl |& tee >&@stdout /openLANE_flow/designs/fsm/runs/04-05_14-41/logs/placement/8-resizer.log"

Tue May 04 14:42:17 UTC 2021 - Executing "openroad -exit /openLANE_flow/scripts/openroad/or_write_verilog.tcl |& tee >&@stdout /openLANE_flow/designs/fsm/runs/04-05_14-41/logs/9-write_verilog.log"

Tue May 04 14:42:19 UTC 2021 - Executing "sed -i -e {s/\(set ::env(CURRENT_NETLIST)\).*/\1 \/openLANE_flow\/designs\/fsm\/runs\/04-05_14-41\/results\/synthesis\/fsm.synthesis_optimized.v/} /openLANE_flow/designs/fsm/runs/04-05_14-41/config.tcl"

Tue May 04 14:42:19 UTC 2021 - Executing "sed -i -e {s/\(set ::env(PREV_NETLIST)\).*/\1 \/openLANE_flow\/designs\/fsm\/runs\/04-05_14-41\/results\/synthesis\/fsm.synthesis.v/} /openLANE_flow/designs/fsm/runs/04-05_14-41/config.tcl"

Tue May 04 14:42:19 UTC 2021 - Executing "sta /openLANE_flow/scripts/sta.tcl |& tee >&@stdout /openLANE_flow/designs/fsm/runs/04-05_14-41/logs/synthesis/10-opensta_post_resizer"

Tue May 04 14:42:20 UTC 2021 - Executing "openroad -exit /openLANE_flow/scripts/openroad/or_opendp.tcl |& tee >&@stdout /openLANE_flow/designs/fsm/runs/04-05_14-41/logs/placement/11-opendp.log"

Tue May 04 14:42:22 UTC 2021 - Executing "bash /openLANE_flow/scripts/klayout/scrotLayout.sh /home/vscheyer/pdks/openlane/pdks/sky130A/libs.tech/klayout/sky130A.lyt /openLANE_flow/designs/fsm/runs/04-05_14-41/results/placement/fsm.placement.def |& tee >&@stdout /openLANE_flow/designs/fsm/runs/04-05_14-41/logs/klayout/12-klayout.scrot.log"

Tue May 04 14:42:26 UTC 2021 - Executing "openroad -exit /openLANE_flow/scripts/openroad/or_cts.tcl |& tee >&@stdout /openLANE_flow/designs/fsm/runs/04-05_14-41/logs/cts/13-cts.log"

Tue May 04 14:44:09 UTC 2021 - Executing "openroad -exit /openLANE_flow/scripts/openroad/or_write_verilog.tcl |& tee >&@stdout /openLANE_flow/designs/fsm/runs/04-05_14-41/logs/14-write_verilog.log"

Tue May 04 14:44:11 UTC 2021 - Executing "sed -i -e {s/\(set ::env(CURRENT_NETLIST)\).*/\1 \/openLANE_flow\/designs\/fsm\/runs\/04-05_14-41\/results\/synthesis\/fsm.synthesis_cts.v/} /openLANE_flow/designs/fsm/runs/04-05_14-41/config.tcl"

Tue May 04 14:44:11 UTC 2021 - Executing "sed -i -e {s/\(set ::env(PREV_NETLIST)\).*/\1 \/openLANE_flow\/designs\/fsm\/runs\/04-05_14-41\/results\/synthesis\/fsm.synthesis_optimized.v/} /openLANE_flow/designs/fsm/runs/04-05_14-41/config.tcl"

Tue May 04 14:44:11 UTC 2021 - Executing "bash /openLANE_flow/scripts/klayout/scrotLayout.sh /home/vscheyer/pdks/openlane/pdks/sky130A/libs.tech/klayout/sky130A.lyt /openLANE_flow/designs/fsm/runs/04-05_14-41/results/cts/fsm.cts.def |& tee >&@stdout /openLANE_flow/designs/fsm/runs/04-05_14-41/logs/klayout/15-klayout.scrot.log"

Tue May 04 14:44:16 UTC 2021 - Executing "openroad -exit /openLANE_flow/scripts/openroad/or_resizer_timing.tcl |& tee >&@stdout /openLANE_flow/designs/fsm/runs/04-05_14-41/logs/placement/15-resizer_timing.log"

Tue May 04 14:44:22 UTC 2021 - Executing "openroad -exit /openLANE_flow/scripts/openroad/or_write_verilog.tcl |& tee >&@stdout /openLANE_flow/designs/fsm/runs/04-05_14-41/logs/16-write_verilog.log"

Tue May 04 14:44:24 UTC 2021 - Executing "sed -i -e {s/\(set ::env(CURRENT_NETLIST)\).*/\1 \/openLANE_flow\/designs\/fsm\/runs\/04-05_14-41\/results\/synthesis\/fsm.synthesis_optimized.v/} /openLANE_flow/designs/fsm/runs/04-05_14-41/config.tcl"

Tue May 04 14:44:24 UTC 2021 - Executing "sed -i -e {s/\(set ::env(PREV_NETLIST)\).*/\1 \/openLANE_flow\/designs\/fsm\/runs\/04-05_14-41\/results\/synthesis\/fsm.synthesis_cts.v/} /openLANE_flow/designs/fsm/runs/04-05_14-41/config.tcl"

Tue May 04 14:44:24 UTC 2021 - Executing "sta /openLANE_flow/scripts/sta.tcl |& tee >&@stdout /openLANE_flow/designs/fsm/runs/04-05_14-41/logs/synthesis/17-opensta_post_resizer_timing"

Tue May 04 14:44:25 UTC 2021 - Executing "openroad -exit /openLANE_flow/scripts/openroad/or_groute.tcl |& tee >&@stdout /openLANE_flow/designs/fsm/runs/04-05_14-41/logs/routing/18-fastroute.log"

Tue May 04 14:44:33 UTC 2021 - Executing "openroad -exit /openLANE_flow/scripts/openroad/or_fill.tcl |& tee >&@stdout /openLANE_flow/designs/fsm/runs/04-05_14-41/logs/routing/19-addspacers.log"

Tue May 04 14:44:34 UTC 2021 - Executing "openroad -exit /openLANE_flow/scripts/openroad/or_write_verilog.tcl |& tee >&@stdout /openLANE_flow/designs/fsm/runs/04-05_14-41/logs/20-write_verilog.log"

Tue May 04 14:44:36 UTC 2021 - Executing "sed -i -e {s/\(set ::env(CURRENT_NETLIST)\).*/\1 \/openLANE_flow\/designs\/fsm\/runs\/04-05_14-41\/results\/synthesis\/fsm.synthesis_preroute.v/} /openLANE_flow/designs/fsm/runs/04-05_14-41/config.tcl"

Tue May 04 14:44:36 UTC 2021 - Executing "sed -i -e {s/\(set ::env(PREV_NETLIST)\).*/\1 \/openLANE_flow\/designs\/fsm\/runs\/04-05_14-41\/results\/synthesis\/fsm.synthesis_optimized.v/} /openLANE_flow/designs/fsm/runs/04-05_14-41/config.tcl"

Tue May 04 14:44:36 UTC 2021 - Executing "envsubst < /openLANE_flow/scripts/tritonRoute.param > /openLANE_flow/designs/fsm/runs/04-05_14-41/tmp/routing/21-tritonRoute.param"

Tue May 04 14:44:36 UTC 2021 - Executing "TritonRoute /openLANE_flow/designs/fsm/runs/04-05_14-41/tmp/routing/21-tritonRoute.param |& tee >&@stdout /openLANE_flow/designs/fsm/runs/04-05_14-41/logs/routing/21-tritonRoute.log"

Tue May 04 14:44:41 UTC 2021 - Executing "python3 /openLANE_flow/scripts/tr2klayout.py -i /openLANE_flow/designs/fsm/runs/04-05_14-41/reports/routing/21-tritonRoute.drc -o /openLANE_flow/designs/fsm/runs/04-05_14-41/reports/routing/21-tritonRoute.klayout.xml --design-name fsm"

Tue May 04 14:44:42 UTC 2021 - Executing "bash /openLANE_flow/scripts/klayout/scrotLayout.sh /home/vscheyer/pdks/openlane/pdks/sky130A/libs.tech/klayout/sky130A.lyt /openLANE_flow/designs/fsm/runs/04-05_14-41/results/routing/fsm.def |& tee >&@stdout /openLANE_flow/designs/fsm/runs/04-05_14-41/logs/klayout/22-klayout.scrot.log"

Tue May 04 14:44:46 UTC 2021 - Executing "python3 /openLANE_flow/scripts/spef_extractor/main.py -l /openLANE_flow/designs/fsm/runs/04-05_14-41/tmp/merged_unpadded.lef -d /openLANE_flow/designs/fsm/runs/04-05_14-41/results/routing/fsm.def -mw L -ec 1 |& tee >&@stdout /openLANE_flow/designs/fsm/runs/04-05_14-41/logs/routing/23-spef_extraction.log"

Tue May 04 14:44:47 UTC 2021 - Executing "sta /openLANE_flow/scripts/sta.tcl |& tee >&@stdout /openLANE_flow/designs/fsm/runs/04-05_14-41/logs/synthesis/24-opensta_spef"

Tue May 04 14:44:48 UTC 2021 - Executing "python3 /openLANE_flow/scripts/write_powered_def.py -d /openLANE_flow/designs/fsm/runs/04-05_14-41/results/routing/fsm.def -l /openLANE_flow/designs/fsm/runs/04-05_14-41/tmp/merged.lef --power-port VPWR --ground-port VGND --powered-netlist {} -o /openLANE_flow/designs/fsm/runs/04-05_14-41/tmp/routing/25-fsm.powered.def |& tee >&@stdout /openLANE_flow/designs/fsm/runs/04-05_14-41/logs/lvs/25-write_powered_verilog.log"

Tue May 04 14:44:49 UTC 2021 - Executing "openroad -exit /openLANE_flow/scripts/openroad/or_write_verilog.tcl |& tee >&@stdout /openLANE_flow/designs/fsm/runs/04-05_14-41/logs/26-write_verilog.log"

Tue May 04 14:44:50 UTC 2021 - Executing "sed -i -e {s/\(set ::env(CURRENT_NETLIST)\).*/\1 \/openLANE_flow\/designs\/fsm\/runs\/04-05_14-41\/results\/lvs\/fsm.lvs.powered.v/} /openLANE_flow/designs/fsm/runs/04-05_14-41/config.tcl"

Tue May 04 14:44:50 UTC 2021 - Executing "sed -i -e {s/\(set ::env(PREV_NETLIST)\).*/\1 \/openLANE_flow\/designs\/fsm\/runs\/04-05_14-41\/results\/synthesis\/fsm.synthesis_preroute.v/} /openLANE_flow/designs/fsm/runs/04-05_14-41/config.tcl"

Tue May 04 14:44:50 UTC 2021 - Executing "magic -noconsole -dnull -rcfile /home/vscheyer/pdks/openlane/pdks/sky130A/libs.tech/magic/sky130A.magicrc /openLANE_flow/scripts/magic/mag_gds.tcl </dev/null |& tee >&@stdout /openLANE_flow/designs/fsm/runs/04-05_14-41/logs/magic/27-magic.log"

Tue May 04 14:44:51 UTC 2021 - Executing "bash /openLANE_flow/scripts/klayout/scrotLayout.sh /home/vscheyer/pdks/openlane/pdks/sky130A/libs.tech/klayout/sky130A.lyt /openLANE_flow/designs/fsm/runs/04-05_14-41/results/magic/fsm.gds |& tee >&@stdout /openLANE_flow/designs/fsm/runs/04-05_14-41/logs/klayout/28-klayout.scrot.log"

Tue May 04 14:44:55 UTC 2021 - Executing "magic -noconsole -dnull -rcfile /home/vscheyer/pdks/openlane/pdks/sky130A/libs.tech/magic/sky130A.magicrc /openLANE_flow/scripts/magic/gds_pointers.tcl </dev/null |& tee >&@stdout /openLANE_flow/designs/fsm/runs/04-05_14-41/logs/magic/29-magic.mag.gds_ptrs.log"

Tue May 04 14:44:56 UTC 2021 - Executing "sed -i -n {/^<< properties >>/,/^<< end >>/p} /openLANE_flow/designs/fsm/runs/04-05_14-41/tmp/magic/magic_gds_ptrs.mag"

Tue May 04 14:44:56 UTC 2021 - Executing "magic -noconsole -dnull -rcfile /home/vscheyer/pdks/openlane/pdks/sky130A/libs.tech/magic/sky130A.magicrc /openLANE_flow/scripts/magic/lef.tcl </dev/null |& tee >&@stdout /openLANE_flow/designs/fsm/runs/04-05_14-41/logs/magic/30-magic.lef.log"

Tue May 04 14:44:57 UTC 2021 - Executing "magic -noconsole -dnull -rcfile /home/vscheyer/pdks/openlane/pdks/sky130A/libs.tech/magic/sky130A.magicrc /openLANE_flow/scripts/magic/maglef.tcl </dev/null |& tee >&@stdout /openLANE_flow/designs/fsm/runs/04-05_14-41/logs/magic/31-magic.maglef.log"

Tue May 04 14:44:57 UTC 2021 - Executing "bash /openLANE_flow/scripts/klayout/def2gds.sh /home/vscheyer/pdks/openlane/pdks/sky130A/libs.tech/klayout/sky130A.lyt /openLANE_flow/designs/fsm/runs/04-05_14-41/results/routing/fsm.def fsm /openLANE_flow/designs/fsm/runs/04-05_14-41/results/klayout/fsm.gds {/home/vscheyer/pdks/openlane/pdks/sky130A/libs.ref/sky130_fd_sc_hd/gds/sky130_ef_sc_hd__decap_12.gds /home/vscheyer/pdks/openlane/pdks/sky130A/libs.ref/sky130_fd_sc_hd/gds/sky130_fd_sc_hd.gds /home/vscheyer/pdks/openlane/pdks/sky130A/libs.ref/sky130_fd_sc_hd/gds/sky130_ef_sc_hd__fakediode_2.gds /home/vscheyer/pdks/openlane/pdks/sky130A/libs.ref/sky130_fd_sc_hd/gds/sky130_ef_sc_hd__fill_12.gds } |& tee >&@stdout /openLANE_flow/designs/fsm/runs/04-05_14-41/logs/klayout/32-klayout.log"

Tue May 04 14:45:01 UTC 2021 - Executing "bash /openLANE_flow/scripts/klayout/scrotLayout.sh /home/vscheyer/pdks/openlane/pdks/sky130A/libs.tech/klayout/sky130A.lyt /openLANE_flow/designs/fsm/runs/04-05_14-41/results/klayout/fsm.gds |& tee >&@stdout /openLANE_flow/designs/fsm/runs/04-05_14-41/logs/klayout/33-klayout.scrot.log"

Tue May 04 14:45:06 UTC 2021 - Executing "bash /openLANE_flow/scripts/klayout/xor.sh /openLANE_flow/designs/fsm/runs/04-05_14-41/results/magic/fsm.gds /openLANE_flow/designs/fsm/runs/04-05_14-41/results/klayout/fsm.gds fsm /openLANE_flow/designs/fsm/runs/04-05_14-41/results/klayout/fsm.xor.gds |& tee >&@stdout /openLANE_flow/designs/fsm/runs/04-05_14-41/logs/klayout/34-klayout.xor.log"

Tue May 04 14:45:13 UTC 2021 - Executing "python3 /openLANE_flow/scripts/parse_klayout_xor_log.py -l /openLANE_flow/designs/fsm/runs/04-05_14-41/logs/klayout/34-klayout.xor.log -o /openLANE_flow/designs/fsm/runs/04-05_14-41/reports/klayout/34-klayout.xor.rpt"

Tue May 04 14:45:13 UTC 2021 - Executing "bash /openLANE_flow/scripts/klayout/scrotLayout.sh /home/vscheyer/pdks/openlane/pdks/sky130A/libs.tech/klayout/sky130A.lyt /openLANE_flow/designs/fsm/runs/04-05_14-41/results/klayout/fsm.xor.gds |& tee >&@stdout /openLANE_flow/designs/fsm/runs/04-05_14-41/logs/klayout/35-klayout.scrot.log"

Tue May 04 14:45:18 UTC 2021 - Executing "bash /openLANE_flow/scripts/klayout/xor.sh /openLANE_flow/designs/fsm/runs/04-05_14-41/results/magic/fsm.gds /openLANE_flow/designs/fsm/runs/04-05_14-41/results/klayout/fsm.gds fsm /openLANE_flow/designs/fsm/runs/04-05_14-41/results/klayout/fsm.xor.xml |& tee >&@stdout /openLANE_flow/designs/fsm/runs/04-05_14-41/logs/klayout/36-klayout.xor.log"

Tue May 04 14:45:26 UTC 2021 - Executing "python3 /openLANE_flow/scripts/parse_klayout_xor_log.py -l /openLANE_flow/designs/fsm/runs/04-05_14-41/logs/klayout/36-klayout.xor.log -o /openLANE_flow/designs/fsm/runs/04-05_14-41/reports/klayout/36-klayout.xor.rpt"

Tue May 04 14:45:26 UTC 2021 - Executing "magic -noconsole -dnull -rcfile /home/vscheyer/pdks/openlane/pdks/sky130A/libs.tech/magic/sky130A.magicrc /openLANE_flow/designs/fsm/runs/04-05_14-41/tmp/magic_spice.tcl </dev/null |& tee >&@stdout /openLANE_flow/designs/fsm/runs/04-05_14-41/logs/magic/37-magic_spice.log"

Tue May 04 14:45:28 UTC 2021 - Executing "netgen -batch source /openLANE_flow/designs/fsm/runs/04-05_14-41/tmp/lvs/setup_file.lef.lvs |& tee >&@stdout /openLANE_flow/designs/fsm/runs/04-05_14-41/logs/lvs/38-lvs.lef.log"

Tue May 04 14:45:28 UTC 2021 - Executing "magic -noconsole -dnull -rcfile /home/vscheyer/pdks/openlane/pdks/sky130A/libs.tech/magic/sky130A.magicrc /openLANE_flow/scripts/magic/drc.tcl </dev/null |& tee >&@stdout /openLANE_flow/designs/fsm/runs/04-05_14-41/logs/magic/39-magic.drc.log"

Tue May 04 14:45:30 UTC 2021 - Executing "python3 /openLANE_flow/scripts/magic_drc_to_tcl.py -i /openLANE_flow/designs/fsm/runs/04-05_14-41/reports/magic/39-magic.drc -o /openLANE_flow/designs/fsm/runs/04-05_14-41/reports/magic/39-magic.drc.tcl"

Tue May 04 14:45:31 UTC 2021 - Executing "python3 /openLANE_flow/scripts/magic_drc_to_tr_drc.py -i /openLANE_flow/designs/fsm/runs/04-05_14-41/reports/magic/39-magic.drc -o /openLANE_flow/designs/fsm/runs/04-05_14-41/reports/magic/39-magic.tr.drc"

Tue May 04 14:45:31 UTC 2021 - Executing "python3 /openLANE_flow/scripts/tr2klayout.py -i /openLANE_flow/designs/fsm/runs/04-05_14-41/reports/magic/39-magic.tr.drc -o /openLANE_flow/designs/fsm/runs/04-05_14-41/reports/magic/39-magic.drc.klayout.xml --design-name fsm"

Tue May 04 14:45:31 UTC 2021 - Executing "python3 /openLANE_flow/scripts/magic_drc_to_rdb.py --magic_drc_in /openLANE_flow/designs/fsm/runs/04-05_14-41/reports/magic/39-magic.drc --rdb_out /openLANE_flow/designs/fsm/runs/04-05_14-41/reports/magic/39-magic.drc.rdb"

Tue May 04 14:45:31 UTC 2021 - Executing "openroad -exit /openLANE_flow/scripts/openroad/or_antenna_check.tcl |& tee >&@stdout /openLANE_flow/designs/fsm/runs/04-05_14-41/logs/routing/40-or_antenna.log"

Tue May 04 14:45:32 UTC 2021 - Executing "mv -f /openLANE_flow/designs/fsm/runs/04-05_14-41/reports/routing/antenna.rpt /openLANE_flow/designs/fsm/runs/04-05_14-41/reports/routing/41-antenna.rpt"

Tue May 04 14:45:32 UTC 2021 - Executing "awk { BEGIN {  # Print power and standard_input definitions
    print "VPWR power 1.8";
    print "VGND power 0.0";
    print "#define std_input min@VGND max@VPWR";
}
$1 == "input" {  # Print input nets
    gsub(/;/, "");
    if ( $2 == "VPWR" || $2 == "VGND" ) {  # ignore power nets
        next;
    }
    if ( NF == 3 ) {  # print buses as net[range]
        $2 = $3 $2;
    }
    print $2, "input std_input";
}} /openLANE_flow/designs/fsm/runs/04-05_14-41/results/lvs/fsm.lvs.powered.v > /openLANE_flow/designs/fsm/runs/04-05_14-41/results/cvc/fsm.power"

Tue May 04 14:45:32 UTC 2021 - Executing "awk { /Black-box entry subcircuit/ {  # remove black-box defintions
    while ( $1 != ".ends" ) {
        getline;
    }
    getline;
}
/^\*/ {  # remove comments
    next;
}
/^.ENDS .*/ {  # remove name from ends lines
    print $1;
    next;
}
 {
    print $0;
}} /home/vscheyer/pdks/openlane/pdks/sky130A/libs.ref/sky130_fd_sc_hd/cdl/sky130_fd_sc_hd.cdl /openLANE_flow/designs/fsm/runs/04-05_14-41/results/magic/fsm.lef.spice > /openLANE_flow/designs/fsm/runs/04-05_14-41/results/cvc/fsm.cdl"

Tue May 04 14:45:32 UTC 2021 - Executing "cvc /openLANE_flow/scripts/cvc/sky130A/cvcrc.sky130A |& tee >&@stdout /openLANE_flow/designs/fsm/runs/04-05_14-41/logs/cvc/42-cvc_screen.log"

Tue May 04 14:45:32 UTC 2021 - Executing "python3 /openLANE_flow/report_generation_wrapper.py -d /openLANE_flow/designs/fsm -dn fsm -t 04-05_14-41 -o /openLANE_flow/designs/fsm/runs/04-05_14-41/reports/final_summary_report.csv -m /openLANE_flow/designs/fsm/runs/04-05_14-41/reports/manufacturability_report.rpt -rs /openLANE_flow/designs/fsm/runs/04-05_14-41/reports/runtime_summary_report.rpt -r /openLANE_flow/designs/fsm/runs/04-05_14-41"

