Thu Apr 29 15:15:34 UTC 2021 - Executing "python3 /openLANE_flow/scripts/extract_metal_layers.py -t /home/vscheyer/pdks/openlane/pdks/sky130A/libs.ref/sky130_fd_sc_hd/techlef/sky130_fd_sc_hd.tlef -o /openLANE_flow/designs/fsm/runs/29-04_15-15/tmp/met_layers_list.txt"

Thu Apr 29 15:15:34 UTC 2021 - Executing "/openLANE_flow/scripts/mergeLef.py -i /home/vscheyer/pdks/openlane/pdks/sky130A/libs.ref/sky130_fd_sc_hd/techlef/sky130_fd_sc_hd.tlef {/home/vscheyer/pdks/openlane/pdks/sky130A/libs.ref/sky130_fd_sc_hd/lef/sky130_ef_sc_hd__fill_12.lef /home/vscheyer/pdks/openlane/pdks/sky130A/libs.ref/sky130_fd_sc_hd/lef/sky130_fd_sc_hd.lef /home/vscheyer/pdks/openlane/pdks/sky130A/libs.ref/sky130_fd_sc_hd/lef/sky130_ef_sc_hd__fakediode_2.lef /home/vscheyer/pdks/openlane/pdks/sky130A/libs.ref/sky130_fd_sc_hd/lef/sky130_ef_sc_hd__decap_12.lef} -o /openLANE_flow/designs/fsm/runs/29-04_15-15/tmp/merged_unpadded.lef |& tee >&@stdout"

Thu Apr 29 15:15:34 UTC 2021 - Executing "/openLANE_flow/scripts/libtrim.pl /home/vscheyer/pdks/openlane/pdks/sky130A/libs.ref/sky130_fd_sc_hd/lib/sky130_fd_sc_hd__tt_025C_1v80.lib /openLANE_flow/designs/fsm/runs/29-04_15-15/tmp/trimmed.lib.exclude.list > /openLANE_flow/designs/fsm/runs/29-04_15-15/tmp/trimmed.lib"

Thu Apr 29 15:15:34 UTC 2021 - Executing "echo {openlane v0.12} > /openLANE_flow/designs/fsm/runs/29-04_15-15/OPENLANE_VERSION"

Thu Apr 29 15:15:34 UTC 2021 - Executing "sed -E {s/^([[:space:]]+)pg_pin(.*)/\1pin\2\n\1    direction : "inout";/g} /home/vscheyer/pdks/openlane/pdks/sky130A/libs.ref/sky130_fd_sc_hd/lib/sky130_fd_sc_hd__tt_025C_1v80.lib > /openLANE_flow/designs/fsm/runs/29-04_15-15/tmp/sky130_fd_sc_hd__tt_025C_1v80.no_pg.lib"

Thu Apr 29 15:15:34 UTC 2021 - Executing "yosys -c /openLANE_flow/scripts/synth.tcl -l /openLANE_flow/designs/fsm/runs/29-04_15-15/logs/synthesis/1-yosys.log |& tee >&@stdout"

Thu Apr 29 15:15:36 UTC 2021 - Executing "sed -i -e {s/\(set ::env(CURRENT_NETLIST)\).*/\1 \/openLANE_flow\/designs\/fsm\/runs\/29-04_15-15\/results\/synthesis\/fsm.synthesis.v/} /openLANE_flow/designs/fsm/runs/29-04_15-15/config.tcl"

Thu Apr 29 15:15:36 UTC 2021 - Executing "sed -i -e {s/\(set ::env(PREV_NETLIST)\).*/\1 0/} /openLANE_flow/designs/fsm/runs/29-04_15-15/config.tcl"

Thu Apr 29 15:15:36 UTC 2021 - Executing "sed -i /defparam/d /openLANE_flow/designs/fsm/runs/29-04_15-15/results/synthesis/fsm.synthesis.v"

Thu Apr 29 15:15:36 UTC 2021 - Executing "sta /openLANE_flow/scripts/sta.tcl |& tee >&@stdout /openLANE_flow/designs/fsm/runs/29-04_15-15/logs/synthesis/2-opensta"

Thu Apr 29 15:15:37 UTC 2021 - Executing "openroad -exit /openLANE_flow/scripts/openroad/or_floorplan.tcl |& tee >&@stdout /openLANE_flow/designs/fsm/runs/29-04_15-15/logs/floorplan/3-verilog2def.openroad.log"

Thu Apr 29 15:15:39 UTC 2021 - Executing "openroad -exit /openLANE_flow/scripts/openroad/or_ioplacer.tcl |& tee >&@stdout /openLANE_flow/designs/fsm/runs/29-04_15-15/logs/floorplan/4-ioPlacer.log"

Thu Apr 29 15:15:41 UTC 2021 - Executing "openroad -exit /openLANE_flow/scripts/openroad/or_tapcell.tcl |& tee >&@stdout /openLANE_flow/designs/fsm/runs/29-04_15-15/logs/floorplan/5-tapcell.log"

Thu Apr 29 15:15:42 UTC 2021 - Executing "bash /openLANE_flow/scripts/klayout/scrotLayout.sh /home/vscheyer/pdks/openlane/pdks/sky130A/libs.tech/klayout/sky130A.lyt /openLANE_flow/designs/fsm/runs/29-04_15-15/results/floorplan/fsm.floorplan.def |& tee >&@stdout /openLANE_flow/designs/fsm/runs/29-04_15-15/logs/klayout/6-klayout.scrot.log"

Thu Apr 29 15:15:47 UTC 2021 - Executing "openroad -exit /openLANE_flow/scripts/openroad/or_pdn.tcl |& tee >&@stdout /openLANE_flow/designs/fsm/runs/29-04_15-15/logs/floorplan/7-pdn.log"

Thu Apr 29 15:15:49 UTC 2021 - Executing "python3 /openLANE_flow/scripts/random_place.py --lef /openLANE_flow/designs/fsm/runs/29-04_15-15/tmp/merged_unpadded.lef --input-def /openLANE_flow/designs/fsm/runs/29-04_15-15/tmp/floorplan/7-pdn.def --output-def /openLANE_flow/designs/fsm/runs/29-04_15-15/tmp/placement/8-replace.def |& tee >&@stdout /openLANE_flow/designs/fsm/runs/29-04_15-15/logs/placement/8-replace.log"

Thu Apr 29 15:15:49 UTC 2021 - Executing "openroad -exit /openLANE_flow/scripts/openroad/or_resizer.tcl |& tee >&@stdout /openLANE_flow/designs/fsm/runs/29-04_15-15/logs/placement/8-resizer.log"

Thu Apr 29 15:15:51 UTC 2021 - Executing "openroad -exit /openLANE_flow/scripts/openroad/or_write_verilog.tcl |& tee >&@stdout /openLANE_flow/designs/fsm/runs/29-04_15-15/logs/9-write_verilog.log"

Thu Apr 29 15:15:53 UTC 2021 - Executing "sed -i -e {s/\(set ::env(CURRENT_NETLIST)\).*/\1 \/openLANE_flow\/designs\/fsm\/runs\/29-04_15-15\/results\/synthesis\/fsm.synthesis_optimized.v/} /openLANE_flow/designs/fsm/runs/29-04_15-15/config.tcl"

Thu Apr 29 15:15:53 UTC 2021 - Executing "sed -i -e {s/\(set ::env(PREV_NETLIST)\).*/\1 \/openLANE_flow\/designs\/fsm\/runs\/29-04_15-15\/results\/synthesis\/fsm.synthesis.v/} /openLANE_flow/designs/fsm/runs/29-04_15-15/config.tcl"

Thu Apr 29 15:15:53 UTC 2021 - Executing "sta /openLANE_flow/scripts/sta.tcl |& tee >&@stdout /openLANE_flow/designs/fsm/runs/29-04_15-15/logs/synthesis/10-opensta_post_resizer"

Thu Apr 29 15:15:54 UTC 2021 - Executing "openroad -exit /openLANE_flow/scripts/openroad/or_opendp.tcl |& tee >&@stdout /openLANE_flow/designs/fsm/runs/29-04_15-15/logs/placement/11-opendp.log"

Thu Apr 29 15:15:56 UTC 2021 - Executing "bash /openLANE_flow/scripts/klayout/scrotLayout.sh /home/vscheyer/pdks/openlane/pdks/sky130A/libs.tech/klayout/sky130A.lyt /openLANE_flow/designs/fsm/runs/29-04_15-15/results/placement/fsm.placement.def |& tee >&@stdout /openLANE_flow/designs/fsm/runs/29-04_15-15/logs/klayout/12-klayout.scrot.log"

Thu Apr 29 15:16:00 UTC 2021 - Executing "openroad -exit /openLANE_flow/scripts/openroad/or_resizer_timing.tcl |& tee >&@stdout /openLANE_flow/designs/fsm/runs/29-04_15-15/logs/placement/13-resizer_timing.log"

Thu Apr 29 15:16:02 UTC 2021 - Executing "openroad -exit /openLANE_flow/scripts/openroad/or_write_verilog.tcl |& tee >&@stdout /openLANE_flow/designs/fsm/runs/29-04_15-15/logs/14-write_verilog.log"

Thu Apr 29 15:16:04 UTC 2021 - Executing "sed -i -e {s/\(set ::env(CURRENT_NETLIST)\).*/\1 \/openLANE_flow\/designs\/fsm\/runs\/29-04_15-15\/results\/synthesis\/fsm.synthesis_optimized.v/} /openLANE_flow/designs/fsm/runs/29-04_15-15/config.tcl"

Thu Apr 29 15:16:04 UTC 2021 - Executing "sed -i -e {s/\(set ::env(PREV_NETLIST)\).*/\1 \/openLANE_flow\/designs\/fsm\/runs\/29-04_15-15\/results\/synthesis\/fsm.synthesis_optimized.v/} /openLANE_flow/designs/fsm/runs/29-04_15-15/config.tcl"

Thu Apr 29 15:16:04 UTC 2021 - Executing "sta /openLANE_flow/scripts/sta.tcl |& tee >&@stdout /openLANE_flow/designs/fsm/runs/29-04_15-15/logs/synthesis/15-opensta_post_resizer_timing"

Thu Apr 29 15:16:05 UTC 2021 - Executing "openroad -exit /openLANE_flow/scripts/openroad/or_groute.tcl |& tee >&@stdout /openLANE_flow/designs/fsm/runs/29-04_15-15/logs/routing/16-fastroute.log"

Thu Apr 29 15:16:09 UTC 2021 - Executing "openroad -exit /openLANE_flow/scripts/openroad/or_fill.tcl |& tee >&@stdout /openLANE_flow/designs/fsm/runs/29-04_15-15/logs/routing/17-addspacers.log"

Thu Apr 29 15:16:10 UTC 2021 - Executing "openroad -exit /openLANE_flow/scripts/openroad/or_write_verilog.tcl |& tee >&@stdout /openLANE_flow/designs/fsm/runs/29-04_15-15/logs/18-write_verilog.log"

Thu Apr 29 15:16:12 UTC 2021 - Executing "sed -i -e {s/\(set ::env(CURRENT_NETLIST)\).*/\1 \/openLANE_flow\/designs\/fsm\/runs\/29-04_15-15\/results\/synthesis\/fsm.synthesis_preroute.v/} /openLANE_flow/designs/fsm/runs/29-04_15-15/config.tcl"

Thu Apr 29 15:16:12 UTC 2021 - Executing "sed -i -e {s/\(set ::env(PREV_NETLIST)\).*/\1 \/openLANE_flow\/designs\/fsm\/runs\/29-04_15-15\/results\/synthesis\/fsm.synthesis_optimized.v/} /openLANE_flow/designs/fsm/runs/29-04_15-15/config.tcl"

Thu Apr 29 15:16:12 UTC 2021 - Executing "envsubst < /openLANE_flow/scripts/tritonRoute.param > /openLANE_flow/designs/fsm/runs/29-04_15-15/tmp/routing/19-tritonRoute.param"

Thu Apr 29 15:16:12 UTC 2021 - Executing "TritonRoute /openLANE_flow/designs/fsm/runs/29-04_15-15/tmp/routing/19-tritonRoute.param |& tee >&@stdout /openLANE_flow/designs/fsm/runs/29-04_15-15/logs/routing/19-tritonRoute.log"

Thu Apr 29 15:16:15 UTC 2021 - Executing "python3 /openLANE_flow/scripts/tr2klayout.py -i /openLANE_flow/designs/fsm/runs/29-04_15-15/reports/routing/19-tritonRoute.drc -o /openLANE_flow/designs/fsm/runs/29-04_15-15/reports/routing/19-tritonRoute.klayout.xml --design-name fsm"

Thu Apr 29 15:16:15 UTC 2021 - Executing "bash /openLANE_flow/scripts/klayout/scrotLayout.sh /home/vscheyer/pdks/openlane/pdks/sky130A/libs.tech/klayout/sky130A.lyt /openLANE_flow/designs/fsm/runs/29-04_15-15/results/routing/fsm.def |& tee >&@stdout /openLANE_flow/designs/fsm/runs/29-04_15-15/logs/klayout/20-klayout.scrot.log"

Thu Apr 29 15:16:20 UTC 2021 - Executing "python3 /openLANE_flow/scripts/spef_extractor/main.py -l /openLANE_flow/designs/fsm/runs/29-04_15-15/tmp/merged_unpadded.lef -d /openLANE_flow/designs/fsm/runs/29-04_15-15/results/routing/fsm.def -mw L -ec 1 |& tee >&@stdout /openLANE_flow/designs/fsm/runs/29-04_15-15/logs/routing/21-spef_extraction.log"

Thu Apr 29 15:16:20 UTC 2021 - Executing "sta /openLANE_flow/scripts/sta.tcl |& tee >&@stdout /openLANE_flow/designs/fsm/runs/29-04_15-15/logs/synthesis/22-opensta_spef"

Thu Apr 29 15:16:22 UTC 2021 - Executing "python3 /openLANE_flow/scripts/write_powered_def.py -d /openLANE_flow/designs/fsm/runs/29-04_15-15/results/routing/fsm.def -l /openLANE_flow/designs/fsm/runs/29-04_15-15/tmp/merged.lef --power-port VPWR --ground-port VGND --powered-netlist {} -o /openLANE_flow/designs/fsm/runs/29-04_15-15/tmp/routing/23-fsm.powered.def |& tee >&@stdout /openLANE_flow/designs/fsm/runs/29-04_15-15/logs/lvs/23-write_powered_verilog.log"

Thu Apr 29 15:16:22 UTC 2021 - Executing "openroad -exit /openLANE_flow/scripts/openroad/or_write_verilog.tcl |& tee >&@stdout /openLANE_flow/designs/fsm/runs/29-04_15-15/logs/24-write_verilog.log"

Thu Apr 29 15:16:24 UTC 2021 - Executing "sed -i -e {s/\(set ::env(CURRENT_NETLIST)\).*/\1 \/openLANE_flow\/designs\/fsm\/runs\/29-04_15-15\/results\/lvs\/fsm.lvs.powered.v/} /openLANE_flow/designs/fsm/runs/29-04_15-15/config.tcl"

Thu Apr 29 15:16:24 UTC 2021 - Executing "sed -i -e {s/\(set ::env(PREV_NETLIST)\).*/\1 \/openLANE_flow\/designs\/fsm\/runs\/29-04_15-15\/results\/synthesis\/fsm.synthesis_preroute.v/} /openLANE_flow/designs/fsm/runs/29-04_15-15/config.tcl"

Thu Apr 29 15:16:24 UTC 2021 - Executing "magic -noconsole -dnull -rcfile /home/vscheyer/pdks/openlane/pdks/sky130A/libs.tech/magic/sky130A.magicrc /openLANE_flow/scripts/magic/mag_gds.tcl </dev/null |& tee >&@stdout /openLANE_flow/designs/fsm/runs/29-04_15-15/logs/magic/25-magic.log"

Thu Apr 29 15:16:24 UTC 2021 - Executing "bash /openLANE_flow/scripts/klayout/scrotLayout.sh /home/vscheyer/pdks/openlane/pdks/sky130A/libs.tech/klayout/sky130A.lyt /openLANE_flow/designs/fsm/runs/29-04_15-15/results/magic/fsm.gds |& tee >&@stdout /openLANE_flow/designs/fsm/runs/29-04_15-15/logs/klayout/26-klayout.scrot.log"

Thu Apr 29 15:16:29 UTC 2021 - Executing "magic -noconsole -dnull -rcfile /home/vscheyer/pdks/openlane/pdks/sky130A/libs.tech/magic/sky130A.magicrc /openLANE_flow/scripts/magic/gds_pointers.tcl </dev/null |& tee >&@stdout /openLANE_flow/designs/fsm/runs/29-04_15-15/logs/magic/27-magic.mag.gds_ptrs.log"

Thu Apr 29 15:16:29 UTC 2021 - Executing "sed -i -n {/^<< properties >>/,/^<< end >>/p} /openLANE_flow/designs/fsm/runs/29-04_15-15/tmp/magic/magic_gds_ptrs.mag"

Thu Apr 29 15:16:29 UTC 2021 - Executing "magic -noconsole -dnull -rcfile /home/vscheyer/pdks/openlane/pdks/sky130A/libs.tech/magic/sky130A.magicrc /openLANE_flow/scripts/magic/lef.tcl </dev/null |& tee >&@stdout /openLANE_flow/designs/fsm/runs/29-04_15-15/logs/magic/28-magic.lef.log"

Thu Apr 29 15:16:30 UTC 2021 - Executing "magic -noconsole -dnull -rcfile /home/vscheyer/pdks/openlane/pdks/sky130A/libs.tech/magic/sky130A.magicrc /openLANE_flow/scripts/magic/maglef.tcl </dev/null |& tee >&@stdout /openLANE_flow/designs/fsm/runs/29-04_15-15/logs/magic/29-magic.maglef.log"

Thu Apr 29 15:16:30 UTC 2021 - Executing "bash /openLANE_flow/scripts/klayout/def2gds.sh /home/vscheyer/pdks/openlane/pdks/sky130A/libs.tech/klayout/sky130A.lyt /openLANE_flow/designs/fsm/runs/29-04_15-15/results/routing/fsm.def fsm /openLANE_flow/designs/fsm/runs/29-04_15-15/results/klayout/fsm.gds {/home/vscheyer/pdks/openlane/pdks/sky130A/libs.ref/sky130_fd_sc_hd/gds/sky130_ef_sc_hd__decap_12.gds /home/vscheyer/pdks/openlane/pdks/sky130A/libs.ref/sky130_fd_sc_hd/gds/sky130_fd_sc_hd.gds /home/vscheyer/pdks/openlane/pdks/sky130A/libs.ref/sky130_fd_sc_hd/gds/sky130_ef_sc_hd__fakediode_2.gds /home/vscheyer/pdks/openlane/pdks/sky130A/libs.ref/sky130_fd_sc_hd/gds/sky130_ef_sc_hd__fill_12.gds } |& tee >&@stdout /openLANE_flow/designs/fsm/runs/29-04_15-15/logs/klayout/30-klayout.log"

Thu Apr 29 15:16:34 UTC 2021 - Executing "bash /openLANE_flow/scripts/klayout/scrotLayout.sh /home/vscheyer/pdks/openlane/pdks/sky130A/libs.tech/klayout/sky130A.lyt /openLANE_flow/designs/fsm/runs/29-04_15-15/results/klayout/fsm.gds |& tee >&@stdout /openLANE_flow/designs/fsm/runs/29-04_15-15/logs/klayout/31-klayout.scrot.log"

Thu Apr 29 15:16:39 UTC 2021 - Executing "bash /openLANE_flow/scripts/klayout/xor.sh /openLANE_flow/designs/fsm/runs/29-04_15-15/results/magic/fsm.gds /openLANE_flow/designs/fsm/runs/29-04_15-15/results/klayout/fsm.gds fsm /openLANE_flow/designs/fsm/runs/29-04_15-15/results/klayout/fsm.xor.gds |& tee >&@stdout /openLANE_flow/designs/fsm/runs/29-04_15-15/logs/klayout/32-klayout.xor.log"

Thu Apr 29 15:16:44 UTC 2021 - Executing "python3 /openLANE_flow/scripts/parse_klayout_xor_log.py -l /openLANE_flow/designs/fsm/runs/29-04_15-15/logs/klayout/32-klayout.xor.log -o /openLANE_flow/designs/fsm/runs/29-04_15-15/reports/klayout/32-klayout.xor.rpt"

Thu Apr 29 15:16:44 UTC 2021 - Executing "bash /openLANE_flow/scripts/klayout/scrotLayout.sh /home/vscheyer/pdks/openlane/pdks/sky130A/libs.tech/klayout/sky130A.lyt /openLANE_flow/designs/fsm/runs/29-04_15-15/results/klayout/fsm.xor.gds |& tee >&@stdout /openLANE_flow/designs/fsm/runs/29-04_15-15/logs/klayout/33-klayout.scrot.log"

Thu Apr 29 15:16:49 UTC 2021 - Executing "bash /openLANE_flow/scripts/klayout/xor.sh /openLANE_flow/designs/fsm/runs/29-04_15-15/results/magic/fsm.gds /openLANE_flow/designs/fsm/runs/29-04_15-15/results/klayout/fsm.gds fsm /openLANE_flow/designs/fsm/runs/29-04_15-15/results/klayout/fsm.xor.xml |& tee >&@stdout /openLANE_flow/designs/fsm/runs/29-04_15-15/logs/klayout/34-klayout.xor.log"

Thu Apr 29 15:16:54 UTC 2021 - Executing "python3 /openLANE_flow/scripts/parse_klayout_xor_log.py -l /openLANE_flow/designs/fsm/runs/29-04_15-15/logs/klayout/34-klayout.xor.log -o /openLANE_flow/designs/fsm/runs/29-04_15-15/reports/klayout/34-klayout.xor.rpt"

Thu Apr 29 15:16:54 UTC 2021 - Executing "magic -noconsole -dnull -rcfile /home/vscheyer/pdks/openlane/pdks/sky130A/libs.tech/magic/sky130A.magicrc /openLANE_flow/designs/fsm/runs/29-04_15-15/tmp/magic_spice.tcl </dev/null |& tee >&@stdout /openLANE_flow/designs/fsm/runs/29-04_15-15/logs/magic/35-magic_spice.log"

Thu Apr 29 15:16:54 UTC 2021 - Executing "netgen -batch source /openLANE_flow/designs/fsm/runs/29-04_15-15/tmp/lvs/setup_file.lef.lvs |& tee >&@stdout /openLANE_flow/designs/fsm/runs/29-04_15-15/logs/lvs/36-lvs.lef.log"

Thu Apr 29 15:16:54 UTC 2021 - Executing "magic -noconsole -dnull -rcfile /home/vscheyer/pdks/openlane/pdks/sky130A/libs.tech/magic/sky130A.magicrc /openLANE_flow/scripts/magic/drc.tcl </dev/null |& tee >&@stdout /openLANE_flow/designs/fsm/runs/29-04_15-15/logs/magic/37-magic.drc.log"

Thu Apr 29 15:16:55 UTC 2021 - Executing "python3 /openLANE_flow/scripts/magic_drc_to_tcl.py -i /openLANE_flow/designs/fsm/runs/29-04_15-15/reports/magic/37-magic.drc -o /openLANE_flow/designs/fsm/runs/29-04_15-15/reports/magic/37-magic.drc.tcl"

Thu Apr 29 15:16:55 UTC 2021 - Executing "python3 /openLANE_flow/scripts/magic_drc_to_tr_drc.py -i /openLANE_flow/designs/fsm/runs/29-04_15-15/reports/magic/37-magic.drc -o /openLANE_flow/designs/fsm/runs/29-04_15-15/reports/magic/37-magic.tr.drc"

Thu Apr 29 15:16:56 UTC 2021 - Executing "python3 /openLANE_flow/scripts/tr2klayout.py -i /openLANE_flow/designs/fsm/runs/29-04_15-15/reports/magic/37-magic.tr.drc -o /openLANE_flow/designs/fsm/runs/29-04_15-15/reports/magic/37-magic.drc.klayout.xml --design-name fsm"

Thu Apr 29 15:16:56 UTC 2021 - Executing "python3 /openLANE_flow/scripts/magic_drc_to_rdb.py --magic_drc_in /openLANE_flow/designs/fsm/runs/29-04_15-15/reports/magic/37-magic.drc --rdb_out /openLANE_flow/designs/fsm/runs/29-04_15-15/reports/magic/37-magic.drc.rdb"

Thu Apr 29 15:16:56 UTC 2021 - Executing "openroad -exit /openLANE_flow/scripts/openroad/or_antenna_check.tcl |& tee >&@stdout /openLANE_flow/designs/fsm/runs/29-04_15-15/logs/routing/38-or_antenna.log"

Thu Apr 29 15:16:57 UTC 2021 - Executing "mv -f /openLANE_flow/designs/fsm/runs/29-04_15-15/reports/routing/antenna.rpt /openLANE_flow/designs/fsm/runs/29-04_15-15/reports/routing/39-antenna.rpt"

Thu Apr 29 15:16:57 UTC 2021 - Executing "awk { BEGIN {  # Print power and standard_input definitions
    print "VPWR power 1.8";
    print "VGND power 0.0";
    print "#define std_input min@VGND max@VPWR";
}
$1 == "input" {  # Print input nets
    gsub(/;/, "");
    if ( $2 == "VPWR" || $2 == "VGND" ) {  # ignore power nets
        next;
    }
    if ( NF == 3 ) {  # print buses as net[range]
        $2 = $3 $2;
    }
    print $2, "input std_input";
}} /openLANE_flow/designs/fsm/runs/29-04_15-15/results/lvs/fsm.lvs.powered.v > /openLANE_flow/designs/fsm/runs/29-04_15-15/results/cvc/fsm.power"

Thu Apr 29 15:16:57 UTC 2021 - Executing "awk { /Black-box entry subcircuit/ {  # remove black-box defintions
    while ( $1 != ".ends" ) {
        getline;
    }
    getline;
}
/^\*/ {  # remove comments
    next;
}
/^.ENDS .*/ {  # remove name from ends lines
    print $1;
    next;
}
 {
    print $0;
}} /home/vscheyer/pdks/openlane/pdks/sky130A/libs.ref/sky130_fd_sc_hd/cdl/sky130_fd_sc_hd.cdl /openLANE_flow/designs/fsm/runs/29-04_15-15/results/magic/fsm.lef.spice > /openLANE_flow/designs/fsm/runs/29-04_15-15/results/cvc/fsm.cdl"

Thu Apr 29 15:16:57 UTC 2021 - Executing "cvc /openLANE_flow/scripts/cvc/sky130A/cvcrc.sky130A |& tee >&@stdout /openLANE_flow/designs/fsm/runs/29-04_15-15/logs/cvc/40-cvc_screen.log"

Thu Apr 29 15:16:57 UTC 2021 - Executing "python3 /openLANE_flow/report_generation_wrapper.py -d /openLANE_flow/designs/fsm -dn fsm -t 29-04_15-15 -o /openLANE_flow/designs/fsm/runs/29-04_15-15/reports/final_summary_report.csv -m /openLANE_flow/designs/fsm/runs/29-04_15-15/reports/manufacturability_report.rpt -rs /openLANE_flow/designs/fsm/runs/29-04_15-15/reports/runtime_summary_report.rpt -r /openLANE_flow/designs/fsm/runs/29-04_15-15"

