Warning - class CORE ANTENNACELL is not found. This msg can be ignored if not in the antenna-avoid flow

Net - clk
  clkbuf_0_clk  (sky130_fd_sc_hd__clkbuf_16)  A
[1]  met2:
  PAR:    6.59  Ratio:    0.00       (Area)
  PAR:   33.05  Ratio:  400.00       (S.Area)
  CAR:   10.03  Ratio:    0.00       (C.Area)
  CAR:   50.31  Ratio:    0.00       (C.S.Area)

[1]  met1:
  PAR:    3.42  Ratio:    0.00       (Area)
  PAR:   17.24  Ratio:  400.00       (S.Area)
  CAR:    3.44  Ratio:    0.00       (C.Area)
  CAR:   17.26  Ratio:    0.00       (C.S.Area)

[1]  li1:
  PAR:    0.02  Ratio:    0.00       (Area)
  PAR:    0.02  Ratio:   75.00       (S.Area)
  CAR:    0.02  Ratio:    0.00       (C.Area)
  CAR:    0.02  Ratio:    0.00       (C.S.Area)

[1]  M1M2_PR:
  PAR:    0.03  Ratio:    6.00       (Area)
  CAR:    0.06  Ratio:    0.00       (C.Area)

[1]  L1M1_PR_MR:
  PAR:    0.03  Ratio:    3.00       (Area)
  CAR:    0.03  Ratio:    0.00       (C.Area)


Net - clock_out
  No sinks on this net

Net - _000_
  _074_  (sky130_fd_sc_hd__dfxtp_1)  D
[1]  met2:
  PAR:    2.01  Ratio:    0.00       (Area)
  PAR:   10.41  Ratio: 2736.24       (S.Area)
  CAR:    3.65  Ratio:    0.00       (C.Area)
  CAR:   18.91  Ratio:    0.00       (C.S.Area)

[1]  met1:
  PAR:    1.52  Ratio:    0.00       (Area)
  PAR:    8.36  Ratio:  400.00       (S.Area)
  CAR:    1.63  Ratio:    0.00       (C.Area)
  CAR:    8.50  Ratio:    0.00       (C.S.Area)

[1]  li1:
  PAR:    0.11  Ratio:    0.00       (Area)
  PAR:    0.13  Ratio:   75.00       (S.Area)
  CAR:    0.11  Ratio:    0.00       (C.Area)
  CAR:    0.13  Ratio:    0.00       (C.S.Area)

[1]  M1M2_PR:
  PAR:    0.18  Ratio:    6.00       (Area)
  CAR:    0.41  Ratio:    0.00       (C.Area)

[1]  L1M1_PR_MR:
  PAR:    0.23  Ratio:    3.00       (Area)
  CAR:    0.23  Ratio:    0.00       (C.Area)


Net - _001_
  _046_  (sky130_fd_sc_hd__clkbuf_1)  A
[1]  met2:
  PAR:    3.47  Ratio:    0.00       (Area)
  PAR:   17.81  Ratio: 2988.80       (S.Area)
  CAR:    6.84  Ratio:    0.00       (C.Area)
  CAR:   35.85  Ratio:    0.00       (C.S.Area)

[1]  met1:
  PAR:    3.29  Ratio:    0.00       (Area)
  PAR:   17.95  Ratio:  400.00       (S.Area)
  CAR:    3.37  Ratio:    0.00       (C.Area)
  CAR:   18.04  Ratio:    0.00       (C.S.Area)

[1]  li1:
  PAR:    0.07  Ratio:    0.00       (Area)
  PAR:    0.09  Ratio:   75.00       (S.Area)
  CAR:    0.07  Ratio:    0.00       (C.Area)
  CAR:    0.09  Ratio:    0.00       (C.S.Area)

[1]  M1M2_PR:
  PAR:    0.11  Ratio:    6.00       (Area)
  CAR:    0.26  Ratio:    0.00       (C.Area)

[1]  L1M1_PR_MR:
  PAR:    0.15  Ratio:    3.00       (Area)
  CAR:    0.15  Ratio:    0.00       (C.Area)

  _075_  (sky130_fd_sc_hd__dfxtp_1)  D
[1]  met2:
  PAR:    3.47  Ratio:    0.00       (Area)
  PAR:   17.81  Ratio: 2988.80       (S.Area)
  CAR:   10.73  Ratio:    0.00       (C.Area)
  CAR:   54.41  Ratio:    0.00       (C.S.Area)

[1]  met1:
  PAR:    7.14  Ratio:    0.00       (Area)
  PAR:   36.47  Ratio:  400.00       (S.Area)
  CAR:    7.25  Ratio:    0.00       (C.Area)
  CAR:   36.61  Ratio:    0.00       (C.S.Area)

[1]  li1:
  PAR:    0.11  Ratio:    0.00       (Area)
  PAR:    0.13  Ratio:   75.00       (S.Area)
  CAR:    0.11  Ratio:    0.00       (C.Area)
  CAR:    0.13  Ratio:    0.00       (C.S.Area)

[1]  M1M2_PR:
  PAR:    0.18  Ratio:    6.00       (Area)
  CAR:    0.41  Ratio:    0.00       (C.Area)

[1]  L1M1_PR_MR:
  PAR:    0.23  Ratio:    3.00       (Area)
  CAR:    0.23  Ratio:    0.00       (C.Area)


Net - _002_
  _076_  (sky130_fd_sc_hd__dfxtp_1)  D
[1]  met2:
  PAR:    8.81  Ratio:    0.00       (Area)
  PAR:   44.41  Ratio:  400.00       (S.Area)
  CAR:    9.42  Ratio:    0.00       (C.Area)
  CAR:   47.80  Ratio:    0.00       (C.S.Area)

[1]  met1:
  PAR:    0.49  Ratio:    0.00       (Area)
  PAR:    3.25  Ratio:  400.00       (S.Area)
  CAR:    0.61  Ratio:    0.00       (C.Area)
  CAR:    3.38  Ratio:    0.00       (C.S.Area)

[1]  li1:
  PAR:    0.11  Ratio:    0.00       (Area)
  PAR:    0.13  Ratio:   75.00       (S.Area)
  CAR:    0.11  Ratio:    0.00       (C.Area)
  CAR:    0.13  Ratio:    0.00       (C.S.Area)

[1]  M1M2_PR:
  PAR:    0.18  Ratio:    6.00       (Area)
  CAR:    0.41  Ratio:    0.00       (C.Area)

[1]  L1M1_PR_MR:
  PAR:    0.23  Ratio:    3.00       (Area)
  CAR:    0.23  Ratio:    0.00       (C.Area)


Net - _003_
  _077_  (sky130_fd_sc_hd__dfxtp_1)  D
[1]  met2:
  PAR:    5.04  Ratio:    0.00       (Area)
  PAR:   25.52  Ratio:  400.00       (S.Area)
  CAR:    6.38  Ratio:    0.00       (C.Area)
  CAR:   32.58  Ratio:    0.00       (C.S.Area)

[1]  met1:
  PAR:    1.23  Ratio:    0.00       (Area)
  PAR:    6.92  Ratio:  400.00       (S.Area)
  CAR:    1.34  Ratio:    0.00       (C.Area)
  CAR:    7.05  Ratio:    0.00       (C.S.Area)

[1]  li1:
  PAR:    0.11  Ratio:    0.00       (Area)
  PAR:    0.13  Ratio:   75.00       (S.Area)
  CAR:    0.11  Ratio:    0.00       (C.Area)
  CAR:    0.13  Ratio:    0.00       (C.S.Area)

[1]  M1M2_PR:
  PAR:    0.18  Ratio:    6.00       (Area)
  CAR:    0.41  Ratio:    0.00       (C.Area)

[1]  L1M1_PR_MR:
  PAR:    0.23  Ratio:    3.00       (Area)
  CAR:    0.23  Ratio:    0.00       (C.Area)


Net - _004_
  _078_  (sky130_fd_sc_hd__dfxtp_1)  D
[1]  met2:
  PAR:    9.19  Ratio:    0.00       (Area)
  PAR:   46.30  Ratio:  400.00       (S.Area)
  CAR:   11.05  Ratio:    0.00       (C.Area)
  CAR:   55.91  Ratio:    0.00       (C.S.Area)

[1]  met1:
  PAR:    1.74  Ratio:    0.00       (Area)
  PAR:    9.47  Ratio:  400.00       (S.Area)
  CAR:    1.85  Ratio:    0.00       (C.Area)
  CAR:    9.61  Ratio:    0.00       (C.S.Area)

[1]  li1:
  PAR:    0.11  Ratio:    0.00       (Area)
  PAR:    0.13  Ratio:   75.00       (S.Area)
  CAR:    0.11  Ratio:    0.00       (C.Area)
  CAR:    0.13  Ratio:    0.00       (C.S.Area)

[1]  M1M2_PR:
  PAR:    0.18  Ratio:    6.00       (Area)
  CAR:    0.41  Ratio:    0.00       (C.Area)

[1]  L1M1_PR_MR:
  PAR:    0.23  Ratio:    3.00       (Area)
  CAR:    0.23  Ratio:    0.00       (C.Area)


Net - _005_
  _079_  (sky130_fd_sc_hd__dfxtp_1)  D
[1]  met2:
  PAR:    2.77  Ratio:    0.00       (Area)
  PAR:   14.19  Ratio:  400.00       (S.Area)
  CAR:   11.78  Ratio:    0.00       (C.Area)
  CAR:   59.58  Ratio:    0.00       (C.S.Area)

[1]  met1:
  PAR:    8.89  Ratio:    0.00       (Area)
  PAR:   45.25  Ratio:  400.00       (S.Area)
  CAR:    9.01  Ratio:    0.00       (C.Area)
  CAR:   45.38  Ratio:    0.00       (C.S.Area)

[1]  li1:
  PAR:    0.11  Ratio:    0.00       (Area)
  PAR:    0.13  Ratio:   75.00       (S.Area)
  CAR:    0.11  Ratio:    0.00       (C.Area)
  CAR:    0.13  Ratio:    0.00       (C.S.Area)

[1]  M1M2_PR:
  PAR:    0.18  Ratio:    6.00       (Area)
  CAR:    0.41  Ratio:    0.00       (C.Area)

[1]  L1M1_PR_MR:
  PAR:    0.23  Ratio:    3.00       (Area)
  CAR:    0.23  Ratio:    0.00       (C.Area)


Net - _006_
  _080_  (sky130_fd_sc_hd__dfxtp_1)  D
[1]  met1:
  PAR:    4.25  Ratio:    0.00       (Area)
  PAR:   21.58  Ratio:  400.00       (S.Area)
  CAR:    4.36  Ratio:    0.00       (C.Area)
  CAR:   21.71  Ratio:    0.00       (C.S.Area)

[1]  li1:
  PAR:    0.11  Ratio:    0.00       (Area)
  PAR:    0.13  Ratio:   75.00       (S.Area)
  CAR:    0.11  Ratio:    0.00       (C.Area)
  CAR:    0.13  Ratio:    0.00       (C.S.Area)

[1]  L1M1_PR_MR:
  PAR:    0.23  Ratio:    3.00       (Area)
  CAR:    0.23  Ratio:    0.00       (C.Area)


Net - _007_
  _081_  (sky130_fd_sc_hd__dfxtp_1)  D
[1]  met2:
  PAR:    5.04  Ratio:    0.00       (Area)
  PAR:   25.52  Ratio:  400.00       (S.Area)
  CAR:    5.65  Ratio:    0.00       (C.Area)
  CAR:   28.91  Ratio:    0.00       (C.S.Area)

[1]  met1:
  PAR:    0.49  Ratio:    0.00       (Area)
  PAR:    3.25  Ratio:  400.00       (S.Area)
  CAR:    0.61  Ratio:    0.00       (C.Area)
  CAR:    3.38  Ratio:    0.00       (C.S.Area)

[1]  li1:
  PAR:    0.11  Ratio:    0.00       (Area)
  PAR:    0.13  Ratio:   75.00       (S.Area)
  CAR:    0.11  Ratio:    0.00       (C.Area)
  CAR:    0.13  Ratio:    0.00       (C.S.Area)

[1]  M1M2_PR:
  PAR:    0.18  Ratio:    6.00       (Area)
  CAR:    0.41  Ratio:    0.00       (C.Area)

[1]  L1M1_PR_MR:
  PAR:    0.23  Ratio:    3.00       (Area)
  CAR:    0.23  Ratio:    0.00       (C.Area)


Net - _008_
  _082_  (sky130_fd_sc_hd__dfxtp_1)  D
[1]  met2:
  PAR:    2.77  Ratio:    0.00       (Area)
  PAR:   14.19  Ratio:  400.00       (S.Area)
  CAR:    7.02  Ratio:    0.00       (C.Area)
  CAR:   35.77  Ratio:    0.00       (C.S.Area)

[1]  met1:
  PAR:    4.13  Ratio:    0.00       (Area)
  PAR:   21.44  Ratio:  400.00       (S.Area)
  CAR:    4.25  Ratio:    0.00       (C.Area)
  CAR:   21.58  Ratio:    0.00       (C.S.Area)

[1]  li1:
  PAR:    0.11  Ratio:    0.00       (Area)
  PAR:    0.13  Ratio:   75.00       (S.Area)
  CAR:    0.11  Ratio:    0.00       (C.Area)
  CAR:    0.13  Ratio:    0.00       (C.S.Area)

[1]  M1M2_PR:
  PAR:    0.18  Ratio:    6.00       (Area)
  CAR:    0.41  Ratio:    0.00       (C.Area)

[1]  L1M1_PR_MR:
  PAR:    0.23  Ratio:    3.00       (Area)
  CAR:    0.23  Ratio:    0.00       (C.Area)


Net - _009_
  _083_  (sky130_fd_sc_hd__dfxtp_1)  D
[1]  met2:
  PAR:    6.55  Ratio:    0.00       (Area)
  PAR:   33.08  Ratio:  400.00       (S.Area)
  CAR:    6.87  Ratio:    0.00       (C.Area)
  CAR:   35.02  Ratio:    0.00       (C.S.Area)

[1]  met1:
  PAR:    0.21  Ratio:    0.00       (Area)
  PAR:    1.81  Ratio:  400.00       (S.Area)
  CAR:    0.32  Ratio:    0.00       (C.Area)
  CAR:    1.94  Ratio:    0.00       (C.S.Area)

[1]  li1:
  PAR:    0.11  Ratio:    0.00       (Area)
  PAR:    0.13  Ratio:   75.00       (S.Area)
  CAR:    0.11  Ratio:    0.00       (C.Area)
  CAR:    0.13  Ratio:    0.00       (C.S.Area)

[1]  M1M2_PR:
  PAR:    0.18  Ratio:    6.00       (Area)
  CAR:    0.41  Ratio:    0.00       (C.Area)

[1]  L1M1_PR_MR:
  PAR:    0.23  Ratio:    3.00       (Area)
  CAR:    0.23  Ratio:    0.00       (C.Area)


Net - _010_
  _084_  (sky130_fd_sc_hd__dfxtp_1)  D
[1]  met2:
  PAR:    2.77  Ratio:    0.00       (Area)
  PAR:   14.19  Ratio:  400.00       (S.Area)
  CAR:    3.09  Ratio:    0.00       (C.Area)
  CAR:   16.13  Ratio:    0.00       (C.S.Area)

[1]  met1:
  PAR:    0.21  Ratio:    0.00       (Area)
  PAR:    1.81  Ratio:  400.00       (S.Area)
  CAR:    0.32  Ratio:    0.00       (C.Area)
  CAR:    1.94  Ratio:    0.00       (C.S.Area)

[1]  li1:
  PAR:    0.11  Ratio:    0.00       (Area)
  PAR:    0.13  Ratio:   75.00       (S.Area)
  CAR:    0.11  Ratio:    0.00       (C.Area)
  CAR:    0.13  Ratio:    0.00       (C.S.Area)

[1]  M1M2_PR:
  PAR:    0.18  Ratio:    6.00       (Area)
  CAR:    0.41  Ratio:    0.00       (C.Area)

[1]  L1M1_PR_MR:
  PAR:    0.23  Ratio:    3.00       (Area)
  CAR:    0.23  Ratio:    0.00       (C.Area)


Net - _011_
  _085_  (sky130_fd_sc_hd__dfxtp_1)  D
[1]  met2:
  PAR:    9.19  Ratio:    0.00       (Area)
  PAR:   46.30  Ratio:  400.00       (S.Area)
  CAR:    9.51  Ratio:    0.00       (C.Area)
  CAR:   48.24  Ratio:    0.00       (C.S.Area)

[1]  met1:
  PAR:    0.21  Ratio:    0.00       (Area)
  PAR:    1.81  Ratio:  400.00       (S.Area)
  CAR:    0.32  Ratio:    0.00       (C.Area)
  CAR:    1.94  Ratio:    0.00       (C.S.Area)

[1]  li1:
  PAR:    0.11  Ratio:    0.00       (Area)
  PAR:    0.13  Ratio:   75.00       (S.Area)
  CAR:    0.11  Ratio:    0.00       (C.Area)
  CAR:    0.13  Ratio:    0.00       (C.S.Area)

[1]  M1M2_PR:
  PAR:    0.18  Ratio:    6.00       (Area)
  CAR:    0.41  Ratio:    0.00       (C.Area)

[1]  L1M1_PR_MR:
  PAR:    0.23  Ratio:    3.00       (Area)
  CAR:    0.23  Ratio:    0.00       (C.Area)


Net - _012_
  _086_  (sky130_fd_sc_hd__dfxtp_1)  D
[1]  met2:
  PAR:    8.81  Ratio:    0.00       (Area)
  PAR:   44.41  Ratio:  400.00       (S.Area)
  CAR:   12.71  Ratio:    0.00       (C.Area)
  CAR:   64.24  Ratio:    0.00       (C.S.Area)

[1]  met1:
  PAR:    3.78  Ratio:    0.00       (Area)
  PAR:   19.69  Ratio:  400.00       (S.Area)
  CAR:    3.90  Ratio:    0.00       (C.Area)
  CAR:   19.83  Ratio:    0.00       (C.S.Area)

[1]  li1:
  PAR:    0.11  Ratio:    0.00       (Area)
  PAR:    0.13  Ratio:   75.00       (S.Area)
  CAR:    0.11  Ratio:    0.00       (C.Area)
  CAR:    0.13  Ratio:    0.00       (C.S.Area)

[1]  M1M2_PR:
  PAR:    0.18  Ratio:    6.00       (Area)
  CAR:    0.41  Ratio:    0.00       (C.Area)

[1]  L1M1_PR_MR:
  PAR:    0.23  Ratio:    3.00       (Area)
  CAR:    0.23  Ratio:    0.00       (C.Area)


Net - _013_
  _087_  (sky130_fd_sc_hd__dfxtp_1)  D
[1]  met2:
  PAR:    6.93  Ratio:    0.00       (Area)
  PAR:   34.97  Ratio:  400.00       (S.Area)
  CAR:   10.09  Ratio:    0.00       (C.Area)
  CAR:   51.13  Ratio:    0.00       (C.S.Area)

[1]  met1:
  PAR:    3.05  Ratio:    0.00       (Area)
  PAR:   16.03  Ratio:  400.00       (S.Area)
  CAR:    3.16  Ratio:    0.00       (C.Area)
  CAR:   16.16  Ratio:    0.00       (C.S.Area)

[1]  li1:
  PAR:    0.11  Ratio:    0.00       (Area)
  PAR:    0.13  Ratio:   75.00       (S.Area)
  CAR:    0.11  Ratio:    0.00       (C.Area)
  CAR:    0.13  Ratio:    0.00       (C.S.Area)

[1]  M1M2_PR:
  PAR:    0.18  Ratio:    6.00       (Area)
  CAR:    0.41  Ratio:    0.00       (C.Area)

[1]  L1M1_PR_MR:
  PAR:    0.23  Ratio:    3.00       (Area)
  CAR:    0.23  Ratio:    0.00       (C.Area)


Net - _014_
  _088_  (sky130_fd_sc_hd__dfxtp_1)  D
[1]  met1:
  PAR:    7.63  Ratio:    0.00       (Area)
  PAR:   39.27  Ratio:  400.00       (S.Area)
  CAR:    7.75  Ratio:    0.00       (C.Area)
  CAR:   39.41  Ratio:    0.00       (C.S.Area)

[1]  li1:
  PAR:    0.11  Ratio:    0.00       (Area)
  PAR:    0.13  Ratio:   75.00       (S.Area)
  CAR:    0.11  Ratio:    0.00       (C.Area)
  CAR:    0.13  Ratio:    0.00       (C.S.Area)

[1]  L1M1_PR_MR:
  PAR:    0.23  Ratio:    3.00       (Area)
  CAR:    0.23  Ratio:    0.00       (C.Area)


Net - _015_
  _089_  (sky130_fd_sc_hd__dfxtp_1)  D
[1]  met2:
  PAR:    8.81  Ratio:    0.00       (Area)
  PAR:   44.41  Ratio:  400.00       (S.Area)
  CAR:   11.98  Ratio:    0.00       (C.Area)
  CAR:   60.58  Ratio:    0.00       (C.S.Area)

[1]  met1:
  PAR:    3.05  Ratio:    0.00       (Area)
  PAR:   16.03  Ratio:  400.00       (S.Area)
  CAR:    3.16  Ratio:    0.00       (C.Area)
  CAR:   16.16  Ratio:    0.00       (C.S.Area)

[1]  li1:
  PAR:    0.11  Ratio:    0.00       (Area)
  PAR:    0.13  Ratio:   75.00       (S.Area)
  CAR:    0.11  Ratio:    0.00       (C.Area)
  CAR:    0.13  Ratio:    0.00       (C.S.Area)

[1]  M1M2_PR:
  PAR:    0.18  Ratio:    6.00       (Area)
  CAR:    0.41  Ratio:    0.00       (C.Area)

[1]  L1M1_PR_MR:
  PAR:    0.23  Ratio:    3.00       (Area)
  CAR:    0.23  Ratio:    0.00       (C.Area)


Net - _016_
  _090_  (sky130_fd_sc_hd__dfxtp_1)  D
[1]  met2:
  PAR:    2.77  Ratio:    0.00       (Area)
  PAR:   14.19  Ratio:  400.00       (S.Area)
  CAR:    6.67  Ratio:    0.00       (C.Area)
  CAR:   34.02  Ratio:    0.00       (C.S.Area)

[1]  met1:
  PAR:    3.78  Ratio:    0.00       (Area)
  PAR:   19.69  Ratio:  400.00       (S.Area)
  CAR:    3.90  Ratio:    0.00       (C.Area)
  CAR:   19.83  Ratio:    0.00       (C.S.Area)

[1]  li1:
  PAR:    0.11  Ratio:    0.00       (Area)
  PAR:    0.13  Ratio:   75.00       (S.Area)
  CAR:    0.11  Ratio:    0.00       (C.Area)
  CAR:    0.13  Ratio:    0.00       (C.S.Area)

[1]  M1M2_PR:
  PAR:    0.18  Ratio:    6.00       (Area)
  CAR:    0.41  Ratio:    0.00       (C.Area)

[1]  L1M1_PR_MR:
  PAR:    0.23  Ratio:    3.00       (Area)
  CAR:    0.23  Ratio:    0.00       (C.Area)


Net - _017_
  _091_  (sky130_fd_sc_hd__dfxtp_1)  D
[1]  met2:
  PAR:    5.04  Ratio:    0.00       (Area)
  PAR:   25.52  Ratio:  400.00       (S.Area)
  CAR:    6.38  Ratio:    0.00       (C.Area)
  CAR:   32.58  Ratio:    0.00       (C.S.Area)

[1]  met1:
  PAR:    1.23  Ratio:    0.00       (Area)
  PAR:    6.92  Ratio:  400.00       (S.Area)
  CAR:    1.34  Ratio:    0.00       (C.Area)
  CAR:    7.05  Ratio:    0.00       (C.S.Area)

[1]  li1:
  PAR:    0.11  Ratio:    0.00       (Area)
  PAR:    0.13  Ratio:   75.00       (S.Area)
  CAR:    0.11  Ratio:    0.00       (C.Area)
  CAR:    0.13  Ratio:    0.00       (C.S.Area)

[1]  M1M2_PR:
  PAR:    0.18  Ratio:    6.00       (Area)
  CAR:    0.41  Ratio:    0.00       (C.Area)

[1]  L1M1_PR_MR:
  PAR:    0.23  Ratio:    3.00       (Area)
  CAR:    0.23  Ratio:    0.00       (C.Area)


Net - _018_
  _092_  (sky130_fd_sc_hd__dfxtp_1)  D
[1]  met2:
  PAR:    2.77  Ratio:    0.00       (Area)
  PAR:   14.19  Ratio:  400.00       (S.Area)
  CAR:    3.95  Ratio:    0.00       (C.Area)
  CAR:   20.44  Ratio:    0.00       (C.S.Area)

[1]  met1:
  PAR:    1.07  Ratio:    0.00       (Area)
  PAR:    6.11  Ratio:  400.00       (S.Area)
  CAR:    1.18  Ratio:    0.00       (C.Area)
  CAR:    6.25  Ratio:    0.00       (C.S.Area)

[1]  li1:
  PAR:    0.11  Ratio:    0.00       (Area)
  PAR:    0.13  Ratio:   75.00       (S.Area)
  CAR:    0.11  Ratio:    0.00       (C.Area)
  CAR:    0.13  Ratio:    0.00       (C.S.Area)

[1]  M1M2_PR:
  PAR:    0.18  Ratio:    6.00       (Area)
  CAR:    0.41  Ratio:    0.00       (C.Area)

[1]  L1M1_PR_MR:
  PAR:    0.23  Ratio:    3.00       (Area)
  CAR:    0.23  Ratio:    0.00       (C.Area)


Net - _019_
  _093_  (sky130_fd_sc_hd__dfxtp_1)  D
[1]  met2:
  PAR:    2.77  Ratio:    0.00       (Area)
  PAR:   14.19  Ratio:  400.00       (S.Area)
  CAR:    3.38  Ratio:    0.00       (C.Area)
  CAR:   17.58  Ratio:    0.00       (C.S.Area)

[1]  met1:
  PAR:    0.49  Ratio:    0.00       (Area)
  PAR:    3.25  Ratio:  400.00       (S.Area)
  CAR:    0.61  Ratio:    0.00       (C.Area)
  CAR:    3.38  Ratio:    0.00       (C.S.Area)

[1]  li1:
  PAR:    0.11  Ratio:    0.00       (Area)
  PAR:    0.13  Ratio:   75.00       (S.Area)
  CAR:    0.11  Ratio:    0.00       (C.Area)
  CAR:    0.13  Ratio:    0.00       (C.S.Area)

[1]  M1M2_PR:
  PAR:    0.18  Ratio:    6.00       (Area)
  CAR:    0.41  Ratio:    0.00       (C.Area)

[1]  L1M1_PR_MR:
  PAR:    0.23  Ratio:    3.00       (Area)
  CAR:    0.23  Ratio:    0.00       (C.Area)


Net - _020_
  _094_  (sky130_fd_sc_hd__dfxtp_1)  D
[1]  met2:
  PAR:    5.04  Ratio:    0.00       (Area)
  PAR:   25.52  Ratio:  400.00       (S.Area)
  CAR:    9.22  Ratio:    0.00       (C.Area)
  CAR:   46.80  Ratio:    0.00       (C.S.Area)

[1]  met1:
  PAR:    4.07  Ratio:    0.00       (Area)
  PAR:   21.14  Ratio:  400.00       (S.Area)
  CAR:    4.19  Ratio:    0.00       (C.Area)
  CAR:   21.27  Ratio:    0.00       (C.S.Area)

[1]  li1:
  PAR:    0.11  Ratio:    0.00       (Area)
  PAR:    0.13  Ratio:   75.00       (S.Area)
  CAR:    0.11  Ratio:    0.00       (C.Area)
  CAR:    0.13  Ratio:    0.00       (C.S.Area)

[1]  M1M2_PR:
  PAR:    0.18  Ratio:    6.00       (Area)
  CAR:    0.41  Ratio:    0.00       (C.Area)

[1]  L1M1_PR_MR:
  PAR:    0.23  Ratio:    3.00       (Area)
  CAR:    0.23  Ratio:    0.00       (C.Area)


Net - _021_
  _095_  (sky130_fd_sc_hd__dfxtp_1)  D
[1]  met2:
  PAR:    2.77  Ratio:    0.00       (Area)
  PAR:   14.19  Ratio:  400.00       (S.Area)
  CAR:    4.62  Ratio:    0.00       (C.Area)
  CAR:   23.80  Ratio:    0.00       (C.S.Area)

[1]  met1:
  PAR:    1.74  Ratio:    0.00       (Area)
  PAR:    9.47  Ratio:  400.00       (S.Area)
  CAR:    1.85  Ratio:    0.00       (C.Area)
  CAR:    9.61  Ratio:    0.00       (C.S.Area)

[1]  li1:
  PAR:    0.11  Ratio:    0.00       (Area)
  PAR:    0.13  Ratio:   75.00       (S.Area)
  CAR:    0.11  Ratio:    0.00       (C.Area)
  CAR:    0.13  Ratio:    0.00       (C.S.Area)

[1]  M1M2_PR:
  PAR:    0.18  Ratio:    6.00       (Area)
  CAR:    0.41  Ratio:    0.00       (C.Area)

[1]  L1M1_PR_MR:
  PAR:    0.23  Ratio:    3.00       (Area)
  CAR:    0.23  Ratio:    0.00       (C.Area)


Net - _022_
  _096_  (sky130_fd_sc_hd__dfxtp_1)  D
[1]  met2:
  PAR:    2.77  Ratio:    0.00       (Area)
  PAR:   14.19  Ratio:  400.00       (S.Area)
  CAR:    3.95  Ratio:    0.00       (C.Area)
  CAR:   20.44  Ratio:    0.00       (C.S.Area)

[1]  met1:
  PAR:    1.07  Ratio:    0.00       (Area)
  PAR:    6.11  Ratio:  400.00       (S.Area)
  CAR:    1.18  Ratio:    0.00       (C.Area)
  CAR:    6.25  Ratio:    0.00       (C.S.Area)

[1]  li1:
  PAR:    0.11  Ratio:    0.00       (Area)
  PAR:    0.13  Ratio:   75.00       (S.Area)
  CAR:    0.11  Ratio:    0.00       (C.Area)
  CAR:    0.13  Ratio:    0.00       (C.S.Area)

[1]  M1M2_PR:
  PAR:    0.18  Ratio:    6.00       (Area)
  CAR:    0.41  Ratio:    0.00       (C.Area)

[1]  L1M1_PR_MR:
  PAR:    0.23  Ratio:    3.00       (Area)
  CAR:    0.23  Ratio:    0.00       (C.Area)


Net - _023_
  _097_  (sky130_fd_sc_hd__dfxtp_1)  D
[1]  met2:
  PAR:    9.19  Ratio:    0.00       (Area)
  PAR:   46.30  Ratio:  400.00       (S.Area)
  CAR:    9.80  Ratio:    0.00       (C.Area)
  CAR:   49.69  Ratio:    0.00       (C.S.Area)

[1]  met1:
  PAR:    0.49  Ratio:    0.00       (Area)
  PAR:    3.25  Ratio:  400.00       (S.Area)
  CAR:    0.61  Ratio:    0.00       (C.Area)
  CAR:    3.38  Ratio:    0.00       (C.S.Area)

[1]  li1:
  PAR:    0.11  Ratio:    0.00       (Area)
  PAR:    0.13  Ratio:   75.00       (S.Area)
  CAR:    0.11  Ratio:    0.00       (C.Area)
  CAR:    0.13  Ratio:    0.00       (C.S.Area)

[1]  M1M2_PR:
  PAR:    0.18  Ratio:    6.00       (Area)
  CAR:    0.41  Ratio:    0.00       (C.Area)

[1]  L1M1_PR_MR:
  PAR:    0.23  Ratio:    3.00       (Area)
  CAR:    0.23  Ratio:    0.00       (C.Area)


Net - _024_
  _098_  (sky130_fd_sc_hd__dfxtp_1)  D
[1]  met1:
  PAR:   19.61  Ratio:    0.00       (Area)
  PAR:   99.16  Ratio:  400.00       (S.Area)
  CAR:   19.72  Ratio:    0.00       (C.Area)
  CAR:   99.30  Ratio:    0.00       (C.S.Area)

[1]  li1:
  PAR:    0.11  Ratio:    0.00       (Area)
  PAR:    0.13  Ratio:   75.00       (S.Area)
  CAR:    0.11  Ratio:    0.00       (C.Area)
  CAR:    0.13  Ratio:    0.00       (C.S.Area)

[1]  L1M1_PR_MR:
  PAR:    0.23  Ratio:    3.00       (Area)
  CAR:    0.23  Ratio:    0.00       (C.Area)


Net - _025_
  _099_  (sky130_fd_sc_hd__dfxtp_1)  D
[1]  met2:
  PAR:    5.04  Ratio:    0.00       (Area)
  PAR:   25.52  Ratio:  400.00       (S.Area)
  CAR:    7.69  Ratio:    0.00       (C.Area)
  CAR:   39.13  Ratio:    0.00       (C.S.Area)

[1]  met1:
  PAR:    2.54  Ratio:    0.00       (Area)
  PAR:   13.47  Ratio:  400.00       (S.Area)
  CAR:    2.65  Ratio:    0.00       (C.Area)
  CAR:   13.61  Ratio:    0.00       (C.S.Area)

[1]  li1:
  PAR:    0.11  Ratio:    0.00       (Area)
  PAR:    0.13  Ratio:   75.00       (S.Area)
  CAR:    0.11  Ratio:    0.00       (C.Area)
  CAR:    0.13  Ratio:    0.00       (C.S.Area)

[1]  M1M2_PR:
  PAR:    0.18  Ratio:    6.00       (Area)
  CAR:    0.41  Ratio:    0.00       (C.Area)

[1]  L1M1_PR_MR:
  PAR:    0.23  Ratio:    3.00       (Area)
  CAR:    0.23  Ratio:    0.00       (C.Area)


Net - _026_
  _100_  (sky130_fd_sc_hd__dfxtp_1)  D
[1]  met2:
  PAR:    2.77  Ratio:    0.00       (Area)
  PAR:   14.19  Ratio:  400.00       (S.Area)
  CAR:    9.06  Ratio:    0.00       (C.Area)
  CAR:   45.99  Ratio:    0.00       (C.S.Area)

[1]  met1:
  PAR:    6.18  Ratio:    0.00       (Area)
  PAR:   31.67  Ratio:  400.00       (S.Area)
  CAR:    6.29  Ratio:    0.00       (C.Area)
  CAR:   31.80  Ratio:    0.00       (C.S.Area)

[1]  li1:
  PAR:    0.11  Ratio:    0.00       (Area)
  PAR:    0.13  Ratio:   75.00       (S.Area)
  CAR:    0.11  Ratio:    0.00       (C.Area)
  CAR:    0.13  Ratio:    0.00       (C.S.Area)

[1]  M1M2_PR:
  PAR:    0.18  Ratio:    6.00       (Area)
  CAR:    0.41  Ratio:    0.00       (C.Area)

[1]  L1M1_PR_MR:
  PAR:    0.23  Ratio:    3.00       (Area)
  CAR:    0.23  Ratio:    0.00       (C.Area)


Net - _027_
  _101_  (sky130_fd_sc_hd__dfxtp_1)  D
[1]  met2:
  PAR:    2.77  Ratio:    0.00       (Area)
  PAR:   14.19  Ratio:  400.00       (S.Area)
  CAR:    6.45  Ratio:    0.00       (C.Area)
  CAR:   32.91  Ratio:    0.00       (C.S.Area)

[1]  met1:
  PAR:    3.56  Ratio:    0.00       (Area)
  PAR:   18.58  Ratio:  400.00       (S.Area)
  CAR:    3.68  Ratio:    0.00       (C.Area)
  CAR:   18.72  Ratio:    0.00       (C.S.Area)

[1]  li1:
  PAR:    0.11  Ratio:    0.00       (Area)
  PAR:    0.13  Ratio:   75.00       (S.Area)
  CAR:    0.11  Ratio:    0.00       (C.Area)
  CAR:    0.13  Ratio:    0.00       (C.S.Area)

[1]  M1M2_PR:
  PAR:    0.18  Ratio:    6.00       (Area)
  CAR:    0.41  Ratio:    0.00       (C.Area)

[1]  L1M1_PR_MR:
  PAR:    0.23  Ratio:    3.00       (Area)
  CAR:    0.23  Ratio:    0.00       (C.Area)


Net - _028_
  _102_  (sky130_fd_sc_hd__dfxtp_1)  D
[1]  met2:
  PAR:    2.77  Ratio:    0.00       (Area)
  PAR:   14.19  Ratio:  400.00       (S.Area)
  CAR:    9.73  Ratio:    0.00       (C.Area)
  CAR:   49.35  Ratio:    0.00       (C.S.Area)

[1]  met1:
  PAR:    6.85  Ratio:    0.00       (Area)
  PAR:   35.03  Ratio:  400.00       (S.Area)
  CAR:    6.96  Ratio:    0.00       (C.Area)
  CAR:   35.16  Ratio:    0.00       (C.S.Area)

[1]  li1:
  PAR:    0.11  Ratio:    0.00       (Area)
  PAR:    0.13  Ratio:   75.00       (S.Area)
  CAR:    0.11  Ratio:    0.00       (C.Area)
  CAR:    0.13  Ratio:    0.00       (C.S.Area)

[1]  M1M2_PR:
  PAR:    0.18  Ratio:    6.00       (Area)
  CAR:    0.41  Ratio:    0.00       (C.Area)

[1]  L1M1_PR_MR:
  PAR:    0.23  Ratio:    3.00       (Area)
  CAR:    0.23  Ratio:    0.00       (C.Area)


Net - _029_
  _045_  (sky130_fd_sc_hd__nor4_2)  A
[1]  met2:
  PAR:    2.92  Ratio:    0.00       (Area)
  PAR:   14.67  Ratio: 2956.40       (S.Area)
  CAR:    2.99  Ratio:    0.00       (C.Area)
  CAR:   14.90  Ratio:    0.00       (C.S.Area)

[1]  met1:
  PAR:    0.04  Ratio:    0.00       (Area)
  PAR:    0.20  Ratio:  400.00       (S.Area)
  CAR:    0.07  Ratio:    0.00       (C.Area)
  CAR:    0.23  Ratio:    0.00       (C.S.Area)

[1]  li1:
  PAR:    0.03  Ratio:    0.00       (Area)
  PAR:    0.03  Ratio:   75.00       (S.Area)
  CAR:    0.03  Ratio:    0.00       (C.Area)
  CAR:    0.03  Ratio:    0.00       (C.S.Area)

[1]  M1M2_PR:
  PAR:    0.05  Ratio:    6.00       (Area)
  CAR:    0.10  Ratio:    0.00       (C.Area)

[1]  L1M1_PR_MR:
  PAR:    0.06  Ratio:    3.00       (Area)
  CAR:    0.06  Ratio:    0.00       (C.Area)


Net - _030_
  _045_  (sky130_fd_sc_hd__nor4_2)  B
[1]  met2:
  PAR:    1.47  Ratio:    0.00       (Area)
  PAR:    7.46  Ratio: 2956.40       (S.Area)
  CAR:    1.54  Ratio:    0.00       (C.Area)
  CAR:    7.69  Ratio:    0.00       (C.S.Area)

[1]  met1:
  PAR:    0.04  Ratio:    0.00       (Area)
  PAR:    0.20  Ratio:  400.00       (S.Area)
  CAR:    0.07  Ratio:    0.00       (C.Area)
  CAR:    0.23  Ratio:    0.00       (C.S.Area)

[1]  li1:
  PAR:    0.03  Ratio:    0.00       (Area)
  PAR:    0.03  Ratio:   75.00       (S.Area)
  CAR:    0.03  Ratio:    0.00       (C.Area)
  CAR:    0.03  Ratio:    0.00       (C.S.Area)

[1]  M1M2_PR:
  PAR:    0.05  Ratio:    6.00       (Area)
  CAR:    0.10  Ratio:    0.00       (C.Area)

[1]  L1M1_PR_MR:
  PAR:    0.06  Ratio:    3.00       (Area)
  CAR:    0.06  Ratio:    0.00       (C.Area)


Net - _031_
  _045_  (sky130_fd_sc_hd__nor4_2)  C
[1]  met2:
  PAR:    3.69  Ratio:    0.00       (Area)
  PAR:   18.52  Ratio: 2956.40       (S.Area)
  CAR:    5.80  Ratio:    0.00       (C.Area)
  CAR:   29.38  Ratio:    0.00       (C.S.Area)

[1]  met1:
  PAR:    2.09  Ratio:    0.00       (Area)
  PAR:   10.83  Ratio:  400.00       (S.Area)
  CAR:    2.12  Ratio:    0.00       (C.Area)
  CAR:   10.87  Ratio:    0.00       (C.S.Area)

[1]  li1:
  PAR:    0.03  Ratio:    0.00       (Area)
  PAR:    0.03  Ratio:   75.00       (S.Area)
  CAR:    0.03  Ratio:    0.00       (C.Area)
  CAR:    0.03  Ratio:    0.00       (C.S.Area)

[1]  M1M2_PR:
  PAR:    0.05  Ratio:    6.00       (Area)
  CAR:    0.10  Ratio:    0.00       (C.Area)

[1]  L1M1_PR_MR:
  PAR:    0.06  Ratio:    3.00       (Area)
  CAR:    0.06  Ratio:    0.00       (C.Area)


Net - _032_
  _044_  (sky130_fd_sc_hd__or4_4)  A
[1]  met2:
  PAR:    1.22  Ratio:    0.00       (Area)
  PAR:    6.26  Ratio: 2956.40       (S.Area)
  CAR:    1.36  Ratio:    0.00       (C.Area)
  CAR:    6.73  Ratio:    0.00       (C.S.Area)

[1]  met1:
  PAR:    0.08  Ratio:    0.00       (Area)
  PAR:    0.40  Ratio:  400.00       (S.Area)
  CAR:    0.14  Ratio:    0.00       (C.Area)
  CAR:    0.46  Ratio:    0.00       (C.S.Area)

[1]  li1:
  PAR:    0.06  Ratio:    0.00       (Area)
  PAR:    0.07  Ratio:   75.00       (S.Area)
  CAR:    0.06  Ratio:    0.00       (C.Area)
  CAR:    0.07  Ratio:    0.00       (C.S.Area)

[1]  M1M2_PR:
  PAR:    0.09  Ratio:    6.00       (Area)
  CAR:    0.21  Ratio:    0.00       (C.Area)

[1]  L1M1_PR_MR:
  PAR:    0.12  Ratio:    3.00       (Area)
  CAR:    0.12  Ratio:    0.00       (C.Area)


Net - _033_
  _044_  (sky130_fd_sc_hd__or4_4)  B
[1]  met2:
  PAR:    7.76  Ratio:    0.00       (Area)
  PAR:   38.96  Ratio: 2956.40       (S.Area)
  CAR:    7.89  Ratio:    0.00       (C.Area)
  CAR:   39.42  Ratio:    0.00       (C.S.Area)

[1]  met1:
  PAR:    0.08  Ratio:    0.00       (Area)
  PAR:    0.40  Ratio:  400.00       (S.Area)
  CAR:    0.14  Ratio:    0.00       (C.Area)
  CAR:    0.46  Ratio:    0.00       (C.S.Area)

[1]  li1:
  PAR:    0.06  Ratio:    0.00       (Area)
  PAR:    0.07  Ratio:   75.00       (S.Area)
  CAR:    0.06  Ratio:    0.00       (C.Area)
  CAR:    0.07  Ratio:    0.00       (C.S.Area)

[1]  M1M2_PR:
  PAR:    0.09  Ratio:    6.00       (Area)
  CAR:    0.21  Ratio:    0.00       (C.Area)

[1]  L1M1_PR_MR:
  PAR:    0.12  Ratio:    3.00       (Area)
  CAR:    0.12  Ratio:    0.00       (C.Area)


Net - _034_
  _044_  (sky130_fd_sc_hd__or4_4)  C
[1]  met2:
  PAR:    4.30  Ratio:    0.00       (Area)
  PAR:   21.65  Ratio: 2956.40       (S.Area)
  CAR:    5.37  Ratio:    0.00       (C.Area)
  CAR:   27.19  Ratio:    0.00       (C.S.Area)

[1]  met1:
  PAR:    1.02  Ratio:    0.00       (Area)
  PAR:    5.47  Ratio:  400.00       (S.Area)
  CAR:    1.07  Ratio:    0.00       (C.Area)
  CAR:    5.54  Ratio:    0.00       (C.S.Area)

[1]  li1:
  PAR:    0.06  Ratio:    0.00       (Area)
  PAR:    0.07  Ratio:   75.00       (S.Area)
  CAR:    0.06  Ratio:    0.00       (C.Area)
  CAR:    0.07  Ratio:    0.00       (C.S.Area)

[1]  M1M2_PR:
  PAR:    0.09  Ratio:    6.00       (Area)
  CAR:    0.21  Ratio:    0.00       (C.Area)

[1]  L1M1_PR_MR:
  PAR:    0.12  Ratio:    3.00       (Area)
  CAR:    0.12  Ratio:    0.00       (C.Area)


Net - _035_
  _044_  (sky130_fd_sc_hd__or4_4)  D
[1]  met2:
  PAR:   13.53  Ratio:    0.00       (Area)
  PAR:   67.81  Ratio: 2956.40       (S.Area)
  CAR:   13.66  Ratio:    0.00       (C.Area)
  CAR:   68.27  Ratio:    0.00       (C.S.Area)

[1]  met1:
  PAR:    0.08  Ratio:    0.00       (Area)
  PAR:    0.40  Ratio:  400.00       (S.Area)
  CAR:    0.14  Ratio:    0.00       (C.Area)
  CAR:    0.46  Ratio:    0.00       (C.S.Area)

[1]  li1:
  PAR:    0.06  Ratio:    0.00       (Area)
  PAR:    0.07  Ratio:   75.00       (S.Area)
  CAR:    0.06  Ratio:    0.00       (C.Area)
  CAR:    0.07  Ratio:    0.00       (C.S.Area)

[1]  M1M2_PR:
  PAR:    0.09  Ratio:    6.00       (Area)
  CAR:    0.21  Ratio:    0.00       (C.Area)

[1]  L1M1_PR_MR:
  PAR:    0.12  Ratio:    3.00       (Area)
  CAR:    0.12  Ratio:    0.00       (C.Area)


Net - _036_
  _045_  (sky130_fd_sc_hd__nor4_2)  D
[1]  met2:
  PAR:    1.67  Ratio:    0.00       (Area)
  PAR:    8.42  Ratio: 2956.40       (S.Area)
  CAR:    7.56  Ratio:    0.00       (C.Area)
  CAR:   38.15  Ratio:    0.00       (C.S.Area)

[1]  met1:
  PAR:    5.86  Ratio:    0.00       (Area)
  PAR:   29.70  Ratio:  400.00       (S.Area)
  CAR:    5.89  Ratio:    0.00       (C.Area)
  CAR:   29.73  Ratio:    0.00       (C.S.Area)

[1]  li1:
  PAR:    0.03  Ratio:    0.00       (Area)
  PAR:    0.03  Ratio:   75.00       (S.Area)
  CAR:    0.03  Ratio:    0.00       (C.Area)
  CAR:    0.03  Ratio:    0.00       (C.S.Area)

[1]  M1M2_PR:
  PAR:    0.05  Ratio:    6.00       (Area)
  CAR:    0.10  Ratio:    0.00       (C.Area)

[1]  L1M1_PR_MR:
  PAR:    0.06  Ratio:    3.00       (Area)
  CAR:    0.06  Ratio:    0.00       (C.Area)


Net - counter\[0\]
  _041_  (sky130_fd_sc_hd__or4_4)  B
[1]  met2:
  PAR:    6.22  Ratio:    0.00       (Area)
  PAR:   31.26  Ratio: 2771.60       (S.Area)
  CAR:    6.36  Ratio:    0.00       (C.Area)
  CAR:   31.73  Ratio:    0.00       (C.S.Area)

[1]  met1:
  PAR:    0.08  Ratio:    0.00       (Area)
  PAR:    0.40  Ratio:  400.00       (S.Area)
  CAR:    0.14  Ratio:    0.00       (C.Area)
  CAR:    0.46  Ratio:    0.00       (C.S.Area)

[1]  li1:
  PAR:    0.06  Ratio:    0.00       (Area)
  PAR:    0.07  Ratio:   75.00       (S.Area)
  CAR:    0.06  Ratio:    0.00       (C.Area)
  CAR:    0.07  Ratio:    0.00       (C.S.Area)

[1]  M1M2_PR:
  PAR:    0.09  Ratio:    6.00       (Area)
  CAR:    0.21  Ratio:    0.00       (C.Area)

[1]  L1M1_PR_MR:
  PAR:    0.12  Ratio:    3.00       (Area)
  CAR:    0.12  Ratio:    0.00       (C.Area)


Net - counter\[10\]
  _038_  (sky130_fd_sc_hd__or4_4)  C
[1]  met2:
  PAR:    5.83  Ratio:    0.00       (Area)
  PAR:   29.34  Ratio: 2771.60       (S.Area)
  CAR:    6.65  Ratio:    0.00       (C.Area)
  CAR:   33.58  Ratio:    0.00       (C.S.Area)

[1]  met1:
  PAR:    0.76  Ratio:    0.00       (Area)
  PAR:    4.17  Ratio:  400.00       (S.Area)
  CAR:    0.81  Ratio:    0.00       (C.Area)
  CAR:    4.24  Ratio:    0.00       (C.S.Area)

[1]  li1:
  PAR:    0.06  Ratio:    0.00       (Area)
  PAR:    0.07  Ratio:   75.00       (S.Area)
  CAR:    0.06  Ratio:    0.00       (C.Area)
  CAR:    0.07  Ratio:    0.00       (C.S.Area)

[1]  M1M2_PR:
  PAR:    0.09  Ratio:    6.00       (Area)
  CAR:    0.21  Ratio:    0.00       (C.Area)

[1]  L1M1_PR_MR:
  PAR:    0.12  Ratio:    3.00       (Area)
  CAR:    0.12  Ratio:    0.00       (C.Area)


Net - counter\[11\]
  _038_  (sky130_fd_sc_hd__or4_4)  B
[1]  met1:
  PAR:    2.22  Ratio:    0.00       (Area)
  PAR:   11.27  Ratio: 2771.60       (S.Area)
  CAR:    2.28  Ratio:    0.00       (C.Area)
  CAR:   11.34  Ratio:    0.00       (C.S.Area)

[1]  li1:
  PAR:    0.06  Ratio:    0.00       (Area)
  PAR:    0.07  Ratio:   75.00       (S.Area)
  CAR:    0.06  Ratio:    0.00       (C.Area)
  CAR:    0.07  Ratio:    0.00       (C.S.Area)

[1]  L1M1_PR_MR:
  PAR:    0.12  Ratio:    3.00       (Area)
  CAR:    0.12  Ratio:    0.00       (C.Area)


Net - counter\[12\]
  _038_  (sky130_fd_sc_hd__or4_4)  A
[1]  met2:
  PAR:    1.41  Ratio:    0.00       (Area)
  PAR:    7.22  Ratio: 2771.60       (S.Area)
  CAR:    1.55  Ratio:    0.00       (C.Area)
  CAR:    7.69  Ratio:    0.00       (C.S.Area)

[1]  met1:
  PAR:    0.08  Ratio:    0.00       (Area)
  PAR:    0.40  Ratio:  400.00       (S.Area)
  CAR:    0.14  Ratio:    0.00       (C.Area)
  CAR:    0.46  Ratio:    0.00       (C.S.Area)

[1]  li1:
  PAR:    0.06  Ratio:    0.00       (Area)
  PAR:    0.07  Ratio:   75.00       (S.Area)
  CAR:    0.06  Ratio:    0.00       (C.Area)
  CAR:    0.07  Ratio:    0.00       (C.S.Area)

[1]  M1M2_PR:
  PAR:    0.09  Ratio:    6.00       (Area)
  CAR:    0.21  Ratio:    0.00       (C.Area)

[1]  L1M1_PR_MR:
  PAR:    0.12  Ratio:    3.00       (Area)
  CAR:    0.12  Ratio:    0.00       (C.Area)


Net - counter\[13\]
  _042_  (sky130_fd_sc_hd__or4_4)  D
[1]  met2:
  PAR:    2.56  Ratio:    0.00       (Area)
  PAR:   12.99  Ratio: 2771.60       (S.Area)
  CAR:    2.70  Ratio:    0.00       (C.Area)
  CAR:   13.46  Ratio:    0.00       (C.S.Area)

[1]  met1:
  PAR:    0.08  Ratio:    0.00       (Area)
  PAR:    0.40  Ratio:  400.00       (S.Area)
  CAR:    0.14  Ratio:    0.00       (C.Area)
  CAR:    0.46  Ratio:    0.00       (C.S.Area)

[1]  li1:
  PAR:    0.06  Ratio:    0.00       (Area)
  PAR:    0.07  Ratio:   75.00       (S.Area)
  CAR:    0.06  Ratio:    0.00       (C.Area)
  CAR:    0.07  Ratio:    0.00       (C.S.Area)

[1]  M1M2_PR:
  PAR:    0.09  Ratio:    6.00       (Area)
  CAR:    0.21  Ratio:    0.00       (C.Area)

[1]  L1M1_PR_MR:
  PAR:    0.12  Ratio:    3.00       (Area)
  CAR:    0.12  Ratio:    0.00       (C.Area)


Net - counter\[14\]
  _042_  (sky130_fd_sc_hd__or4_4)  C
[1]  met1:
  PAR:    1.83  Ratio:    0.00       (Area)
  PAR:    9.32  Ratio: 2771.60       (S.Area)
  CAR:    1.89  Ratio:    0.00       (C.Area)
  CAR:    9.39  Ratio:    0.00       (C.S.Area)

[1]  li1:
  PAR:    0.06  Ratio:    0.00       (Area)
  PAR:    0.07  Ratio:   75.00       (S.Area)
  CAR:    0.06  Ratio:    0.00       (C.Area)
  CAR:    0.07  Ratio:    0.00       (C.S.Area)

[1]  L1M1_PR_MR:
  PAR:    0.12  Ratio:    3.00       (Area)
  CAR:    0.12  Ratio:    0.00       (C.Area)


Net - counter\[15\]
  _042_  (sky130_fd_sc_hd__or4_4)  A
[1]  met2:
  PAR:    2.76  Ratio:    0.00       (Area)
  PAR:   13.96  Ratio: 2771.60       (S.Area)
  CAR:    2.89  Ratio:    0.00       (C.Area)
  CAR:   14.42  Ratio:    0.00       (C.S.Area)

[1]  met1:
  PAR:    0.08  Ratio:    0.00       (Area)
  PAR:    0.40  Ratio:  400.00       (S.Area)
  CAR:    0.14  Ratio:    0.00       (C.Area)
  CAR:    0.46  Ratio:    0.00       (C.S.Area)

[1]  li1:
  PAR:    0.06  Ratio:    0.00       (Area)
  PAR:    0.07  Ratio:   75.00       (S.Area)
  CAR:    0.06  Ratio:    0.00       (C.Area)
  CAR:    0.07  Ratio:    0.00       (C.S.Area)

[1]  M1M2_PR:
  PAR:    0.09  Ratio:    6.00       (Area)
  CAR:    0.21  Ratio:    0.00       (C.Area)

[1]  L1M1_PR_MR:
  PAR:    0.12  Ratio:    3.00       (Area)
  CAR:    0.12  Ratio:    0.00       (C.Area)


Net - counter\[16\]
  _042_  (sky130_fd_sc_hd__or4_4)  B
[1]  met2:
  PAR:    0.83  Ratio:    0.00       (Area)
  PAR:    4.34  Ratio: 2771.60       (S.Area)
  CAR:    0.97  Ratio:    0.00       (C.Area)
  CAR:    4.80  Ratio:    0.00       (C.S.Area)

[1]  met1:
  PAR:    0.08  Ratio:    0.00       (Area)
  PAR:    0.40  Ratio:  400.00       (S.Area)
  CAR:    0.14  Ratio:    0.00       (C.Area)
  CAR:    0.46  Ratio:    0.00       (C.S.Area)

[1]  li1:
  PAR:    0.06  Ratio:    0.00       (Area)
  PAR:    0.07  Ratio:   75.00       (S.Area)
  CAR:    0.06  Ratio:    0.00       (C.Area)
  CAR:    0.07  Ratio:    0.00       (C.S.Area)

[1]  M1M2_PR:
  PAR:    0.09  Ratio:    6.00       (Area)
  CAR:    0.21  Ratio:    0.00       (C.Area)

[1]  L1M1_PR_MR:
  PAR:    0.12  Ratio:    3.00       (Area)
  CAR:    0.12  Ratio:    0.00       (C.Area)


Net - counter\[17\]
  _043_  (sky130_fd_sc_hd__or4_4)  D
[1]  met2:
  PAR:    2.56  Ratio:    0.00       (Area)
  PAR:   12.99  Ratio: 2771.60       (S.Area)
  CAR:    5.82  Ratio:    0.00       (C.Area)
  CAR:   29.47  Ratio:    0.00       (C.S.Area)

[1]  met1:
  PAR:    3.20  Ratio:    0.00       (Area)
  PAR:   16.40  Ratio:  400.00       (S.Area)
  CAR:    3.26  Ratio:    0.00       (C.Area)
  CAR:   16.47  Ratio:    0.00       (C.S.Area)

[1]  li1:
  PAR:    0.06  Ratio:    0.00       (Area)
  PAR:    0.07  Ratio:   75.00       (S.Area)
  CAR:    0.06  Ratio:    0.00       (C.Area)
  CAR:    0.07  Ratio:    0.00       (C.S.Area)

[1]  M1M2_PR:
  PAR:    0.09  Ratio:    6.00       (Area)
  CAR:    0.21  Ratio:    0.00       (C.Area)

[1]  L1M1_PR_MR:
  PAR:    0.12  Ratio:    3.00       (Area)
  CAR:    0.12  Ratio:    0.00       (C.Area)


Net - counter\[18\]
  _043_  (sky130_fd_sc_hd__or4_4)  C
[1]  met2:
  PAR:    1.22  Ratio:    0.00       (Area)
  PAR:    6.26  Ratio: 2771.60       (S.Area)
  CAR:    1.46  Ratio:    0.00       (C.Area)
  CAR:    7.65  Ratio:    0.00       (C.S.Area)

[1]  met1:
  PAR:    0.18  Ratio:    0.00       (Area)
  PAR:    1.32  Ratio:  400.00       (S.Area)
  CAR:    0.24  Ratio:    0.00       (C.Area)
  CAR:    1.38  Ratio:    0.00       (C.S.Area)

[1]  li1:
  PAR:    0.06  Ratio:    0.00       (Area)
  PAR:    0.07  Ratio:   75.00       (S.Area)
  CAR:    0.06  Ratio:    0.00       (C.Area)
  CAR:    0.07  Ratio:    0.00       (C.S.Area)

[1]  M1M2_PR:
  PAR:    0.09  Ratio:    6.00       (Area)
  CAR:    0.21  Ratio:    0.00       (C.Area)

[1]  L1M1_PR_MR:
  PAR:    0.12  Ratio:    3.00       (Area)
  CAR:    0.12  Ratio:    0.00       (C.Area)


Net - counter\[19\]
  _043_  (sky130_fd_sc_hd__or4_4)  B
[1]  met2:
  PAR:    4.30  Ratio:    0.00       (Area)
  PAR:   21.65  Ratio: 2771.60       (S.Area)
  CAR:    4.82  Ratio:    0.00       (C.Area)
  CAR:   24.43  Ratio:    0.00       (C.S.Area)

[1]  met1:
  PAR:    0.46  Ratio:    0.00       (Area)
  PAR:    2.72  Ratio:  400.00       (S.Area)
  CAR:    0.52  Ratio:    0.00       (C.Area)
  CAR:    2.78  Ratio:    0.00       (C.S.Area)

[1]  li1:
  PAR:    0.06  Ratio:    0.00       (Area)
  PAR:    0.07  Ratio:   75.00       (S.Area)
  CAR:    0.06  Ratio:    0.00       (C.Area)
  CAR:    0.07  Ratio:    0.00       (C.S.Area)

[1]  M1M2_PR:
  PAR:    0.09  Ratio:    6.00       (Area)
  CAR:    0.21  Ratio:    0.00       (C.Area)

[1]  L1M1_PR_MR:
  PAR:    0.12  Ratio:    3.00       (Area)
  CAR:    0.12  Ratio:    0.00       (C.Area)


Net - counter\[1\]
  _041_  (sky130_fd_sc_hd__or4_4)  A
[1]  met2:
  PAR:    2.95  Ratio:    0.00       (Area)
  PAR:   14.92  Ratio: 2771.60       (S.Area)
  CAR:    3.09  Ratio:    0.00       (C.Area)
  CAR:   15.38  Ratio:    0.00       (C.S.Area)

[1]  met1:
  PAR:    0.08  Ratio:    0.00       (Area)
  PAR:    0.40  Ratio:  400.00       (S.Area)
  CAR:    0.14  Ratio:    0.00       (C.Area)
  CAR:    0.46  Ratio:    0.00       (C.S.Area)

[1]  li1:
  PAR:    0.06  Ratio:    0.00       (Area)
  PAR:    0.07  Ratio:   75.00       (S.Area)
  CAR:    0.06  Ratio:    0.00       (C.Area)
  CAR:    0.07  Ratio:    0.00       (C.S.Area)

[1]  M1M2_PR:
  PAR:    0.09  Ratio:    6.00       (Area)
  CAR:    0.21  Ratio:    0.00       (C.Area)

[1]  L1M1_PR_MR:
  PAR:    0.12  Ratio:    3.00       (Area)
  CAR:    0.12  Ratio:    0.00       (C.Area)


Net - counter\[20\]
  _043_  (sky130_fd_sc_hd__or4_4)  A
[1]  met2:
  PAR:    2.95  Ratio:    0.00       (Area)
  PAR:   14.92  Ratio: 2771.60       (S.Area)
  CAR:    3.09  Ratio:    0.00       (C.Area)
  CAR:   15.38  Ratio:    0.00       (C.S.Area)

[1]  met1:
  PAR:    0.08  Ratio:    0.00       (Area)
  PAR:    0.40  Ratio:  400.00       (S.Area)
  CAR:    0.14  Ratio:    0.00       (C.Area)
  CAR:    0.46  Ratio:    0.00       (C.S.Area)

[1]  li1:
  PAR:    0.06  Ratio:    0.00       (Area)
  PAR:    0.07  Ratio:   75.00       (S.Area)
  CAR:    0.06  Ratio:    0.00       (C.Area)
  CAR:    0.07  Ratio:    0.00       (C.S.Area)

[1]  M1M2_PR:
  PAR:    0.09  Ratio:    6.00       (Area)
  CAR:    0.21  Ratio:    0.00       (C.Area)

[1]  L1M1_PR_MR:
  PAR:    0.12  Ratio:    3.00       (Area)
  CAR:    0.12  Ratio:    0.00       (C.Area)


Net - counter\[21\]
  _040_  (sky130_fd_sc_hd__or4_4)  D
[1]  met2:
  PAR:    1.03  Ratio:    0.00       (Area)
  PAR:    5.30  Ratio: 2771.60       (S.Area)
  CAR:    1.68  Ratio:    0.00       (C.Area)
  CAR:    8.76  Ratio:    0.00       (C.S.Area)

[1]  met1:
  PAR:    0.60  Ratio:    0.00       (Area)
  PAR:    3.39  Ratio:  400.00       (S.Area)
  CAR:    0.66  Ratio:    0.00       (C.Area)
  CAR:    3.46  Ratio:    0.00       (C.S.Area)

[1]  li1:
  PAR:    0.06  Ratio:    0.00       (Area)
  PAR:    0.07  Ratio:   75.00       (S.Area)
  CAR:    0.06  Ratio:    0.00       (C.Area)
  CAR:    0.07  Ratio:    0.00       (C.S.Area)

[1]  M1M2_PR:
  PAR:    0.09  Ratio:    6.00       (Area)
  CAR:    0.21  Ratio:    0.00       (C.Area)

[1]  L1M1_PR_MR:
  PAR:    0.12  Ratio:    3.00       (Area)
  CAR:    0.12  Ratio:    0.00       (C.Area)


Net - counter\[22\]
  _040_  (sky130_fd_sc_hd__or4_4)  C
[1]  met2:
  PAR:    4.30  Ratio:    0.00       (Area)
  PAR:   21.65  Ratio: 2771.60       (S.Area)
  CAR:    5.11  Ratio:    0.00       (C.Area)
  CAR:   25.89  Ratio:    0.00       (C.S.Area)

[1]  met1:
  PAR:    0.76  Ratio:    0.00       (Area)
  PAR:    4.17  Ratio:  400.00       (S.Area)
  CAR:    0.81  Ratio:    0.00       (C.Area)
  CAR:    4.24  Ratio:    0.00       (C.S.Area)

[1]  li1:
  PAR:    0.06  Ratio:    0.00       (Area)
  PAR:    0.07  Ratio:   75.00       (S.Area)
  CAR:    0.06  Ratio:    0.00       (C.Area)
  CAR:    0.07  Ratio:    0.00       (C.S.Area)

[1]  M1M2_PR:
  PAR:    0.09  Ratio:    6.00       (Area)
  CAR:    0.21  Ratio:    0.00       (C.Area)

[1]  L1M1_PR_MR:
  PAR:    0.12  Ratio:    3.00       (Area)
  CAR:    0.12  Ratio:    0.00       (C.Area)


Net - counter\[23\]
  _040_  (sky130_fd_sc_hd__or4_4)  B
[1]  met2:
  PAR:    1.60  Ratio:    0.00       (Area)
  PAR:    8.19  Ratio: 2771.60       (S.Area)
  CAR:    1.74  Ratio:    0.00       (C.Area)
  CAR:    8.65  Ratio:    0.00       (C.S.Area)

[1]  met1:
  PAR:    0.08  Ratio:    0.00       (Area)
  PAR:    0.40  Ratio:  400.00       (S.Area)
  CAR:    0.14  Ratio:    0.00       (C.Area)
  CAR:    0.46  Ratio:    0.00       (C.S.Area)

[1]  li1:
  PAR:    0.06  Ratio:    0.00       (Area)
  PAR:    0.07  Ratio:   75.00       (S.Area)
  CAR:    0.06  Ratio:    0.00       (C.Area)
  CAR:    0.07  Ratio:    0.00       (C.S.Area)

[1]  M1M2_PR:
  PAR:    0.09  Ratio:    6.00       (Area)
  CAR:    0.21  Ratio:    0.00       (C.Area)

[1]  L1M1_PR_MR:
  PAR:    0.12  Ratio:    3.00       (Area)
  CAR:    0.12  Ratio:    0.00       (C.Area)


Net - counter\[24\]
  _040_  (sky130_fd_sc_hd__or4_4)  A
[1]  met2:
  PAR:    2.95  Ratio:    0.00       (Area)
  PAR:   14.92  Ratio: 2771.60       (S.Area)
  CAR:    3.09  Ratio:    0.00       (C.Area)
  CAR:   15.38  Ratio:    0.00       (C.S.Area)

[1]  met1:
  PAR:    0.08  Ratio:    0.00       (Area)
  PAR:    0.40  Ratio:  400.00       (S.Area)
  CAR:    0.14  Ratio:    0.00       (C.Area)
  CAR:    0.46  Ratio:    0.00       (C.S.Area)

[1]  li1:
  PAR:    0.06  Ratio:    0.00       (Area)
  PAR:    0.07  Ratio:   75.00       (S.Area)
  CAR:    0.06  Ratio:    0.00       (C.Area)
  CAR:    0.07  Ratio:    0.00       (C.S.Area)

[1]  M1M2_PR:
  PAR:    0.09  Ratio:    6.00       (Area)
  CAR:    0.21  Ratio:    0.00       (C.Area)

[1]  L1M1_PR_MR:
  PAR:    0.12  Ratio:    3.00       (Area)
  CAR:    0.12  Ratio:    0.00       (C.Area)


Net - counter\[25\]
  _041_  (sky130_fd_sc_hd__or4_4)  D
[1]  met2:
  PAR:    1.79  Ratio:    0.00       (Area)
  PAR:    9.15  Ratio: 2771.60       (S.Area)
  CAR:    1.93  Ratio:    0.00       (C.Area)
  CAR:    9.61  Ratio:    0.00       (C.S.Area)

[1]  met1:
  PAR:    0.08  Ratio:    0.00       (Area)
  PAR:    0.40  Ratio:  400.00       (S.Area)
  CAR:    0.14  Ratio:    0.00       (C.Area)
  CAR:    0.46  Ratio:    0.00       (C.S.Area)

[1]  li1:
  PAR:    0.06  Ratio:    0.00       (Area)
  PAR:    0.07  Ratio:   75.00       (S.Area)
  CAR:    0.06  Ratio:    0.00       (C.Area)
  CAR:    0.07  Ratio:    0.00       (C.S.Area)

[1]  M1M2_PR:
  PAR:    0.09  Ratio:    6.00       (Area)
  CAR:    0.21  Ratio:    0.00       (C.Area)

[1]  L1M1_PR_MR:
  PAR:    0.12  Ratio:    3.00       (Area)
  CAR:    0.12  Ratio:    0.00       (C.Area)


Net - counter\[26\]
  _041_  (sky130_fd_sc_hd__or4_4)  C
[1]  met1:
  PAR:    7.55  Ratio:    0.00       (Area)
  PAR:   37.94  Ratio: 2771.60       (S.Area)
  CAR:    7.61  Ratio:    0.00       (C.Area)
  CAR:   38.01  Ratio:    0.00       (C.S.Area)

[1]  li1:
  PAR:    0.06  Ratio:    0.00       (Area)
  PAR:    0.07  Ratio:   75.00       (S.Area)
  CAR:    0.06  Ratio:    0.00       (C.Area)
  CAR:    0.07  Ratio:    0.00       (C.S.Area)

[1]  L1M1_PR_MR:
  PAR:    0.12  Ratio:    3.00       (Area)
  CAR:    0.12  Ratio:    0.00       (C.Area)


Net - counter\[27\]
  _039_  (sky130_fd_sc_hd__or4_4)  D
[1]  met2:
  PAR:    1.22  Ratio:    0.00       (Area)
  PAR:    6.26  Ratio: 2771.60       (S.Area)
  CAR:    1.36  Ratio:    0.00       (C.Area)
  CAR:    6.73  Ratio:    0.00       (C.S.Area)

[1]  met1:
  PAR:    0.08  Ratio:    0.00       (Area)
  PAR:    0.40  Ratio:  400.00       (S.Area)
  CAR:    0.14  Ratio:    0.00       (C.Area)
  CAR:    0.46  Ratio:    0.00       (C.S.Area)

[1]  li1:
  PAR:    0.06  Ratio:    0.00       (Area)
  PAR:    0.07  Ratio:   75.00       (S.Area)
  CAR:    0.06  Ratio:    0.00       (C.Area)
  CAR:    0.07  Ratio:    0.00       (C.S.Area)

[1]  M1M2_PR:
  PAR:    0.09  Ratio:    6.00       (Area)
  CAR:    0.21  Ratio:    0.00       (C.Area)

[1]  L1M1_PR_MR:
  PAR:    0.12  Ratio:    3.00       (Area)
  CAR:    0.12  Ratio:    0.00       (C.Area)


Net - counter\[2\]
  _039_  (sky130_fd_sc_hd__or4_4)  C
[1]  met2:
  PAR:    1.22  Ratio:    0.00       (Area)
  PAR:    6.26  Ratio: 2771.60       (S.Area)
  CAR:    2.29  Ratio:    0.00       (C.Area)
  CAR:   11.80  Ratio:    0.00       (C.S.Area)

[1]  met1:
  PAR:    1.02  Ratio:    0.00       (Area)
  PAR:    5.47  Ratio:  400.00       (S.Area)
  CAR:    1.07  Ratio:    0.00       (C.Area)
  CAR:    5.54  Ratio:    0.00       (C.S.Area)

[1]  li1:
  PAR:    0.06  Ratio:    0.00       (Area)
  PAR:    0.07  Ratio:   75.00       (S.Area)
  CAR:    0.06  Ratio:    0.00       (C.Area)
  CAR:    0.07  Ratio:    0.00       (C.S.Area)

[1]  M1M2_PR:
  PAR:    0.09  Ratio:    6.00       (Area)
  CAR:    0.21  Ratio:    0.00       (C.Area)

[1]  L1M1_PR_MR:
  PAR:    0.12  Ratio:    3.00       (Area)
  CAR:    0.12  Ratio:    0.00       (C.Area)


Net - counter\[3\]
  _039_  (sky130_fd_sc_hd__or4_4)  B
[1]  met1:
  PAR:    2.22  Ratio:    0.00       (Area)
  PAR:   11.27  Ratio: 2771.60       (S.Area)
  CAR:    2.28  Ratio:    0.00       (C.Area)
  CAR:   11.34  Ratio:    0.00       (C.S.Area)

[1]  li1:
  PAR:    0.06  Ratio:    0.00       (Area)
  PAR:    0.07  Ratio:   75.00       (S.Area)
  CAR:    0.06  Ratio:    0.00       (C.Area)
  CAR:    0.07  Ratio:    0.00       (C.S.Area)

[1]  L1M1_PR_MR:
  PAR:    0.12  Ratio:    3.00       (Area)
  CAR:    0.12  Ratio:    0.00       (C.Area)


Net - counter\[4\]
  _039_  (sky130_fd_sc_hd__or4_4)  A
[1]  met2:
  PAR:    2.95  Ratio:    0.00       (Area)
  PAR:   14.92  Ratio: 2771.60       (S.Area)
  CAR:    3.09  Ratio:    0.00       (C.Area)
  CAR:   15.38  Ratio:    0.00       (C.S.Area)

[1]  met1:
  PAR:    0.08  Ratio:    0.00       (Area)
  PAR:    0.40  Ratio:  400.00       (S.Area)
  CAR:    0.14  Ratio:    0.00       (C.Area)
  CAR:    0.46  Ratio:    0.00       (C.S.Area)

[1]  li1:
  PAR:    0.06  Ratio:    0.00       (Area)
  PAR:    0.07  Ratio:   75.00       (S.Area)
  CAR:    0.06  Ratio:    0.00       (C.Area)
  CAR:    0.07  Ratio:    0.00       (C.S.Area)

[1]  M1M2_PR:
  PAR:    0.09  Ratio:    6.00       (Area)
  CAR:    0.21  Ratio:    0.00       (C.Area)

[1]  L1M1_PR_MR:
  PAR:    0.12  Ratio:    3.00       (Area)
  CAR:    0.12  Ratio:    0.00       (C.Area)


Net - counter\[5\]
  _037_  (sky130_fd_sc_hd__or4_4)  D
[1]  met1:
  PAR:    1.89  Ratio:    0.00       (Area)
  PAR:   10.02  Ratio: 2771.60       (S.Area)
  CAR:    1.95  Ratio:    0.00       (C.Area)
  CAR:   10.09  Ratio:    0.00       (C.S.Area)

[1]  li1:
  PAR:    0.06  Ratio:    0.00       (Area)
  PAR:    0.07  Ratio:   75.00       (S.Area)
  CAR:    0.06  Ratio:    0.00       (C.Area)
  CAR:    0.07  Ratio:    0.00       (C.S.Area)

[1]  L1M1_PR_MR:
  PAR:    0.12  Ratio:    3.00       (Area)
  CAR:    0.12  Ratio:    0.00       (C.Area)


Net - counter\[6\]
  _037_  (sky130_fd_sc_hd__or4_4)  C
[1]  met2:
  PAR:    1.22  Ratio:    0.00       (Area)
  PAR:    6.26  Ratio: 2771.60       (S.Area)
  CAR:    1.46  Ratio:    0.00       (C.Area)
  CAR:    7.65  Ratio:    0.00       (C.S.Area)

[1]  met1:
  PAR:    0.18  Ratio:    0.00       (Area)
  PAR:    1.32  Ratio:  400.00       (S.Area)
  CAR:    0.24  Ratio:    0.00       (C.Area)
  CAR:    1.38  Ratio:    0.00       (C.S.Area)

[1]  li1:
  PAR:    0.06  Ratio:    0.00       (Area)
  PAR:    0.07  Ratio:   75.00       (S.Area)
  CAR:    0.06  Ratio:    0.00       (C.Area)
  CAR:    0.07  Ratio:    0.00       (C.S.Area)

[1]  M1M2_PR:
  PAR:    0.09  Ratio:    6.00       (Area)
  CAR:    0.21  Ratio:    0.00       (C.Area)

[1]  L1M1_PR_MR:
  PAR:    0.12  Ratio:    3.00       (Area)
  CAR:    0.12  Ratio:    0.00       (C.Area)


Net - counter\[7\]
  _037_  (sky130_fd_sc_hd__or4_4)  B
[1]  met2:
  PAR:    3.14  Ratio:    0.00       (Area)
  PAR:   15.88  Ratio: 2771.60       (S.Area)
  CAR:    3.28  Ratio:    0.00       (C.Area)
  CAR:   16.34  Ratio:    0.00       (C.S.Area)

[1]  met1:
  PAR:    0.08  Ratio:    0.00       (Area)
  PAR:    0.40  Ratio:  400.00       (S.Area)
  CAR:    0.14  Ratio:    0.00       (C.Area)
  CAR:    0.46  Ratio:    0.00       (C.S.Area)

[1]  li1:
  PAR:    0.06  Ratio:    0.00       (Area)
  PAR:    0.07  Ratio:   75.00       (S.Area)
  CAR:    0.06  Ratio:    0.00       (C.Area)
  CAR:    0.07  Ratio:    0.00       (C.S.Area)

[1]  M1M2_PR:
  PAR:    0.09  Ratio:    6.00       (Area)
  CAR:    0.21  Ratio:    0.00       (C.Area)

[1]  L1M1_PR_MR:
  PAR:    0.12  Ratio:    3.00       (Area)
  CAR:    0.12  Ratio:    0.00       (C.Area)


Net - counter\[8\]
  _037_  (sky130_fd_sc_hd__or4_4)  A
[1]  met2:
  PAR:    1.22  Ratio:    0.00       (Area)
  PAR:    6.26  Ratio: 2771.60       (S.Area)
  CAR:    2.66  Ratio:    0.00       (C.Area)
  CAR:   13.63  Ratio:    0.00       (C.S.Area)

[1]  met1:
  PAR:    1.38  Ratio:    0.00       (Area)
  PAR:    7.30  Ratio:  400.00       (S.Area)
  CAR:    1.44  Ratio:    0.00       (C.Area)
  CAR:    7.37  Ratio:    0.00       (C.S.Area)

[1]  li1:
  PAR:    0.06  Ratio:    0.00       (Area)
  PAR:    0.07  Ratio:   75.00       (S.Area)
  CAR:    0.06  Ratio:    0.00       (C.Area)
  CAR:    0.07  Ratio:    0.00       (C.S.Area)

[1]  M1M2_PR:
  PAR:    0.09  Ratio:    6.00       (Area)
  CAR:    0.21  Ratio:    0.00       (C.Area)

[1]  L1M1_PR_MR:
  PAR:    0.12  Ratio:    3.00       (Area)
  CAR:    0.12  Ratio:    0.00       (C.Area)


Net - counter\[9\]
  _038_  (sky130_fd_sc_hd__or4_4)  D
[1]  met2:
  PAR:    2.56  Ratio:    0.00       (Area)
  PAR:   12.99  Ratio: 2771.60       (S.Area)
  CAR:    2.70  Ratio:    0.00       (C.Area)
  CAR:   13.46  Ratio:    0.00       (C.S.Area)

[1]  met1:
  PAR:    0.08  Ratio:    0.00       (Area)
  PAR:    0.40  Ratio:  400.00       (S.Area)
  CAR:    0.14  Ratio:    0.00       (C.Area)
  CAR:    0.46  Ratio:    0.00       (C.S.Area)

[1]  li1:
  PAR:    0.06  Ratio:    0.00       (Area)
  PAR:    0.07  Ratio:   75.00       (S.Area)
  CAR:    0.06  Ratio:    0.00       (C.Area)
  CAR:    0.07  Ratio:    0.00       (C.S.Area)

[1]  M1M2_PR:
  PAR:    0.09  Ratio:    6.00       (Area)
  CAR:    0.21  Ratio:    0.00       (C.Area)

[1]  L1M1_PR_MR:
  PAR:    0.12  Ratio:    3.00       (Area)
  CAR:    0.12  Ratio:    0.00       (C.Area)


Net - net1
  output1  (sky130_fd_sc_hd__clkbuf_2)  A
[1]  met2:
  PAR:   53.04  Ratio:    0.00       (Area)
  PAR:  265.39  Ratio: 2771.60       (S.Area)
  CAR:   53.20  Ratio:    0.00       (C.Area)
  CAR:  265.93  Ratio:    0.00       (C.S.Area)

[1]  met1:
  PAR:    0.09  Ratio:    0.00       (Area)
  PAR:    0.46  Ratio:  400.00       (S.Area)
  CAR:    0.16  Ratio:    0.00       (C.Area)
  CAR:    0.54  Ratio:    0.00       (C.S.Area)

[1]  li1:
  PAR:    0.07  Ratio:    0.00       (Area)
  PAR:    0.08  Ratio:   75.00       (S.Area)
  CAR:    0.07  Ratio:    0.00       (C.Area)
  CAR:    0.08  Ratio:    0.00       (C.S.Area)

[1]  M1M2_PR:
  PAR:    0.11  Ratio:    6.00       (Area)
  CAR:    0.24  Ratio:    0.00       (C.Area)

[1]  L1M1_PR_MR:
  PAR:    0.14  Ratio:    3.00       (Area)
  CAR:    0.14  Ratio:    0.00       (C.Area)


Net - clknet_0_clk
  clkbuf_1_0_0_clk  (sky130_fd_sc_hd__clkbuf_1)  A
[1]  met2:
  PAR:    1.28  Ratio:    0.00       (Area)
  PAR:    6.49  Ratio: 3872.32       (S.Area)
  CAR:    1.45  Ratio:    0.00       (C.Area)
  CAR:    7.08  Ratio:    0.00       (C.S.Area)

[1]  met1:
  PAR:    0.10  Ratio:    0.00       (Area)
  PAR:    0.50  Ratio:  400.00       (S.Area)
  CAR:    0.17  Ratio:    0.00       (C.Area)
  CAR:    0.59  Ratio:    0.00       (C.S.Area)

[1]  li1:
  PAR:    0.07  Ratio:    0.00       (Area)
  PAR:    0.09  Ratio:   75.00       (S.Area)
  CAR:    0.07  Ratio:    0.00       (C.Area)
  CAR:    0.09  Ratio:    0.00       (C.S.Area)

[1]  M1M2_PR:
  PAR:    0.11  Ratio:    6.00       (Area)
  CAR:    0.26  Ratio:    0.00       (C.Area)

[1]  L1M1_PR_MR:
  PAR:    0.15  Ratio:    3.00       (Area)
  CAR:    0.15  Ratio:    0.00       (C.Area)

  clkbuf_1_1_0_clk  (sky130_fd_sc_hd__clkbuf_1)  A
[1]  met1:
  PAR:   25.62  Ratio:    0.00       (Area)
  PAR:  129.29  Ratio: 3872.32       (S.Area)
  CAR:   25.69  Ratio:    0.00       (C.Area)
  CAR:  129.38  Ratio:    0.00       (C.S.Area)

[1]  met2:
  PAR:    1.28  Ratio:    0.00       (Area)
  PAR:    6.49  Ratio: 3872.32       (S.Area)
  CAR:   26.97  Ratio:    0.00       (C.Area)
  CAR:  135.87  Ratio:    0.00       (C.S.Area)

[1]  li1:
  PAR:    0.07  Ratio:    0.00       (Area)
  PAR:    0.09  Ratio:   75.00       (S.Area)
  CAR:    0.07  Ratio:    0.00       (C.Area)
  CAR:    0.09  Ratio:    0.00       (C.S.Area)

[1]  M1M2_PR:
  PAR:    0.11  Ratio:    6.00       (Area)
  CAR:    0.26  Ratio:    0.00       (C.Area)

[1]  L1M1_PR_MR:
  PAR:    0.15  Ratio:    3.00       (Area)
  CAR:    0.15  Ratio:    0.00       (C.Area)


Net - clknet_1_0_0_clk
  clkbuf_2_0_0_clk  (sky130_fd_sc_hd__clkbuf_1)  A
[1]  met2:
  PAR:    7.12  Ratio:    0.00       (Area)
  PAR:   35.93  Ratio: 2736.24       (S.Area)
  CAR:    8.60  Ratio:    0.00       (C.Area)
  CAR:   43.57  Ratio:    0.00       (C.S.Area)

[1]  met1:
  PAR:    1.41  Ratio:    0.00       (Area)
  PAR:    7.55  Ratio:  400.00       (S.Area)
  CAR:    1.48  Ratio:    0.00       (C.Area)
  CAR:    7.64  Ratio:    0.00       (C.S.Area)

[1]  li1:
  PAR:    0.07  Ratio:    0.00       (Area)
  PAR:    0.09  Ratio:   75.00       (S.Area)
  CAR:    0.07  Ratio:    0.00       (C.Area)
  CAR:    0.09  Ratio:    0.00       (C.S.Area)

[1]  M1M2_PR:
  PAR:    0.11  Ratio:    6.00       (Area)
  CAR:    0.26  Ratio:    0.00       (C.Area)

[1]  L1M1_PR_MR:
  PAR:    0.15  Ratio:    3.00       (Area)
  CAR:    0.15  Ratio:    0.00       (C.Area)

  clkbuf_2_1_0_clk  (sky130_fd_sc_hd__clkbuf_1)  A
[1]  met1:
  PAR:    4.36  Ratio:    0.00       (Area)
  PAR:   22.30  Ratio:  400.00       (S.Area)
  CAR:    4.43  Ratio:    0.00       (C.Area)
  CAR:   22.39  Ratio:    0.00       (C.S.Area)

[1]  li1:
  PAR:    0.07  Ratio:    0.00       (Area)
  PAR:    0.09  Ratio:   75.00       (S.Area)
  CAR:    0.07  Ratio:    0.00       (C.Area)
  CAR:    0.09  Ratio:    0.00       (C.S.Area)

[1]  M1M2_PR:
  PAR:    0.11  Ratio:    6.00       (Area)
  CAR:    0.26  Ratio:    0.00       (C.Area)

[1]  L1M1_PR_MR:
  PAR:    0.15  Ratio:    3.00       (Area)
  CAR:    0.15  Ratio:    0.00       (C.Area)


Net - clknet_1_1_0_clk
  clkbuf_2_2_0_clk  (sky130_fd_sc_hd__clkbuf_1)  A
[1]  met2:
  PAR:    6.03  Ratio:    0.00       (Area)
  PAR:   30.48  Ratio: 2736.24       (S.Area)
  CAR:    6.53  Ratio:    0.00       (C.Area)
  CAR:   33.21  Ratio:    0.00       (C.S.Area)

[1]  met1:
  PAR:    0.43  Ratio:    0.00       (Area)
  PAR:    2.64  Ratio:  400.00       (S.Area)
  CAR:    0.50  Ratio:    0.00       (C.Area)
  CAR:    2.72  Ratio:    0.00       (C.S.Area)

[1]  li1:
  PAR:    0.07  Ratio:    0.00       (Area)
  PAR:    0.09  Ratio:   75.00       (S.Area)
  CAR:    0.07  Ratio:    0.00       (C.Area)
  CAR:    0.09  Ratio:    0.00       (C.S.Area)

[1]  M1M2_PR:
  PAR:    0.11  Ratio:    6.00       (Area)
  CAR:    0.26  Ratio:    0.00       (C.Area)

[1]  L1M1_PR_MR:
  PAR:    0.15  Ratio:    3.00       (Area)
  CAR:    0.15  Ratio:    0.00       (C.Area)

  clkbuf_2_3_0_clk  (sky130_fd_sc_hd__clkbuf_1)  A
[1]  met2:
  PAR:    6.03  Ratio:    0.00       (Area)
  PAR:   30.48  Ratio: 2736.24       (S.Area)
  CAR:    6.20  Ratio:    0.00       (C.Area)
  CAR:   31.07  Ratio:    0.00       (C.S.Area)

[1]  met1:
  PAR:    0.10  Ratio:    0.00       (Area)
  PAR:    0.50  Ratio:  400.00       (S.Area)
  CAR:    0.17  Ratio:    0.00       (C.Area)
  CAR:    0.59  Ratio:    0.00       (C.S.Area)

[1]  li1:
  PAR:    0.07  Ratio:    0.00       (Area)
  PAR:    0.09  Ratio:   75.00       (S.Area)
  CAR:    0.07  Ratio:    0.00       (C.Area)
  CAR:    0.09  Ratio:    0.00       (C.S.Area)

[1]  M1M2_PR:
  PAR:    0.11  Ratio:    6.00       (Area)
  CAR:    0.26  Ratio:    0.00       (C.Area)

[1]  L1M1_PR_MR:
  PAR:    0.15  Ratio:    3.00       (Area)
  CAR:    0.15  Ratio:    0.00       (C.Area)


Net - clknet_2_0_0_clk
  _079_  (sky130_fd_sc_hd__dfxtp_1)  CLK
[1]  met2:
  PAR:    2.19  Ratio:    0.00       (Area)
  PAR:   11.55  Ratio: 2736.24       (S.Area)
  CAR:    4.84  Ratio:    0.00       (C.Area)
  CAR:   25.04  Ratio:    0.00       (C.S.Area)

[1]  met1:
  PAR:    2.55  Ratio:    0.00       (Area)
  PAR:   13.38  Ratio:  400.00       (S.Area)
  CAR:    2.64  Ratio:    0.00       (C.Area)
  CAR:   13.49  Ratio:    0.00       (C.S.Area)

[1]  li1:
  PAR:    0.09  Ratio:    0.00       (Area)
  PAR:    0.11  Ratio:   75.00       (S.Area)
  CAR:    0.09  Ratio:    0.00       (C.Area)
  CAR:    0.11  Ratio:    0.00       (C.S.Area)

[1]  M1M2_PR:
  PAR:    0.14  Ratio:    6.00       (Area)
  CAR:    0.32  Ratio:    0.00       (C.Area)

[1]  L1M1_PR_MR:
  PAR:    0.18  Ratio:    3.00       (Area)
  CAR:    0.18  Ratio:    0.00       (C.Area)

  _102_  (sky130_fd_sc_hd__dfxtp_1)  CLK
[1]  met2:
  PAR:    2.19  Ratio:    0.00       (Area)
  PAR:   11.55  Ratio: 2736.24       (S.Area)
  CAR:    6.88  Ratio:    0.00       (C.Area)
  CAR:   35.85  Ratio:    0.00       (C.S.Area)

[1]  met1:
  PAR:    4.59  Ratio:    0.00       (Area)
  PAR:   24.19  Ratio:  400.00       (S.Area)
  CAR:    4.68  Ratio:    0.00       (C.Area)
  CAR:   24.30  Ratio:    0.00       (C.S.Area)

[1]  li1:
  PAR:    0.09  Ratio:    0.00       (Area)
  PAR:    0.11  Ratio:   75.00       (S.Area)
  CAR:    0.09  Ratio:    0.00       (C.Area)
  CAR:    0.11  Ratio:    0.00       (C.S.Area)

[1]  M1M2_PR:
  PAR:    0.07  Ratio:    6.00       (Area)
  CAR:    0.25  Ratio:    0.00       (C.Area)

[1]  L1M1_PR_MR:
  PAR:    0.18  Ratio:    3.00       (Area)
  CAR:    0.18  Ratio:    0.00       (C.Area)

  _077_  (sky130_fd_sc_hd__dfxtp_1)  CLK
[1]  met2:
  PAR:    2.19  Ratio:    0.00       (Area)
  PAR:   11.55  Ratio: 2736.24       (S.Area)
  CAR:    6.88  Ratio:    0.00       (C.Area)
  CAR:   35.85  Ratio:    0.00       (C.S.Area)

[1]  met1:
  PAR:    4.59  Ratio:    0.00       (Area)
  PAR:   24.19  Ratio:  400.00       (S.Area)
  CAR:    4.68  Ratio:    0.00       (C.Area)
  CAR:   24.30  Ratio:    0.00       (C.S.Area)

[1]  li1:
  PAR:    0.09  Ratio:    0.00       (Area)
  PAR:    0.11  Ratio:   75.00       (S.Area)
  CAR:    0.09  Ratio:    0.00       (C.Area)
  CAR:    0.11  Ratio:    0.00       (C.S.Area)

[1]  M1M2_PR:
  PAR:    0.07  Ratio:    6.00       (Area)
  CAR:    0.25  Ratio:    0.00       (C.Area)

[1]  L1M1_PR_MR:
  PAR:    0.18  Ratio:    3.00       (Area)
  CAR:    0.18  Ratio:    0.00       (C.Area)

  _078_  (sky130_fd_sc_hd__dfxtp_1)  CLK
[1]  met2:
  PAR:    2.19  Ratio:    0.00       (Area)
  PAR:   11.55  Ratio: 2736.24       (S.Area)
  CAR:    2.41  Ratio:    0.00       (C.Area)
  CAR:   12.27  Ratio:    0.00       (C.S.Area)

[1]  met1:
  PAR:    0.12  Ratio:    0.00       (Area)
  PAR:    0.62  Ratio:  400.00       (S.Area)
  CAR:    0.21  Ratio:    0.00       (C.Area)
  CAR:    0.72  Ratio:    0.00       (C.S.Area)

[1]  li1:
  PAR:    0.09  Ratio:    0.00       (Area)
  PAR:    0.11  Ratio:   75.00       (S.Area)
  CAR:    0.09  Ratio:    0.00       (C.Area)
  CAR:    0.11  Ratio:    0.00       (C.S.Area)

[1]  M1M2_PR:
  PAR:    0.14  Ratio:    6.00       (Area)
  CAR:    0.32  Ratio:    0.00       (C.Area)

[1]  L1M1_PR_MR:
  PAR:    0.18  Ratio:    3.00       (Area)
  CAR:    0.18  Ratio:    0.00       (C.Area)

  _074_  (sky130_fd_sc_hd__dfxtp_1)  CLK
[1]  met2:
  PAR:    2.19  Ratio:    0.00       (Area)
  PAR:   11.55  Ratio: 2736.24       (S.Area)
  CAR:    4.03  Ratio:    0.00       (C.Area)
  CAR:   20.99  Ratio:    0.00       (C.S.Area)

[1]  met1:
  PAR:    1.74  Ratio:    0.00       (Area)
  PAR:    9.33  Ratio:  400.00       (S.Area)
  CAR:    1.83  Ratio:    0.00       (C.Area)
  CAR:    9.44  Ratio:    0.00       (C.S.Area)

[1]  li1:
  PAR:    0.09  Ratio:    0.00       (Area)
  PAR:    0.11  Ratio:   75.00       (S.Area)
  CAR:    0.09  Ratio:    0.00       (C.Area)
  CAR:    0.11  Ratio:    0.00       (C.S.Area)

[1]  M1M2_PR:
  PAR:    0.14  Ratio:    6.00       (Area)
  CAR:    0.32  Ratio:    0.00       (C.Area)

[1]  L1M1_PR_MR:
  PAR:    0.18  Ratio:    3.00       (Area)
  CAR:    0.18  Ratio:    0.00       (C.Area)

  _086_  (sky130_fd_sc_hd__dfxtp_1)  CLK
[1]  met2:
  PAR:    2.19  Ratio:    0.00       (Area)
  PAR:   11.55  Ratio: 2736.24       (S.Area)
  CAR:   10.35  Ratio:    0.00       (C.Area)
  CAR:   53.81  Ratio:    0.00       (C.S.Area)

[1]  met1:
  PAR:    0.93  Ratio:    0.00       (Area)
  PAR:    5.28  Ratio:  400.00       (S.Area)
  CAR:    1.02  Ratio:    0.00       (C.Area)
  CAR:    5.39  Ratio:    0.00       (C.S.Area)

[1]  li1:
  PAR:    0.09  Ratio:    0.00       (Area)
  PAR:    0.11  Ratio:   75.00       (S.Area)
  CAR:    0.09  Ratio:    0.00       (C.Area)
  CAR:    0.11  Ratio:    0.00       (C.S.Area)

[1]  M1M2_PR:
  PAR:    0.14  Ratio:    6.00       (Area)
  CAR:    0.32  Ratio:    0.00       (C.Area)

[1]  L1M1_PR_MR:
  PAR:    0.18  Ratio:    3.00       (Area)
  CAR:    0.18  Ratio:    0.00       (C.Area)

  _084_  (sky130_fd_sc_hd__dfxtp_1)  CLK
[1]  met2:
  PAR:    2.19  Ratio:    0.00       (Area)
  PAR:   11.55  Ratio: 2736.24       (S.Area)
  CAR:    9.54  Ratio:    0.00       (C.Area)
  CAR:   49.14  Ratio:    0.00       (C.S.Area)

[1]  met1:
  PAR:    0.12  Ratio:    0.00       (Area)
  PAR:    0.62  Ratio:  400.00       (S.Area)
  CAR:    0.21  Ratio:    0.00       (C.Area)
  CAR:    0.72  Ratio:    0.00       (C.S.Area)

[1]  li1:
  PAR:    0.09  Ratio:    0.00       (Area)
  PAR:    0.11  Ratio:   75.00       (S.Area)
  CAR:    0.09  Ratio:    0.00       (C.Area)
  CAR:    0.11  Ratio:    0.00       (C.S.Area)

[1]  M1M2_PR:
  PAR:    0.14  Ratio:    6.00       (Area)
  CAR:    0.32  Ratio:    0.00       (C.Area)

[1]  L1M1_PR_MR:
  PAR:    0.18  Ratio:    3.00       (Area)
  CAR:    0.18  Ratio:    0.00       (C.Area)

  _087_  (sky130_fd_sc_hd__dfxtp_1)  CLK
[1]  met2:
  PAR:    2.19  Ratio:    0.00       (Area)
  PAR:   11.55  Ratio: 2736.24       (S.Area)
  CAR:    9.41  Ratio:    0.00       (C.Area)
  CAR:   48.52  Ratio:    0.00       (C.S.Area)

[1]  met1:
  PAR:    7.13  Ratio:    0.00       (Area)
  PAR:   36.87  Ratio:  400.00       (S.Area)
  CAR:    7.22  Ratio:    0.00       (C.Area)
  CAR:   36.98  Ratio:    0.00       (C.S.Area)

[1]  li1:
  PAR:    0.09  Ratio:    0.00       (Area)
  PAR:    0.11  Ratio:   75.00       (S.Area)
  CAR:    0.09  Ratio:    0.00       (C.Area)
  CAR:    0.11  Ratio:    0.00       (C.S.Area)

[1]  M1M2_PR:
  PAR:    0.14  Ratio:    6.00       (Area)
  CAR:    0.32  Ratio:    0.00       (C.Area)

[1]  L1M1_PR_MR:
  PAR:    0.18  Ratio:    3.00       (Area)
  CAR:    0.18  Ratio:    0.00       (C.Area)

  _075_  (sky130_fd_sc_hd__dfxtp_1)  CLK
[1]  met2:
  PAR:    2.19  Ratio:    0.00       (Area)
  PAR:   11.55  Ratio: 2736.24       (S.Area)
  CAR:    9.41  Ratio:    0.00       (C.Area)
  CAR:   48.52  Ratio:    0.00       (C.S.Area)

[1]  met1:
  PAR:    7.13  Ratio:    0.00       (Area)
  PAR:   36.87  Ratio:  400.00       (S.Area)
  CAR:    7.22  Ratio:    0.00       (C.Area)
  CAR:   36.98  Ratio:    0.00       (C.S.Area)

[1]  li1:
  PAR:    0.09  Ratio:    0.00       (Area)
  PAR:    0.11  Ratio:   75.00       (S.Area)
  CAR:    0.09  Ratio:    0.00       (C.Area)
  CAR:    0.11  Ratio:    0.00       (C.S.Area)

[1]  M1M2_PR:
  PAR:    0.14  Ratio:    6.00       (Area)
  CAR:    0.32  Ratio:    0.00       (C.Area)

[1]  L1M1_PR_MR:
  PAR:    0.18  Ratio:    3.00       (Area)
  CAR:    0.18  Ratio:    0.00       (C.Area)


Net - clknet_2_1_0_clk
  _076_  (sky130_fd_sc_hd__dfxtp_1)  CLK
[1]  met2:
  PAR:    2.42  Ratio:    0.00       (Area)
  PAR:   12.76  Ratio: 2736.24       (S.Area)
  CAR:    4.32  Ratio:    0.00       (C.Area)
  CAR:   22.51  Ratio:    0.00       (C.S.Area)

[1]  met1:
  PAR:    0.12  Ratio:    0.00       (Area)
  PAR:    0.62  Ratio:  400.00       (S.Area)
  CAR:    0.21  Ratio:    0.00       (C.Area)
  CAR:    0.72  Ratio:    0.00       (C.S.Area)

[1]  li1:
  PAR:    0.09  Ratio:    0.00       (Area)
  PAR:    0.11  Ratio:   75.00       (S.Area)
  CAR:    0.09  Ratio:    0.00       (C.Area)
  CAR:    0.11  Ratio:    0.00       (C.S.Area)

[1]  M1M2_PR:
  PAR:    0.14  Ratio:    6.00       (Area)
  CAR:    0.32  Ratio:    0.00       (C.Area)

[1]  L1M1_PR_MR:
  PAR:    0.18  Ratio:    3.00       (Area)
  CAR:    0.18  Ratio:    0.00       (C.Area)

  _100_  (sky130_fd_sc_hd__dfxtp_1)  CLK
[1]  met2:
  PAR:    2.42  Ratio:    0.00       (Area)
  PAR:   12.76  Ratio: 2736.24       (S.Area)
  CAR:    4.20  Ratio:    0.00       (C.Area)
  CAR:   21.90  Ratio:    0.00       (C.S.Area)

[1]  met1:
  PAR:    1.68  Ratio:    0.00       (Area)
  PAR:    9.03  Ratio:  400.00       (S.Area)
  CAR:    1.77  Ratio:    0.00       (C.Area)
  CAR:    9.13  Ratio:    0.00       (C.S.Area)

[1]  li1:
  PAR:    0.09  Ratio:    0.00       (Area)
  PAR:    0.11  Ratio:   75.00       (S.Area)
  CAR:    0.09  Ratio:    0.00       (C.Area)
  CAR:    0.11  Ratio:    0.00       (C.S.Area)

[1]  M1M2_PR:
  PAR:    0.28  Ratio:    6.00       (Area)
  CAR:    0.46  Ratio:    0.00       (C.Area)

[1]  L1M1_PR_MR:
  PAR:    0.18  Ratio:    3.00       (Area)
  CAR:    0.18  Ratio:    0.00       (C.Area)

  _083_  (sky130_fd_sc_hd__dfxtp_1)  CLK
[1]  met2:
  PAR:    2.42  Ratio:    0.00       (Area)
  PAR:   12.76  Ratio: 2736.24       (S.Area)
  CAR:    2.64  Ratio:    0.00       (C.Area)
  CAR:   13.49  Ratio:    0.00       (C.S.Area)

[1]  met1:
  PAR:    0.12  Ratio:    0.00       (Area)
  PAR:    0.62  Ratio:  400.00       (S.Area)
  CAR:    0.21  Ratio:    0.00       (C.Area)
  CAR:    0.72  Ratio:    0.00       (C.S.Area)

[1]  li1:
  PAR:    0.09  Ratio:    0.00       (Area)
  PAR:    0.11  Ratio:   75.00       (S.Area)
  CAR:    0.09  Ratio:    0.00       (C.Area)
  CAR:    0.11  Ratio:    0.00       (C.S.Area)

[1]  M1M2_PR:
  PAR:    0.14  Ratio:    6.00       (Area)
  CAR:    0.32  Ratio:    0.00       (C.Area)

[1]  L1M1_PR_MR:
  PAR:    0.18  Ratio:    3.00       (Area)
  CAR:    0.18  Ratio:    0.00       (C.Area)

  _085_  (sky130_fd_sc_hd__dfxtp_1)  CLK
[1]  met2:
  PAR:    2.42  Ratio:    0.00       (Area)
  PAR:   12.76  Ratio: 2736.24       (S.Area)
  CAR:   12.19  Ratio:    0.00       (C.Area)
  CAR:   65.24  Ratio:    0.00       (C.S.Area)

[1]  met1:
  PAR:    2.04  Ratio:    0.00       (Area)
  PAR:   12.06  Ratio:  400.00       (S.Area)
  CAR:    2.13  Ratio:    0.00       (C.Area)
  CAR:   12.17  Ratio:    0.00       (C.S.Area)

[1]  li1:
  PAR:    0.09  Ratio:    0.00       (Area)
  PAR:    0.11  Ratio:   75.00       (S.Area)
  CAR:    0.09  Ratio:    0.00       (C.Area)
  CAR:    0.11  Ratio:    0.00       (C.S.Area)

[1]  M1M2_PR:
  PAR:    0.14  Ratio:    6.00       (Area)
  CAR:    0.32  Ratio:    0.00       (C.Area)

[1]  L1M1_PR_MR:
  PAR:    0.18  Ratio:    3.00       (Area)
  CAR:    0.18  Ratio:    0.00       (C.Area)

  _080_  (sky130_fd_sc_hd__dfxtp_1)  CLK
[1]  met2:
  PAR:    2.42  Ratio:    0.00       (Area)
  PAR:   12.76  Ratio: 2736.24       (S.Area)
  CAR:   12.49  Ratio:    0.00       (C.Area)
  CAR:   66.12  Ratio:    0.00       (C.S.Area)

[1]  met1:
  PAR:    2.34  Ratio:    0.00       (Area)
  PAR:   12.94  Ratio:  400.00       (S.Area)
  CAR:    2.43  Ratio:    0.00       (C.Area)
  CAR:   13.05  Ratio:    0.00       (C.S.Area)

[1]  li1:
  PAR:    0.09  Ratio:    0.00       (Area)
  PAR:    0.11  Ratio:   75.00       (S.Area)
  CAR:    0.09  Ratio:    0.00       (C.Area)
  CAR:    0.11  Ratio:    0.00       (C.S.Area)

[1]  M1M2_PR:
  PAR:    0.14  Ratio:    6.00       (Area)
  CAR:    0.32  Ratio:    0.00       (C.Area)

[1]  L1M1_PR_MR:
  PAR:    0.18  Ratio:    3.00       (Area)
  CAR:    0.18  Ratio:    0.00       (C.Area)

  _082_  (sky130_fd_sc_hd__dfxtp_1)  CLK
[1]  met2:
  PAR:    2.42  Ratio:    0.00       (Area)
  PAR:   12.76  Ratio: 2736.24       (S.Area)
  CAR:   10.27  Ratio:    0.00       (C.Area)
  CAR:   53.79  Ratio:    0.00       (C.S.Area)

[1]  met1:
  PAR:    0.12  Ratio:    0.00       (Area)
  PAR:    0.62  Ratio:  400.00       (S.Area)
  CAR:    0.21  Ratio:    0.00       (C.Area)
  CAR:    0.72  Ratio:    0.00       (C.S.Area)

[1]  li1:
  PAR:    0.09  Ratio:    0.00       (Area)
  PAR:    0.11  Ratio:   75.00       (S.Area)
  CAR:    0.09  Ratio:    0.00       (C.Area)
  CAR:    0.11  Ratio:    0.00       (C.S.Area)

[1]  M1M2_PR:
  PAR:    0.14  Ratio:    6.00       (Area)
  CAR:    0.32  Ratio:    0.00       (C.Area)

[1]  L1M1_PR_MR:
  PAR:    0.18  Ratio:    3.00       (Area)
  CAR:    0.18  Ratio:    0.00       (C.Area)

  _081_  (sky130_fd_sc_hd__dfxtp_1)  CLK
[1]  met2:
  PAR:    2.42  Ratio:    0.00       (Area)
  PAR:   12.76  Ratio: 2736.24       (S.Area)
  CAR:   10.14  Ratio:    0.00       (C.Area)
  CAR:   53.18  Ratio:    0.00       (C.S.Area)

[1]  met1:
  PAR:    7.63  Ratio:    0.00       (Area)
  PAR:   40.31  Ratio:  400.00       (S.Area)
  CAR:    7.72  Ratio:    0.00       (C.Area)
  CAR:   40.41  Ratio:    0.00       (C.S.Area)

[1]  li1:
  PAR:    0.09  Ratio:    0.00       (Area)
  PAR:    0.11  Ratio:   75.00       (S.Area)
  CAR:    0.09  Ratio:    0.00       (C.Area)
  CAR:    0.11  Ratio:    0.00       (C.S.Area)

[1]  M1M2_PR:
  PAR:    0.14  Ratio:    6.00       (Area)
  CAR:    0.32  Ratio:    0.00       (C.Area)

[1]  L1M1_PR_MR:
  PAR:    0.18  Ratio:    3.00       (Area)
  CAR:    0.18  Ratio:    0.00       (C.Area)

  _092_  (sky130_fd_sc_hd__dfxtp_1)  CLK
[1]  met2:
  PAR:    2.42  Ratio:    0.00       (Area)
  PAR:   12.76  Ratio: 2736.24       (S.Area)
  CAR:   10.14  Ratio:    0.00       (C.Area)
  CAR:   53.18  Ratio:    0.00       (C.S.Area)

[1]  met1:
  PAR:    7.63  Ratio:    0.00       (Area)
  PAR:   40.31  Ratio:  400.00       (S.Area)
  CAR:    7.72  Ratio:    0.00       (C.Area)
  CAR:   40.41  Ratio:    0.00       (C.S.Area)

[1]  li1:
  PAR:    0.09  Ratio:    0.00       (Area)
  PAR:    0.11  Ratio:   75.00       (S.Area)
  CAR:    0.09  Ratio:    0.00       (C.Area)
  CAR:    0.11  Ratio:    0.00       (C.S.Area)

[1]  M1M2_PR:
  PAR:    0.14  Ratio:    6.00       (Area)
  CAR:    0.32  Ratio:    0.00       (C.Area)

[1]  L1M1_PR_MR:
  PAR:    0.18  Ratio:    3.00       (Area)
  CAR:    0.18  Ratio:    0.00       (C.Area)


Net - clknet_2_2_0_clk
  _088_  (sky130_fd_sc_hd__dfxtp_1)  CLK
[1]  met2:
  PAR:    2.98  Ratio:    0.00       (Area)
  PAR:   15.45  Ratio: 2736.24       (S.Area)
  CAR:    8.05  Ratio:    0.00       (C.Area)
  CAR:   41.09  Ratio:    0.00       (C.S.Area)

[1]  met1:
  PAR:    4.98  Ratio:    0.00       (Area)
  PAR:   25.53  Ratio:  400.00       (S.Area)
  CAR:    5.07  Ratio:    0.00       (C.Area)
  CAR:   25.64  Ratio:    0.00       (C.S.Area)

[1]  li1:
  PAR:    0.09  Ratio:    0.00       (Area)
  PAR:    0.11  Ratio:   75.00       (S.Area)
  CAR:    0.09  Ratio:    0.00       (C.Area)
  CAR:    0.11  Ratio:    0.00       (C.S.Area)

[1]  M1M2_PR:
  PAR:    0.14  Ratio:    6.00       (Area)
  CAR:    0.32  Ratio:    0.00       (C.Area)

[1]  L1M1_PR_MR:
  PAR:    0.18  Ratio:    3.00       (Area)
  CAR:    0.18  Ratio:    0.00       (C.Area)

  _097_  (sky130_fd_sc_hd__dfxtp_1)  CLK
[1]  met1:
  PAR:    0.12  Ratio:    0.00       (Area)
  PAR:    0.62  Ratio:  400.00       (S.Area)
  CAR:    0.21  Ratio:    0.00       (C.Area)
  CAR:    0.72  Ratio:    0.00       (C.S.Area)

[1]  li1:
  PAR:    0.09  Ratio:    0.00       (Area)
  PAR:    0.11  Ratio:   75.00       (S.Area)
  CAR:    0.09  Ratio:    0.00       (C.Area)
  CAR:    0.11  Ratio:    0.00       (C.S.Area)

[1]  M1M2_PR:
  PAR:    0.14  Ratio:    6.00       (Area)
  CAR:    0.32  Ratio:    0.00       (C.Area)

[1]  L1M1_PR_MR:
  PAR:    0.18  Ratio:    3.00       (Area)
  CAR:    0.18  Ratio:    0.00       (C.Area)

  _096_  (sky130_fd_sc_hd__dfxtp_1)  CLK
[1]  met1:
  PAR:    0.12  Ratio:    0.00       (Area)
  PAR:    0.62  Ratio:  400.00       (S.Area)
  CAR:    0.21  Ratio:    0.00       (C.Area)
  CAR:    0.72  Ratio:    0.00       (C.S.Area)

[1]  li1:
  PAR:    0.09  Ratio:    0.00       (Area)
  PAR:    0.11  Ratio:   75.00       (S.Area)
  CAR:    0.09  Ratio:    0.00       (C.Area)
  CAR:    0.11  Ratio:    0.00       (C.S.Area)

[1]  M1M2_PR:
  PAR:    0.14  Ratio:    6.00       (Area)
  CAR:    0.32  Ratio:    0.00       (C.Area)

[1]  L1M1_PR_MR:
  PAR:    0.18  Ratio:    3.00       (Area)
  CAR:    0.18  Ratio:    0.00       (C.Area)

  _099_  (sky130_fd_sc_hd__dfxtp_1)  CLK
[1]  met1:
  PAR:   14.60  Ratio:    0.00       (Area)
  PAR:   74.84  Ratio:  400.00       (S.Area)
  CAR:   14.69  Ratio:    0.00       (C.Area)
  CAR:   74.95  Ratio:    0.00       (C.S.Area)

[1]  li1:
  PAR:    0.09  Ratio:    0.00       (Area)
  PAR:    0.11  Ratio:   75.00       (S.Area)
  CAR:    0.09  Ratio:    0.00       (C.Area)
  CAR:    0.11  Ratio:    0.00       (C.S.Area)

[1]  M1M2_PR:
  PAR:    0.28  Ratio:    6.00       (Area)
  CAR:    0.46  Ratio:    0.00       (C.Area)

[1]  L1M1_PR_MR:
  PAR:    0.18  Ratio:    3.00       (Area)
  CAR:    0.18  Ratio:    0.00       (C.Area)

  _098_  (sky130_fd_sc_hd__dfxtp_1)  CLK
[1]  met1:
  PAR:    0.12  Ratio:    0.00       (Area)
  PAR:    0.62  Ratio:  400.00       (S.Area)
  CAR:    0.21  Ratio:    0.00       (C.Area)
  CAR:    0.72  Ratio:    0.00       (C.S.Area)

[1]  li1:
  PAR:    0.09  Ratio:    0.00       (Area)
  PAR:    0.11  Ratio:   75.00       (S.Area)
  CAR:    0.09  Ratio:    0.00       (C.Area)
  CAR:    0.11  Ratio:    0.00       (C.S.Area)

[1]  M1M2_PR:
  PAR:    0.14  Ratio:    6.00       (Area)
  CAR:    0.32  Ratio:    0.00       (C.Area)

[1]  L1M1_PR_MR:
  PAR:    0.18  Ratio:    3.00       (Area)
  CAR:    0.18  Ratio:    0.00       (C.Area)


Net - clknet_2_3_0_clk
  _101_  (sky130_fd_sc_hd__dfxtp_1)  CLK
[1]  met2:
  PAR:    2.71  Ratio:    0.00       (Area)
  PAR:   14.12  Ratio: 2736.24       (S.Area)
  CAR:   15.45  Ratio:    0.00       (C.Area)
  CAR:   81.19  Ratio:    0.00       (C.S.Area)

[1]  met1:
  PAR:    0.53  Ratio:    0.00       (Area)
  PAR:    3.26  Ratio:  400.00       (S.Area)
  CAR:    0.62  Ratio:    0.00       (C.Area)
  CAR:    3.36  Ratio:    0.00       (C.S.Area)

[1]  li1:
  PAR:    0.09  Ratio:    0.00       (Area)
  PAR:    0.11  Ratio:   75.00       (S.Area)
  CAR:    0.09  Ratio:    0.00       (C.Area)
  CAR:    0.11  Ratio:    0.00       (C.S.Area)

[1]  M1M2_PR:
  PAR:    0.14  Ratio:    6.00       (Area)
  CAR:    0.32  Ratio:    0.00       (C.Area)

[1]  L1M1_PR_MR:
  PAR:    0.18  Ratio:    3.00       (Area)
  CAR:    0.18  Ratio:    0.00       (C.Area)

  _094_  (sky130_fd_sc_hd__dfxtp_1)  CLK
[1]  met2:
  PAR:    2.71  Ratio:    0.00       (Area)
  PAR:   14.12  Ratio: 2736.24       (S.Area)
  CAR:   15.05  Ratio:    0.00       (C.Area)
  CAR:   78.55  Ratio:    0.00       (C.S.Area)

[1]  met1:
  PAR:    0.12  Ratio:    0.00       (Area)
  PAR:    0.62  Ratio:  400.00       (S.Area)
  CAR:    0.21  Ratio:    0.00       (C.Area)
  CAR:    0.72  Ratio:    0.00       (C.S.Area)

[1]  li1:
  PAR:    0.09  Ratio:    0.00       (Area)
  PAR:    0.11  Ratio:   75.00       (S.Area)
  CAR:    0.09  Ratio:    0.00       (C.Area)
  CAR:    0.11  Ratio:    0.00       (C.S.Area)

[1]  M1M2_PR:
  PAR:    0.14  Ratio:    6.00       (Area)
  CAR:    0.32  Ratio:    0.00       (C.Area)

[1]  L1M1_PR_MR:
  PAR:    0.18  Ratio:    3.00       (Area)
  CAR:    0.18  Ratio:    0.00       (C.Area)

  _093_  (sky130_fd_sc_hd__dfxtp_1)  CLK
[1]  met2:
  PAR:    2.71  Ratio:    0.00       (Area)
  PAR:   14.12  Ratio: 2736.24       (S.Area)
  CAR:   15.05  Ratio:    0.00       (C.Area)
  CAR:   78.55  Ratio:    0.00       (C.S.Area)

[1]  met1:
  PAR:    0.12  Ratio:    0.00       (Area)
  PAR:    0.62  Ratio:  400.00       (S.Area)
  CAR:    0.21  Ratio:    0.00       (C.Area)
  CAR:    0.72  Ratio:    0.00       (C.S.Area)

[1]  li1:
  PAR:    0.09  Ratio:    0.00       (Area)
  PAR:    0.11  Ratio:   75.00       (S.Area)
  CAR:    0.09  Ratio:    0.00       (C.Area)
  CAR:    0.11  Ratio:    0.00       (C.S.Area)

[1]  M1M2_PR:
  PAR:    0.14  Ratio:    6.00       (Area)
  CAR:    0.32  Ratio:    0.00       (C.Area)

[1]  L1M1_PR_MR:
  PAR:    0.18  Ratio:    3.00       (Area)
  CAR:    0.18  Ratio:    0.00       (C.Area)

  _089_  (sky130_fd_sc_hd__dfxtp_1)  CLK
[1]  met2:
  PAR:    2.71  Ratio:    0.00       (Area)
  PAR:   14.12  Ratio: 2736.24       (S.Area)
  CAR:   15.05  Ratio:    0.00       (C.Area)
  CAR:   78.55  Ratio:    0.00       (C.S.Area)

[1]  met1:
  PAR:    0.12  Ratio:    0.00       (Area)
  PAR:    0.62  Ratio:  400.00       (S.Area)
  CAR:    0.21  Ratio:    0.00       (C.Area)
  CAR:    0.72  Ratio:    0.00       (C.S.Area)

[1]  li1:
  PAR:    0.09  Ratio:    0.00       (Area)
  PAR:    0.11  Ratio:   75.00       (S.Area)
  CAR:    0.09  Ratio:    0.00       (C.Area)
  CAR:    0.11  Ratio:    0.00       (C.S.Area)

[1]  M1M2_PR:
  PAR:    0.14  Ratio:    6.00       (Area)
  CAR:    0.32  Ratio:    0.00       (C.Area)

[1]  L1M1_PR_MR:
  PAR:    0.18  Ratio:    3.00       (Area)
  CAR:    0.18  Ratio:    0.00       (C.Area)

  _091_  (sky130_fd_sc_hd__dfxtp_1)  CLK
[1]  met2:
  PAR:    2.71  Ratio:    0.00       (Area)
  PAR:   14.12  Ratio: 2736.24       (S.Area)
  CAR:   14.93  Ratio:    0.00       (C.Area)
  CAR:   77.93  Ratio:    0.00       (C.S.Area)

[1]  met1:
  PAR:   12.12  Ratio:    0.00       (Area)
  PAR:   63.70  Ratio:  400.00       (S.Area)
  CAR:   12.22  Ratio:    0.00       (C.Area)
  CAR:   63.81  Ratio:    0.00       (C.S.Area)

[1]  li1:
  PAR:    0.09  Ratio:    0.00       (Area)
  PAR:    0.11  Ratio:   75.00       (S.Area)
  CAR:    0.09  Ratio:    0.00       (C.Area)
  CAR:    0.11  Ratio:    0.00       (C.S.Area)

[1]  M1M2_PR:
  PAR:    0.42  Ratio:    6.00       (Area)
  CAR:    0.61  Ratio:    0.00       (C.Area)

[1]  L1M1_PR_MR:
  PAR:    0.18  Ratio:    3.00       (Area)
  CAR:    0.18  Ratio:    0.00       (C.Area)

  _090_  (sky130_fd_sc_hd__dfxtp_1)  CLK
[1]  met2:
  PAR:    2.71  Ratio:    0.00       (Area)
  PAR:   14.12  Ratio: 2736.24       (S.Area)
  CAR:    4.55  Ratio:    0.00       (C.Area)
  CAR:   23.56  Ratio:    0.00       (C.S.Area)

[1]  met1:
  PAR:    1.74  Ratio:    0.00       (Area)
  PAR:    9.33  Ratio:  400.00       (S.Area)
  CAR:    1.83  Ratio:    0.00       (C.Area)
  CAR:    9.44  Ratio:    0.00       (C.S.Area)

[1]  li1:
  PAR:    0.09  Ratio:    0.00       (Area)
  PAR:    0.11  Ratio:   75.00       (S.Area)
  CAR:    0.09  Ratio:    0.00       (C.Area)
  CAR:    0.11  Ratio:    0.00       (C.S.Area)

[1]  M1M2_PR:
  PAR:    0.14  Ratio:    6.00       (Area)
  CAR:    0.32  Ratio:    0.00       (C.Area)

[1]  L1M1_PR_MR:
  PAR:    0.18  Ratio:    3.00       (Area)
  CAR:    0.18  Ratio:    0.00       (C.Area)

  _095_  (sky130_fd_sc_hd__dfxtp_1)  CLK
[1]  met2:
  PAR:    2.71  Ratio:    0.00       (Area)
  PAR:   14.12  Ratio: 2736.24       (S.Area)
  CAR:    2.93  Ratio:    0.00       (C.Area)
  CAR:   14.85  Ratio:    0.00       (C.S.Area)

[1]  met1:
  PAR:    0.12  Ratio:    0.00       (Area)
  PAR:    0.62  Ratio:  400.00       (S.Area)
  CAR:    0.21  Ratio:    0.00       (C.Area)
  CAR:    0.72  Ratio:    0.00       (C.S.Area)

[1]  li1:
  PAR:    0.09  Ratio:    0.00       (Area)
  PAR:    0.11  Ratio:   75.00       (S.Area)
  CAR:    0.09  Ratio:    0.00       (C.Area)
  CAR:    0.11  Ratio:    0.00       (C.S.Area)

[1]  M1M2_PR:
  PAR:    0.14  Ratio:    6.00       (Area)
  CAR:    0.32  Ratio:    0.00       (C.Area)

[1]  L1M1_PR_MR:
  PAR:    0.18  Ratio:    3.00       (Area)
  CAR:    0.18  Ratio:    0.00       (C.Area)

Number of pins violated: 0
Number of nets violated: 0
Total number of unspecial nets: 75
