Startpoint: _167_ (rising edge-triggered flip-flop clocked by clk)
Endpoint: _167_ (rising edge-triggered flip-flop clocked by clk)
Path Group: clk
Path Type: min

Fanout     Cap    Slew   Delay    Time   Description
-----------------------------------------------------------------------------
                  0.00    0.00    0.00   clock clk (rise edge)
                          0.00    0.00   clock network delay (ideal)
                  0.00    0.00    0.00 ^ _167_/CLK (sky130_fd_sc_hd__dfxtp_2)
                  0.03    0.18    0.18 ^ _167_/Q (sky130_fd_sc_hd__dfxtp_2)
     3    0.00                           water_time[3] (net)
                  0.03    0.00    0.18 ^ _152_/A (sky130_fd_sc_hd__and2_2)
                  0.02    0.07    0.25 ^ _152_/X (sky130_fd_sc_hd__and2_2)
     1    0.00                           _018_ (net)
                  0.02    0.00    0.25 ^ _167_/D (sky130_fd_sc_hd__dfxtp_2)
                                  0.25   data arrival time

                  0.00    0.00    0.00   clock clk (rise edge)
                          0.00    0.00   clock network delay (ideal)
                          0.00    0.00   clock reconvergence pessimism
                                  0.00 ^ _167_/CLK (sky130_fd_sc_hd__dfxtp_2)
                         -0.02   -0.02   library hold time
                                 -0.02   data required time
-----------------------------------------------------------------------------
                                 -0.02   data required time
                                 -0.25   data arrival time
-----------------------------------------------------------------------------
                                  0.27   slack (MET)


Startpoint: l_thresh[1] (input port clocked by clk)
Endpoint: _181_ (rising edge-triggered flip-flop clocked by clk)
Path Group: clk
Path Type: max

Fanout     Cap    Slew   Delay    Time   Description
-----------------------------------------------------------------------------
                  0.00    0.00    0.00   clock clk (rise edge)
                          0.00    0.00   clock network delay (ideal)
                          2.00    2.00 ^ input external delay
                  0.03    0.01    2.01 ^ l_thresh[1] (in)
     1    0.00                           l_thresh[1] (net)
                  0.03    0.00    2.01 ^ _084_/A (sky130_fd_sc_hd__inv_2)
                  0.02    0.03    2.04 v _084_/Y (sky130_fd_sc_hd__inv_2)
     1    0.00                           _042_ (net)
                  0.02    0.00    2.04 v _085_/A2 (sky130_fd_sc_hd__a31o_2)
                  0.08    0.42    2.46 v _085_/X (sky130_fd_sc_hd__a31o_2)
     2    0.01                           _043_ (net)
                  0.08    0.00    2.46 v _086_/C1 (sky130_fd_sc_hd__o211a_2)
                  0.08    0.22    2.68 v _086_/X (sky130_fd_sc_hd__o211a_2)
     2    0.00                           _006_ (net)
                  0.08    0.00    2.68 v _089_/A (sky130_fd_sc_hd__or2_2)
                  0.15    0.72    3.40 v _089_/X (sky130_fd_sc_hd__or2_2)
     4    0.01                           _045_ (net)
                  0.15    0.00    3.40 v _100_/A (sky130_fd_sc_hd__inv_2)
                  0.08    0.12    3.52 ^ _100_/Y (sky130_fd_sc_hd__inv_2)
     4    0.01                           _056_ (net)
                  0.08    0.00    3.52 ^ _101_/C1 (sky130_fd_sc_hd__o211a_2)
                  0.11    0.38    3.90 ^ _101_/X (sky130_fd_sc_hd__o211a_2)
     3    0.01                           _011_ (net)
                  0.11    0.00    3.90 ^ _123_/S (sky130_fd_sc_hd__mux2_2)
                  0.08    0.66    4.56 v _123_/X (sky130_fd_sc_hd__mux2_2)
     1    0.00                           _075_ (net)
                  0.08    0.00    4.56 v _124_/B (sky130_fd_sc_hd__or3b_2)
                  0.15    0.99    5.56 v _124_/X (sky130_fd_sc_hd__or3b_2)
     1    0.00                           _076_ (net)
                  0.15    0.00    5.56 v _146_/B (sky130_fd_sc_hd__or3_2)
                  0.16    1.06    6.61 v _146_/X (sky130_fd_sc_hd__or3_2)
     1    0.00                           _038_ (net)
                  0.16    0.00    6.61 v _148_/A3 (sky130_fd_sc_hd__a31o_2)
                  0.06    0.47    7.08 v _148_/X (sky130_fd_sc_hd__a31o_2)
     1    0.00                           _024_ (net)
                  0.06    0.00    7.08 v _181_/D (sky130_fd_sc_hd__dfxtp_2)
                                  7.08   data arrival time

                  0.00   10.00   10.00   clock clk (rise edge)
                          0.00   10.00   clock network delay (ideal)
                          0.00   10.00   clock reconvergence pessimism
                                 10.00 ^ _181_/CLK (sky130_fd_sc_hd__dfxtp_2)
                         -0.29    9.71   library setup time
                                  9.71   data required time
-----------------------------------------------------------------------------
                                  9.71   data required time
                                 -7.08   data arrival time
-----------------------------------------------------------------------------
                                  2.63   slack (MET)


