0-prep 0h0m0s530ms
1-yosys 0h0m1s755ms
2-opensta 0h0m1s457ms
3-verilog2def_openroad 0h0m1s828ms
4-ioPlacer 0h0m1s434ms
5-tapcell 0h0m1s418ms
6-klayout_scrot 0h0m4s607ms
7-pdn 0h0m1s841ms
8-replace 0h0m7s86ms
8-resizer 0h0m6s491ms
9-write_verilog 0h0m1s471ms
10-opensta_post_resizer 0h0m1s687ms
11-prep 0h0m2s130ms
12-opensta 0h0m1s447ms
13-verilog2def_openroad 0h0m1s872ms
14-ioPlacer 0h0m1s392ms
15-tapcell 0h0m1s415ms
16-klayout_scrot 0h0m4s728ms
17-pdn 0h0m1s863ms
18-replace 0h0m7s303ms
18-resizer 0h0m6s490ms
19-write_verilog 0h0m1s416ms
20-opensta_post_resizer 0h0m1s570ms