0-prep 0h0m0s524ms
1-yosys 0h0m1s647ms
2-opensta 0h0m1s503ms
3-verilog2def_openroad 0h0m2s80ms
4-ioPlacer 0h0m1s512ms
5-tapcell 0h0m1s540ms
6-klayout_scrot 0h0m4s484ms
7-pdn 0h0m1s900ms
8-replace 0h0m0s325ms
8-resizer 0h0m2s531ms
9-write_verilog 0h0m1s707ms
10-opensta_post_resizer 0h0m1s582ms
11-opendp 0h0m1s606ms
12-klayout_scrot 0h0m4s665ms
13-resizer_timing 0h0m2s25ms
14-write_verilog 0h0m1s534ms
15-opensta_post_resizer_timing 0h0m1s609ms
16-fastroute 0h0m4s166ms
17-addspacers 0h0m1s900ms
18-write_verilog 0h0m1s642ms
19-tritonRoute 0h0m2s917ms
20-klayout_scrot 0h0m4s747ms
21-spef_extraction 0h0m0s478ms
22-opensta_spef 0h0m1s569ms
24-write_verilog 0h0m1s656ms
26-klayout_scrot 0h0m5s154ms
29-magic_gen 0h0m6s620ms
30-klayout 0h0m4s950ms
31-klayout_scrot 0h0m5s206ms
33-klayout_scrot 0h0m4s666ms
34-klayout_xor 0h0m10s170ms
35-magic_ext_spice 0h0m0s507ms
36-lvs 0h0m0s115ms
37-magic_drc 0h0m1s173ms
39-or_antenna 0h0m1s512ms
40-cvc 0h0m0s163ms