Mon May 10 03:36:51 UTC 2021 - Executing "python3 /openLANE_flow/scripts/extract_metal_layers.py -t /home/vscheyer/pdks/openlane/pdks/sky130A/libs.ref/sky130_fd_sc_hd/techlef/sky130_fd_sc_hd.tlef -o /openLANE_flow/designs/clk_divider/runs/10-05_03-36/tmp/met_layers_list.txt"

Mon May 10 03:36:51 UTC 2021 - Executing "/openLANE_flow/scripts/mergeLef.py -i /home/vscheyer/pdks/openlane/pdks/sky130A/libs.ref/sky130_fd_sc_hd/techlef/sky130_fd_sc_hd.tlef {/home/vscheyer/pdks/openlane/pdks/sky130A/libs.ref/sky130_fd_sc_hd/lef/sky130_ef_sc_hd__fill_12.lef /home/vscheyer/pdks/openlane/pdks/sky130A/libs.ref/sky130_fd_sc_hd/lef/sky130_fd_sc_hd.lef /home/vscheyer/pdks/openlane/pdks/sky130A/libs.ref/sky130_fd_sc_hd/lef/sky130_ef_sc_hd__fakediode_2.lef /home/vscheyer/pdks/openlane/pdks/sky130A/libs.ref/sky130_fd_sc_hd/lef/sky130_ef_sc_hd__decap_12.lef} -o /openLANE_flow/designs/clk_divider/runs/10-05_03-36/tmp/merged_unpadded.lef |& tee >&@stdout"

Mon May 10 03:36:51 UTC 2021 - Executing "/openLANE_flow/scripts/libtrim.pl /home/vscheyer/pdks/openlane/pdks/sky130A/libs.ref/sky130_fd_sc_hd/lib/sky130_fd_sc_hd__tt_025C_1v80.lib /openLANE_flow/designs/clk_divider/runs/10-05_03-36/tmp/trimmed.lib.exclude.list > /openLANE_flow/designs/clk_divider/runs/10-05_03-36/tmp/trimmed.lib"

Mon May 10 03:36:51 UTC 2021 - Executing "echo {openlane v0.12} > /openLANE_flow/designs/clk_divider/runs/10-05_03-36/OPENLANE_VERSION"

Mon May 10 03:36:51 UTC 2021 - Executing "sed -E {s/^([[:space:]]+)pg_pin(.*)/\1pin\2\n\1    direction : "inout";/g} /home/vscheyer/pdks/openlane/pdks/sky130A/libs.ref/sky130_fd_sc_hd/lib/sky130_fd_sc_hd__tt_025C_1v80.lib > /openLANE_flow/designs/clk_divider/runs/10-05_03-36/tmp/sky130_fd_sc_hd__tt_025C_1v80.no_pg.lib"

Mon May 10 03:36:51 UTC 2021 - Executing "yosys -c /openLANE_flow/scripts/synth.tcl -l /openLANE_flow/designs/clk_divider/runs/10-05_03-36/logs/synthesis/1-yosys.log |& tee >&@stdout"

Mon May 10 03:36:53 UTC 2021 - Executing "sed -i -e {s/\(set ::env(CURRENT_NETLIST)\).*/\1 \/openLANE_flow\/designs\/clk_divider\/runs\/10-05_03-36\/results\/synthesis\/clk_divider.synthesis.v/} /openLANE_flow/designs/clk_divider/runs/10-05_03-36/config.tcl"

Mon May 10 03:36:53 UTC 2021 - Executing "sed -i -e {s/\(set ::env(PREV_NETLIST)\).*/\1 0/} /openLANE_flow/designs/clk_divider/runs/10-05_03-36/config.tcl"

Mon May 10 03:36:53 UTC 2021 - Executing "sed -i /defparam/d /openLANE_flow/designs/clk_divider/runs/10-05_03-36/results/synthesis/clk_divider.synthesis.v"

Mon May 10 03:36:53 UTC 2021 - Executing "sta /openLANE_flow/scripts/sta.tcl |& tee >&@stdout /openLANE_flow/designs/clk_divider/runs/10-05_03-36/logs/synthesis/2-opensta"

Mon May 10 03:36:54 UTC 2021 - Executing "openroad -exit /openLANE_flow/scripts/openroad/or_floorplan.tcl |& tee >&@stdout /openLANE_flow/designs/clk_divider/runs/10-05_03-36/logs/floorplan/3-verilog2def.openroad.log"

Mon May 10 03:36:55 UTC 2021 - Executing "openroad -exit /openLANE_flow/scripts/openroad/or_ioplacer.tcl |& tee >&@stdout /openLANE_flow/designs/clk_divider/runs/10-05_03-36/logs/floorplan/4-ioPlacer.log"

Mon May 10 03:36:57 UTC 2021 - Executing "openroad -exit /openLANE_flow/scripts/openroad/or_tapcell.tcl |& tee >&@stdout /openLANE_flow/designs/clk_divider/runs/10-05_03-36/logs/floorplan/5-tapcell.log"

Mon May 10 03:36:58 UTC 2021 - Executing "bash /openLANE_flow/scripts/klayout/scrotLayout.sh /home/vscheyer/pdks/openlane/pdks/sky130A/libs.tech/klayout/sky130A.lyt /openLANE_flow/designs/clk_divider/runs/10-05_03-36/results/floorplan/clk_divider.floorplan.def |& tee >&@stdout /openLANE_flow/designs/clk_divider/runs/10-05_03-36/logs/klayout/6-klayout.scrot.log"

Mon May 10 03:37:02 UTC 2021 - Executing "openroad -exit /openLANE_flow/scripts/openroad/or_pdn.tcl |& tee >&@stdout /openLANE_flow/designs/clk_divider/runs/10-05_03-36/logs/floorplan/7-pdn.log"

Mon May 10 03:37:04 UTC 2021 - Executing "openroad -exit /openLANE_flow/scripts/openroad/or_replace.tcl |& tee >&@stdout /openLANE_flow/designs/clk_divider/runs/10-05_03-36/logs/placement/8-replace.log"

Mon May 10 03:37:10 UTC 2021 - Executing "openroad -exit /openLANE_flow/scripts/openroad/or_resizer.tcl |& tee >&@stdout /openLANE_flow/designs/clk_divider/runs/10-05_03-36/logs/placement/8-resizer.log"

Mon May 10 03:37:15 UTC 2021 - Executing "openroad -exit /openLANE_flow/scripts/openroad/or_write_verilog.tcl |& tee >&@stdout /openLANE_flow/designs/clk_divider/runs/10-05_03-36/logs/9-write_verilog.log"

Mon May 10 03:37:16 UTC 2021 - Executing "sed -i -e {s/\(set ::env(CURRENT_NETLIST)\).*/\1 \/openLANE_flow\/designs\/clk_divider\/runs\/10-05_03-36\/results\/synthesis\/clk_divider.synthesis_optimized.v/} /openLANE_flow/designs/clk_divider/runs/10-05_03-36/config.tcl"

Mon May 10 03:37:16 UTC 2021 - Executing "sed -i -e {s/\(set ::env(PREV_NETLIST)\).*/\1 \/openLANE_flow\/designs\/clk_divider\/runs\/10-05_03-36\/results\/synthesis\/clk_divider.synthesis.v/} /openLANE_flow/designs/clk_divider/runs/10-05_03-36/config.tcl"

Mon May 10 03:37:16 UTC 2021 - Executing "sta /openLANE_flow/scripts/sta.tcl |& tee >&@stdout /openLANE_flow/designs/clk_divider/runs/10-05_03-36/logs/synthesis/10-opensta_post_resizer"

Mon May 10 03:37:18 UTC 2021 - Executing "openroad -exit /openLANE_flow/scripts/openroad/or_opendp.tcl |& tee >&@stdout /openLANE_flow/designs/clk_divider/runs/10-05_03-36/logs/placement/11-opendp.log"

Mon May 10 03:37:19 UTC 2021 - Executing "bash /openLANE_flow/scripts/klayout/scrotLayout.sh /home/vscheyer/pdks/openlane/pdks/sky130A/libs.tech/klayout/sky130A.lyt /openLANE_flow/designs/clk_divider/runs/10-05_03-36/results/placement/clk_divider.placement.def |& tee >&@stdout /openLANE_flow/designs/clk_divider/runs/10-05_03-36/logs/klayout/12-klayout.scrot.log"

Mon May 10 03:37:23 UTC 2021 - Executing "openroad -exit /openLANE_flow/scripts/openroad/or_cts.tcl |& tee >&@stdout /openLANE_flow/designs/clk_divider/runs/10-05_03-36/logs/cts/13-cts.log"

Mon May 10 03:38:46 UTC 2021 - Executing "openroad -exit /openLANE_flow/scripts/openroad/or_write_verilog.tcl |& tee >&@stdout /openLANE_flow/designs/clk_divider/runs/10-05_03-36/logs/14-write_verilog.log"

Mon May 10 03:38:48 UTC 2021 - Executing "sed -i -e {s/\(set ::env(CURRENT_NETLIST)\).*/\1 \/openLANE_flow\/designs\/clk_divider\/runs\/10-05_03-36\/results\/synthesis\/clk_divider.synthesis_cts.v/} /openLANE_flow/designs/clk_divider/runs/10-05_03-36/config.tcl"

Mon May 10 03:38:48 UTC 2021 - Executing "sed -i -e {s/\(set ::env(PREV_NETLIST)\).*/\1 \/openLANE_flow\/designs\/clk_divider\/runs\/10-05_03-36\/results\/synthesis\/clk_divider.synthesis_optimized.v/} /openLANE_flow/designs/clk_divider/runs/10-05_03-36/config.tcl"

Mon May 10 03:38:48 UTC 2021 - Executing "bash /openLANE_flow/scripts/klayout/scrotLayout.sh /home/vscheyer/pdks/openlane/pdks/sky130A/libs.tech/klayout/sky130A.lyt /openLANE_flow/designs/clk_divider/runs/10-05_03-36/results/cts/clk_divider.cts.def |& tee >&@stdout /openLANE_flow/designs/clk_divider/runs/10-05_03-36/logs/klayout/15-klayout.scrot.log"

Mon May 10 03:38:52 UTC 2021 - Executing "openroad -exit /openLANE_flow/scripts/openroad/or_resizer_timing.tcl |& tee >&@stdout /openLANE_flow/designs/clk_divider/runs/10-05_03-36/logs/placement/15-resizer_timing.log"

Mon May 10 03:38:57 UTC 2021 - Executing "openroad -exit /openLANE_flow/scripts/openroad/or_write_verilog.tcl |& tee >&@stdout /openLANE_flow/designs/clk_divider/runs/10-05_03-36/logs/16-write_verilog.log"

Mon May 10 03:38:58 UTC 2021 - Executing "sed -i -e {s/\(set ::env(CURRENT_NETLIST)\).*/\1 \/openLANE_flow\/designs\/clk_divider\/runs\/10-05_03-36\/results\/synthesis\/clk_divider.synthesis_optimized.v/} /openLANE_flow/designs/clk_divider/runs/10-05_03-36/config.tcl"

Mon May 10 03:38:58 UTC 2021 - Executing "sed -i -e {s/\(set ::env(PREV_NETLIST)\).*/\1 \/openLANE_flow\/designs\/clk_divider\/runs\/10-05_03-36\/results\/synthesis\/clk_divider.synthesis_cts.v/} /openLANE_flow/designs/clk_divider/runs/10-05_03-36/config.tcl"

Mon May 10 03:38:58 UTC 2021 - Executing "sta /openLANE_flow/scripts/sta.tcl |& tee >&@stdout /openLANE_flow/designs/clk_divider/runs/10-05_03-36/logs/synthesis/17-opensta_post_resizer_timing"

Mon May 10 03:39:00 UTC 2021 - Executing "openroad -exit /openLANE_flow/scripts/openroad/or_groute.tcl |& tee >&@stdout /openLANE_flow/designs/clk_divider/runs/10-05_03-36/logs/routing/18-fastroute.log"

Mon May 10 03:39:03 UTC 2021 - Executing "openroad -exit /openLANE_flow/scripts/openroad/or_fill.tcl |& tee >&@stdout /openLANE_flow/designs/clk_divider/runs/10-05_03-36/logs/routing/19-addspacers.log"

Mon May 10 03:39:04 UTC 2021 - Executing "openroad -exit /openLANE_flow/scripts/openroad/or_write_verilog.tcl |& tee >&@stdout /openLANE_flow/designs/clk_divider/runs/10-05_03-36/logs/20-write_verilog.log"

Mon May 10 03:39:05 UTC 2021 - Executing "sed -i -e {s/\(set ::env(CURRENT_NETLIST)\).*/\1 \/openLANE_flow\/designs\/clk_divider\/runs\/10-05_03-36\/results\/synthesis\/clk_divider.synthesis_preroute.v/} /openLANE_flow/designs/clk_divider/runs/10-05_03-36/config.tcl"

Mon May 10 03:39:05 UTC 2021 - Executing "sed -i -e {s/\(set ::env(PREV_NETLIST)\).*/\1 \/openLANE_flow\/designs\/clk_divider\/runs\/10-05_03-36\/results\/synthesis\/clk_divider.synthesis_optimized.v/} /openLANE_flow/designs/clk_divider/runs/10-05_03-36/config.tcl"

Mon May 10 03:39:05 UTC 2021 - Executing "envsubst < /openLANE_flow/scripts/tritonRoute.param > /openLANE_flow/designs/clk_divider/runs/10-05_03-36/tmp/routing/21-tritonRoute.param"

Mon May 10 03:39:05 UTC 2021 - Executing "TritonRoute /openLANE_flow/designs/clk_divider/runs/10-05_03-36/tmp/routing/21-tritonRoute.param |& tee >&@stdout /openLANE_flow/designs/clk_divider/runs/10-05_03-36/logs/routing/21-tritonRoute.log"

Mon May 10 03:39:10 UTC 2021 - Executing "python3 /openLANE_flow/scripts/tr2klayout.py -i /openLANE_flow/designs/clk_divider/runs/10-05_03-36/reports/routing/21-tritonRoute.drc -o /openLANE_flow/designs/clk_divider/runs/10-05_03-36/reports/routing/21-tritonRoute.klayout.xml --design-name clk_divider"

Mon May 10 03:39:10 UTC 2021 - Executing "bash /openLANE_flow/scripts/klayout/scrotLayout.sh /home/vscheyer/pdks/openlane/pdks/sky130A/libs.tech/klayout/sky130A.lyt /openLANE_flow/designs/clk_divider/runs/10-05_03-36/results/routing/clk_divider.def |& tee >&@stdout /openLANE_flow/designs/clk_divider/runs/10-05_03-36/logs/klayout/22-klayout.scrot.log"

Mon May 10 03:39:15 UTC 2021 - Executing "python3 /openLANE_flow/scripts/spef_extractor/main.py -l /openLANE_flow/designs/clk_divider/runs/10-05_03-36/tmp/merged_unpadded.lef -d /openLANE_flow/designs/clk_divider/runs/10-05_03-36/results/routing/clk_divider.def -mw L -ec 1 |& tee >&@stdout /openLANE_flow/designs/clk_divider/runs/10-05_03-36/logs/routing/23-spef_extraction.log"

Mon May 10 03:39:15 UTC 2021 - Executing "sta /openLANE_flow/scripts/sta.tcl |& tee >&@stdout /openLANE_flow/designs/clk_divider/runs/10-05_03-36/logs/synthesis/24-opensta_spef"

Mon May 10 03:39:17 UTC 2021 - Executing "python3 /openLANE_flow/scripts/write_powered_def.py -d /openLANE_flow/designs/clk_divider/runs/10-05_03-36/results/routing/clk_divider.def -l /openLANE_flow/designs/clk_divider/runs/10-05_03-36/tmp/merged.lef --power-port VPWR --ground-port VGND --powered-netlist {} -o /openLANE_flow/designs/clk_divider/runs/10-05_03-36/tmp/routing/25-clk_divider.powered.def |& tee >&@stdout /openLANE_flow/designs/clk_divider/runs/10-05_03-36/logs/lvs/25-write_powered_verilog.log"

Mon May 10 03:39:17 UTC 2021 - Executing "openroad -exit /openLANE_flow/scripts/openroad/or_write_verilog.tcl |& tee >&@stdout /openLANE_flow/designs/clk_divider/runs/10-05_03-36/logs/26-write_verilog.log"

Mon May 10 03:39:18 UTC 2021 - Executing "sed -i -e {s/\(set ::env(CURRENT_NETLIST)\).*/\1 \/openLANE_flow\/designs\/clk_divider\/runs\/10-05_03-36\/results\/lvs\/clk_divider.lvs.powered.v/} /openLANE_flow/designs/clk_divider/runs/10-05_03-36/config.tcl"

Mon May 10 03:39:18 UTC 2021 - Executing "sed -i -e {s/\(set ::env(PREV_NETLIST)\).*/\1 \/openLANE_flow\/designs\/clk_divider\/runs\/10-05_03-36\/results\/synthesis\/clk_divider.synthesis_preroute.v/} /openLANE_flow/designs/clk_divider/runs/10-05_03-36/config.tcl"

Mon May 10 03:39:18 UTC 2021 - Executing "magic -noconsole -dnull -rcfile /home/vscheyer/pdks/openlane/pdks/sky130A/libs.tech/magic/sky130A.magicrc /openLANE_flow/scripts/magic/mag_gds.tcl </dev/null |& tee >&@stdout /openLANE_flow/designs/clk_divider/runs/10-05_03-36/logs/magic/27-magic.log"

Mon May 10 03:39:19 UTC 2021 - Executing "bash /openLANE_flow/scripts/klayout/scrotLayout.sh /home/vscheyer/pdks/openlane/pdks/sky130A/libs.tech/klayout/sky130A.lyt /openLANE_flow/designs/clk_divider/runs/10-05_03-36/results/magic/clk_divider.gds |& tee >&@stdout /openLANE_flow/designs/clk_divider/runs/10-05_03-36/logs/klayout/28-klayout.scrot.log"

Mon May 10 03:39:23 UTC 2021 - Executing "magic -noconsole -dnull -rcfile /home/vscheyer/pdks/openlane/pdks/sky130A/libs.tech/magic/sky130A.magicrc /openLANE_flow/scripts/magic/gds_pointers.tcl </dev/null |& tee >&@stdout /openLANE_flow/designs/clk_divider/runs/10-05_03-36/logs/magic/29-magic.mag.gds_ptrs.log"

Mon May 10 03:39:24 UTC 2021 - Executing "sed -i -n {/^<< properties >>/,/^<< end >>/p} /openLANE_flow/designs/clk_divider/runs/10-05_03-36/tmp/magic/magic_gds_ptrs.mag"

Mon May 10 03:39:24 UTC 2021 - Executing "magic -noconsole -dnull -rcfile /home/vscheyer/pdks/openlane/pdks/sky130A/libs.tech/magic/sky130A.magicrc /openLANE_flow/scripts/magic/lef.tcl </dev/null |& tee >&@stdout /openLANE_flow/designs/clk_divider/runs/10-05_03-36/logs/magic/30-magic.lef.log"

Mon May 10 03:39:24 UTC 2021 - Executing "magic -noconsole -dnull -rcfile /home/vscheyer/pdks/openlane/pdks/sky130A/libs.tech/magic/sky130A.magicrc /openLANE_flow/scripts/magic/maglef.tcl </dev/null |& tee >&@stdout /openLANE_flow/designs/clk_divider/runs/10-05_03-36/logs/magic/31-magic.maglef.log"

Mon May 10 03:39:25 UTC 2021 - Executing "bash /openLANE_flow/scripts/klayout/def2gds.sh /home/vscheyer/pdks/openlane/pdks/sky130A/libs.tech/klayout/sky130A.lyt /openLANE_flow/designs/clk_divider/runs/10-05_03-36/results/routing/clk_divider.def clk_divider /openLANE_flow/designs/clk_divider/runs/10-05_03-36/results/klayout/clk_divider.gds {/home/vscheyer/pdks/openlane/pdks/sky130A/libs.ref/sky130_fd_sc_hd/gds/sky130_ef_sc_hd__decap_12.gds /home/vscheyer/pdks/openlane/pdks/sky130A/libs.ref/sky130_fd_sc_hd/gds/sky130_fd_sc_hd.gds /home/vscheyer/pdks/openlane/pdks/sky130A/libs.ref/sky130_fd_sc_hd/gds/sky130_ef_sc_hd__fakediode_2.gds /home/vscheyer/pdks/openlane/pdks/sky130A/libs.ref/sky130_fd_sc_hd/gds/sky130_ef_sc_hd__fill_12.gds } |& tee >&@stdout /openLANE_flow/designs/clk_divider/runs/10-05_03-36/logs/klayout/32-klayout.log"

Mon May 10 03:39:29 UTC 2021 - Executing "bash /openLANE_flow/scripts/klayout/scrotLayout.sh /home/vscheyer/pdks/openlane/pdks/sky130A/libs.tech/klayout/sky130A.lyt /openLANE_flow/designs/clk_divider/runs/10-05_03-36/results/klayout/clk_divider.gds |& tee >&@stdout /openLANE_flow/designs/clk_divider/runs/10-05_03-36/logs/klayout/33-klayout.scrot.log"

Mon May 10 03:39:33 UTC 2021 - Executing "bash /openLANE_flow/scripts/klayout/xor.sh /openLANE_flow/designs/clk_divider/runs/10-05_03-36/results/magic/clk_divider.gds /openLANE_flow/designs/clk_divider/runs/10-05_03-36/results/klayout/clk_divider.gds clk_divider /openLANE_flow/designs/clk_divider/runs/10-05_03-36/results/klayout/clk_divider.xor.gds |& tee >&@stdout /openLANE_flow/designs/clk_divider/runs/10-05_03-36/logs/klayout/34-klayout.xor.log"

Mon May 10 03:39:40 UTC 2021 - Executing "python3 /openLANE_flow/scripts/parse_klayout_xor_log.py -l /openLANE_flow/designs/clk_divider/runs/10-05_03-36/logs/klayout/34-klayout.xor.log -o /openLANE_flow/designs/clk_divider/runs/10-05_03-36/reports/klayout/34-klayout.xor.rpt"

Mon May 10 03:39:40 UTC 2021 - Executing "bash /openLANE_flow/scripts/klayout/scrotLayout.sh /home/vscheyer/pdks/openlane/pdks/sky130A/libs.tech/klayout/sky130A.lyt /openLANE_flow/designs/clk_divider/runs/10-05_03-36/results/klayout/clk_divider.xor.gds |& tee >&@stdout /openLANE_flow/designs/clk_divider/runs/10-05_03-36/logs/klayout/35-klayout.scrot.log"

Mon May 10 03:39:44 UTC 2021 - Executing "bash /openLANE_flow/scripts/klayout/xor.sh /openLANE_flow/designs/clk_divider/runs/10-05_03-36/results/magic/clk_divider.gds /openLANE_flow/designs/clk_divider/runs/10-05_03-36/results/klayout/clk_divider.gds clk_divider /openLANE_flow/designs/clk_divider/runs/10-05_03-36/results/klayout/clk_divider.xor.xml |& tee >&@stdout /openLANE_flow/designs/clk_divider/runs/10-05_03-36/logs/klayout/36-klayout.xor.log"

Mon May 10 03:39:52 UTC 2021 - Executing "python3 /openLANE_flow/scripts/parse_klayout_xor_log.py -l /openLANE_flow/designs/clk_divider/runs/10-05_03-36/logs/klayout/36-klayout.xor.log -o /openLANE_flow/designs/clk_divider/runs/10-05_03-36/reports/klayout/36-klayout.xor.rpt"

Mon May 10 03:39:52 UTC 2021 - Executing "magic -noconsole -dnull -rcfile /home/vscheyer/pdks/openlane/pdks/sky130A/libs.tech/magic/sky130A.magicrc /openLANE_flow/designs/clk_divider/runs/10-05_03-36/tmp/magic_spice.tcl </dev/null |& tee >&@stdout /openLANE_flow/designs/clk_divider/runs/10-05_03-36/logs/magic/37-magic_spice.log"

Mon May 10 03:39:53 UTC 2021 - Executing "netgen -batch source /openLANE_flow/designs/clk_divider/runs/10-05_03-36/tmp/lvs/setup_file.lef.lvs |& tee >&@stdout /openLANE_flow/designs/clk_divider/runs/10-05_03-36/logs/lvs/38-lvs.lef.log"

Mon May 10 03:39:53 UTC 2021 - Executing "magic -noconsole -dnull -rcfile /home/vscheyer/pdks/openlane/pdks/sky130A/libs.tech/magic/sky130A.magicrc /openLANE_flow/scripts/magic/drc.tcl </dev/null |& tee >&@stdout /openLANE_flow/designs/clk_divider/runs/10-05_03-36/logs/magic/39-magic.drc.log"

Mon May 10 03:39:55 UTC 2021 - Executing "python3 /openLANE_flow/scripts/magic_drc_to_tcl.py -i /openLANE_flow/designs/clk_divider/runs/10-05_03-36/reports/magic/39-magic.drc -o /openLANE_flow/designs/clk_divider/runs/10-05_03-36/reports/magic/39-magic.drc.tcl"

Mon May 10 03:39:55 UTC 2021 - Executing "python3 /openLANE_flow/scripts/magic_drc_to_tr_drc.py -i /openLANE_flow/designs/clk_divider/runs/10-05_03-36/reports/magic/39-magic.drc -o /openLANE_flow/designs/clk_divider/runs/10-05_03-36/reports/magic/39-magic.tr.drc"

Mon May 10 03:39:55 UTC 2021 - Executing "python3 /openLANE_flow/scripts/tr2klayout.py -i /openLANE_flow/designs/clk_divider/runs/10-05_03-36/reports/magic/39-magic.tr.drc -o /openLANE_flow/designs/clk_divider/runs/10-05_03-36/reports/magic/39-magic.drc.klayout.xml --design-name clk_divider"

Mon May 10 03:39:55 UTC 2021 - Executing "python3 /openLANE_flow/scripts/magic_drc_to_rdb.py --magic_drc_in /openLANE_flow/designs/clk_divider/runs/10-05_03-36/reports/magic/39-magic.drc --rdb_out /openLANE_flow/designs/clk_divider/runs/10-05_03-36/reports/magic/39-magic.drc.rdb"

Mon May 10 03:39:55 UTC 2021 - Executing "openroad -exit /openLANE_flow/scripts/openroad/or_antenna_check.tcl |& tee >&@stdout /openLANE_flow/designs/clk_divider/runs/10-05_03-36/logs/routing/40-or_antenna.log"

Mon May 10 03:39:57 UTC 2021 - Executing "mv -f /openLANE_flow/designs/clk_divider/runs/10-05_03-36/reports/routing/antenna.rpt /openLANE_flow/designs/clk_divider/runs/10-05_03-36/reports/routing/41-antenna.rpt"

Mon May 10 03:39:57 UTC 2021 - Executing "awk { BEGIN {  # Print power and standard_input definitions
    print "VPWR power 1.8";
    print "VGND power 0.0";
    print "#define std_input min@VGND max@VPWR";
}
$1 == "input" {  # Print input nets
    gsub(/;/, "");
    if ( $2 == "VPWR" || $2 == "VGND" ) {  # ignore power nets
        next;
    }
    if ( NF == 3 ) {  # print buses as net[range]
        $2 = $3 $2;
    }
    print $2, "input std_input";
}} /openLANE_flow/designs/clk_divider/runs/10-05_03-36/results/lvs/clk_divider.lvs.powered.v > /openLANE_flow/designs/clk_divider/runs/10-05_03-36/results/cvc/clk_divider.power"

Mon May 10 03:39:57 UTC 2021 - Executing "awk { /Black-box entry subcircuit/ {  # remove black-box defintions
    while ( $1 != ".ends" ) {
        getline;
    }
    getline;
}
/^\*/ {  # remove comments
    next;
}
/^.ENDS .*/ {  # remove name from ends lines
    print $1;
    next;
}
 {
    print $0;
}} /home/vscheyer/pdks/openlane/pdks/sky130A/libs.ref/sky130_fd_sc_hd/cdl/sky130_fd_sc_hd.cdl /openLANE_flow/designs/clk_divider/runs/10-05_03-36/results/magic/clk_divider.lef.spice > /openLANE_flow/designs/clk_divider/runs/10-05_03-36/results/cvc/clk_divider.cdl"

Mon May 10 03:39:57 UTC 2021 - Executing "cvc /openLANE_flow/scripts/cvc/sky130A/cvcrc.sky130A |& tee >&@stdout /openLANE_flow/designs/clk_divider/runs/10-05_03-36/logs/cvc/42-cvc_screen.log"

Mon May 10 03:39:57 UTC 2021 - Executing "python3 /openLANE_flow/report_generation_wrapper.py -d /openLANE_flow/designs/clk_divider -dn clk_divider -t 10-05_03-36 -o /openLANE_flow/designs/clk_divider/runs/10-05_03-36/reports/final_summary_report.csv -m /openLANE_flow/designs/clk_divider/runs/10-05_03-36/reports/manufacturability_report.rpt -rs /openLANE_flow/designs/clk_divider/runs/10-05_03-36/reports/runtime_summary_report.rpt -r /openLANE_flow/designs/clk_divider/runs/10-05_03-36"

