OpenROAD 0.9.0 1415572a73
This program is licensed under the BSD-3 license. See the LICENSE file for details.
Components of this program may be licensed under more restrictive licenses which must be honored.
Notice 0: Reading LEF file:  /openLANE_flow/designs/clk_divider/runs/10-05_03-36/tmp/merged_unpadded.lef
Notice 0:     Created 13 technology layers
Notice 0:     Created 25 technology vias
Notice 0:     Created 440 library cells
Notice 0: Finished LEF file:  /openLANE_flow/designs/clk_divider/runs/10-05_03-36/tmp/merged_unpadded.lef
Notice 0: 
Reading DEF file: /openLANE_flow/designs/clk_divider/runs/10-05_03-36/tmp/placement/8-resizer.def
Notice 0: Design: clk_divider
Notice 0:     Created 4 pins.
Notice 0:     Created 507 components and 1746 component-terminals.
Notice 0:     Created 2 special nets and 0 connections.
Notice 0:     Created 102 nets and 305 connections.
Notice 0: Finished DEF file: /openLANE_flow/designs/clk_divider/runs/10-05_03-36/tmp/placement/8-resizer.def
Design Stats
--------------------------------
total instances           507
multi row instances         0
fixed instances           406
nets                      104
design area           21087.7 u^2
fixed area              773.2 u^2
movable area           1021.0 u^2
utilization                 5 %
utilization padded          8 %
rows                       53
row height                2.7 u

Placement Analysis
--------------------------------
total displacement        0.0 u
average displacement      0.0 u
max displacement          0.0 u
original HPWL          1567.4 u
legalized HPWL         1628.5 u
delta HPWL                  4 %

[INFO DPL-0020] Mirrored 38 instances
[INFO DPL-0021] HPWL before            1628.5 u
[INFO DPL-0022] HPWL after             1567.4 u
[INFO DPL-0023] HPWL delta               -3.8 %
