0-prep 0h0m0s501ms
1-yosys 0h0m1s731ms
2-opensta 0h0m1s526ms
3-verilog2def_openroad 0h0m1s786ms
4-ioPlacer 0h0m1s344ms
5-tapcell 0h0m1s404ms
6-klayout_scrot 0h0m4s477ms
7-pdn 0h0m1s812ms
8-replace 0h0m2s828ms
8-resizer 0h0m2s216ms
9-write_verilog 0h0m1s352ms
10-opensta_post_resizer 0h0m1s444ms
11-prep 0h0m2s134ms
12-opensta 0h0m1s425ms
13-verilog2def_openroad 0h0m1s762ms
14-ioPlacer 0h0m1s411ms
15-tapcell 0h0m1s392ms
16-klayout_scrot 0h0m4s524ms
17-pdn 0h0m1s827ms
18-replace 0h0m3s351ms
18-resizer 0h0m2s402ms
19-write_verilog 0h0m1s452ms
20-opensta_post_resizer 0h0m1s516ms