
28. Printing statistics.

=== fsm ===

   Number of wires:                102
   Number of wire bits:            103
   Number of public wires:          27
   Number of public wire bits:      28
   Number of memories:               0
   Number of memory bits:            0
   Number of processes:              0
   Number of cells:                 94
     sky130_fd_sc_hd__a21o_2         1
     sky130_fd_sc_hd__a21oi_2        1
     sky130_fd_sc_hd__a221o_2        2
     sky130_fd_sc_hd__a22o_2         2
     sky130_fd_sc_hd__a31o_2         1
     sky130_fd_sc_hd__a31oi_2        2
     sky130_fd_sc_hd__and2_2         6
     sky130_fd_sc_hd__and2b_2        1
     sky130_fd_sc_hd__and3_2         2
     sky130_fd_sc_hd__and4b_2        1
     sky130_fd_sc_hd__buf_1          5
     sky130_fd_sc_hd__dfxtp_2       19
     sky130_fd_sc_hd__inv_2         22
     sky130_fd_sc_hd__mux2_1         1
     sky130_fd_sc_hd__nand2_2        3
     sky130_fd_sc_hd__nor2_2         3
     sky130_fd_sc_hd__o21a_2         1
     sky130_fd_sc_hd__o21ai_2        3
     sky130_fd_sc_hd__o21ba_2        1
     sky130_fd_sc_hd__o221a_2        3
     sky130_fd_sc_hd__o221ai_2       1
     sky130_fd_sc_hd__o2bb2a_2       1
     sky130_fd_sc_hd__or2_2          9
     sky130_fd_sc_hd__or3_2          1
     sky130_fd_sc_hd__or4b_2         2

   Chip area for module '\fsm': 917.129600

