Startpoint: _159_ (rising edge-triggered flip-flop clocked by clk)
Endpoint: _159_ (rising edge-triggered flip-flop clocked by clk)
Path Group: clk
Path Type: min

Fanout     Cap    Slew   Delay    Time   Description
-----------------------------------------------------------------------------
                  0.00    0.00    0.00   clock clk (rise edge)
                          0.00    0.00   clock network delay (ideal)
                  0.00    0.00    0.00 ^ _159_/CLK (sky130_fd_sc_hd__dfxtp_2)
                  0.03    0.18    0.18 ^ _159_/Q (sky130_fd_sc_hd__dfxtp_2)
     3    0.00                           water_time[7] (net)
                  0.03    0.00    0.18 ^ _093_/A (sky130_fd_sc_hd__and2_2)
                  0.02    0.07    0.25 ^ _093_/X (sky130_fd_sc_hd__and2_2)
     1    0.00                           _021_ (net)
                  0.02    0.00    0.25 ^ _159_/D (sky130_fd_sc_hd__dfxtp_2)
                                  0.25   data arrival time

                  0.00    0.00    0.00   clock clk (rise edge)
                          0.00    0.00   clock network delay (ideal)
                          0.00    0.00   clock reconvergence pessimism
                                  0.00 ^ _159_/CLK (sky130_fd_sc_hd__dfxtp_2)
                         -0.02   -0.02   library hold time
                                 -0.02   data required time
-----------------------------------------------------------------------------
                                 -0.02   data required time
                                 -0.25   data arrival time
-----------------------------------------------------------------------------
                                  0.27   slack (MET)


Startpoint: l_thresh[1] (input port clocked by clk)
Endpoint: _151_ (rising edge-triggered flip-flop clocked by clk)
Path Group: clk
Path Type: max

Fanout     Cap    Slew   Delay    Time   Description
-----------------------------------------------------------------------------
                  0.00    0.00    0.00   clock clk (rise edge)
                          0.00    0.00   clock network delay (ideal)
                          2.00    2.00 ^ input external delay
                  0.02    0.00    2.00 ^ l_thresh[1] (in)
     1    0.00                           l_thresh[1] (net)
                  0.02    0.00    2.00 ^ _076_/A_N (sky130_fd_sc_hd__and2b_2)
                  0.07    0.41    2.41 v _076_/X (sky130_fd_sc_hd__and2b_2)
     1    0.00                           _040_ (net)
                  0.07    0.00    2.41 v _077_/A2 (sky130_fd_sc_hd__o21ba_2)
                  0.09    0.39    2.80 v _077_/X (sky130_fd_sc_hd__o21ba_2)
     2    0.01                           _041_ (net)
                  0.09    0.00    2.80 v _078_/B1 (sky130_fd_sc_hd__o21ai_2)
                  0.28    0.14    2.94 ^ _078_/Y (sky130_fd_sc_hd__o21ai_2)
     5    0.01                           _042_ (net)
                  0.28    0.00    2.94 ^ _079_/A (sky130_fd_sc_hd__inv_2)
                  0.08    0.15    3.09 v _079_/Y (sky130_fd_sc_hd__inv_2)
     4    0.01                           _043_ (net)
                  0.08    0.00    3.09 v _117_/A (sky130_fd_sc_hd__or3_2)
                  0.21    1.17    4.26 v _117_/X (sky130_fd_sc_hd__or3_2)
     2    0.01                           _066_ (net)
                  0.21    0.00    4.26 v _123_/B (sky130_fd_sc_hd__nand2_2)
                  0.12    0.19    4.45 ^ _123_/Y (sky130_fd_sc_hd__nand2_2)
     2    0.01                           _071_ (net)
                  0.12    0.00    4.45 ^ _124_/A (sky130_fd_sc_hd__inv_2)
                  0.03    0.06    4.52 v _124_/Y (sky130_fd_sc_hd__inv_2)
     1    0.00                           _072_ (net)
                  0.03    0.00    4.52 v _125_/C1 (sky130_fd_sc_hd__a221o_2)
                  0.08    0.53    5.05 v _125_/X (sky130_fd_sc_hd__a221o_2)
     1    0.00                           _073_ (net)
                  0.08    0.00    5.05 v _140_/B (sky130_fd_sc_hd__or4b_2)
                  0.21    1.47    6.51 v _140_/X (sky130_fd_sc_hd__or4b_2)
     1    0.00                           _035_ (net)
                  0.21    0.00    6.51 v _143_/A1 (sky130_fd_sc_hd__a21o_2)
                  0.05    0.39    6.90 v _143_/X (sky130_fd_sc_hd__a21o_2)
     1    0.00                           _001_ (net)
                  0.05    0.00    6.90 v _151_/D (sky130_fd_sc_hd__dfxtp_2)
                                  6.90   data arrival time

                  0.00   10.00   10.00   clock clk (rise edge)
                          0.00   10.00   clock network delay (ideal)
                          0.00   10.00   clock reconvergence pessimism
                                 10.00 ^ _151_/CLK (sky130_fd_sc_hd__dfxtp_2)
                         -0.29    9.71   library setup time
                                  9.71   data required time
-----------------------------------------------------------------------------
                                  9.71   data required time
                                 -6.90   data arrival time
-----------------------------------------------------------------------------
                                  2.81   slack (MET)


