First Layout: /openLANE_flow/designs/fsm/runs/29-04_15-18/results/magic/fsm.gds
Second Layout: /openLANE_flow/designs/fsm/runs/29-04_15-18/results/klayout/fsm.gds
Design Name: fsm
Output GDS will be: /openLANE_flow/designs/fsm/runs/29-04_15-18/results/klayout/fsm.xor.gds
Reading /openLANE_flow/designs/fsm/runs/29-04_15-18/results/magic/fsm.gds ..
Reading /openLANE_flow/designs/fsm/runs/29-04_15-18/results/klayout/fsm.gds ..
--- Running XOR for 122/16 ---
"_input" in: xor.drc:38
Elapsed: 0.000s
"_input" in: xor.drc:38
Elapsed: 0.000s
"^" in: xor.drc:38
Elapsed: 0.010s
XOR differences: 226
"_output" in: xor.drc:41
Elapsed: 0.010s
--- Running XOR for 235/4 ---
"_input" in: xor.drc:38
Elapsed: 0.000s
"_input" in: xor.drc:38
Elapsed: 0.010s
"^" in: xor.drc:38
Elapsed: 0.010s
XOR differences: 1
"_output" in: xor.drc:41
Elapsed: 0.000s
--- Running XOR for 236/0 ---
"_input" in: xor.drc:38
Elapsed: 0.010s
"_input" in: xor.drc:38
Elapsed: 0.010s
"^" in: xor.drc:38
Elapsed: 0.010s
XOR differences: 194
"_output" in: xor.drc:41
Elapsed: 0.000s
--- Running XOR for 237/0 ---
"_input" in: xor.drc:38
Elapsed: 0.010s
"_input" in: xor.drc:38
Elapsed: 0.010s
"^" in: xor.drc:38
Elapsed: 0.000s
XOR differences: 1
"_output" in: xor.drc:41
Elapsed: 0.010s
--- Running XOR for 64/16 ---
"_input" in: xor.drc:38
Elapsed: 0.010s
"_input" in: xor.drc:38
Elapsed: 0.000s
"^" in: xor.drc:38
Elapsed: 0.010s
XOR differences: 184
"_output" in: xor.drc:41
Elapsed: 0.010s
--- Running XOR for 64/20 ---
"_input" in: xor.drc:38
Elapsed: 0.010s
"_input" in: xor.drc:38
Elapsed: 0.000s
"^" in: xor.drc:38
Elapsed: 0.010s
XOR differences: 7
"_output" in: xor.drc:41
Elapsed: 0.010s
--- Running XOR for 64/5 ---
"_input" in: xor.drc:38
Elapsed: 0.010s
"_input" in: xor.drc:38
Elapsed: 0.000s
"^" in: xor.drc:38
Elapsed: 0.010s
XOR differences: 0
"_output" in: xor.drc:41
Elapsed: 0.010s
--- Running XOR for 64/59 ---
"_input" in: xor.drc:38
Elapsed: 0.000s
"_input" in: xor.drc:38
Elapsed: 0.010s
"^" in: xor.drc:38
Elapsed: 0.010s
XOR differences: 0
"_output" in: xor.drc:41
Elapsed: 0.000s
--- Running XOR for 65/20 ---
"_input" in: xor.drc:38
Elapsed: 0.010s
"_input" in: xor.drc:38
Elapsed: 0.010s
"^" in: xor.drc:38
Elapsed: 0.010s
XOR differences: 426
"_output" in: xor.drc:41
Elapsed: 0.000s
--- Running XOR for 65/44 ---
"_input" in: xor.drc:38
Elapsed: 0.010s
"_input" in: xor.drc:38
Elapsed: 0.010s
"^" in: xor.drc:38
Elapsed: 0.000s
XOR differences: 28
"_output" in: xor.drc:41
Elapsed: 0.010s
--- Running XOR for 66/20 ---
"_input" in: xor.drc:38
Elapsed: 0.010s
"_input" in: xor.drc:38
Elapsed: 0.000s
"^" in: xor.drc:38
Elapsed: 0.010s
XOR differences: 494
"_output" in: xor.drc:41
Elapsed: 0.010s
--- Running XOR for 66/44 ---
"_input" in: xor.drc:38
Elapsed: 0.010s
"_input" in: xor.drc:38
Elapsed: 0.000s
"^" in: xor.drc:38
Elapsed: 0.020s
XOR differences: 2570
"_output" in: xor.drc:41
Elapsed: 0.000s
--- Running XOR for 67/16 ---
"_input" in: xor.drc:38
Elapsed: 0.010s
"_input" in: xor.drc:38
Elapsed: 0.010s
"^" in: xor.drc:38
Elapsed: 0.010s
XOR differences: 230
"_output" in: xor.drc:41
Elapsed: 0.000s
--- Running XOR for 67/20 ---
"_input" in: xor.drc:38
Elapsed: 0.010s
"_input" in: xor.drc:38
Elapsed: 0.010s
"^" in: xor.drc:38
Elapsed: 0.020s
XOR differences: 142
"_output" in: xor.drc:41
Elapsed: 0.010s
--- Running XOR for 67/44 ---
"_input" in: xor.drc:38
Elapsed: 0.000s
"_input" in: xor.drc:38
Elapsed: 0.010s
"^" in: xor.drc:38
Elapsed: 0.020s
XOR differences: 1233
"_output" in: xor.drc:41
Elapsed: 0.010s
--- Running XOR for 67/5 ---
"_input" in: xor.drc:38
Elapsed: 0.000s
"_input" in: xor.drc:38
Elapsed: 0.010s
"^" in: xor.drc:38
Elapsed: 0.010s
XOR differences: 0
"_output" in: xor.drc:41
Elapsed: 0.000s
--- Running XOR for 68/16 ---
"_input" in: xor.drc:38
Elapsed: 0.010s
"_input" in: xor.drc:38
Elapsed: 0.010s
"^" in: xor.drc:38
Elapsed: 0.010s
XOR differences: 345
"_output" in: xor.drc:41
Elapsed: 0.000s
--- Running XOR for 68/20 ---
"_input" in: xor.drc:38
Elapsed: 0.000s
"_input" in: xor.drc:38
Elapsed: 0.010s
"^" in: xor.drc:38
Elapsed: 0.010s
XOR differences: 96
"_output" in: xor.drc:41
Elapsed: 0.010s
--- Running XOR for 68/44 ---
"_input" in: xor.drc:38
Elapsed: 0.010s
"_input" in: xor.drc:38
Elapsed: 0.000s
"^" in: xor.drc:38
Elapsed: 0.010s
XOR differences: 400
"_output" in: xor.drc:41
Elapsed: 0.010s
--- Running XOR for 68/5 ---
"_input" in: xor.drc:38
Elapsed: 0.010s
"_input" in: xor.drc:38
Elapsed: 0.000s
"^" in: xor.drc:38
Elapsed: 0.010s
XOR differences: 0
"_output" in: xor.drc:41
Elapsed: 0.010s
--- Running XOR for 69/16 ---
"_input" in: xor.drc:38
Elapsed: 0.000s
"_input" in: xor.drc:38
Elapsed: 0.010s
"^" in: xor.drc:38
Elapsed: 0.010s
XOR differences: 12
"_output" in: xor.drc:41
Elapsed: 0.010s
--- Running XOR for 69/20 ---
"_input" in: xor.drc:38
Elapsed: 0.000s
"_input" in: xor.drc:38
Elapsed: 0.010s
"^" in: xor.drc:38
Elapsed: 0.010s
XOR differences: 130
"_output" in: xor.drc:41
Elapsed: 0.010s
--- Running XOR for 69/44 ---
"_input" in: xor.drc:38
Elapsed: 0.000s
"_input" in: xor.drc:38
Elapsed: 0.010s
"^" in: xor.drc:38
Elapsed: 0.010s
XOR differences: 272
"_output" in: xor.drc:41
Elapsed: 0.000s
--- Running XOR for 69/5 ---
"_input" in: xor.drc:38
Elapsed: 0.000s
"_input" in: xor.drc:38
Elapsed: 0.010s
"^" in: xor.drc:38
Elapsed: 0.000s
XOR differences: 0
"_output" in: xor.drc:41
Elapsed: 0.010s
--- Running XOR for 70/16 ---
"_input" in: xor.drc:38
Elapsed: 0.010s
"_input" in: xor.drc:38
Elapsed: 0.010s
"^" in: xor.drc:38
Elapsed: 0.000s
XOR differences: 8
"_output" in: xor.drc:41
Elapsed: 0.010s
--- Running XOR for 70/20 ---
"_input" in: xor.drc:38
Elapsed: 0.010s
"_input" in: xor.drc:38
Elapsed: 0.000s
"^" in: xor.drc:38
Elapsed: 0.010s
XOR differences: 127
"_output" in: xor.drc:41
Elapsed: 0.010s
--- Running XOR for 70/44 ---
"_input" in: xor.drc:38
Elapsed: 0.010s
"_input" in: xor.drc:38
Elapsed: 0.000s
"^" in: xor.drc:38
Elapsed: 0.010s
XOR differences: 264
"_output" in: xor.drc:41
Elapsed: 0.010s
--- Running XOR for 70/5 ---
"_input" in: xor.drc:38
Elapsed: 0.000s
"_input" in: xor.drc:38
Elapsed: 0.010s
"^" in: xor.drc:38
Elapsed: 0.010s
XOR differences: 0
"_output" in: xor.drc:41
Elapsed: 0.000s
--- Running XOR for 71/16 ---
"_input" in: xor.drc:38
Elapsed: 0.010s
"_input" in: xor.drc:38
Elapsed: 0.010s
"^" in: xor.drc:38
Elapsed: 0.010s
XOR differences: 10
"_output" in: xor.drc:41
Elapsed: 0.000s
--- Running XOR for 71/20 ---
"_input" in: xor.drc:38
Elapsed: 0.010s
"_input" in: xor.drc:38
Elapsed: 0.010s
"^" in: xor.drc:38
Elapsed: 0.000s
XOR differences: 56
"_output" in: xor.drc:41
Elapsed: 0.010s
--- Running XOR for 71/44 ---
"_input" in: xor.drc:38
Elapsed: 0.010s
"_input" in: xor.drc:38
Elapsed: 0.000s
"^" in: xor.drc:38
Elapsed: 0.010s
XOR differences: 26
"_output" in: xor.drc:41
Elapsed: 0.010s
--- Running XOR for 71/5 ---
"_input" in: xor.drc:38
Elapsed: 0.000s
"_input" in: xor.drc:38
Elapsed: 0.010s
"^" in: xor.drc:38
Elapsed: 0.010s
XOR differences: 0
"_output" in: xor.drc:41
Elapsed: 0.000s
--- Running XOR for 72/16 ---
"_input" in: xor.drc:38
Elapsed: 0.010s
"_input" in: xor.drc:38
Elapsed: 0.010s
"^" in: xor.drc:38
Elapsed: 0.000s
XOR differences: 10
"_output" in: xor.drc:41
Elapsed: 0.010s
--- Running XOR for 72/20 ---
"_input" in: xor.drc:38
Elapsed: 0.010s
"_input" in: xor.drc:38
Elapsed: 0.000s
"^" in: xor.drc:38
Elapsed: 0.010s
XOR differences: 23
"_output" in: xor.drc:41
Elapsed: 0.010s
--- Running XOR for 72/5 ---
"_input" in: xor.drc:38
Elapsed: 0.010s
"_input" in: xor.drc:38
Elapsed: 0.000s
"^" in: xor.drc:38
Elapsed: 0.010s
XOR differences: 0
"_output" in: xor.drc:41
Elapsed: 0.010s
--- Running XOR for 78/44 ---
"_input" in: xor.drc:38
Elapsed: 0.000s
"_input" in: xor.drc:38
Elapsed: 0.010s
"^" in: xor.drc:38
Elapsed: 0.010s
XOR differences: 238
"_output" in: xor.drc:41
Elapsed: 0.000s
--- Running XOR for 81/4 ---
"_input" in: xor.drc:38
Elapsed: 0.010s
"_input" in: xor.drc:38
Elapsed: 0.010s
"^" in: xor.drc:38
Elapsed: 0.010s
XOR differences: 234
"_output" in: xor.drc:41
Elapsed: 0.000s
--- Running XOR for 83/44 ---
"_input" in: xor.drc:38
Elapsed: 0.010s
"_input" in: xor.drc:38
Elapsed: 0.000s
"^" in: xor.drc:38
Elapsed: 0.010s
XOR differences: 0
"_output" in: xor.drc:41
Elapsed: 0.010s
--- Running XOR for 93/44 ---
"_input" in: xor.drc:38
Elapsed: 0.000s
"_input" in: xor.drc:38
Elapsed: 0.010s
"^" in: xor.drc:38
Elapsed: 0.010s
XOR differences: 248
"_output" in: xor.drc:41
Elapsed: 0.000s
--- Running XOR for 94/20 ---
"_input" in: xor.drc:38
Elapsed: 0.010s
"_input" in: xor.drc:38
Elapsed: 0.010s
"^" in: xor.drc:38
Elapsed: 0.010s
XOR differences: 14
"_output" in: xor.drc:41
Elapsed: 0.000s
--- Running XOR for 95/20 ---
"_input" in: xor.drc:38
Elapsed: 0.010s
"_input" in: xor.drc:38
Elapsed: 0.010s
"^" in: xor.drc:38
Elapsed: 0.010s
XOR differences: 198
"_output" in: xor.drc:41
Elapsed: 0.000s
Writing layout file: /openLANE_flow/designs/fsm/runs/29-04_15-18/results/klayout/fsm.xor.gds ..
Total run time: 1.220s
