Tue May 04 14:04:17 UTC 2021 - Executing "python3 /openLANE_flow/scripts/extract_metal_layers.py -t /home/vscheyer/pdks/openlane/pdks/sky130A/libs.ref/sky130_fd_sc_hd/techlef/sky130_fd_sc_hd.tlef -o /openLANE_flow/designs/fsm/runs/04-05_14-04/tmp/met_layers_list.txt"

Tue May 04 14:04:17 UTC 2021 - Executing "/openLANE_flow/scripts/mergeLef.py -i /home/vscheyer/pdks/openlane/pdks/sky130A/libs.ref/sky130_fd_sc_hd/techlef/sky130_fd_sc_hd.tlef {/home/vscheyer/pdks/openlane/pdks/sky130A/libs.ref/sky130_fd_sc_hd/lef/sky130_ef_sc_hd__fill_12.lef /home/vscheyer/pdks/openlane/pdks/sky130A/libs.ref/sky130_fd_sc_hd/lef/sky130_fd_sc_hd.lef /home/vscheyer/pdks/openlane/pdks/sky130A/libs.ref/sky130_fd_sc_hd/lef/sky130_ef_sc_hd__fakediode_2.lef /home/vscheyer/pdks/openlane/pdks/sky130A/libs.ref/sky130_fd_sc_hd/lef/sky130_ef_sc_hd__decap_12.lef} -o /openLANE_flow/designs/fsm/runs/04-05_14-04/tmp/merged_unpadded.lef |& tee >&@stdout"

Tue May 04 14:04:17 UTC 2021 - Executing "/openLANE_flow/scripts/libtrim.pl /home/vscheyer/pdks/openlane/pdks/sky130A/libs.ref/sky130_fd_sc_hd/lib/sky130_fd_sc_hd__tt_025C_1v80.lib /openLANE_flow/designs/fsm/runs/04-05_14-04/tmp/trimmed.lib.exclude.list > /openLANE_flow/designs/fsm/runs/04-05_14-04/tmp/trimmed.lib"

Tue May 04 14:04:18 UTC 2021 - Executing "echo {openlane v0.12} > /openLANE_flow/designs/fsm/runs/04-05_14-04/OPENLANE_VERSION"

Tue May 04 14:04:18 UTC 2021 - Executing "sed -E {s/^([[:space:]]+)pg_pin(.*)/\1pin\2\n\1    direction : "inout";/g} /home/vscheyer/pdks/openlane/pdks/sky130A/libs.ref/sky130_fd_sc_hd/lib/sky130_fd_sc_hd__tt_025C_1v80.lib > /openLANE_flow/designs/fsm/runs/04-05_14-04/tmp/sky130_fd_sc_hd__tt_025C_1v80.no_pg.lib"

Tue May 04 14:04:18 UTC 2021 - Executing "yosys -c /openLANE_flow/scripts/synth.tcl -l /openLANE_flow/designs/fsm/runs/04-05_14-04/logs/synthesis/1-yosys.log |& tee >&@stdout"

Tue May 04 14:04:20 UTC 2021 - Executing "sed -i -e {s/\(set ::env(CURRENT_NETLIST)\).*/\1 \/openLANE_flow\/designs\/fsm\/runs\/04-05_14-04\/results\/synthesis\/fsm.synthesis.v/} /openLANE_flow/designs/fsm/runs/04-05_14-04/config.tcl"

Tue May 04 14:04:20 UTC 2021 - Executing "sed -i -e {s/\(set ::env(PREV_NETLIST)\).*/\1 0/} /openLANE_flow/designs/fsm/runs/04-05_14-04/config.tcl"

Tue May 04 14:04:20 UTC 2021 - Executing "sed -i /defparam/d /openLANE_flow/designs/fsm/runs/04-05_14-04/results/synthesis/fsm.synthesis.v"

Tue May 04 14:04:20 UTC 2021 - Executing "sta /openLANE_flow/scripts/sta.tcl |& tee >&@stdout /openLANE_flow/designs/fsm/runs/04-05_14-04/logs/synthesis/2-opensta"

Tue May 04 14:04:21 UTC 2021 - Executing "openroad -exit /openLANE_flow/scripts/openroad/or_floorplan.tcl |& tee >&@stdout /openLANE_flow/designs/fsm/runs/04-05_14-04/logs/floorplan/3-verilog2def.openroad.log"

Tue May 04 14:04:23 UTC 2021 - Executing "openroad -exit /openLANE_flow/scripts/openroad/or_ioplacer.tcl |& tee >&@stdout /openLANE_flow/designs/fsm/runs/04-05_14-04/logs/floorplan/4-ioPlacer.log"

Tue May 04 14:04:25 UTC 2021 - Executing "openroad -exit /openLANE_flow/scripts/openroad/or_tapcell.tcl |& tee >&@stdout /openLANE_flow/designs/fsm/runs/04-05_14-04/logs/floorplan/5-tapcell.log"

Tue May 04 14:04:26 UTC 2021 - Executing "bash /openLANE_flow/scripts/klayout/scrotLayout.sh /home/vscheyer/pdks/openlane/pdks/sky130A/libs.tech/klayout/sky130A.lyt /openLANE_flow/designs/fsm/runs/04-05_14-04/results/floorplan/fsm.floorplan.def |& tee >&@stdout /openLANE_flow/designs/fsm/runs/04-05_14-04/logs/klayout/6-klayout.scrot.log"

Tue May 04 14:04:31 UTC 2021 - Executing "openroad -exit /openLANE_flow/scripts/openroad/or_pdn.tcl |& tee >&@stdout /openLANE_flow/designs/fsm/runs/04-05_14-04/logs/floorplan/7-pdn.log"

Tue May 04 14:04:33 UTC 2021 - Executing "python3 /openLANE_flow/scripts/random_place.py --lef /openLANE_flow/designs/fsm/runs/04-05_14-04/tmp/merged_unpadded.lef --input-def /openLANE_flow/designs/fsm/runs/04-05_14-04/tmp/floorplan/7-pdn.def --output-def /openLANE_flow/designs/fsm/runs/04-05_14-04/tmp/placement/8-replace.def |& tee >&@stdout /openLANE_flow/designs/fsm/runs/04-05_14-04/logs/placement/8-replace.log"

Tue May 04 14:04:34 UTC 2021 - Executing "openroad -exit /openLANE_flow/scripts/openroad/or_resizer.tcl |& tee >&@stdout /openLANE_flow/designs/fsm/runs/04-05_14-04/logs/placement/8-resizer.log"

Tue May 04 14:04:41 UTC 2021 - Executing "python3 /openLANE_flow/report_generation_wrapper.py -d /openLANE_flow/designs/fsm -dn fsm -t 04-05_14-04 -o /openLANE_flow/designs/fsm/runs/04-05_14-04/reports/final_summary_report.csv -m /openLANE_flow/designs/fsm/runs/04-05_14-04/reports/manufacturability_report.rpt -rs /openLANE_flow/designs/fsm/runs/04-05_14-04/reports/runtime_summary_report.rpt -r /openLANE_flow/designs/fsm/runs/04-05_14-04"

Tue May 04 14:04:55 UTC 2021 - Executing "echo {openlane v0.12} > /openLANE_flow/designs/fsm/runs/04-05_14-04/OPENLANE_VERSION"

Tue May 04 14:04:55 UTC 2021 - Executing "sed -i -e {s/\(set ::env(CURRENT_NETLIST)\).*/\1 \/openLANE_flow\/designs\/fsm\/runs\/04-05_14-04\/results\/synthesis\/fsm.synthesis.v/} /openLANE_flow/designs/fsm/runs/04-05_14-04/config.tcl"

Tue May 04 14:04:55 UTC 2021 - Executing "sed -i -e {s/\(set ::env(PREV_NETLIST)\).*/\1 \/openLANE_flow\/designs\/fsm\/runs\/04-05_14-04\/results\/synthesis\/fsm.synthesis.v/} /openLANE_flow/designs/fsm/runs/04-05_14-04/config.tcl"

Tue May 04 14:04:55 UTC 2021 - Executing "sta /openLANE_flow/scripts/sta.tcl |& tee >&@stdout /openLANE_flow/designs/fsm/runs/04-05_14-04/logs/synthesis/9-opensta"

Tue May 04 14:04:57 UTC 2021 - Executing "openroad -exit /openLANE_flow/scripts/openroad/or_floorplan.tcl |& tee >&@stdout /openLANE_flow/designs/fsm/runs/04-05_14-04/logs/floorplan/10-verilog2def.openroad.log"

Tue May 04 14:04:59 UTC 2021 - Executing "openroad -exit /openLANE_flow/scripts/openroad/or_ioplacer.tcl |& tee >&@stdout /openLANE_flow/designs/fsm/runs/04-05_14-04/logs/floorplan/11-ioPlacer.log"

Tue May 04 14:05:00 UTC 2021 - Executing "openroad -exit /openLANE_flow/scripts/openroad/or_tapcell.tcl |& tee >&@stdout /openLANE_flow/designs/fsm/runs/04-05_14-04/logs/floorplan/12-tapcell.log"

Tue May 04 14:05:02 UTC 2021 - Executing "bash /openLANE_flow/scripts/klayout/scrotLayout.sh /home/vscheyer/pdks/openlane/pdks/sky130A/libs.tech/klayout/sky130A.lyt /openLANE_flow/designs/fsm/runs/04-05_14-04/results/floorplan/fsm.floorplan.def |& tee >&@stdout /openLANE_flow/designs/fsm/runs/04-05_14-04/logs/klayout/13-klayout.scrot.log"

Tue May 04 14:05:06 UTC 2021 - Executing "openroad -exit /openLANE_flow/scripts/openroad/or_pdn.tcl |& tee >&@stdout /openLANE_flow/designs/fsm/runs/04-05_14-04/logs/floorplan/14-pdn.log"

Tue May 04 14:05:08 UTC 2021 - Executing "python3 /openLANE_flow/scripts/random_place.py --lef /openLANE_flow/designs/fsm/runs/04-05_14-04/tmp/merged_unpadded.lef --input-def /openLANE_flow/designs/fsm/runs/04-05_14-04/tmp/floorplan/14-pdn.def --output-def /openLANE_flow/designs/fsm/runs/04-05_14-04/tmp/placement/15-replace.def |& tee >&@stdout /openLANE_flow/designs/fsm/runs/04-05_14-04/logs/placement/15-replace.log"

Tue May 04 14:05:08 UTC 2021 - Executing "openroad -exit /openLANE_flow/scripts/openroad/or_resizer.tcl |& tee >&@stdout /openLANE_flow/designs/fsm/runs/04-05_14-04/logs/placement/15-resizer.log"

Tue May 04 14:05:15 UTC 2021 - Executing "python3 /openLANE_flow/report_generation_wrapper.py -d /openLANE_flow/designs/fsm -dn fsm -t 04-05_14-04 -o /openLANE_flow/designs/fsm/runs/04-05_14-04/reports/final_summary_report.csv -m /openLANE_flow/designs/fsm/runs/04-05_14-04/reports/manufacturability_report.rpt -rs /openLANE_flow/designs/fsm/runs/04-05_14-04/reports/runtime_summary_report.rpt -r /openLANE_flow/designs/fsm/runs/04-05_14-04"

