0-prep 0h0m0s440ms
1-yosys 0h0m1s635ms
2-opensta 0h0m1s246ms
3-verilog2def_openroad 0h0m1s499ms
4-ioPlacer 0h0m1s206ms
5-tapcell 0h0m1s228ms
6-klayout_scrot 0h0m4s295ms
7-pdn 0h0m1s577ms
8-replace 0h0m6s41ms
8-resizer 0h0m5s352ms
9-write_verilog 0h0m1s192ms
10-opensta_post_resizer 0h0m1s255ms
11-opendp 0h0m1s209ms
12-klayout_scrot 0h0m4s370ms
13-cts 0h1m23s104ms
14-write_verilog 0h0m1s202ms
15-klayout_scrot 0h0m4s353ms
15-resizer_timing 0h0m5s35ms
16-write_verilog 0h0m1s333ms
17-opensta_post_resizer_timing 0h0m1s356ms
18-fastroute 0h0m3s99ms
19-addspacers 0h0m1s236ms
20-write_verilog 0h0m1s182ms
21-tritonRoute 0h0m5s143ms
22-klayout_scrot 0h0m4s422ms
23-spef_extraction 0h0m0s486ms
24-opensta_spef 0h0m1s375ms
26-write_verilog 0h0m1s321ms
28-klayout_scrot 0h0m4s402ms
31-magic_gen 0h0m5s611ms
32-klayout 0h0m4s89ms
33-klayout_scrot 0h0m4s677ms
35-klayout_scrot 0h0m4s386ms
36-klayout_xor 0h0m12s118ms
37-magic_ext_spice 0h0m1s285ms
38-lvs 0h0m0s157ms
39-magic_drc 0h0m2s252ms
41-or_antenna 0h0m1s231ms
42-cvc 0h0m0s162ms