[INFO]: Current run directory is /openLANE_flow/designs/fsm/runs/04-05_14-04
[INFO]: Preparing LEF Files
[INFO]: Extracting the number of available metal layers from /home/vscheyer/pdks/openlane/pdks/sky130A/libs.ref/sky130_fd_sc_hd/techlef/sky130_fd_sc_hd.tlef
[INFO]: The number of available metal layers is 6
[INFO]: The available metal layers are li1 met1 met2 met3 met4 met5
[INFO]: Merging LEF Files...
[INFO]: Trimming Liberty...
[INFO]: Generating Exclude List...
[INFO]: Storing configs into config.tcl ...
[INFO]: Preparation complete
[INFO]: Running Synthesis...
[INFO]: current step index: 1
[INFO]: Changing netlist from 0 to /openLANE_flow/designs/fsm/runs/04-05_14-04/results/synthesis/fsm.synthesis.v
[INFO]: Running Static Timing Analysis...
[INFO]: current step index: 2
[INFO]: Synthesis was successful
[INFO]: Running Floorplanning...
[INFO]: Running Initial Floorplanning...
[INFO]: current step index: 3
[INFO]: Core area width: 23.125
[INFO]: Core area height: 33.12499999999999
[WARNING]: Current core area is too small for a power grid
[WARNING]: Minimizing the power grid!!!!
[INFO]: Changing layout from 0 to /openLANE_flow/designs/fsm/runs/04-05_14-04/tmp/floorplan/3-verilog2def_openroad.def
[INFO]: Running IO Placement...
[INFO]: current step index: 4
[INFO]: Changing layout from /openLANE_flow/designs/fsm/runs/04-05_14-04/tmp/floorplan/3-verilog2def_openroad.def to /openLANE_flow/designs/fsm/runs/04-05_14-04/tmp/floorplan/4-ioPlacer.def
[INFO]: Running Tap/Decap Insertion...
[INFO]: current step index: 5
[INFO]: Changing layout from /openLANE_flow/designs/fsm/runs/04-05_14-04/tmp/floorplan/4-ioPlacer.def to /openLANE_flow/designs/fsm/runs/04-05_14-04/results/floorplan/fsm.floorplan.def
[INFO]: Taking a Screenshot of the Layout Using Klayout...
[INFO]: current step index: 6
[INFO]: Screenshot taken.
[INFO]: Power planning the following nets
[INFO]: Power: VPWR
[INFO]: Ground: VGND
[INFO]: Generating PDN...
[INFO]: current step index: 7
[INFO]: PDN generation was successful.
[INFO]: Changing layout from /openLANE_flow/designs/fsm/runs/04-05_14-04/results/floorplan/fsm.floorplan.def to /openLANE_flow/designs/fsm/runs/04-05_14-04/tmp/floorplan/7-pdn.def
[INFO]: Running Placement...
[WARNING]: Performing Random Global Placement...
[INFO]: current step index: 8
[INFO]: Changing layout from /openLANE_flow/designs/fsm/runs/04-05_14-04/tmp/floorplan/7-pdn.def to /openLANE_flow/designs/fsm/runs/04-05_14-04/tmp/placement/8-replace.def
[INFO]: Skipping OpenPhySyn Timing Optimizations.
[INFO]: Running Resizer Design Optimizations...
[INFO]: Generating Exclude List...
[INFO]: Creating ::env(DONT_USE_CELLS)...
[ERROR]: during executing: "openroad -exit /openLANE_flow/scripts/openroad/or_resizer.tcl |& tee >&@stdout /openLANE_flow/designs/fsm/runs/04-05_14-04/logs/placement/8-resizer.log"
[ERROR]: Exit code: 1
[ERROR]: Last 10 lines:
child process exited abnormally

[ERROR]: Please check openroad  log file
[ERROR]: Dumping to /openLANE_flow/designs/fsm/runs/04-05_14-04/error.log
[INFO]: Calculating Runtime From the Start...
[INFO]: Flow failed for fsm/04-05_14-04 in 0h0m24s
[INFO]: Generating Final Summary Report...
[INFO]: Design Name: fsm
Run Directory: /openLANE_flow/designs/fsm/runs/04-05_14-04
Source not found.
----------------------------------------

LVS Summary:
Source: /openLANE_flow/designs/fsm/runs/04-05_14-04/results/lvs/fsm.lvs_parsed.gds.log
Source not found.
----------------------------------------

Antenna Summary:
No antenna report found.
[INFO]: check full report here: /openLANE_flow/designs/fsm/runs/04-05_14-04/reports/final_summary_report.csv
[ERROR]: Flow Failed.
[WARNING]: A run for fsm with tag '04-05_14-04' already exists. Pass -overwrite option to overwrite it
[INFO]: Now you can run commands that pick up where '04-05_14-04' left off
[INFO]: Current run directory is /openLANE_flow/designs/fsm/runs/04-05_14-04
[INFO]: Sourcing /openLANE_flow/designs/fsm/runs/04-05_14-04/config.tcl
Any changes to the DESIGN config file will NOT be applied
[INFO]: Current DEF: /openLANE_flow/designs/fsm/runs/04-05_14-04/tmp/placement/8-replace.def.
[INFO]: Use 'set_def file_name.def' if you'd like to change it.
[INFO]: Storing configs into config.tcl ...
[INFO]: Preparation complete
[INFO]: Running Synthesis...
[WARNING]: A netlist at /openLANE_flow/designs/fsm/runs/04-05_14-04/results/synthesis/fsm.synthesis.v already exists...
[WARNING]: Skipping synthesis
[INFO]: Changing netlist from /openLANE_flow/designs/fsm/runs/04-05_14-04/results/synthesis/fsm.synthesis.v to /openLANE_flow/designs/fsm/runs/04-05_14-04/results/synthesis/fsm.synthesis.v
[INFO]: Running Static Timing Analysis...
[INFO]: current step index: 9
[INFO]: Synthesis was successful
[INFO]: Running Floorplanning...
[INFO]: Running Initial Floorplanning...
[INFO]: current step index: 10
[INFO]: Core area width: 23.125
[INFO]: Core area height: 33.12499999999999
[WARNING]: Current core area is too small for a power grid
[WARNING]: Minimizing the power grid!!!!
[INFO]: Changing layout from /openLANE_flow/designs/fsm/runs/04-05_14-04/tmp/placement/8-replace.def to /openLANE_flow/designs/fsm/runs/04-05_14-04/tmp/floorplan/10-verilog2def_openroad.def
[INFO]: Running IO Placement...
[INFO]: current step index: 11
[INFO]: Changing layout from /openLANE_flow/designs/fsm/runs/04-05_14-04/tmp/floorplan/10-verilog2def_openroad.def to /openLANE_flow/designs/fsm/runs/04-05_14-04/tmp/floorplan/11-ioPlacer.def
[INFO]: Running Tap/Decap Insertion...
[INFO]: current step index: 12
[INFO]: Changing layout from /openLANE_flow/designs/fsm/runs/04-05_14-04/tmp/floorplan/11-ioPlacer.def to /openLANE_flow/designs/fsm/runs/04-05_14-04/results/floorplan/fsm.floorplan.def
[INFO]: Taking a Screenshot of the Layout Using Klayout...
[INFO]: current step index: 13
[INFO]: Screenshot taken.
[INFO]: Power planning the following nets
[INFO]: Power: VPWR
[INFO]: Ground: VGND
[INFO]: Generating PDN...
[INFO]: current step index: 14
[INFO]: PDN generation was successful.
[INFO]: Changing layout from /openLANE_flow/designs/fsm/runs/04-05_14-04/results/floorplan/fsm.floorplan.def to /openLANE_flow/designs/fsm/runs/04-05_14-04/tmp/floorplan/14-pdn.def
[INFO]: Running Placement...
[WARNING]: Performing Random Global Placement...
[INFO]: current step index: 15
[INFO]: Changing layout from /openLANE_flow/designs/fsm/runs/04-05_14-04/tmp/floorplan/14-pdn.def to /openLANE_flow/designs/fsm/runs/04-05_14-04/tmp/placement/15-replace.def
[INFO]: Skipping OpenPhySyn Timing Optimizations.
[INFO]: Running Resizer Design Optimizations...
[INFO]: Generating Exclude List...
[INFO]: Creating ::env(DONT_USE_CELLS)...
[ERROR]: during executing: "openroad -exit /openLANE_flow/scripts/openroad/or_resizer.tcl |& tee >&@stdout /openLANE_flow/designs/fsm/runs/04-05_14-04/logs/placement/15-resizer.log"
[ERROR]: Exit code: 1
[ERROR]: Last 10 lines:
child process exited abnormally

[ERROR]: Please check openroad  log file
[ERROR]: Dumping to /openLANE_flow/designs/fsm/runs/04-05_14-04/error.log
[INFO]: Calculating Runtime From the Start...
[INFO]: Flow failed for fsm/04-05_14-04 in 0h0m22s
[INFO]: Generating Final Summary Report...
[INFO]: Design Name: fsm
Run Directory: /openLANE_flow/designs/fsm/runs/04-05_14-04
Source not found.
----------------------------------------

LVS Summary:
Source: /openLANE_flow/designs/fsm/runs/04-05_14-04/results/lvs/fsm.lvs_parsed.gds.log
Source not found.
----------------------------------------

Antenna Summary:
No antenna report found.
[INFO]: check full report here: /openLANE_flow/designs/fsm/runs/04-05_14-04/reports/final_summary_report.csv
[ERROR]: Flow Failed.
