
28. Printing statistics.

=== fsm ===

   Number of wires:                109
   Number of wire bits:            110
   Number of public wires:          27
   Number of public wire bits:      28
   Number of memories:               0
   Number of memory bits:            0
   Number of processes:              0
   Number of cells:                101
     sky130_fd_sc_hd__a2111o_2       1
     sky130_fd_sc_hd__a211o_2        1
     sky130_fd_sc_hd__a21oi_2        1
     sky130_fd_sc_hd__a221o_2        1
     sky130_fd_sc_hd__a31o_2         3
     sky130_fd_sc_hd__a31oi_2        1
     sky130_fd_sc_hd__and2_2         5
     sky130_fd_sc_hd__and3_2         3
     sky130_fd_sc_hd__and4_2         1
     sky130_fd_sc_hd__buf_1          6
     sky130_fd_sc_hd__dfxtp_2       19
     sky130_fd_sc_hd__inv_2         20
     sky130_fd_sc_hd__mux2_1         2
     sky130_fd_sc_hd__mux2_2         1
     sky130_fd_sc_hd__nand2_2        4
     sky130_fd_sc_hd__nand3_2        1
     sky130_fd_sc_hd__nor2_2         6
     sky130_fd_sc_hd__o211a_2        3
     sky130_fd_sc_hd__o21a_2         1
     sky130_fd_sc_hd__o21ai_2        2
     sky130_fd_sc_hd__o21bai_2       1
     sky130_fd_sc_hd__o221a_2        2
     sky130_fd_sc_hd__o2bb2a_2       1
     sky130_fd_sc_hd__o2bb2ai_2      1
     sky130_fd_sc_hd__or2_2         12
     sky130_fd_sc_hd__or3_2          1
     sky130_fd_sc_hd__or3b_2         1

   Chip area for module '\fsm': 967.177600

