Startpoint: _23_ (rising edge-triggered flip-flop clocked by clk)
Endpoint: _23_ (rising edge-triggered flip-flop clocked by clk)
Path Group: clk
Path Type: min

Fanout     Cap    Slew   Delay    Time   Description
-----------------------------------------------------------------------------
                  0.00    0.00    0.00   clock clk (rise edge)
                          0.00    0.00   clock network delay (ideal)
                  0.00    0.00    0.00 ^ _23_/CLK (sky130_fd_sc_hd__dfxtp_2)
                  0.05    0.20    0.20 ^ _23_/Q (sky130_fd_sc_hd__dfxtp_2)
     3    0.01                           state[1] (net)
                  0.05    0.00    0.20 ^ _18_/B1 (sky130_fd_sc_hd__a211o_2)
                  0.01    0.06    0.25 ^ _18_/X (sky130_fd_sc_hd__a211o_2)
     1    0.00                           _01_ (net)
                  0.01    0.00    0.25 ^ _23_/D (sky130_fd_sc_hd__dfxtp_2)
                                  0.25   data arrival time

                  0.00    0.00    0.00   clock clk (rise edge)
                          0.00    0.00   clock network delay (ideal)
                          0.00    0.00   clock reconvergence pessimism
                                  0.00 ^ _23_/CLK (sky130_fd_sc_hd__dfxtp_2)
                         -0.02   -0.02   library hold time
                                 -0.02   data required time
-----------------------------------------------------------------------------
                                 -0.02   data required time
                                 -0.25   data arrival time
-----------------------------------------------------------------------------
                                  0.27   slack (MET)


Startpoint: l_thresh[1] (input port clocked by clk)
Endpoint: _24_ (rising edge-triggered flip-flop clocked by clk)
Path Group: clk
Path Type: max

Fanout     Cap    Slew   Delay    Time   Description
-----------------------------------------------------------------------------
                  0.00    0.00    0.00   clock clk (rise edge)
                          0.00    0.00   clock network delay (ideal)
                          2.00    2.00 v input external delay
                  0.01    0.00    2.00 v l_thresh[1] (in)
     1    0.00                           l_thresh[1] (net)
                  0.01    0.00    2.00 v _12_/A (sky130_fd_sc_hd__inv_2)
                  0.03    0.04    2.04 ^ _12_/Y (sky130_fd_sc_hd__inv_2)
     1    0.00                           _04_ (net)
                  0.03    0.00    2.04 ^ _13_/A2 (sky130_fd_sc_hd__a31o_2)
                  0.11    0.33    2.37 ^ _13_/X (sky130_fd_sc_hd__a31o_2)
     2    0.01                           _05_ (net)
                  0.11    0.00    2.37 ^ _14_/A (sky130_fd_sc_hd__inv_2)
                  0.05    0.09    2.46 v _14_/Y (sky130_fd_sc_hd__inv_2)
     3    0.01                           _06_ (net)
                  0.05    0.00    2.46 v _20_/A2 (sky130_fd_sc_hd__o22a_2)
                  0.06    0.36    2.83 v _20_/X (sky130_fd_sc_hd__o22a_2)
     1    0.00                           _10_ (net)
                  0.06    0.00    2.83 v _21_/B (sky130_fd_sc_hd__or2_2)
                  0.10    0.59    3.42 v _21_/X (sky130_fd_sc_hd__or2_2)
     1    0.00                           _02_ (net)
                  0.10    0.00    3.42 v _24_/D (sky130_fd_sc_hd__dfxtp_2)
                                  3.42   data arrival time

                  0.00   10.00   10.00   clock clk (rise edge)
                          0.00   10.00   clock network delay (ideal)
                          0.00   10.00   clock reconvergence pessimism
                                 10.00 ^ _24_/CLK (sky130_fd_sc_hd__dfxtp_2)
                         -0.31    9.69   library setup time
                                  9.69   data required time
-----------------------------------------------------------------------------
                                  9.69   data required time
                                 -3.42   data arrival time
-----------------------------------------------------------------------------
                                  6.27   slack (MET)


